<?xml version="1.0" encoding="UTF-8"?>
<testsuite xmlns:xsi="http://www.w3.org/2001/XMLSchema-instance" xsi:noNamespaceSchemaLocation="https://maven.apache.org/surefire/maven-surefire-plugin/xsd/surefire-test-report-3.0.xsd" version="3.0" name="TestSuite" time="80.682" tests="12" errors="0" skipped="8" failures="1">
  <properties>
    <property name="surefire.suiteXmlFiles" value="testing.xml"/>
    <property name="java.specification.version" value="17"/>
    <property name="sun.jnu.encoding" value="UTF-8"/>
    <property name="java.class.path" value="/Users/nikhilkumargupta/eclipse-workspace/TDDFramework2 copy/target/test-classes:/Users/nikhilkumargupta/eclipse-workspace/TDDFramework2 copy/target/classes:/Users/nikhilkumargupta/.m2/repository/io/appium/java-client/8.3.0/java-client-8.3.0.jar:/Users/nikhilkumargupta/.m2/repository/org/seleniumhq/selenium/selenium-api/4.9.0/selenium-api-4.9.0.jar:/Users/nikhilkumargupta/.m2/repository/org/seleniumhq/selenium/selenium-remote-driver/4.9.0/selenium-remote-driver-4.9.0.jar:/Users/nikhilkumargupta/.m2/repository/com/google/auto/service/auto-service-annotations/1.0.1/auto-service-annotations-1.0.1.jar:/Users/nikhilkumargupta/.m2/repository/com/google/auto/service/auto-service/1.0.1/auto-service-1.0.1.jar:/Users/nikhilkumargupta/.m2/repository/com/google/auto/auto-common/1.2/auto-common-1.2.jar:/Users/nikhilkumargupta/.m2/repository/com/google/guava/guava/31.1-jre/guava-31.1-jre.jar:/Users/nikhilkumargupta/.m2/repository/com/google/guava/failureaccess/1.0.1/failureaccess-1.0.1.jar:/Users/nikhilkumargupta/.m2/repository/com/google/guava/listenablefuture/9999.0-empty-to-avoid-conflict-with-guava/listenablefuture-9999.0-empty-to-avoid-conflict-with-guava.jar:/Users/nikhilkumargupta/.m2/repository/com/google/code/findbugs/jsr305/3.0.2/jsr305-3.0.2.jar:/Users/nikhilkumargupta/.m2/repository/org/checkerframework/checker-qual/3.12.0/checker-qual-3.12.0.jar:/Users/nikhilkumargupta/.m2/repository/com/google/errorprone/error_prone_annotations/2.11.0/error_prone_annotations-2.11.0.jar:/Users/nikhilkumargupta/.m2/repository/com/google/j2objc/j2objc-annotations/1.3/j2objc-annotations-1.3.jar:/Users/nikhilkumargupta/.m2/repository/io/netty/netty-buffer/4.1.91.Final/netty-buffer-4.1.91.Final.jar:/Users/nikhilkumargupta/.m2/repository/io/netty/netty-codec-http/4.1.91.Final/netty-codec-http-4.1.91.Final.jar:/Users/nikhilkumargupta/.m2/repository/io/netty/netty-codec/4.1.91.Final/netty-codec-4.1.91.Final.jar:/Users/nikhilkumargupta/.m2/repository/io/netty/netty-handler/4.1.91.Final/netty-handler-4.1.91.Final.jar:/Users/nikhilkumargupta/.m2/repository/io/netty/netty-common/4.1.91.Final/netty-common-4.1.91.Final.jar:/Users/nikhilkumargupta/.m2/repository/io/netty/netty-transport-classes-epoll/4.1.91.Final/netty-transport-classes-epoll-4.1.91.Final.jar:/Users/nikhilkumargupta/.m2/repository/io/netty/netty-transport-classes-kqueue/4.1.91.Final/netty-transport-classes-kqueue-4.1.91.Final.jar:/Users/nikhilkumargupta/.m2/repository/io/netty/netty-transport-native-epoll/4.1.91.Final/netty-transport-native-epoll-4.1.91.Final.jar:/Users/nikhilkumargupta/.m2/repository/io/netty/netty-transport-native-kqueue/4.1.91.Final/netty-transport-native-kqueue-4.1.91.Final.jar:/Users/nikhilkumargupta/.m2/repository/io/netty/netty-transport-native-unix-common/4.1.91.Final/netty-transport-native-unix-common-4.1.91.Final.jar:/Users/nikhilkumargupta/.m2/repository/io/netty/netty-transport/4.1.91.Final/netty-transport-4.1.91.Final.jar:/Users/nikhilkumargupta/.m2/repository/io/netty/netty-resolver/4.1.91.Final/netty-resolver-4.1.91.Final.jar:/Users/nikhilkumargupta/.m2/repository/io/opentelemetry/opentelemetry-api/1.25.0/opentelemetry-api-1.25.0.jar:/Users/nikhilkumargupta/.m2/repository/io/opentelemetry/opentelemetry-context/1.25.0/opentelemetry-context-1.25.0.jar:/Users/nikhilkumargupta/.m2/repository/io/opentelemetry/opentelemetry-exporter-logging/1.25.0/opentelemetry-exporter-logging-1.25.0.jar:/Users/nikhilkumargupta/.m2/repository/io/opentelemetry/opentelemetry-sdk-metrics/1.25.0/opentelemetry-sdk-metrics-1.25.0.jar:/Users/nikhilkumargupta/.m2/repository/io/opentelemetry/opentelemetry-sdk-logs/1.25.0-alpha/opentelemetry-sdk-logs-1.25.0-alpha.jar:/Users/nikhilkumargupta/.m2/repository/io/opentelemetry/opentelemetry-api-logs/1.25.0-alpha/opentelemetry-api-logs-1.25.0-alpha.jar:/Users/nikhilkumargupta/.m2/repository/io/opentelemetry/opentelemetry-api-events/1.25.0-alpha/opentelemetry-api-events-1.25.0-alpha.jar:/Users/nikhilkumargupta/.m2/repository/io/opentelemetry/opentelemetry-sdk-common/1.25.0/opentelemetry-sdk-common-1.25.0.jar:/Users/nikhilkumargupta/.m2/repository/io/opentelemetry/opentelemetry-sdk-extension-autoconfigure-spi/1.25.0/opentelemetry-sdk-extension-autoconfigure-spi-1.25.0.jar:/Users/nikhilkumargupta/.m2/repository/io/opentelemetry/opentelemetry-sdk-extension-autoconfigure/1.25.0-alpha/opentelemetry-sdk-extension-autoconfigure-1.25.0-alpha.jar:/Users/nikhilkumargupta/.m2/repository/io/opentelemetry/opentelemetry-sdk-trace/1.25.0/opentelemetry-sdk-trace-1.25.0.jar:/Users/nikhilkumargupta/.m2/repository/io/opentelemetry/opentelemetry-sdk/1.25.0/opentelemetry-sdk-1.25.0.jar:/Users/nikhilkumargupta/.m2/repository/io/opentelemetry/opentelemetry-semconv/1.25.0-alpha/opentelemetry-semconv-1.25.0-alpha.jar:/Users/nikhilkumargupta/.m2/repository/io/ous/jtoml/2.0.0/jtoml-2.0.0.jar:/Users/nikhilkumargupta/.m2/repository/net/bytebuddy/byte-buddy/1.14.4/byte-buddy-1.14.4.jar:/Users/nikhilkumargupta/.m2/repository/org/apache/commons/commons-exec/1.3/commons-exec-1.3.jar:/Users/nikhilkumargupta/.m2/repository/org/asynchttpclient/async-http-client/2.12.3/async-http-client-2.12.3.jar:/Users/nikhilkumargupta/.m2/repository/org/asynchttpclient/async-http-client-netty-utils/2.12.3/async-http-client-netty-utils-2.12.3.jar:/Users/nikhilkumargupta/.m2/repository/io/netty/netty-codec-socks/4.1.60.Final/netty-codec-socks-4.1.60.Final.jar:/Users/nikhilkumargupta/.m2/repository/io/netty/netty-handler-proxy/4.1.60.Final/netty-handler-proxy-4.1.60.Final.jar:/Users/nikhilkumargupta/.m2/repository/io/netty/netty-transport-native-epoll/4.1.60.Final/netty-transport-native-epoll-4.1.60.Final-linux-x86_64.jar:/Users/nikhilkumargupta/.m2/repository/io/netty/netty-transport-native-kqueue/4.1.60.Final/netty-transport-native-kqueue-4.1.60.Final-osx-x86_64.jar:/Users/nikhilkumargupta/.m2/repository/org/reactivestreams/reactive-streams/1.0.3/reactive-streams-1.0.3.jar:/Users/nikhilkumargupta/.m2/repository/com/typesafe/netty/netty-reactive-streams/2.0.4/netty-reactive-streams-2.0.4.jar:/Users/nikhilkumargupta/.m2/repository/com/sun/activation/jakarta.activation/1.2.2/jakarta.activation-1.2.2.jar:/Users/nikhilkumargupta/.m2/repository/org/seleniumhq/selenium/selenium-http/4.9.0/selenium-http-4.9.0.jar:/Users/nikhilkumargupta/.m2/repository/dev/failsafe/failsafe/3.3.1/failsafe-3.3.1.jar:/Users/nikhilkumargupta/.m2/repository/org/seleniumhq/selenium/selenium-json/4.9.0/selenium-json-4.9.0.jar:/Users/nikhilkumargupta/.m2/repository/org/seleniumhq/selenium/selenium-manager/4.9.0/selenium-manager-4.9.0.jar:/Users/nikhilkumargupta/.m2/repository/org/seleniumhq/selenium/selenium-support/4.9.0/selenium-support-4.9.0.jar:/Users/nikhilkumargupta/.m2/repository/com/google/code/gson/gson/2.10/gson-2.10.jar:/Users/nikhilkumargupta/.m2/repository/cglib/cglib/3.3.0/cglib-3.3.0.jar:/Users/nikhilkumargupta/.m2/repository/org/ow2/asm/asm/7.1/asm-7.1.jar:/Users/nikhilkumargupta/.m2/repository/commons-validator/commons-validator/1.7/commons-validator-1.7.jar:/Users/nikhilkumargupta/.m2/repository/commons-beanutils/commons-beanutils/1.9.4/commons-beanutils-1.9.4.jar:/Users/nikhilkumargupta/.m2/repository/commons-digester/commons-digester/2.1/commons-digester-2.1.jar:/Users/nikhilkumargupta/.m2/repository/commons-logging/commons-logging/1.2/commons-logging-1.2.jar:/Users/nikhilkumargupta/.m2/repository/commons-collections/commons-collections/3.2.2/commons-collections-3.2.2.jar:/Users/nikhilkumargupta/.m2/repository/org/apache/commons/commons-lang3/3.12.0/commons-lang3-3.12.0.jar:/Users/nikhilkumargupta/.m2/repository/commons-io/commons-io/2.11.0/commons-io-2.11.0.jar:/Users/nikhilkumargupta/.m2/repository/org/slf4j/slf4j-api/2.0.5/slf4j-api-2.0.5.jar:/Users/nikhilkumargupta/.m2/repository/org/testng/testng/7.7.1/testng-7.7.1.jar:/Users/nikhilkumargupta/.m2/repository/com/beust/jcommander/1.82/jcommander-1.82.jar:/Users/nikhilkumargupta/.m2/repository/org/webjars/jquery/3.6.1/jquery-3.6.1.jar:/Users/nikhilkumargupta/.m2/repository/org/json/json/20230227/json-20230227.jar:/Users/nikhilkumargupta/.m2/repository/commons-codec/commons-codec/1.15/commons-codec-1.15.jar:/Users/nikhilkumargupta/.m2/repository/org/apache/logging/log4j/log4j-core/2.20.0/log4j-core-2.20.0.jar:/Users/nikhilkumargupta/.m2/repository/org/apache/logging/log4j/log4j-api/2.20.0/log4j-api-2.20.0.jar:/Users/nikhilkumargupta/.m2/repository/com/aventstack/extentreports/3.1.2/extentreports-3.1.2.jar:/Users/nikhilkumargupta/.m2/repository/org/freemarker/freemarker/2.3.23/freemarker-2.3.23.jar:/Users/nikhilkumargupta/.m2/repository/org/mongodb/mongodb-driver/3.3.0/mongodb-driver-3.3.0.jar:/Users/nikhilkumargupta/.m2/repository/org/mongodb/bson/3.3.0/bson-3.3.0.jar:/Users/nikhilkumargupta/.m2/repository/org/mongodb/mongodb-driver-core/3.3.0/mongodb-driver-core-3.3.0.jar:/Users/nikhilkumargupta/.m2/repository/org/apache/httpcomponents/httpclient/4.5.2/httpclient-4.5.2.jar:/Users/nikhilkumargupta/.m2/repository/org/apache/httpcomponents/httpcore/4.4.4/httpcore-4.4.4.jar:/Users/nikhilkumargupta/.m2/repository/org/apache/httpcomponents/httpmime/4.5.2/httpmime-4.5.2.jar:/Users/nikhilkumargupta/.m2/repository/org/jsoup/jsoup/1.9.2/jsoup-1.9.2.jar:"/>
    <property name="java.vm.vendor" value="Oracle Corporation"/>
    <property name="sun.arch.data.model" value="64"/>
    <property name="java.vendor.url" value="https://java.oracle.com/"/>
    <property name="user.timezone" value="Asia/Kolkata"/>
    <property name="os.name" value="Mac OS X"/>
    <property name="java.vm.specification.version" value="17"/>
    <property name="sun.java.launcher" value="SUN_STANDARD"/>
    <property name="user.country" value="IN"/>
    <property name="sun.boot.library.path" value="/Library/Java/JavaVirtualMachines/jdk-17.jdk/Contents/Home/lib"/>
    <property name="sun.java.command" value="/Users/nikhilkumargupta/eclipse-workspace/TDDFramework2 copy/target/surefire/surefirebooter18119930183246818622.jar /Users/nikhilkumargupta/eclipse-workspace/TDDFramework2 copy/target/surefire 2023-04-30T12-57-38_249-jvmRun1 surefire8299043908271094217tmp surefire_010932169662222761836tmp"/>
    <property name="jdk.debug" value="release"/>
    <property name="surefire.test.class.path" value="/Users/nikhilkumargupta/eclipse-workspace/TDDFramework2 copy/target/test-classes:/Users/nikhilkumargupta/eclipse-workspace/TDDFramework2 copy/target/classes:/Users/nikhilkumargupta/.m2/repository/io/appium/java-client/8.3.0/java-client-8.3.0.jar:/Users/nikhilkumargupta/.m2/repository/org/seleniumhq/selenium/selenium-api/4.9.0/selenium-api-4.9.0.jar:/Users/nikhilkumargupta/.m2/repository/org/seleniumhq/selenium/selenium-remote-driver/4.9.0/selenium-remote-driver-4.9.0.jar:/Users/nikhilkumargupta/.m2/repository/com/google/auto/service/auto-service-annotations/1.0.1/auto-service-annotations-1.0.1.jar:/Users/nikhilkumargupta/.m2/repository/com/google/auto/service/auto-service/1.0.1/auto-service-1.0.1.jar:/Users/nikhilkumargupta/.m2/repository/com/google/auto/auto-common/1.2/auto-common-1.2.jar:/Users/nikhilkumargupta/.m2/repository/com/google/guava/guava/31.1-jre/guava-31.1-jre.jar:/Users/nikhilkumargupta/.m2/repository/com/google/guava/failureaccess/1.0.1/failureaccess-1.0.1.jar:/Users/nikhilkumargupta/.m2/repository/com/google/guava/listenablefuture/9999.0-empty-to-avoid-conflict-with-guava/listenablefuture-9999.0-empty-to-avoid-conflict-with-guava.jar:/Users/nikhilkumargupta/.m2/repository/com/google/code/findbugs/jsr305/3.0.2/jsr305-3.0.2.jar:/Users/nikhilkumargupta/.m2/repository/org/checkerframework/checker-qual/3.12.0/checker-qual-3.12.0.jar:/Users/nikhilkumargupta/.m2/repository/com/google/errorprone/error_prone_annotations/2.11.0/error_prone_annotations-2.11.0.jar:/Users/nikhilkumargupta/.m2/repository/com/google/j2objc/j2objc-annotations/1.3/j2objc-annotations-1.3.jar:/Users/nikhilkumargupta/.m2/repository/io/netty/netty-buffer/4.1.91.Final/netty-buffer-4.1.91.Final.jar:/Users/nikhilkumargupta/.m2/repository/io/netty/netty-codec-http/4.1.91.Final/netty-codec-http-4.1.91.Final.jar:/Users/nikhilkumargupta/.m2/repository/io/netty/netty-codec/4.1.91.Final/netty-codec-4.1.91.Final.jar:/Users/nikhilkumargupta/.m2/repository/io/netty/netty-handler/4.1.91.Final/netty-handler-4.1.91.Final.jar:/Users/nikhilkumargupta/.m2/repository/io/netty/netty-common/4.1.91.Final/netty-common-4.1.91.Final.jar:/Users/nikhilkumargupta/.m2/repository/io/netty/netty-transport-classes-epoll/4.1.91.Final/netty-transport-classes-epoll-4.1.91.Final.jar:/Users/nikhilkumargupta/.m2/repository/io/netty/netty-transport-classes-kqueue/4.1.91.Final/netty-transport-classes-kqueue-4.1.91.Final.jar:/Users/nikhilkumargupta/.m2/repository/io/netty/netty-transport-native-epoll/4.1.91.Final/netty-transport-native-epoll-4.1.91.Final.jar:/Users/nikhilkumargupta/.m2/repository/io/netty/netty-transport-native-kqueue/4.1.91.Final/netty-transport-native-kqueue-4.1.91.Final.jar:/Users/nikhilkumargupta/.m2/repository/io/netty/netty-transport-native-unix-common/4.1.91.Final/netty-transport-native-unix-common-4.1.91.Final.jar:/Users/nikhilkumargupta/.m2/repository/io/netty/netty-transport/4.1.91.Final/netty-transport-4.1.91.Final.jar:/Users/nikhilkumargupta/.m2/repository/io/netty/netty-resolver/4.1.91.Final/netty-resolver-4.1.91.Final.jar:/Users/nikhilkumargupta/.m2/repository/io/opentelemetry/opentelemetry-api/1.25.0/opentelemetry-api-1.25.0.jar:/Users/nikhilkumargupta/.m2/repository/io/opentelemetry/opentelemetry-context/1.25.0/opentelemetry-context-1.25.0.jar:/Users/nikhilkumargupta/.m2/repository/io/opentelemetry/opentelemetry-exporter-logging/1.25.0/opentelemetry-exporter-logging-1.25.0.jar:/Users/nikhilkumargupta/.m2/repository/io/opentelemetry/opentelemetry-sdk-metrics/1.25.0/opentelemetry-sdk-metrics-1.25.0.jar:/Users/nikhilkumargupta/.m2/repository/io/opentelemetry/opentelemetry-sdk-logs/1.25.0-alpha/opentelemetry-sdk-logs-1.25.0-alpha.jar:/Users/nikhilkumargupta/.m2/repository/io/opentelemetry/opentelemetry-api-logs/1.25.0-alpha/opentelemetry-api-logs-1.25.0-alpha.jar:/Users/nikhilkumargupta/.m2/repository/io/opentelemetry/opentelemetry-api-events/1.25.0-alpha/opentelemetry-api-events-1.25.0-alpha.jar:/Users/nikhilkumargupta/.m2/repository/io/opentelemetry/opentelemetry-sdk-common/1.25.0/opentelemetry-sdk-common-1.25.0.jar:/Users/nikhilkumargupta/.m2/repository/io/opentelemetry/opentelemetry-sdk-extension-autoconfigure-spi/1.25.0/opentelemetry-sdk-extension-autoconfigure-spi-1.25.0.jar:/Users/nikhilkumargupta/.m2/repository/io/opentelemetry/opentelemetry-sdk-extension-autoconfigure/1.25.0-alpha/opentelemetry-sdk-extension-autoconfigure-1.25.0-alpha.jar:/Users/nikhilkumargupta/.m2/repository/io/opentelemetry/opentelemetry-sdk-trace/1.25.0/opentelemetry-sdk-trace-1.25.0.jar:/Users/nikhilkumargupta/.m2/repository/io/opentelemetry/opentelemetry-sdk/1.25.0/opentelemetry-sdk-1.25.0.jar:/Users/nikhilkumargupta/.m2/repository/io/opentelemetry/opentelemetry-semconv/1.25.0-alpha/opentelemetry-semconv-1.25.0-alpha.jar:/Users/nikhilkumargupta/.m2/repository/io/ous/jtoml/2.0.0/jtoml-2.0.0.jar:/Users/nikhilkumargupta/.m2/repository/net/bytebuddy/byte-buddy/1.14.4/byte-buddy-1.14.4.jar:/Users/nikhilkumargupta/.m2/repository/org/apache/commons/commons-exec/1.3/commons-exec-1.3.jar:/Users/nikhilkumargupta/.m2/repository/org/asynchttpclient/async-http-client/2.12.3/async-http-client-2.12.3.jar:/Users/nikhilkumargupta/.m2/repository/org/asynchttpclient/async-http-client-netty-utils/2.12.3/async-http-client-netty-utils-2.12.3.jar:/Users/nikhilkumargupta/.m2/repository/io/netty/netty-codec-socks/4.1.60.Final/netty-codec-socks-4.1.60.Final.jar:/Users/nikhilkumargupta/.m2/repository/io/netty/netty-handler-proxy/4.1.60.Final/netty-handler-proxy-4.1.60.Final.jar:/Users/nikhilkumargupta/.m2/repository/io/netty/netty-transport-native-epoll/4.1.60.Final/netty-transport-native-epoll-4.1.60.Final-linux-x86_64.jar:/Users/nikhilkumargupta/.m2/repository/io/netty/netty-transport-native-kqueue/4.1.60.Final/netty-transport-native-kqueue-4.1.60.Final-osx-x86_64.jar:/Users/nikhilkumargupta/.m2/repository/org/reactivestreams/reactive-streams/1.0.3/reactive-streams-1.0.3.jar:/Users/nikhilkumargupta/.m2/repository/com/typesafe/netty/netty-reactive-streams/2.0.4/netty-reactive-streams-2.0.4.jar:/Users/nikhilkumargupta/.m2/repository/com/sun/activation/jakarta.activation/1.2.2/jakarta.activation-1.2.2.jar:/Users/nikhilkumargupta/.m2/repository/org/seleniumhq/selenium/selenium-http/4.9.0/selenium-http-4.9.0.jar:/Users/nikhilkumargupta/.m2/repository/dev/failsafe/failsafe/3.3.1/failsafe-3.3.1.jar:/Users/nikhilkumargupta/.m2/repository/org/seleniumhq/selenium/selenium-json/4.9.0/selenium-json-4.9.0.jar:/Users/nikhilkumargupta/.m2/repository/org/seleniumhq/selenium/selenium-manager/4.9.0/selenium-manager-4.9.0.jar:/Users/nikhilkumargupta/.m2/repository/org/seleniumhq/selenium/selenium-support/4.9.0/selenium-support-4.9.0.jar:/Users/nikhilkumargupta/.m2/repository/com/google/code/gson/gson/2.10/gson-2.10.jar:/Users/nikhilkumargupta/.m2/repository/cglib/cglib/3.3.0/cglib-3.3.0.jar:/Users/nikhilkumargupta/.m2/repository/org/ow2/asm/asm/7.1/asm-7.1.jar:/Users/nikhilkumargupta/.m2/repository/commons-validator/commons-validator/1.7/commons-validator-1.7.jar:/Users/nikhilkumargupta/.m2/repository/commons-beanutils/commons-beanutils/1.9.4/commons-beanutils-1.9.4.jar:/Users/nikhilkumargupta/.m2/repository/commons-digester/commons-digester/2.1/commons-digester-2.1.jar:/Users/nikhilkumargupta/.m2/repository/commons-logging/commons-logging/1.2/commons-logging-1.2.jar:/Users/nikhilkumargupta/.m2/repository/commons-collections/commons-collections/3.2.2/commons-collections-3.2.2.jar:/Users/nikhilkumargupta/.m2/repository/org/apache/commons/commons-lang3/3.12.0/commons-lang3-3.12.0.jar:/Users/nikhilkumargupta/.m2/repository/commons-io/commons-io/2.11.0/commons-io-2.11.0.jar:/Users/nikhilkumargupta/.m2/repository/org/slf4j/slf4j-api/2.0.5/slf4j-api-2.0.5.jar:/Users/nikhilkumargupta/.m2/repository/org/testng/testng/7.7.1/testng-7.7.1.jar:/Users/nikhilkumargupta/.m2/repository/com/beust/jcommander/1.82/jcommander-1.82.jar:/Users/nikhilkumargupta/.m2/repository/org/webjars/jquery/3.6.1/jquery-3.6.1.jar:/Users/nikhilkumargupta/.m2/repository/org/json/json/20230227/json-20230227.jar:/Users/nikhilkumargupta/.m2/repository/commons-codec/commons-codec/1.15/commons-codec-1.15.jar:/Users/nikhilkumargupta/.m2/repository/org/apache/logging/log4j/log4j-core/2.20.0/log4j-core-2.20.0.jar:/Users/nikhilkumargupta/.m2/repository/org/apache/logging/log4j/log4j-api/2.20.0/log4j-api-2.20.0.jar:/Users/nikhilkumargupta/.m2/repository/com/aventstack/extentreports/3.1.2/extentreports-3.1.2.jar:/Users/nikhilkumargupta/.m2/repository/org/freemarker/freemarker/2.3.23/freemarker-2.3.23.jar:/Users/nikhilkumargupta/.m2/repository/org/mongodb/mongodb-driver/3.3.0/mongodb-driver-3.3.0.jar:/Users/nikhilkumargupta/.m2/repository/org/mongodb/bson/3.3.0/bson-3.3.0.jar:/Users/nikhilkumargupta/.m2/repository/org/mongodb/mongodb-driver-core/3.3.0/mongodb-driver-core-3.3.0.jar:/Users/nikhilkumargupta/.m2/repository/org/apache/httpcomponents/httpclient/4.5.2/httpclient-4.5.2.jar:/Users/nikhilkumargupta/.m2/repository/org/apache/httpcomponents/httpcore/4.4.4/httpcore-4.4.4.jar:/Users/nikhilkumargupta/.m2/repository/org/apache/httpcomponents/httpmime/4.5.2/httpmime-4.5.2.jar:/Users/nikhilkumargupta/.m2/repository/org/jsoup/jsoup/1.9.2/jsoup-1.9.2.jar:"/>
    <property name="sun.cpu.endian" value="little"/>
    <property name="user.home" value="/Users/nikhilkumargupta"/>
    <property name="user.language" value="en"/>
    <property name="java.specification.vendor" value="Oracle Corporation"/>
    <property name="java.version.date" value="2023-01-17"/>
    <property name="java.home" value="/Library/Java/JavaVirtualMachines/jdk-17.jdk/Contents/Home"/>
    <property name="file.separator" value="/"/>
    <property name="basedir" value="/Users/nikhilkumargupta/eclipse-workspace/TDDFramework2 copy"/>
    <property name="java.vm.compressedOopsMode" value="Zero based"/>
    <property name="line.separator" value="&#10;"/>
    <property name="java.vm.specification.vendor" value="Oracle Corporation"/>
    <property name="java.specification.name" value="Java Platform API Specification"/>
    <property name="surefire.real.class.path" value="/Users/nikhilkumargupta/eclipse-workspace/TDDFramework2 copy/target/surefire/surefirebooter18119930183246818622.jar"/>
    <property name="sun.management.compiler" value="HotSpot 64-Bit Tiered Compilers"/>
    <property name="java.runtime.version" value="17.0.6+9-LTS-190"/>
    <property name="user.name" value="nikhilkumargupta"/>
    <property name="path.separator" value=":"/>
    <property name="os.version" value="13.3.1"/>
    <property name="java.runtime.name" value="Java(TM) SE Runtime Environment"/>
    <property name="file.encoding" value="US-ASCII"/>
    <property name="java.vm.name" value="Java HotSpot(TM) 64-Bit Server VM"/>
    <property name="localRepository" value="/Users/nikhilkumargupta/.m2/repository"/>
    <property name="java.vendor.url.bug" value="https://bugreport.java.com/bugreport/"/>
    <property name="java.io.tmpdir" value="/var/folders/5m/dpmm6c5d64jddlh2r5tn7_nh0000gp/T/"/>
    <property name="idea.version" value="2022.3.2"/>
    <property name="java.version" value="17.0.6"/>
    <property name="user.dir" value="/Users/nikhilkumargupta/eclipse-workspace/TDDFramework2 copy"/>
    <property name="os.arch" value="aarch64"/>
    <property name="java.vm.specification.name" value="Java Virtual Machine Specification"/>
    <property name="native.encoding" value="US-ASCII"/>
    <property name="java.library.path" value="/Users/nikhilkumargupta/Library/Java/Extensions:/Library/Java/Extensions:/Network/Library/Java/Extensions:/System/Library/Java/Extensions:/usr/lib/java:."/>
    <property name="java.vm.info" value="mixed mode, sharing"/>
    <property name="java.vendor" value="Oracle Corporation"/>
    <property name="java.vm.version" value="17.0.6+9-LTS-190"/>
    <property name="sun.io.unicode.encoding" value="UnicodeBig"/>
    <property name="java.class.version" value="61.0"/>
  </properties>
  <testcase name="validateProductOnProductsPage" classname="com.qa.tests.ProductTests" time="3.719">
    <system-out><![CDATA[&amp#27;&amp#27;[[35m[Ap3piu5m]&amp#27;m[39m[ WAelpcopmei tuo mAp]pi&amp#27;um[ v32.09.0m- beWtae.53l
come to Appium v2.0.0-beta.53
&amp#27;[35m[Appium]&amp#27;[39m Non-default server args:
&amp#27;[3&amp#27;5[m3[5Amppium]&amp#27;[39m Non-default server args:
[Appium]&amp#27;[39m { ses&amp#27;[35smi[Appium]&amp#27;o[3n9Omv e{ rsresisdioenO:ve rr&amp#27;id[e:3 &amp#27;3[3m3mttrrueu&amp#27;e[3&amp#27;9[m 3}9
&amp#27;m[3 5m}[A
ppium]&amp#27;&amp#27;[[393m 5Atmte[mpAtipnpg tiou lmo]ad &amp#27;dr[i3ve9r mxc uAittestt.e..m
pting to load driver xcuitest...
[debug] &amp#27;[35m[Appium]&amp#27;[39m Requiring driver at /Users/nikhilkumargu[pdetbuag/]. ap&amp#27;[p35im[Appuim/node_modules/appium-xcuitest-driver
um]&amp#27;[39m Requiring driver at /Users/nikhilkumargupta/.appium/node_modules/appium-xcuitest-driver
[Appium] Attempting to load driver uiautomator2...
[debug] [Appium] Requiring driver at /Users/nikhilkumargupta/.appium/node_modules/appium-uiautomator2-driver
[Appium] Attempting to load driver uiautomator2...
[debug] [Appium] Requiring driver at /Users/nikhilkumargupta/.appium/node_modules/appium-uiautomator2-driver
&amp#27;[38;5;0m[HTTP]&amp#27;[0m Could not start REST http interface listener. The requested port may already be in use. Please make sure there is no other instance of this server running already.
[Appium] Appium REST http interface listener started on 0.0.0.0:4723
[debug] [Appi[Appium] Could not configure Appium server. It's possible that a driver or plugin tried to update the server and failed. Original error: listen EADDRINUSE: address already in use 0.0.0.0:4723
[Appium] Available drivers:
[Appium]   - xcuitest@4.16.10 (automationName 'XCUITest')
[Appium]   - uiautomator2@2.12.3 (automationName 'UiAutomator2')
[Appium] No plugins have been installed. Use the "appium pluum] Egrriorn":  licstommand to install the one(s) you want to use.
en EADDRINUSE: address already in use 0.0.0.0:4723
[debug] [Appium]     at Server.setupListenHandle [as _listen2] (node:net:1774:16)
[debug] [Appium]     at listenInCluster (node:net:1822:12)
[debug] [Appium]     at doListen (node:net:1971:7)
[debug] [Appium]     at processTicksAndRejections (node:internal/process/task_queues:83:21)
&amp#27;[38;5;0m[HTTP]&amp#27;[0m &amp#27;[37m-->&amp#27;[39m &amp#27;[37mGET&amp#27;[39m &amp#27;[37m/status&amp#27;[39m
&amp#27;[38;5;0m[HTTP]&amp#27;[0m {}
[debug] &amp#27;[38;5;16m[AppiumDriver@2ce0]&amp#27;[0m Calling AppiumDriver.getStatus() with args: []
[debug] &amp#27;[38;5;16m[AppiumDriver@2ce0]&amp#27;[0m Responding to client with driver.getStatus() result: {"build":{"version":"2.0.0-beta.53"}}
&amp#27;[38;5;0m[HTTP]&amp#27;[0m <-- GET /status 200 47 ms - 47
&amp#27;[38;5;0m[HTTP]&amp#27;[0m 
&amp#27;[38;5;0m[HTTP]&amp#27;[0m &amp#27;[37m-->&amp#27;[39m &amp#27;[37mGET&amp#27;[39m &amp#27;[37m/status&amp#27;[39m
&amp#27;[38;5;0m[HTTP]&amp#27;[0m {}
[debug] &amp#27;[38;5;16m[AppiumDriver@2ce0]&amp#27;[0m Calling AppiumDriver.getStatus() with args: []
[debug] &amp#27;[38;5;16m[AppiumDriver@2ce0]&amp#27;[0m Responding to client with driver.getStatus() result: {"build":{"version":"2.0.0-beta.53"}}
&amp#27;[38;5;0m[HTTP]&amp#27;[0m <-- GET /status 200 62 ms - 47
&amp#27;[38;5;0m[HTTP]&amp#27;[0m 
&amp#27;[35m[Appium]&amp#27;[39m Welcome to Appium v2.0.0-beta.53
&amp#27;[35m[Appium]&amp#27;[39m Non-default server args:
&amp#27;[35m[Appium]&amp#27;[39m { port: &amp#27;[33m4724&amp#27;[39m, sessionOverride: &amp#27;[33mtrue&amp#27;[39m }
&amp#27;[35m[Appium]&amp#27;[39m Attempting to load driver xcuitest...
[debug] &amp#27;[35m[Appium]&amp#27;[39m Requiring driver at /Users/nikhilkumargupta/.appium/node_modules/appium-xcuitest-driver
[Appium] Attempting to load driver uiautomator2...
[debug] [Appium] Requiring driver at /Users/nikhilkumargupta/.appium/node_modules/appium-uiautomator2-driver
[Appium] Appium REST http interface listener started on 0.0.0.0:4724
[Appium] Available drivers:
[Appium]   - xcuitest@4.16.10 (automationName 'XCUITest')
[Appium]   - uiautomator2@2.12.3 (automationName 'UiAutomator2')
[Appium] No plugins have been installed. Use the "appium plugin" command to install the one(s) you want to use.
&amp#27;[38;5;0m[HTTP]&amp#27;[0m &amp#27;[37m-->&amp#27;[39m &amp#27;[37mGET&amp#27;[39m &amp#27;[37m/status&amp#27;[39m
&amp#27;[38;5;0m[HTTP]&amp#27;[0m {}
[debug] &amp#27;[38;5;16m[AppiumDriver@bc21]&amp#27;[0m Calling AppiumDriver.getStatus() with args: []
[debug] &amp#27;[38;5;16m[AppiumDriver@bc21]&amp#27;[0m Responding to client with driver.getStatus() result: {"build":{"version":"2.0.0-beta.53"}}
&amp#27;[38;5;0m[HTTP]&amp#27;[0m <-- GET /status 200 21 ms - 47
&amp#27;[38;5;0m[HTTP]&amp#27;[0m 
&amp#27;[38;5;0m[HTTP]&amp#27;[0m &amp#27;[37m-->&amp#27;[39m &amp#27;[37mGET&amp#27;[39m &amp#27;[37m/status&amp#27;[39m
&amp#27;[38;5;0m[HTTP]&amp#27;[0m {}
[debug] &amp#27;[38;5;16m[AppiumDriver@bc21]&amp#27;[0m Calling AppiumDriver.getStatus() with args: []
2023-04-30-12-02-58
[debug] &amp#27;[38;5;16m[AppiumDriver@bc21]&amp#27;[0m Responding to client with driver.getStatus() result: {"build":{"version":"2.0.0-beta.53"}}
20:Android:Pixel_6_pro:com.qa.BaseTest:===========Android=================
2023-04-30-12-02-58
19:iOS:iPhone 14:com.qa.BaseTest:===========iOS=================
&amp#27;[38;5;0m[HTTP]&amp#27;[0m <-- GET /status 200 13 ms - 47
&amp#27;[38;5;0m[HTTP]&amp#27;[0m 
++++++++++++++++++++++++++++{products_page_slb_price=$29.99, product_details_page_slb_price=$29.99, product_details_page_slb_title=Sauce Labs Backpack, products_page_slb_title=Sauce Labs Backpack, invalid_username_or_password=Username and password do not match any user in this service., product_title=PRODUCTS, product_details_page_slb_txt=carry.allTheThings() with the sleek, streamlined Sly Pack that melds uncompromising style with unequaled laptop and tablet protection.}
PRODUCTS
20:Android:Pixel_6_pro:com.qa.BaseTest:Android App Url is /Users/nikhilkumargupta/eclipse-workspace/TDDFramework2%20copy/target/test-classes/app/Android.SauceLabs.Mobile.Sample.app.2.7.1.apk
[INFO ] 2023-04-30 12:58:02.882 com.qa.BaseTest:192 - Test Message For log
++++++++++++++++++++++++++++{products_page_slb_price=$29.99, product_details_page_slb_price=$29.99, product_details_page_slb_title=Sauce Labs Backpack, products_page_slb_title=Sauce Labs Backpack, invalid_username_or_password=Username and password do not match any user in this service., product_title=PRODUCTS, product_details_page_slb_txt=carry.allTheThings() with the sleek, streamlined Sly Pack that melds uncompromising style with unequaled laptop and tablet protection.}
PRODUCTS
19:iOS:iPhone 14:com.qa.BaseTest:iOS App Url is /Users/nikhilkumargupta/eclipse-workspace/TDDFramework2 copy/src/test/resources/app/iOSSauceLabsMobileSample.app
[debug] &amp#27;[38;5;0m[HTTP]&amp#27;[0m Request idempotency key: bc85ba06-498f-43c0-b949-c56ed355186a
[debug] &amp#27;[38;5;0m[HTTP]&amp#27;[0m Request idempotency key: 82f02457-d63c-44dd-a899-3585fdb8985d
&amp#27;[38;5;0m[HTTP]&amp#27;[0m &amp#27;[37m-->&amp#27;[39m &amp#27;[37mPOST&amp#27;[39m &amp#27;[37m/session&amp#27;[39m
&amp#27;[38;5;0m[HTTP]&amp#27;[0m {"capabilities":{"firstMatch":[{}],"alwaysMatch":{"appium:automationName":"XCUITest","appium:bundleId":"com.saucelabs.SwagLabsMobileApp","appium:deviceName":"iPhone 14","appium:platformVersion":"16.1","appium:udid":"82DC5A28-2F0B-4069-9597-C85F2219BBDD","appium:wdaLocalPort":"10002","appium:webkitDebugProxyPort":"11002","platformName":"IOS"}}}
[debug] &amp#27;[38;5;16m[AppiumDriver@bc21]&amp#27;[0m Calling AppiumDriver.createSession() with args: [null,null,{"firstMatch":[{}],"alwaysMatch":{"appium:automationName":"XCUITest","appium:bundleId":"com.saucelabs.SwagLabsMobileApp","appium:deviceName":"iPhone 14","appium:platformVersion":"16.1","appium:udid":"82DC5A28-2F0B-4069-9597-C85F2219BBDD","appium:wdaLocalPort":"10002","appium:webkitDebugProxyPort":"11002","platformName":"IOS"}}]
[debug] &amp#27;[38;5;16m[AppiumDriver@bc21]&amp#27;[0m Event 'newSessionRequested' logged at 1682839683491 (12:58:03 GMT+0530 (India Standard Time))
[Appium] Attempting to find matching driver for automationName 'XCUITest' and platformName 'IOS'
[Appium] The 'xcuitest' driver was installed and matched caps.
[Appium] Will require it at /Users/nikhilkumargupta/.appium/node_modules/appium-xcuitest-driver
[debug] [Appium] Requiring driver at /Users/nikhilkumargupta/.appium/node_modules/appium-xcuitest-driver
&amp#27;[38;5;16m[AppiumDriver@bc21]&amp#27;[0m Appium v2.0.0-beta.53 creating new XCUITestDriver (v4.16.10) session
&amp#27;[38;5;16m[AppiumDriver@bc21]&amp#27;[0m Checking BaseDriver versions for Appium and XCUITestDriver
&amp#27;[38;5;16m[AppiumDriver@bc21]&amp#27;[0m Appium's BaseDriver version is 9.3.0
&amp#27;[38;5;16m[AppiumDriver@bc21]&amp#27;[0m XCUITestDriver's BaseDriver version is 9.3.0
[debug] &amp#27;[38;5;16m[AppiumDriver@bc21]&amp#27;[0m There are no active sessions for cleanup
[debug] &amp#27;[38;5;32m[XCUITestDriver@418b]&amp#27;[0m Creating session with W3C capabilities: {
[debug] &amp#27;[38;5;32m[XCUITestDriver@418b]&amp#27;[0m   "alwaysMatch": {
[debug] &amp#27;[38;5;32m[XCUITestDriver@418b]&amp#27;[0m     "platformName": "IOS",
[debug] &amp#27;[38;5;32m[XCUITestDriver@418b]&amp#27;[0m     "appium:automationName": "XCUITest",
[debug] &amp#27;[38;5;32m[XCUITestDriver@418b]&amp#27;[0m     "appium:bundleId": "com.saucelabs.SwagLabsMobileApp",
[debug] &amp#27;[38;5;32m[XCUITestDriver@418b]&amp#27;[0m     "appium:deviceName": "iPhone 14",
[debug] &amp#27;[38;5;32m[XCUITestDriver@418b]&amp#27;[0m     "appium:platformVersion": "16.1",
[debug] &amp#27;[38;5;32m[XCUITestDriver@418b]&amp#27;[0m     "appium:udid": "82DC5A28-2F0B-4069-9597-C85F2219BBDD",
[debug] &amp#27;[38;5;32m[XCUITestDriver@418b]&amp#27;[0m     "appium:wdaLocalPort": "10002",
[debug] &amp#27;[38;5;32m[XCUITestDriver@418b]&amp#27;[0m     "appium:webkitDebugProxyPort": "11002"
[debug] &amp#27;[38;5;32m[XCUITestDriver@418b]&amp#27;[0m   },
[debug] &amp#27;[38;5;32m[XCUITestDriver@418b]&amp#27;[0m   "firstMatch": [
[debug] &amp#27;[38;5;32m[XCUITestDriver@418b]&amp#27;[0m     {}
[debug] &amp#27;[38;5;32m[XCUITestDriver@418b]&amp#27;[0m   ]
[debug] &amp#27;[38;5;32m[XCUITestDriver@418b]&amp#27;[0m }
&amp#27;[38;5;48m[BaseDriver]&amp#27;[0m Number capability passed in as string. Functionality may be compromised.
&amp#27;[38;5;0m[HTTP]&amp#27;[0m &amp#27;[37m-->&amp#27;[39m &amp#27;[37mPOST&amp#27;[39m &amp#27;[37m/session&amp#27;[39m
&amp#27;[38;5;0m[HTTP]&amp#27;[0m {"capabilities":{"firstMatch":[{}],"alwaysMatch":{"appium:appActivity":"com.swaglabsmobileapp.SplashActivity","appium:appPackage":"com.swaglabsmobileapp","appium:automationName":"UiAutomator2","appium:chromeDriverPort":"11000","appium:deviceName":"Pixel_6_pro","appium:platformVersion":"13","appium:systemPort":"10000","appium:udid":"emulator-5554","platformName":"ANDROID"}}}
[debug] &amp#27;[38;5;16m[AppiumDriver@2ce0]&amp#27;[0m Calling AppiumDriver.createSession() with args: [null,null,{"firstMatch":[{}],"alwaysMatch":{"appium:appActivity":"com.swaglabsmobileapp.SplashActivity","appium:appPackage":"com.swaglabsmobileapp","appium:automationName":"UiAutomator2","appium:chromeDriverPort":"11000","appium:deviceName":"Pixel_6_pro","appium:platformVersion":"13","appium:systemPort":"10000","appium:udid":"emulator-5554","platformName":"ANDROID"}}]
&amp#27;[38;5;32m[XCUITestDriver@418b]&amp#27;[0m Capability 'wdaLocalPort' changed from string ('10002') to integer (10002). This may cause unexpected behavior
[debug] &amp#27;[38;5;16m[AppiumDriver@2ce0]&amp#27;[0m E&amp#27;vent '[n3ew8Se;ss5ion;R3equ2emst[edX' CloUggIedT at 1682839683535 (12:58:03 GMT+0530 (India Standard Time))
estDriver@418b]&amp#27;[0m The following capabilities were provided, but are not recognized by Appium:
&amp#27;[38;5;32m[XCUITestDriver@418b]&amp#27;[0m   webkitDebugProxyPort
&amp#27;[38;5;32m[XCUITestDriver@418b (c131a0b0)]&amp#27;[0m Session created with session id: c131a0b0-4ee4-41db-9122-0078c0464db0
[Appium] Attempting to find matching driver for automationName 'UiAutomator2' and platformName 'ANDROID'
[Appium] The 'uiautomator2' driver was installed and matched caps.
[Appium] Will require it at /Users/nikhilkumargupta/.appium/node_modules/appium-uiautomator2-driver
[debug] [Appium] Requiring driver at /Users/nikhilkumargupta/.appium/node_modules/appium-uiautomator2-driver
&amp#27;[38;5;16m[AppiumDriver@2ce0]&amp#27;[0m Appium v2.0.0-beta.53 creating new AndroidUiautomator2Driver (v2.12.3) session
&amp#27;[38;5;16m[AppiumDriver@2ce0]&amp#27;[0m Checking BaseDriver versions for Appium and AndroidUiautomator2Driver
&amp#27;[38;5;16m[AppiumDriver@2ce0]&amp#27;[0m Appium's BaseDriver version is 9.3.0
&amp#27;[38;5;16m[AppiumDriver@2ce0]&amp#27;[0m AndroidUiautomator2Driver's BaseDriver version is 9.3.0
[debug] &amp#27;[38;5;16m[AppiumDriver@2ce0]&amp#27;[0m There are no active sessions for cleanup
[debug] &amp#27;[38;5;32m[AndroidUiautomator2Driver@db8f]&amp#27;[0m Creating session with W3C capabilities: {
[debug] &amp#27;[38;5;32m[AndroidUiautomator2Driver@db8f]&amp#27;[0m   "alwaysMatch": {
[debug] &amp#27;[38;5;32m[AndroidUiautomator2Driver@db8f]&amp#27;[0m     "platformName": "ANDROID",
[debug] &amp#27;[38;5;32m[AndroidUiautomator2Driver@db8f]&amp#27;[0m     "appium:appActivity": "com.swaglabsmobileapp.SplashActivity",
[debug] &amp#27;[38;5;32m[AndroidUiautomator2Driver@db8f]&amp#27;[0m     "appium:appPackage": "com.swaglabsmobileapp",
[debug] &amp#27;[38;5;32m[AndroidUiautomator2Driver@db8f]&amp#27;[0m     "appium:automationName": "UiAutomator2",
[debug] &amp#27;[38;5;32m[AndroidUiautomator2Driver@db8f]&amp#27;[0m     "appium:chromeDriverPort": "11000",
[debug] &amp#27;[38;5;32m[AndroidUiautomator2Driver@db8f]&amp#27;[0m     "appium:deviceName": "Pixel_6_pro",
[debug] &amp#27;[38;5;32m[AndroidUiautomator2Driver@db8f]&amp#27;[0m     "appium:platformVersion": "13",
[debug] &amp#27;[38;5;32m[AndroidUiautomator2Driver@db8f]&amp#27;[0m     "appium:systemPort": "10000",
[debug] &amp#27;[38;5;32m[AndroidUiautomator2Driver@db8f]&amp#27;[0m     "appium:udid": "emulator-5554"
[debug] &amp#27;[38;5;32m[AndroidUiautomator2Driver@db8f]&amp#27;[0m   },
[debug] &amp#27;[38;5;32m[AndroidUiautomator2Driver@db8f]&amp#27;[0m   "firstMatch": [
[debug] &amp#27;[38;5;32m[AndroidUiautomator2Driver@db8f]&amp#27;[0m     {}
[debug] &amp#27;[38;5;32m[AndroidUiautomator2Driver@db8f]&amp#27;[0m   ]
[debug] &amp#27;[38;5;32m[AndroidUiautomator2Driver@db8f]&amp#27;[0m }
&amp#27;[38;5;48m[BaseDriver]&amp#27;[0m Number capability passed in as string. Functionality may be compromised.
&amp#27;[38;5;48m[BaseDriver]&amp#27;[0m Number capability passed in as string. Functionality may be compromised.
&amp#27;[38;5;32m[AndroidUiautomator2Driver@db8f]&amp#27;[0m Capability 'systemPort' changed from string ('10000') to integer (10000). This may cause unexpected behavior
&amp#27;[38;5;32m[AndroidUiautomator2Driver@db8f]&amp#27;[0m Capability 'chromeDriverPort' changed from string ('11000') to integer (11000). This may cause unexpected behavior
&amp#27;[38;5;32m[AndroidUiautomator2Driver@db8f (63a3b3b3)]&amp#27;[0m Session created with session id: 63a3b3b3-6572-412a-ab56-145c276cd280
&amp#27;[38;5;32m[AndroidUiautomator2Driver@db8f (63a3b3b3)]&amp#27;[0m Starting 'com.swaglabsmobileapp' directly on the device
[debug] &amp#27;[38;5;64m[XCUITest]&amp#27;[0m Current user: 'nikhilkumargupta'
[debug] &amp#27;[38;5;32m[XCUITestDriver@418b (c131a0b0)]&amp#27;[0m Available devices: 
[debug] &amp#27;[38;5;32m[XCUITestDriver@418b (c131a0b0)]&amp#27;[0m No real device with udid '82DC5A28-2F0B-4069-9597-C85F2219BBDD'. Looking for simulator
&amp#27;[38;5;64m[ADB]&amp#27;[0m Found 4 'build-tools' folders under '/Users/nikhilkumargupta/Library/Android/sdk' (newest first):
&amp#27;[38;5;64m[ADB]&amp#27;[0m     /Users/nikhilkumargupta/Library/Android/sdk/build-tools/33.0.1
&amp#27;[38;5;64m[ADB]&amp#27;[0m     /Users/nikhilkumargupta/Library/Android/sdk/build-tools/33.0.0
&amp#27;[38;5;64m[ADB]&amp#27;[0m     /Users/nikhilkumargupta/Library/Android/sdk/build-tools/31.0.0
&amp#27;[38;5;64m[ADB]&amp#27;[0m     /Users/nikhilkumargupta/Library/Android/sdk/build-tools/30.0.3
&amp#27;[38;5;64m[ADB]&amp#27;[0m Using 'adb' from '/Users/nikhilkumargupta/Library/Android/sdk/platform-tools/adb'
[debug] &amp#27;[38;5;64m[ADB]&amp#27;[0m Running '/Users/nikhilkumargupta/Library/Android/sdk/platform-tools/adb -P 5037 start-server'
&amp#27;[38;5;80m[AndroidDriver]&amp#27;[0m Retrieving device list
[debug] &amp#27;[38;5;64m[ADB]&amp#27;[0m Trying to find a connected android device
[debug] &amp#27;[38;5;64m[ADB]&amp#27;[0m Getting connected devices
[debug] &amp#27;[38;5;64m[ADB]&amp#27;[0m Connected devices: [{"udid":"emulator-5554","state":"device"}]
&amp#27;[38;5;80m[AndroidDriver]&amp#27;[0m Using device: emulator-5554
&amp#27;[38;5;64m[ADB]&amp#27;[0m Using 'adb' from '/Users/nikhilkumargupta/Library/Android/sdk/platform-tools/adb'
[debug] &amp#27;[38;5;64m[ADB]&amp#27;[0m Running '/Users/nikhilkumargupta/Library/Android/sdk/platform-tools/adb -P 5037 start-server'
[debug] &amp#27;[38;5;64m[ADB]&amp#27;[0m Setting device id to emulator-5554
[debug] &amp#27;[38;5;64m[ADB]&amp#27;[0m Running '/Users/nikhilkumargupta/Library/Android/sdk/platform-tools/adb -P 5037 -s emulator-5554 shell getprop ro.build.version.sdk'
[debug] &amp#27;[38;5;64m[ADB]&amp#27;[0m Current device property 'ro.build.version.sdk': 33
&amp#27;[38;5;64m[ADB]&amp#27;[0m Getting device platform version
[debug] &amp#27;[38;5;64m[ADB]&amp#27;[0m Running '/Users/nikhilkumargupta/Library/Android/sdk/platform-tools/adb -P 5037 -s emulator-5554 shell getprop ro.build.version.release'
[debug] &amp#27;[38;5;64m[ADB]&amp#27;[0m Current device property 'ro.build.version.release': 13
[debug] &amp#27;[38;5;64m[ADB]&amp#27;[0m Device API level: 33
&amp#27;[38;5;32m[AndroidUiautomator2Driver@db8f (63a3b3b3)]&amp#27;[0m Relaxing hidden api policy
[debug] &amp#27;[38;5;64m[ADB]&amp#27;[0m Running '/Users/nikhilkumargupta/Library/Android/sdk/platform-tools/adb -P 5037 -s emulator-5554 shell 'settings put global hidden_api_policy_pre_p_apps 1;settings put global hidden_api_policy_p_apps 1;settings put global hidden_api_policy 1''
&amp#27;[38;5;80m[AndroidDriver]&amp#27;[0m No app sent in, not parsing package/activity
[debug] &amp#27;[38;5;64m[ADB]&amp#27;[0m Running '/Users/nikhilkumargupta/Library/Android/sdk/platform-tools/adb -P 5037 -s emulator-5554 wait-for-device'
&amp#27;[38;5;80m[iOSSim]&amp#27;[0m Constructing iOS simulator for Xcode version 14.1 with udid '82DC5A28-2F0B-4069-9597-C85F2219BBDD'
&amp#27;[38;5;32m[XCUITestDriver@418b (c131a0b0)]&amp#27;[0m Determining device to run tests on: udid: '82DC5A28-2F0B-4069-9597-C85F2219BBDD', real device: false
[debug] &amp#27;[38;5;32m[XCUITestDriver@418b (c131a0b0)]&amp#27;[0m Event 'xcodeDetailsRetrieved' logged at 1682839685078 (12:58:05 GMT+0530 (India Standard Time))
[debug] &amp#27;[38;5;32m[XCUITestDriver@418b (c131a0b0)]&amp#27;[0m Event 'appConfigured' logged at 1682839685083 (12:58:05 GMT+0530 (India Standard Time))
[debug] &amp#27;[38;5;32m[XCUITestDriver@418b (c131a0b0)]&amp#27;[0m Event 'resetStarted' logged at 1682839685085 (12:58:05 GMT+0530 (India Standard Time))
[debug] &amp#27;[38;5;64m[ADB]&amp#27;[0m Running '/Users/nikhilkumargupta/Library/Android/sdk/platform-tools/adb -P 5037 -s emulator-5554 shell echo ping'
[debug] &amp#27;[38;5;80m[AndroidDriver]&amp#27;[0m Pushing settings apk to device...
[debug] &amp#27;[38;5;64m[ADB]&amp#27;[0m Getting install status for io.appium.settings
[debug] &amp#27;[38;5;64m[ADB]&amp#27;[0m Running '/Users/nikhilkumargupta/Library/Android/sdk/platform-tools/adb -P 5037 -s emulator-5554 shell dumpsys package io.appium.settings'
[debug] &amp#27;[38;5;64m[ADB]&amp#27;[0m 'io.appium.settings' is installed
[debug] &amp#27;[38;5;64m[ADB]&amp#27;[0m Getting package info for 'io.appium.settings'
[debug] &amp#27;[38;5;64m[ADB]&amp#27;[0m Running '/Users/nikhilkumargupta/Library/Android/sdk/platform-tools/adb -P 5037 -s emulator-5554 shell dumpsys package io.appium.settings'
[debug] &amp#27;[38;5;96m[simctl]&amp#27;[0m Error running 'terminate': An error was encountered processing the command (domain=NSPOSIXErrorDomain, code=3):
The operation couldn���t be completed. found nothing to terminate
found nothing to terminate
&amp#27;[38;5;64m[XCUITest]&amp#27;[0m Reset: failed to terminate Simulator application with id "com.saucelabs.SwagLabsMobileApp"
[debug] &amp#27;[38;5;64m[ADB]&amp#27;[0m The version name of the installed 'io.appium.settings' is greater or equal to the application version name ('5.0.3' >= '5.0.3')
[debug] &amp#27;[38;5;64m[ADB]&amp#27;[0m There is no need to install/upgrade '/Users/nikhilkumargupta/.appium/node_modules/appium-uiautomator2-driver/node_modules/io.appium.settings/apks/settings_apk-debug.apk'
[debug] &amp#27;[38;5;64m[ADB]&amp#27;[0m Getting IDs of all 'io.appium.settings' processes
[debug] &amp#27;[38;5;64m[ADB]&amp#27;[0m Running '/Users/nikhilkumargupta/Library/Android/sdk/platform-tools/adb -P 5037 -s emulator-5554 shell 'pgrep --help; echo $?''
[debug] &amp#27;[38;5;64m[ADB]&amp#27;[0m Running '/Users/nikhilkumargupta/Library/Android/sdk/platform-tools/adb -P 5037 -s emulator-5554 shell pgrep -f \(\[\[:blank:\]\]\|\^\)io\.appium\.settings\(\[\[:blank:\]\]\|\$\)'
[debug] &amp#27;[38;5;80m[AndroidDriver]&amp#27;[0m io.appium.settings is already running. There is no need to reset its permissions.
[debug] &amp#27;[38;5;96m[Logcat]&amp#27;[0m Starting logs capture with command: /Users/nikhilkumargupta/Library/Android/sdk/platform-tools/adb -P 5037 -s emulator-5554 logcat -v threadtime
&amp#27;[38;5;80m[iOSSim]&amp#27;[0m Found 0 com.saucelabs.SwagLabsMobileApp app files to scrub
[debug] &amp#27;[38;5;32m[XCUITestDriver@418b (c131a0b0)]&amp#27;[0m Event 'resetComplete' logged at 1682839686223 (12:58:06 GMT+0530 (India Standard Time))
&amp#27;[38;5;32m[XCUITestDriver@418b (c131a0b0)]&amp#27;[0m Using WDA path: '/Users/nikhilkumargupta/.appium/node_modules/appium-xcuitest-driver/node_modules/appium-webdriveragent'
&amp#27;[38;5;32m[XCUITestDriver@418b (c131a0b0)]&amp#27;[0m Using WDA agent: '/Users/nikhilkumargupta/.appium/node_modules/appium-xcuitest-driver/node_modules/appium-webdriveragent/WebDriverAgent.xcodeproj'
[debug] &amp#27;[38;5;32m[AndroidUiautomator2Driver@db8f (63a3b3b3)]&amp#27;[0m Forwarding UiAutomator2 Server port 6790 to local port 10000
[debug] &amp#27;[38;5;64m[ADB]&amp#27;[0m Forwarding system: 10000 to device: 6790
[debug] &amp#27;[38;5;64m[ADB]&amp#27;[0m Running '/Users/nikhilkumargupta/Library/Android/sdk/platform-tools/adb -P 5037 -s emulator-5554 forward tcp:10000 tcp:6790'
[debug] &amp#27;[38;5;64m[ADB]&amp#27;[0m Getting install status for io.appium.uiautomator2.server
[debug] &amp#27;[38;5;64m[ADB]&amp#27;[0m Running '/Users/nikhilkumargupta/Library/Android/sdk/platform-tools/adb -P 5037 -s emulator-5554 shell dumpsys package io.appium.uiautomator2.server'
[debug] &amp#27;[38;5;64m[ADB]&amp#27;[0m 'io.appium.uiautomator2.server' is installed
[debug] &amp#27;[38;5;64m[ADB]&amp#27;[0m Getting package info for 'io.appium.uiautomator2.server'
[debug] &amp#27;[38;5;64m[ADB]&amp#27;[0m Running '/Users/nikhilkumargupta/Library/Android/sdk/platform-tools/adb -P 5037 -s emulator-5554 shell dumpsys package io.appium.uiautomator2.server'
[debug] &amp#27;[38;5;112m[IOSSimulatorLog]&amp#27;[0m Starting log capture for iOS Simulator with udid '82DC5A28-2F0B-4069-9597-C85F2219BBDD' using simctl
[debug] &amp#27;[38;5;32m[XCUITestDriver@418b (c131a0b0)]&amp#27;[0m Event 'logCaptureStarted' logged at 1682839687493 (12:58:07 GMT+0530 (India Standard Time))
&amp#27;[38;5;32m[XCUITestDriver@418b (c131a0b0)]&amp#27;[0m Setting up simulator
[debug] &amp#27;[38;5;80m[iOSSim]&amp#27;[0m Setting preferences of 82DC5A28-2F0B-4069-9597-C85F2219BBDD Simulator to {"ConnectHardwareKeyboard":false}
[debug] &amp#27;[38;5;80m[iOSSim]&amp#27;[0m Setting common Simulator preferences to {"RotateWindowWhenSignaledByGuest":true,"StartLastDeviceOnLaunch":false,"DetachOnWindowClose":false,"AttachBootedOnStart":true,"ConnectHardwareKeyboard":false,"PasteboardAutomaticSync":false}
[debug] &amp#27;[38;5;64m[ADB]&amp#27;[0m The version name of the installed 'io.appium.uiautomator2.server' is greater or equal to the application version name ('5.7.7' >= '5.7.7')
[debug] &amp#27;[38;5;32m[AndroidUiautomator2Driver@db8f (63a3b3b3)]&amp#27;[0m io.appium.uiautomator2.server installation state: sameVersionInstalled
[debug] &amp#27;[38;5;64m[ADB]&amp#27;[0m Checking app cert for /Users/nikhilkumargupta/.appium/node_modules/appium-uiautomator2-driver/node_modules/appium-uiautomator2-server/apks/appium-uiautomator2-server-v5.7.7.apk
&amp#27;[38;5;64m[ADB]&amp#27;[0m Using 'apksigner.jar' from '/Users/nikhilkumargupta/Library/Android/sdk/build-tools/33.0.1/lib/apksigner.jar'
[debug] &amp#27;[38;5;64m[ADB]&amp#27;[0m Starting apksigner: /Library/Java/JavaVirtualMachines/jdk-17.jdk/Contents/Home/bin/java -Xmx1024M -Xss1m -jar /Users/nikhilkumargupta/Library/Android/sdk/build-tools/33.0.1/lib/apksigner.jar verify --print-certs /Users/nikhilkumargupta/.appium/node_modules/appium-uiautomator2-driver/node_modules/appium-uiautomator2-server/apks/appium-uiautomator2-server-v5.7.7.apk
[debug] &amp#27;[38;5;80m[iOSSim]&amp#27;[0m Updated 82DC5A28-2F0B-4069-9597-C85F2219BBDD Simulator preferences at '/Users/nikhilkumargupta/Library/Preferences/com.apple.iphonesimulator.plist' with {"RotateWindowWhenSignaledByGuest":true,"StartLastDeviceOnLaunch":false,"DetachOnWindowClose":false,"AttachBootedOnStart":true,"ConnectHardwareKeyboard":false,"PasteboardAutomaticSync":false,"DevicePreferences":{"82DC5A28-2F0B-4069-9597-C85F2219BBDD":{"ConnectHardwareKeyboard":false,"SimulatorExternalDisplay":2114,"ChromeTint":"","SimulatorWindowGeometry":{"974E164C-3481-4B05-A5F1-0A2F957411A4":{"WindowCenter":"{865.5, 388}","WindowScale":0.6599099099099099}},"SimulatorWindowOrientation":"Portrait","SimulatorWindowRotationAngle":0}}}
[debug] &amp#27;[38;5;80m[iOSSim]&amp#27;[0m Got Simulator UI client PID: 2234
&amp#27;[38;5;80m[iOSSim]&amp#27;[0m Both Simulator with UDID '82DC5A28-2F0B-4069-9597-C85F2219BBDD' and the UI client are currently running
[debug] &amp#27;[38;5;32m[XCUITestDriver@418b (c131a0b0)]&amp#27;[0m Event 'simStarted' logged at 1682839689117 (12:58:09 GMT+0530 (India Standard Time))
[debug] &amp#27;[38;5;32m[XCUITestDriver@418b (c131a0b0)]&amp#27;[0m No obsolete cached processes from previous WDA sessions listening on port 10002 have been found
&amp#27;[38;5;128m[DevCon Factory]&amp#27;[0m Requesting connection for device 82DC5A28-2F0B-4069-9597-C85F2219BBDD on local port 10002
[debug] &amp#27;[38;5;128m[DevCon Factory]&amp#27;[0m Cached connections count: 0
&amp#27;[38;5;128m[DevCon Factory]&amp#27;[0m Successfully requested the connection for 82DC5A28-2F0B-4069-9597-C85F2219BBDD:10002
[debug] &amp#27;[38;5;64m[ADB]&amp#27;[0m apksigner stdout: Signer #1 certificate DN: EMAILADDRESS=android@android.com, CN=Android, OU=Android, O=Android, L=Mountain View, ST=California, C=US
[debug] &amp#27;[38;5;64m[ADB]&amp#27;[0m Signer #1 certificate SHA-256 digest: a40da80a59d170caa950cf15c18c454d47a39b26989d8b640ecd745ba71bf5dc
[debug] &amp#27;[38;5;64m[ADB]&amp#27;[0m Signer #1 certificate SHA-1 digest: 61ed377e85d386a8dfee6b864bd85b0bfaa5af81
[debug] &amp#27;[38;5;64m[ADB]&amp#27;[0m Signer #1 certificate MD5 digest: e89b158e4bcf988ebd09eb83f5378e87
[debug] &amp#27;[38;5;64m[ADB]&amp#27;[0m 
[debug] &amp#27;[38;5;64m[ADB]&amp#27;[0m sha256 hash did match for 'appium-uiautomator2-server-v5.7.7.apk'
&amp#27;[38;5;64m[ADB]&amp#27;[0m '/Users/nikhilkumargupta/.appium/node_modules/appium-uiautomator2-driver/node_modules/appium-uiautomator2-server/apks/appium-uiautomator2-server-v5.7.7.apk' is signed with the default certificate
[debug] &amp#27;[38;5;64m[ADB]&amp#27;[0m Getting install status for io.appium.uiautomator2.server.test
[debug] &amp#27;[38;5;64m[ADB]&amp#27;[0m Running '/Users/nikhilkumargupta/Library/Android/sdk/platform-tools/adb -P 5037 -s emulator-5554 shell dumpsys package io.appium.uiautomator2.server.test'
[debug] &amp#27;[38;5;64m[ADB]&amp#27;[0m 'io.appium.uiautomator2.server.test' is installed
[debug] &amp#27;[38;5;64m[ADB]&amp#27;[0m Checking app cert for /Users/nikhilkumargupta/.appium/node_modules/appium-uiautomator2-driver/node_modules/appium-uiautomator2-server/apks/appium-uiautomator2-server-debug-androidTest.apk
[debug] &amp#27;[38;5;64m[ADB]&amp#27;[0m Starting apksigner: /Library/Java/JavaVirtualMachines/jdk-17.jdk/Contents/Home/bin/java -Xmx1024M -Xss1m -jar /Users/nikhilkumargupta/Library/Android/sdk/build-tools/33.0.1/lib/apksigner.jar verify --print-certs /Users/nikhilkumargupta/.appium/node_modules/appium-uiautomator2-driver/node_modules/appium-uiautomator2-server/apks/appium-uiautomator2-server-debug-androidTest.apk
[debug] &amp#27;[38;5;64m[ADB]&amp#27;[0m apksigner stdout: Signer #1 certificate DN: EMAILADDRESS=android@android.com, CN=Android, OU=Android, O=Android, L=Mountain View, ST=California, C=US
[debug] &amp#27;[38;5;64m[ADB]&amp#27;[0m Signer #1 certificate SHA-256 digest: a40da80a59d170caa950cf15c18c454d47a39b26989d8b640ecd745ba71bf5dc
[debug] &amp#27;[38;5;64m[ADB]&amp#27;[0m Signer #1 certificate SHA-1 digest: 61ed377e85d386a8dfee6b864bd85b0bfaa5af81
[debug] &amp#27;[38;5;64m[ADB]&amp#27;[0m Signer #1 certificate MD5 digest: e89b158e4bcf988ebd09eb83f5378e87
[debug] &amp#27;[38;5;64m[ADB]&amp#27;[0m 
[debug] &amp#27;[38;5;64m[ADB]&amp#27;[0m sha256 hash did match for 'appium-uiautomator2-server-debug-androidTest.apk'
&amp#27;[38;5;64m[ADB]&amp#27;[0m '/Users/nikhilkumargupta/.appium/node_modules/appium-uiautomator2-driver/node_modules/appium-uiautomator2-server/apks/appium-uiautomator2-server-debug-androidTest.apk' is signed with the default certificate
&amp#27;[38;5;32m[AndroidUiautomator2Driver@db8f (63a3b3b3)]&amp#27;[0m Server packages are not going to be (re)installed
[debug] &amp#27;[38;5;32m[AndroidUiautomator2Driver@db8f (63a3b3b3)]&amp#27;[0m Waiting up to 30000ms for services to be available
[debug] &amp#27;[38;5;64m[ADB]&amp#27;[0m Running '/Users/nikhilkumargupta/Library/Android/sdk/platform-tools/adb -P 5037 -s emulator-5554 shell pm list instrumentation'
[debug] &amp#27;[38;5;32m[AndroidUiautomator2Driver@db8f (63a3b3b3)]&amp#27;[0m Instrumentation target 'io.appium.uiautomator2.server.test/androidx.test.runner.AndroidJUnitRunner' is available
&amp#27;[38;5;64m[ADB]&amp#27;[0m Adding packages ["io.appium.settings","io.appium.uiautomator2.server","io.appium.uiautomator2.server.test"] to Doze whitelist
[debug] &amp#27;[38;5;64m[ADB]&amp#27;[0m Got the following command chunks to execute: [["dumpsys","deviceidle","whitelist","+io.appium.settings",";","dumpsys","deviceidle","whitelist","+io.appium.uiautomator2.server",";","dumpsys","deviceidle","whitelist","+io.appium.uiautomator2.server.test",";"]]
[debug] &amp#27;[38;5;64m[ADB]&amp#27;[0m Running '/Users/nikhilkumargupta/Library/Android/sdk/platform-tools/adb -P 5037 -s emulator-5554 shell dumpsys deviceidle whitelist +io.appium.settings ; dumpsys deviceidle whitelist +io.appium.uiautomator2.server ; dumpsys deviceidle whitelist +io.appium.uiautomator2.server.test ;'
[debug] &amp#27;[38;5;32m[AndroidUiautomator2Driver@db8f (63a3b3b3)]&amp#27;[0m No app capability. Assuming it is already on the device
[debug] &amp#27;[38;5;64m[ADB]&amp#27;[0m Getting install status for com.swaglabsmobileapp
[debug] &amp#27;[38;5;64m[ADB]&amp#27;[0m Running '/Users/nikhilkumargupta/Library/Android/sdk/platform-tools/adb -P 5037 -s emulator-5554 shell dumpsys package com.swaglabsmobileapp'
[debug] &amp#27;[38;5;64m[ADB]&amp#27;[0m 'com.swaglabsmobileapp' is installed
[debug] &amp#27;[38;5;64m[ADB]&amp#27;[0m Running '/Users/nikhilkumargupta/Library/Android/sdk/platform-tools/adb -P 5037 -s emulator-5554 shell am force-stop com.swaglabsmobileapp'
[debug] &amp#27;[38;5;64m[ADB]&amp#27;[0m Running '/Users/nikhilkumargupta/Library/Android/sdk/platform-tools/adb -P 5037 -s emulator-5554 shell pm clear com.swaglabsmobileapp'
[debug] &amp#27;[38;5;80m[AndroidDriver]&amp#27;[0m Performed fast reset on the installed 'com.swaglabsmobileapp' application (stop and clear)
[debug] &amp#27;[38;5;32m[AndroidUiautomator2Driver@db8f (63a3b3b3)]&amp#27;[0m Performing shallow cleanup of automation leftovers
[debug] &amp#27;[38;5;32m[AndroidUiautomator2Driver@db8f (63a3b3b3)]&amp#27;[0m The following obsolete sessions are still running: ["29f12311-f73a-432c-b931-9ea8b26b98e5"]
[debug] &amp#27;[38;5;32m[AndroidUiautomator2Driver@db8f (63a3b3b3)]&amp#27;[0m Cleaning up 1 obsolete session
[debug] &amp#27;[38;5;64m[ADB]&amp#27;[0m Running '/Users/nikhilkumargupta/Library/Android/sdk/platform-tools/adb -P 5037 -s emulator-5554 shell am force-stop io.appium.uiautomator2.server.test'
&amp#27;[38;5;32m[AndroidUiautomator2Driver@db8f (63a3b3b3)]&amp#27;[0m Starting UIAutomator2 server 5.7.7
&amp#27;[38;5;32m[AndroidUiautomator2Driver@db8f (63a3b3b3)]&amp#27;[0m Using UIAutomator2 server from '/Users/nikhilkumargupta/.appium/node_modules/appium-uiautomator2-driver/node_modules/appium-uiautomator2-server/apks/appium-uiautomator2-server-v5.7.7.apk' and test from '/Users/nikhilkumargupta/.appium/node_modules/appium-uiautomator2-driver/node_modules/appium-uiautomator2-server/apks/appium-uiautomator2-server-debug-androidTest.apk'
&amp#27;[38;5;32m[AndroidUiautomator2Driver@db8f (63a3b3b3)]&amp#27;[0m Waiting up to 30000ms for UiAutomator2 to be online...
[debug] &amp#27;[38;5;64m[ADB]&amp#27;[0m Creating ADB subprocess with args: ["-P",5037,"-s","emulator-5554","shell","am","instrument","-w","-e","disableAnalytics",true,"io.appium.uiautomator2.server.test/androidx.test.runner.AndroidJUnitRunner"]
[debug] &amp#27;[38;5;32m[AndroidUiautomator2Driver@db8f (63a3b3b3)]&amp#27;[0m Matched '/status' to command name 'getStatus'
[debug] &amp#27;[38;5;32m[AndroidUiautomator2Driver@db8f (63a3b3b3)]&amp#27;[0m Proxying [GET /status] to [GET http://127.0.0.1:10000/status] with no body
&amp#27;[38;5;32m[AndroidUiautomator2Driver@db8f (63a3b3b3)]&amp#27;[0m socket hang up
[debug] &amp#27;[38;5;32m[AndroidUiautomator2Driver@db8f (63a3b3b3)]&amp#27;[0m Matched '/status' to command name 'getStatus'
[debug] &amp#27;[38;5;32m[AndroidUiautomator2Driver@db8f (63a3b3b3)]&amp#27;[0m Proxying [GET /status] to [GET http://127.0.0.1:10000/status] with no body
&amp#27;[38;5;32m[AndroidUiautomator2Driver@db8f (63a3b3b3)]&amp#27;[0m socket hang up
[debug] &amp#27;[38;5;112m[Instrumentation]&amp#27;[0m io.appium.uiautomator2.server.test.AppiumUiAutomator2Server:
[debug] &amp#27;[38;5;32m[AndroidUiautomator2Driver@db8f (63a3b3b3)]&amp#27;[0m Matched '/status' to command name 'getStatus'
[debug] &amp#27;[38;5;32m[AndroidUiautomator2Driver@db8f (63a3b3b3)]&amp#27;[0m Proxying [GET /status] to [GET http://127.0.0.1:10000/status] with no body
&amp#27;[38;5;32m[AndroidUiautomator2Driver@db8f (63a3b3b3)]&amp#27;[0m socket hang up
[debug] &amp#27;[38;5;32m[AndroidUiautomator2Driver@db8f (63a3b3b3)]&amp#27;[0m Matched '/status' to command name 'getStatus'
[debug] &amp#27;[38;5;32m[AndroidUiautomator2Driver@db8f (63a3b3b3)]&amp#27;[0m Proxying [GET /status] to [GET http://127.0.0.1:10000/status] with no body
[debug] &amp#27;[38;5;32m[AndroidUiautomator2Driver@db8f (63a3b3b3)]&amp#27;[0m Got response with status 200: {"sessionId":"None","value":{"message":"UiAutomator2 Server is ready to accept commands","ready":true}}
[debug] &amp#27;[38;5;32m[AndroidUiautomator2Driver@db8f (63a3b3b3)]&amp#27;[0m The initialization of the instrumentation process took 3182ms
[debug] &amp#27;[38;5;32m[AndroidUiautomator2Driver@db8f (63a3b3b3)]&amp#27;[0m Matched '/session' to command name 'createSession'
[debug] &amp#27;[38;5;32m[AndroidUiautomator2Driver@db8f (63a3b3b3)]&amp#27;[0m Proxying [POST /session] to [POST http://127.0.0.1:10000/session] with body: {"capabilities":{"firstMatch":[{"platform":"LINUX","webStorageEnabled":false,"takesScreenshot":true,"javascriptEnabled":true,"databaseEnabled":false,"networkConnectionEnabled":true,"locationContextEnabled":false,"warnings":{},"desired":{"platformName":"ANDROID","appActivity":"com.swaglabsmobileapp.SplashActivity","appPackage":"com.swaglabsmobileapp","automationName":"UiAutomator2","chromeDriverPort":11000,"deviceName":"Pixel_6_pro","platformVersion":"13","systemPort":10000,"udid":"emulator-5554"},"platformName":"ANDROID","appActivity":"com.swaglabsmobileapp.SplashActivity","appPackage":"com.swaglabsmobileapp","automationName":"UiAutomator2","chromeDriverPort":11000,"deviceName":"emulator-5554","platformVersion":"13","systemPort":10000,"udid":"emulator-5554","deviceUDID":"emulator-5554"}],"alwaysMatch":{}}}
[debug] &amp#27;[38;5;32m[AndroidUiautomator2Driver@db8f (63a3b3b3)]&amp#27;[0m Got response with status 200: {"sessionId":"d57f122c-1079-49f0-a70a-da18a689bf5e","value":{"capabilities":{"firstMatch":[{"platform":"LINUX","webStorageEnabled":false,"takesScreenshot":true,"javascriptEnabled":true,"databaseEnabled":false,"networkConnectionEnabled":true,"locationContextEnabled":false,"warnings":{},"desired":{"platformName":"ANDROID","appActivity":"com.swaglabsmobileapp.SplashActivity","appPackage":"com.swaglabsmobileapp","automationName":"UiAutomator2","chromeDriverPort":11000,"deviceName":"Pixel_6_pro","platformVersion":"13","systemPort":10000,"udid":"emulator-5554"},"platformName":"ANDROID","appActivity":"com.swaglabsmobileapp.SplashActivity","appPackage":"com.swaglabsmobileapp","automationName":"UiAutomator2","chromeDriverPort":11000,"deviceName":"emulator-5554","platformVersion":"13","systemPort":10000,"udid":"emulator-5554","deviceUDID":"emulator-5554"}],"alwaysMatch":{}},"sessionId":"d57f122c-1079-49f0-a70a-da18a689bf5e"}}
&amp#27;[38;5;32m[AndroidUiautomator2Driver@db8f (63a3b3b3)]&amp#27;[0m Determined the downstream protocol as 'W3C'
[debug] &amp#27;[38;5;32m[AndroidUiautomator2Driver@db8f (63a3b3b3)]&amp#27;[0m Proxying [GET /appium/device/info] to [GET http://127.0.0.1:10000/session/d57f122c-1079-49f0-a70a-da18a689bf5e/appium/device/info] with no body
[debug] &amp#27;[38;5;32m[AndroidUiautomator2Driver@db8f (63a3b3b3)]&amp#27;[0m Got response with status 200: {"sessionId":"d57f122c-1079-49f0-a70a-da18a689bf5e","value":{"androidId":"331e1a16c8b519f3","apiVersion":"33","bluetooth":{"state":"ON"},"brand":"google","carrierName":"T-Mobile","displayDensity":560,"locale":"en_US","manufacturer":"Google","model":"sdk_gphone64_arm64","networks":[{"capabilities":{"SSID":null,"linkDownBandwidthKbps":30000,"linkUpstreamBandwidthKbps":12000,"networkCapabilities":"NET_CAPABILITY_NOT_METERED,NET_CAPABILITY_INTERNET,NET_CAPABILITY_NOT_RESTRICTED,NET_CAPABILITY_TRUSTED,NET_CAPABILITY_NOT_VPN,NET_CAPABILITY_VALIDATED,NET_CAPABILITY_NOT_ROAMING,NET_CAPABILITY_FOREGROUND,NET_CAPABILITY_NOT_CONGESTED,NET_CAPABILITY_NOT_SUSPENDED","signalStrength":-50,"transportTypes":"TRANSPORT_WIFI"},"detailedState":"CONNECTED","extraInfo":"","isAvailable":true,"isConnected":true,"isFailover":false,"isRoaming":false,"state":"CONNECTED","subtype":-1,"subtypeName":"","type":1,"typeName":"WIFI"},{"capabilities":{"SSID":null,"linkDownBandwidthKbps":4300,"linkUpstreamBandwidthKbps":1800,"networkCapabili...
[debug] &amp#27;[38;5;64m[ADB]&amp#27;[0m Running '/Users/nikhilkumargupta/Library/Android/sdk/platform-tools/adb -P 5037 -s emulator-5554 shell dumpsys window'
&amp#27;[38;5;80m[AndroidDriver]&amp#27;[0m Screen already unlocked, doing nothing
&amp#27;[38;5;32m[AndroidUiautomator2Driver@db8f (63a3b3b3)]&amp#27;[0m Starting 'com.swaglabsmobileapp/com.swaglabsmobileapp.SplashActivity and waiting for 'com.swaglabsmobileapp/com.swaglabsmobileapp.SplashActivity'
[debug] &amp#27;[38;5;64m[ADB]&amp#27;[0m Running '/Users/nikhilkumargupta/Library/Android/sdk/platform-tools/adb -P 5037 -s emulator-5554 shell am start -W -n com.swaglabsmobileapp/com.swaglabsmobileapp.SplashActivity -S -a android.intent.action.MAIN -c android.intent.category.LAUNCHER -f 0x10200000'
[debug] &amp#27;[38;5;32m[AndroidUiautomator2Driver@db8f (63a3b3b3)]&amp#27;[0m Proxying [GET /appium/device/pixel_ratio] to [GET http://127.0.0.1:10000/session/d57f122c-1079-49f0-a70a-da18a689bf5e/appium/device/pixel_ratio] with no body
[debug] &amp#27;[38;5;32m[AndroidUiautomator2Driver@db8f (63a3b3b3)]&amp#27;[0m Got response with status 200: {"sessionId":"d57f122c-1079-49f0-a70a-da18a689bf5e","value":3.5}
[debug] &amp#27;[38;5;32m[AndroidUiautomator2Driver@db8f (63a3b3b3)]&amp#27;[0m Matched '/appium/device/system_bars' to command name 'getSystemBars'
[debug] &amp#27;[38;5;32m[AndroidUiautomator2Driver@db8f (63a3b3b3)]&amp#27;[0m Proxying [GET /appium/device/system_bars] to [GET http://127.0.0.1:10000/session/d57f122c-1079-49f0-a70a-da18a689bf5e/appium/device/system_bars] with no body
[debug] &amp#27;[38;5;32m[AndroidUiautomator2Driver@db8f (63a3b3b3)]&amp#27;[0m Got response with status 200: {"sessionId":"d57f122c-1079-49f0-a70a-da18a689bf5e","value":{"statusBar":84}}
[debug] &amp#27;[38;5;32m[AndroidUiautomator2Driver@db8f (63a3b3b3)]&amp#27;[0m Matched '/window/current/size' to command name 'getWindowSize'
[debug] &amp#27;[38;5;32m[AndroidUiautomator2Driver@db8f (63a3b3b3)]&amp#27;[0m Proxying [GET /window/current/size] to [GET http://127.0.0.1:10000/session/d57f122c-1079-49f0-a70a-da18a689bf5e/window/current/size] with no body
[debug] &amp#27;[38;5;32m[AndroidUiautomator2Driver@db8f (63a3b3b3)]&amp#27;[0m Got response with status 200: {"sessionId":"d57f122c-1079-49f0-a70a-da18a689bf5e","value":{"height":3036,"width":1440}}
&amp#27;[38;5;16m[AppiumDriver@2ce0]&amp#27;[0m New AndroidUiautomator2Driver session created successfully, session 63a3b3b3-6572-412a-ab56-145c276cd280 added to master session list
[debug] &amp#27;[38;5;16m[AppiumDriver@2ce0]&amp#27;[0m Event 'newSessionStarted' logged at 1682839700041 (12:58:20 GMT+0530 (India Standard Time))
[debug] &amp#27;[38;5;32m[AndroidUiautomator2Driver@db8f (63a3b3b3)]&amp#27;[0m Cached the protocol value 'W3C' for the new session 63a3b3b3-6572-412a-ab56-145c276cd280
[debug] &amp#27;[38;5;32m[AndroidUiautomator2Driver@db8f (63a3b3b3)]&amp#27;[0m Responding to client with driver.createSession() result: {"capabilities":{"platform":"LINUX","webStorageEnabled":false,"takesScreenshot":true,"javascriptEnabled":true,"databaseEnabled":false,"networkConnectionEnabled":true,"locationContextEnabled":false,"warnings":{},"desired":{"platformName":"ANDROID","appActivity":"com.swaglabsmobileapp.SplashActivity","appPackage":"com.swaglabsmobileapp","automationName":"UiAutomator2","chromeDriverPort":11000,"deviceName":"Pixel_6_pro","platformVersion":"13","systemPort":10000,"udid":"emulator-5554"},"platformName":"ANDROID","appActivity":"com.swaglabsmobileapp.SplashActivity","appPackage":"com.swaglabsmobileapp","automationName":"UiAutomator2","chromeDriverPort":11000,"deviceName":"emulator-5554","platformVersion":"13","systemPort":10000,"udid":"emulator-5554","deviceUDID":"emulator-5554","deviceApiLevel":33,"deviceScreenSize":"1440x3120","deviceScreenDensity":560,"deviceModel":"sdk_gphone64_arm64","deviceManufacturer":"Google","pixelRatio":3.5,"statBarHeight":84,"viewportRect":{"left":0,"top":84,"width":1440,"height":2952}}}
&amp#27;[38;5;0m[HTTP]&amp#27;[0m <-- POST /session 200 16552 ms - 1084
&amp#27;[38;5;0m[HTTP]&amp#27;[0m 
20:Android:Pixel_6_pro:com.qa.BaseTest:Super Before Method
&amp#27;[38;5;0m[HTTP]&amp#27;[0m &amp#27;[37m-->&amp#27;[39m &amp#27;[37mPOST&amp#27;[39m &amp#27;[37m/session/63a3b3b3-6572-412a-ab56-145c276cd280/appium/stop_recording_screen&amp#27;[39m
&amp#27;[38;5;0m[HTTP]&amp#27;[0m {}
[debug] &amp#27;[38;5;32m[AndroidUiautomator2Driver@db8f (63a3b3b3)]&amp#27;[0m Calling AppiumDriver.stopRecordingScreen() with args: [null,"63a3b3b3-6572-412a-ab56-145c276cd280"]
[debug] &amp#27;[38;5;64m[ADB]&amp#27;[0m Getting IDs of all 'screenrecord' processes
[debug] &amp#27;[38;5;64m[ADB]&amp#27;[0m Running '/Users/nikhilkumargupta/Library/Android/sdk/platform-tools/adb -P 5037 -s emulator-5554 shell pgrep -f \(\[\[:blank:\]\]\|\^\)screenrecord\(\[\[:blank:\]\]\|\$\)'
[debug] &amp#27;[38;5;64m[ADB]&amp#27;[0m Running '/Users/nikhilkumargupta/Library/Android/sdk/platform-tools/adb -P 5037 -s emulator-5554 shell kill -2 13794'
[debug] &amp#27;[38;5;64m[ADB]&amp#27;[0m Getting IDs of all 'screenrecord' processes
[debug] &amp#27;[38;5;64m[ADB]&amp#27;[0m Running '/Users/nikhilkumargupta/Library/Android/sdk/platform-tools/adb -P 5037 -s emulator-5554 shell pgrep -f \(\[\[:blank:\]\]\|\^\)screenrecord\(\[\[:blank:\]\]\|\$\)'
[debug] &amp#27;[38;5;64m[ADB]&amp#27;[0m Getting IDs of all 'screenrecord' processes
[debug] &amp#27;[38;5;64m[ADB]&amp#27;[0m Running '/Users/nikhilkumargupta/Library/Android/sdk/platform-tools/adb -P 5037 -s emulator-5554 shell pgrep -f \(\[\[:blank:\]\]\|\^\)screenrecord\(\[\[:blank:\]\]\|\$\)'
&amp#27;[38;5;32m[AndroidUiautomator2Driver@db8f (63a3b3b3)]&amp#27;[0m Screen recording has not been previously started by Appium. There is nothing to stop
[debug] &amp#27;[38;5;32m[AndroidUiautomator2Driver@db8f (63a3b3b3)]&amp#27;[0m Responding to client with driver.stopRecordingScreen() result: ""
&amp#27;[38;5;0m[HTTP]&amp#27;[0m <-- POST /session/63a3b3b3-6572-412a-ab56-145c276cd280/appium/stop_recording_screen 200 1490 ms - 12
&amp#27;[38;5;0m[HTTP]&amp#27;[0m 
&amp#27;[38;5;0m[HTTP]&amp#27;[0m &amp#27;[37m-->&amp#27;[39m &amp#27;[37mPOST&amp#27;[39m &amp#27;[37m/session/63a3b3b3-6572-412a-ab56-145c276cd280/appium/start_recording_screen&amp#27;[39m
&amp#27;[38;5;0m[HTTP]&amp#27;[0m {}
[debug] &amp#27;[38;5;32m[AndroidUiautomator2Driver@db8f (63a3b3b3)]&amp#27;[0m Calling AppiumDriver.startRecordingScreen() with args: [null,"63a3b3b3-6572-412a-ab56-145c276cd280"]
[debug] &amp#27;[38;5;64m[ADB]&amp#27;[0m Getting IDs of all 'screenrecord' processes
[debug] &amp#27;[38;5;64m[ADB]&amp#27;[0m Running '/Users/nikhilkumargupta/Library/Android/sdk/platform-tools/adb -P 5037 -s emulator-5554 shell pgrep -f \(\[\[:blank:\]\]\|\^\)screenrecord\(\[\[:blank:\]\]\|\$\)'
[debug] &amp#27;[38;5;32m[XCUITestDriver@418b (c131a0b0)]&amp#27;[0m Parsed BUILD_DIR configuration value: '/Users/nikhilkumargupta/Library/Developer/Xcode/DerivedData/WebDriverAgent-dsnktxbjphhbgecvpslsnatznadg/Build/Products'
[debug] &amp#27;[38;5;32m[XCUITestDriver@418b (c131a0b0)]&amp#27;[0m Got derived data root: '/Users/nikhilkumargupta/Library/Developer/Xcode/DerivedData/WebDriverAgent-dsnktxbjphhbgecvpslsnatznadg'
[debug] &amp#27;[38;5;32m[XCUITestDriver@418b (c131a0b0)]&amp#27;[0m Starting WebDriverAgent initialization with the synchronization key '/Users/nikhilkumargupta/Library/Developer/Xcode/DerivedData/WebDriverAgent-dsnktxbjphhbgecvpslsnatznadg'
[debug] &amp#27;[38;5;144m[WD Proxy]&amp#27;[0m Matched '/status' to command name 'getStatus'
[debug] &amp#27;[38;5;144m[WD Proxy]&amp#27;[0m Proxying [GET /status] to [GET http://127.0.0.1:10002/status] with no body
&amp#27;[38;5;32m[AndroidUiautomator2Driver@db8f (63a3b3b3)]&amp#27;[0m Screen recording has not been previously started by Appium. There is nothing to stop
[debug] &amp#27;[38;5;64m[ADB]&amp#27;[0m Getting IDs of all 'screenrecord' processes
[debug] &amp#27;[38;5;64m[ADB]&amp#27;[0m Running '/Users/nikhilkumargupta/Library/Android/sdk/platform-tools/adb -P 5037 -s emulator-5554 shell pgrep -f \(\[\[:blank:\]\]\|\^\)screenrecord\(\[\[:blank:\]\]\|\$\)'
[debug] &amp#27;[38;5;144m[WD Proxy]&amp#27;[0m Got response with status 200: {"value":{"message":"WebDriverAgent is ready to accept commands","state":"success","os":{"testmanagerdVersion":28,"name":"iOS","sdkVersion":"16.1","version":"16.1"},"ios":{"simulatorVersion":"16.1","ip":"192.168.1.2"},"ready":true,"build":{"upgradedAt":"1675333916643","time":"Mar 25 2023 11:14:35","productBundleIdentifier":"com.facebook.WebDriverAgentRunner"}},"sessionId":"CA16A56E-AE30-4F8F-9549-BC4B5D5CF3FF"}
[debug] &amp#27;[38;5;32m[XCUITestDriver@418b (c131a0b0)]&amp#27;[0m Upgrade timestamp of the currently bundled WDA: 1675333916643
[debug] &amp#27;[38;5;32m[XCUITestDriver@418b (c131a0b0)]&amp#27;[0m Upgrade timestamp of the WDA on the device: 1675333916643
&amp#27;[38;5;32m[XCUITestDriver@418b (c131a0b0)]&amp#27;[0m Will reuse previously cached WDA instance at 'http://127.0.0.1:10002/' with 'com.facebook.WebDriverAgentRunner'. Set the wdaLocalPort capability to a value different from 10002 if this is an undesired behavior.
[debug] &amp#27;[38;5;32m[XCUITestDriver@418b (c131a0b0)]&amp#27;[0m Trying to start WebDriverAgent 2 times with 10000ms interval
[debug] &amp#27;[38;5;32m[XCUITestDriver@418b (c131a0b0)]&amp#27;[0m These values can be customized by changing wdaStartupRetries/wdaStartupRetryInterval capabilities
[debug] &amp#27;[38;5;32m[XCUITestDriver@418b (c131a0b0)]&amp#27;[0m Event 'wdaStartAttempted' logged at 1682839702396 (12:58:22 GMT+0530 (India Standard Time))
&amp#27;[38;5;32m[XCUITestDriver@418b (c131a0b0)]&amp#27;[0m Using provided WebdriverAgent at 'http://127.0.0.1:10002/'
[debug] &amp#27;[38;5;144m[WD Proxy]&amp#27;[0m Matched '/status' to command name 'getStatus'
[debug] &amp#27;[38;5;144m[WD Proxy]&amp#27;[0m Proxying [GET /status] to [GET http://127.0.0.1:10002/status] with no body
[debug] &amp#27;[38;5;144m[WD Proxy]&amp#27;[0m Got response with status 200: {"value":{"message":"WebDriverAgent is ready to accept commands","state":"success","os":{"testmanagerdVersion":28,"name":"iOS","sdkVersion":"16.1","version":"16.1"},"ios":{"simulatorVersion":"16.1","ip":"192.168.1.2"},"ready":true,"build":{"upgradedAt":"1675333916643","time":"Mar 25 2023 11:14:35","productBundleIdentifier":"com.facebook.WebDriverAgentRunner"}},"sessionId":"CA16A56E-AE30-4F8F-9549-BC4B5D5CF3FF"}
[debug] &amp#27;[38;5;32m[XCUITestDriver@418b (c131a0b0)]&amp#27;[0m Event 'wdaSessionAttempted' logged at 1682839702455 (12:58:22 GMT+0530 (India Standard Time))
[debug] &amp#27;[38;5;32m[XCUITestDriver@418b (c131a0b0)]&amp#27;[0m Sending createSession command to WDA
[debug] &amp#27;[38;5;32m[XCUITestDriver@418b (c131a0b0)]&amp#27;[0m Matched '/session' to command name 'createSession'
[debug] &amp#27;[38;5;32m[XCUITestDriver@418b (c131a0b0)]&amp#27;[0m Proxying [POST /session] to [POST http://127.0.0.1:10002/session] with body: {"capabilities":{"firstMatch":[{"bundleId":"com.saucelabs.SwagLabsMobileApp","arguments":[],"environment":{},"eventloopIdleDelaySec":0,"shouldWaitForQuiescence":true,"shouldUseTestManagerForVisibilityDetection":false,"maxTypingFrequency":60,"shouldUseSingletonTestManager":true,"shouldTerminateApp":true,"forceAppLaunch":true,"useNativeCachingStrategy":true,"forceSimulatorSoftwareKeyboardPresence":true}],"alwaysMatch":{}}}
[debug] &amp#27;[38;5;64m[ADB]&amp#27;[0m Building screenrecord process with the command line: adb -P 5037 -s emulator-5554 shell screenrecord --time-limit 180 /sdcard/4f866ce6.mp4
[debug] &amp#27;[38;5;64m[ADB]&amp#27;[0m Running '/Users/nikhilkumargupta/Library/Android/sdk/platform-tools/adb -P 5037 -s emulator-5554 shell "[ -e '/sdcard/4f866ce6.mp4' ] && echo __PASS__"'
[debug] &amp#27;[38;5;64m[ADB]&amp#27;[0m Running '/Users/nikhilkumargupta/Library/Android/sdk/platform-tools/adb -P 5037 -s emulator-5554 shell "[ -e '/sdcard/4f866ce6.mp4' ] && echo __PASS__"'
[debug] &amp#27;[38;5;32m[AndroidUiautomator2Driver@db8f (63a3b3b3)]&amp#27;[0m Responding to client with driver.startRecordingScreen() result: ""
&amp#27;[38;5;0m[HTTP]&amp#27;[0m <-- POST /session/63a3b3b3-6572-412a-ab56-145c276cd280/appium/start_recording_screen 200 1175 ms - 12
&amp#27;[38;5;0m[HTTP]&amp#27;[0m 
productpage Before Method
validateProductOnProductsPage
&amp#27;[38;5;0m[HTTP]&amp#27;[0m &amp#27;[37m-->&amp#27;[39m &amp#27;[37mGET&amp#27;[39m &amp#27;[37m/session/63a3b3b3-6572-412a-ab56-145c276cd280/context&amp#27;[39m
&amp#27;[38;5;0m[HTTP]&amp#27;[0m {}
[debug] &amp#27;[38;5;32m[AndroidUiautomator2Driver@db8f (63a3b3b3)]&amp#27;[0m Calling AppiumDriver.getCurrentContext() with args: ["63a3b3b3-6572-412a-ab56-145c276cd280"]
[debug] &amp#27;[38;5;32m[AndroidUiautomator2Driver@db8f (63a3b3b3)]&amp#27;[0m Responding to client with driver.getCurrentContext() result: "NATIVE_APP"
&amp#27;[38;5;0m[HTTP]&amp#27;[0m <-- GET /session/63a3b3b3-6572-412a-ab56-145c276cd280/context 200 41 ms - 22
&amp#27;[38;5;0m[HTTP]&amp#27;[0m 
&amp#27;[38;5;0m[HTTP]&amp#27;[0m &amp#27;[37m-->&amp#27;[39m &amp#27;[37mPOST&amp#27;[39m &amp#27;[37m/session/63a3b3b3-6572-412a-ab56-145c276cd280/element&amp#27;[39m
&amp#27;[38;5;0m[HTTP]&amp#27;[0m {"using":"accessibility id","value":"test-Username"}
[debug] &amp#27;[38;5;32m[AndroidUiautomator2Driver@db8f (63a3b3b3)]&amp#27;[0m Calling AppiumDriver.findElement() with args: ["accessibility id","test-Username","63a3b3b3-6572-412a-ab56-145c276cd280"]
[debug] &amp#27;[38;5;32m[AndroidUiautomator2Driver@db8f (63a3b3b3)]&amp#27;[0m Valid locator strategies for this request: xpath, id, class name, accessibility id, css selector, -android uiautomator
[debug] &amp#27;[38;5;32m[AndroidUiautomator2Driver@db8f (63a3b3b3)]&amp#27;[0m Waiting up to 0 ms for condition
[debug] &amp#27;[38;5;32m[AndroidUiautomator2Driver@db8f (63a3b3b3)]&amp#27;[0m Matched '/element' to command name 'findElement'
[debug] &amp#27;[38;5;32m[AndroidUiautomator2Driver@db8f (63a3b3b3)]&amp#27;[0m Proxying [POST /element] to [POST http://127.0.0.1:10000/session/d57f122c-1079-49f0-a70a-da18a689bf5e/element] with body: {"strategy":"accessibility id","selector":"test-Username","context":"","multiple":false}
[debug] &amp#27;[38;5;32m[AndroidUiautomator2Driver@db8f (63a3b3b3)]&amp#27;[0m Got response with status 200: {"sessionId":"d57f122c-1079-49f0-a70a-da18a689bf5e","value":{"ELEMENT":"00000000-0000-0079-ffff-ffff0000002b","element-6066-11e4-a52e-4f735466cecf":"00000000-0000-0079-ffff-ffff0000002b"}}
[debug] &amp#27;[38;5;32m[AndroidUiautomator2Driver@db8f (63a3b3b3)]&amp#27;[0m Responding to client with driver.findElement() result: {"element-6066-11e4-a52e-4f735466cecf":"00000000-0000-0079-ffff-ffff0000002b","ELEMENT":"00000000-0000-0079-ffff-ffff0000002b"}
&amp#27;[38;5;0m[HTTP]&amp#27;[0m <-- POST /session/63a3b3b3-6572-412a-ab56-145c276cd280/element 200 172 ms - 137
&amp#27;[38;5;0m[HTTP]&amp#27;[0m 
&amp#27;[38;5;0m[HTTP]&amp#27;[0m &amp#27;[37m-->&amp#27;[39m &amp#27;[37mGET&amp#27;[39m &amp#27;[37m/session/63a3b3b3-6572-412a-ab56-145c276cd280/element/00000000-0000-0079-ffff-ffff0000002b/displayed&amp#27;[39m
&amp#27;[38;5;0m[HTTP]&amp#27;[0m {}
[debug] &amp#27;[38;5;32m[AndroidUiautomator2Driver@db8f (63a3b3b3)]&amp#27;[0m Calling AppiumDriver.elementDisplayed() with args: ["00000000-0000-0079-ffff-ffff0000002b","63a3b3b3-6572-412a-ab56-145c276cd280"]
[debug] &amp#27;[38;5;32m[AndroidUiautomator2Driver@db8f (63a3b3b3)]&amp#27;[0m Matched '/element/00000000-0000-0079-ffff-ffff0000002b/attribute/displayed' to command name 'getAttribute'
[debug] &amp#27;[38;5;32m[AndroidUiautomator2Driver@db8f (63a3b3b3)]&amp#27;[0m Proxying [GET /element/00000000-0000-0079-ffff-ffff0000002b/attribute/displayed] to [GET http://127.0.0.1:10000/session/d57f122c-1079-49f0-a70a-da18a689bf5e/element/00000000-0000-0079-ffff-ffff0000002b/attribute/displayed] with no body
[debug] &amp#27;[38;5;32m[AndroidUiautomator2Driver@db8f (63a3b3b3)]&amp#27;[0m Got response with status 200: {"sessionId":"d57f122c-1079-49f0-a70a-da18a689bf5e","value":"true"}
[debug] &amp#27;[38;5;32m[AndroidUiautomator2Driver@db8f (63a3b3b3)]&amp#27;[0m Responding to client with driver.elementDisplayed() result: true
&amp#27;[38;5;0m[HTTP]&amp#27;[0m <-- GET /session/63a3b3b3-6572-412a-ab56-145c276cd280/element/00000000-0000-0079-ffff-ffff0000002b/displayed 200 81 ms - 14
&amp#27;[38;5;0m[HTTP]&amp#27;[0m 
&amp#27;[38;5;0m[HTTP]&amp#27;[0m &amp#27;[37m-->&amp#27;[39m &amp#27;[37mGET&amp#27;[39m &amp#27;[37m/session/63a3b3b3-6572-412a-ab56-145c276cd280/context&amp#27;[39m
&amp#27;[38;5;0m[HTTP]&amp#27;[0m {}
[debug] &amp#27;[38;5;32m[AndroidUiautomator2Driver@db8f (63a3b3b3)]&amp#27;[0m Calling AppiumDriver.getCurrentContext() with args: ["63a3b3b3-6572-412a-ab56-145c276cd280"]
[debug] &amp#27;[38;5;32m[AndroidUiautomator2Driver@db8f (63a3b3b3)]&amp#27;[0m Responding to client with driver.getCurrentContext() result: "NATIVE_APP"
&amp#27;[38;5;0m[HTTP]&amp#27;[0m <-- GET /session/63a3b3b3-6572-412a-ab56-145c276cd280/context 200 32 ms - 22
&amp#27;[38;5;0m[HTTP]&amp#27;[0m 
&amp#27;[38;5;0m[HTTP]&amp#27;[0m &amp#27;[37m-->&amp#27;[39m &amp#27;[37mPOST&amp#27;[39m &amp#27;[37m/session/63a3b3b3-6572-412a-ab56-145c276cd280/element&amp#27;[39m
&amp#27;[38;5;0m[HTTP]&amp#27;[0m {"using":"accessibility id","value":"test-Username"}
[debug] &amp#27;[38;5;32m[AndroidUiautomator2Driver@db8f (63a3b3b3)]&amp#27;[0m Calling AppiumDriver.findElement() with args: ["accessibility id","test-Username","63a3b3b3-6572-412a-ab56-145c276cd280"]
[debug] &amp#27;[38;5;32m[AndroidUiautomator2Driver@db8f (63a3b3b3)]&amp#27;[0m Valid locator strategies for this request: xpath, id, class name, accessibility id, css selector, -android uiautomator
[debug] &amp#27;[38;5;32m[AndroidUiautomator2Driver@db8f (63a3b3b3)]&amp#27;[0m Waiting up to 0 ms for condition
[debug] &amp#27;[38;5;32m[AndroidUiautomator2Driver@db8f (63a3b3b3)]&amp#27;[0m Matched '/element' to command name 'findElement'
[debug] &amp#27;[38;5;32m[AndroidUiautomator2Driver@db8f (63a3b3b3)]&amp#27;[0m Proxying [POST /element] to [POST http://127.0.0.1:10000/session/d57f122c-1079-49f0-a70a-da18a689bf5e/element] with body: {"strategy":"accessibility id","selector":"test-Username","context":"","multiple":false}
[debug] &amp#27;[38;5;32m[AndroidUiautomator2Driver@db8f (63a3b3b3)]&amp#27;[0m Got response with status 200: {"sessionId":"d57f122c-1079-49f0-a70a-da18a689bf5e","value":{"ELEMENT":"00000000-0000-0079-ffff-ffff0000002b","element-6066-11e4-a52e-4f735466cecf":"00000000-0000-0079-ffff-ffff0000002b"}}
[debug] &amp#27;[38;5;32m[AndroidUiautomator2Driver@db8f (63a3b3b3)]&amp#27;[0m Responding to client with driver.findElement() result: {"element-6066-11e4-a52e-4f735466cecf":"00000000-0000-0079-ffff-ffff0000002b","ELEMENT":"00000000-0000-0079-ffff-ffff0000002b"}
&amp#27;[38;5;0m[HTTP]&amp#27;[0m <-- POST /session/63a3b3b3-6572-412a-ab56-145c276cd280/element 200 76 ms - 137
&amp#27;[38;5;0m[HTTP]&amp#27;[0m 
&amp#27;[38;5;0m[HTTP]&amp#27;[0m &amp#27;[37m-->&amp#27;[39m &amp#27;[37mPOST&amp#27;[39m &amp#27;[37m/session/63a3b3b3-6572-412a-ab56-145c276cd280/element/00000000-0000-0079-ffff-ffff0000002b/clear&amp#27;[39m
&amp#27;[38;5;0m[HTTP]&amp#27;[0m {"id":"00000000-0000-0079-ffff-ffff0000002b"}
[debug] &amp#27;[38;5;32m[AndroidUiautomator2Driver@db8f (63a3b3b3)]&amp#27;[0m Calling AppiumDriver.clear() with args: ["00000000-0000-0079-ffff-ffff0000002b","63a3b3b3-6572-412a-ab56-145c276cd280"]
[debug] &amp#27;[38;5;32m[AndroidUiautomator2Driver@db8f (63a3b3b3)]&amp#27;[0m Matched '/element/00000000-0000-0079-ffff-ffff0000002b/clear' to command name 'clear'
[debug] &amp#27;[38;5;32m[AndroidUiautomator2Driver@db8f (63a3b3b3)]&amp#27;[0m Proxying [POST /element/00000000-0000-0079-ffff-ffff0000002b/clear] to [POST http://127.0.0.1:10000/session/d57f122c-1079-49f0-a70a-da18a689bf5e/element/00000000-0000-0079-ffff-ffff0000002b/clear] with body: {"elementId":"00000000-0000-0079-ffff-ffff0000002b"}
[debug] &amp#27;[38;5;32m[AndroidUiautomator2Driver@db8f (63a3b3b3)]&amp#27;[0m Got response with status 200: {"sessionId":"d57f122c-1079-49f0-a70a-da18a689bf5e","value":null}
[debug] &amp#27;[38;5;32m[AndroidUiautomator2Driver@db8f (63a3b3b3)]&amp#27;[0m Responding to client with driver.clear() result: null
&amp#27;[38;5;0m[HTTP]&amp#27;[0m <-- POST /session/63a3b3b3-6572-412a-ab56-145c276cd280/element/00000000-0000-0079-ffff-ffff0000002b/clear 200 76 ms - 14
&amp#27;[38;5;0m[HTTP]&amp#27;[0m 
&amp#27;[38;5;0m[HTTP]&amp#27;[0m &amp#27;[37m-->&amp#27;[39m &amp#27;[37mGET&amp#27;[39m &amp#27;[37m/session/63a3b3b3-6572-412a-ab56-145c276cd280/context&amp#27;[39m
&amp#27;[38;5;0m[HTTP]&amp#27;[0m {}
[debug] &amp#27;[38;5;32m[AndroidUiautomator2Driver@db8f (63a3b3b3)]&amp#27;[0m Calling AppiumDriver.getCurrentContext() with args: ["63a3b3b3-6572-412a-ab56-145c276cd280"]
[debug] &amp#27;[38;5;32m[AndroidUiautomator2Driver@db8f (63a3b3b3)]&amp#27;[0m Responding to client with driver.getCurrentContext() result: "NATIVE_APP"
&amp#27;[38;5;0m[HTTP]&amp#27;[0m <-- GET /session/63a3b3b3-6572-412a-ab56-145c276cd280/context 200 31 ms - 22
&amp#27;[38;5;0m[HTTP]&amp#27;[0m 
&amp#27;[38;5;0m[HTTP]&amp#27;[0m &amp#27;[37m-->&amp#27;[39m &amp#27;[37mPOST&amp#27;[39m &amp#27;[37m/session/63a3b3b3-6572-412a-ab56-145c276cd280/element&amp#27;[39m
&amp#27;[38;5;0m[HTTP]&amp#27;[0m {"using":"accessibility id","value":"test-Username"}
[debug] &amp#27;[38;5;32m[AndroidUiautomator2Driver@db8f (63a3b3b3)]&amp#27;[0m Calling AppiumDriver.findElement() with args: ["accessibility id","test-Username","63a3b3b3-6572-412a-ab56-145c276cd280"]
[debug] &amp#27;[38;5;32m[AndroidUiautomator2Driver@db8f (63a3b3b3)]&amp#27;[0m Valid locator strategies for this request: xpath, id, class name, accessibility id, css selector, -android uiautomator
[debug] &amp#27;[38;5;32m[AndroidUiautomator2Driver@db8f (63a3b3b3)]&amp#27;[0m Waiting up to 0 ms for condition
[debug] &amp#27;[38;5;32m[AndroidUiautomator2Driver@db8f (63a3b3b3)]&amp#27;[0m Matched '/element' to command name 'findElement'
[debug] &amp#27;[38;5;32m[AndroidUiautomator2Driver@db8f (63a3b3b3)]&amp#27;[0m Proxying [POST /element] to [POST http://127.0.0.1:10000/session/d57f122c-1079-49f0-a70a-da18a689bf5e/element] with body: {"strategy":"accessibility id","selector":"test-Username","context":"","multiple":false}
[debug] &amp#27;[38;5;32m[AndroidUiautomator2Driver@db8f (63a3b3b3)]&amp#27;[0m Got response with status 200: {"sessionId":"d57f122c-1079-49f0-a70a-da18a689bf5e","value":{"ELEMENT":"00000000-0000-0079-ffff-ffff0000002b","element-6066-11e4-a52e-4f735466cecf":"00000000-0000-0079-ffff-ffff0000002b"}}
[debug] &amp#27;[38;5;32m[AndroidUiautomator2Driver@db8f (63a3b3b3)]&amp#27;[0m Responding to client with driver.findElement() result: {"element-6066-11e4-a52e-4f735466cecf":"00000000-0000-0079-ffff-ffff0000002b","ELEMENT":"00000000-0000-0079-ffff-ffff0000002b"}
&amp#27;[38;5;0m[HTTP]&amp#27;[0m <-- POST /session/63a3b3b3-6572-412a-ab56-145c276cd280/element 200 568 ms - 137
&amp#27;[38;5;0m[HTTP]&amp#27;[0m 
&amp#27;[38;5;0m[HTTP]&amp#27;[0m &amp#27;[37m-->&amp#27;[39m &amp#27;[37mGET&amp#27;[39m &amp#27;[37m/session/63a3b3b3-6572-412a-ab56-145c276cd280/element/00000000-0000-0079-ffff-ffff0000002b/displayed&amp#27;[39m
&amp#27;[38;5;0m[HTTP]&amp#27;[0m {}
[debug] &amp#27;[38;5;32m[AndroidUiautomator2Driver@db8f (63a3b3b3)]&amp#27;[0m Calling AppiumDriver.elementDisplayed() with args: ["00000000-0000-0079-ffff-ffff0000002b","63a3b3b3-6572-412a-ab56-145c276cd280"]
[debug] &amp#27;[38;5;32m[AndroidUiautomator2Driver@db8f (63a3b3b3)]&amp#27;[0m Matched '/element/00000000-0000-0079-ffff-ffff0000002b/attribute/displayed' to command name 'getAttribute'
[debug] &amp#27;[38;5;32m[AndroidUiautomator2Driver@db8f (63a3b3b3)]&amp#27;[0m Proxying [GET /element/00000000-0000-0079-ffff-ffff0000002b/attribute/displayed] to [GET http://127.0.0.1:10000/session/d57f122c-1079-49f0-a70a-da18a689bf5e/element/00000000-0000-0079-ffff-ffff0000002b/attribute/displayed] with no body
[debug] &amp#27;[38;5;32m[AndroidUiautomator2Driver@db8f (63a3b3b3)]&amp#27;[0m Got response with status 200: {"sessionId":"d57f122c-1079-49f0-a70a-da18a689bf5e","value":"true"}
[debug] &amp#27;[38;5;32m[AndroidUiautomator2Driver@db8f (63a3b3b3)]&amp#27;[0m Responding to client with driver.elementDisplayed() result: true
&amp#27;[38;5;0m[HTTP]&amp#27;[0m <-- GET /session/63a3b3b3-6572-412a-ab56-145c276cd280/element/00000000-0000-0079-ffff-ffff0000002b/displayed 200 162 ms - 14
&amp#27;[38;5;0m[HTTP]&amp#27;[0m 
&amp#27;[38;5;0m[HTTP]&amp#27;[0m &amp#27;[37m-->&amp#27;[39m &amp#27;[37mGET&amp#27;[39m &amp#27;[37m/session/63a3b3b3-6572-412a-ab56-145c276cd280/context&amp#27;[39m
&amp#27;[38;5;0m[HTTP]&amp#27;[0m {}
[debug] &amp#27;[38;5;32m[AndroidUiautomator2Driver@db8f (63a3b3b3)]&amp#27;[0m Calling AppiumDriver.getCurrentContext() with args: ["63a3b3b3-6572-412a-ab56-145c276cd280"]
[debug] &amp#27;[38;5;32m[AndroidUiautomator2Driver@db8f (63a3b3b3)]&amp#27;[0m Responding to client with driver.getCurrentContext() result: "NATIVE_APP"
&amp#27;[38;5;0m[HTTP]&amp#27;[0m <-- GET /session/63a3b3b3-6572-412a-ab56-145c276cd280/context 200 70 ms - 22
&amp#27;[38;5;0m[HTTP]&amp#27;[0m 
&amp#27;[38;5;0m[HTTP]&amp#27;[0m &amp#27;[37m-->&amp#27;[39m &amp#27;[37mPOST&amp#27;[39m &amp#27;[37m/session/63a3b3b3-6572-412a-ab56-145c276cd280/element&amp#27;[39m
&amp#27;[38;5;0m[HTTP]&amp#27;[0m {"using":"accessibility id","value":"test-Username"}
[debug] &amp#27;[38;5;32m[AndroidUiautomator2Driver@db8f (63a3b3b3)]&amp#27;[0m Calling AppiumDriver.findElement() with args: ["accessibility id","test-Username","63a3b3b3-6572-412a-ab56-145c276cd280"]
[debug] &amp#27;[38;5;32m[AndroidUiautomator2Driver@db8f (63a3b3b3)]&amp#27;[0m Valid locator strategies for this request: xpath, id, class name, accessibility id, css selector, -android uiautomator
[debug] &amp#27;[38;5;32m[AndroidUiautomator2Driver@db8f (63a3b3b3)]&amp#27;[0m Waiting up to 0 ms for condition
[debug] &amp#27;[38;5;32m[AndroidUiautomator2Driver@db8f (63a3b3b3)]&amp#27;[0m Matched '/element' to command name 'findElement'
[debug] &amp#27;[38;5;32m[AndroidUiautomator2Driver@db8f (63a3b3b3)]&amp#27;[0m Proxying [POST /element] to [POST http://127.0.0.1:10000/session/d57f122c-1079-49f0-a70a-da18a689bf5e/element] with body: {"strategy":"accessibility id","selector":"test-Username","context":"","multiple":false}
[debug] &amp#27;[38;5;32m[AndroidUiautomator2Driver@db8f (63a3b3b3)]&amp#27;[0m Got response with status 200: {"sessionId":"d57f122c-1079-49f0-a70a-da18a689bf5e","value":{"ELEMENT":"00000000-0000-0079-ffff-ffff0000002b","element-6066-11e4-a52e-4f735466cecf":"00000000-0000-0079-ffff-ffff0000002b"}}
[debug] &amp#27;[38;5;32m[AndroidUiautomator2Driver@db8f (63a3b3b3)]&amp#27;[0m Responding to client with driver.findElement() result: {"element-6066-11e4-a52e-4f735466cecf":"00000000-0000-0079-ffff-ffff0000002b","ELEMENT":"00000000-0000-0079-ffff-ffff0000002b"}
&amp#27;[38;5;0m[HTTP]&amp#27;[0m <-- POST /session/63a3b3b3-6572-412a-ab56-145c276cd280/element 200 79 ms - 137
&amp#27;[38;5;0m[HTTP]&amp#27;[0m 
&amp#27;[38;5;0m[HTTP]&amp#27;[0m &amp#27;[37m-->&amp#27;[39m &amp#27;[37mPOST&amp#27;[39m &amp#27;[37m/session/63a3b3b3-6572-412a-ab56-145c276cd280/element/00000000-0000-0079-ffff-ffff0000002b/value&amp#27;[39m
&amp#27;[38;5;0m[HTTP]&amp#27;[0m {"id":"00000000-0000-0079-ffff-ffff0000002b","text":"standard_user","value":["s","t","a","n","d","a","r","d","_","u","s","e","r"]}
[debug] &amp#27;[38;5;32m[AndroidUiautomator2Driver@db8f (63a3b3b3)]&amp#27;[0m Calling AppiumDriver.setValue() with args: [["s","t","a","n","d","a","r","d","_","u","s","e","r"],"00000000-0000-0079-ffff-ffff0000002b","63a3b3b3-6572-412a-ab56-145c276cd280"]
[debug] &amp#27;[38;5;32m[AndroidUiautomator2Driver@db8f (63a3b3b3)]&amp#27;[0m Matched '/element/00000000-0000-0079-ffff-ffff0000002b/value' to command name 'setValue'
[debug] &amp#27;[38;5;32m[AndroidUiautomator2Driver@db8f (63a3b3b3)]&amp#27;[0m Added 'value' property ["s","t","a","n","d","a","r","d","_","u","s","e","r"] to 'setValue' request body
[debug] &amp#27;[38;5;32m[AndroidUiautomator2Driver@db8f (63a3b3b3)]&amp#27;[0m Proxying [POST /element/00000000-0000-0079-ffff-ffff0000002b/value] to [POST http://127.0.0.1:10000/session/d57f122c-1079-49f0-a70a-da18a689bf5e/element/00000000-0000-0079-ffff-ffff0000002b/value] with body: {"elementId":"00000000-0000-0079-ffff-ffff0000002b","text":"standard_user","replace":false,"value":["s","t","a","n","d","a","r","d","_","u","s","e","r"]}
[debug] &amp#27;[38;5;32m[XCUITestDriver@418b (c131a0b0)]&amp#27;[0m Got response with status 200: {"value":{"sessionId":"403C56F7-B560-4A95-9D3E-23E213F85662","capabilities":{"device":"iphone","browserName":"SwagLabsMobileApp","sdkVersion":"16.1","CFBundleIdentifier":"com.saucelabs.SwagLabsMobileApp"}},"sessionId":"403C56F7-B560-4A95-9D3E-23E213F85662"}
&amp#27;[38;5;32m[XCUITestDriver@418b (c131a0b0)]&amp#27;[0m Determined the downstream protocol as 'W3C'
[debug] &amp#27;[38;5;32m[XCUITestDriver@418b (c131a0b0)]&amp#27;[0m Event 'wdaSessionStarted' logged at 1682839705877 (12:58:25 GMT+0530 (India Standard Time))
[debug] &amp#27;[38;5;32m[XCUITestDriver@418b (c131a0b0)]&amp#27;[0m Event 'wdaStarted' logged at 1682839705879 (12:58:25 GMT+0530 (India Standard Time))
[debug] &amp#27;[38;5;48m[BaseDriver]&amp#27;[0m The value of 'elementResponseAttributes' setting did not change. Skipping the update for it
[debug] &amp#27;[38;5;48m[BaseDriver]&amp#27;[0m The value of 'shouldUseCompactResponses' setting did not change. Skipping the update for it
&amp#27;[38;5;16m[AppiumDriver@bc21]&amp#27;[0m New XCUITestDriver session created successfully, session c131a0b0-4ee4-41db-9122-0078c0464db0 added to master session list
[debug] &amp#27;[38;5;16m[AppiumDriver@bc21]&amp#27;[0m Event 'newSessionStarted' logged at 1682839705914 (12:58:25 GMT+0530 (India Standard Time))
[debug] &amp#27;[38;5;32m[XCUITestDriver@418b (c131a0b0)]&amp#27;[0m Cached the protocol value 'W3C' for the new session c131a0b0-4ee4-41db-9122-0078c0464db0
[debug] &amp#27;[38;5;32m[XCUITestDriver@418b (c131a0b0)]&amp#27;[0m Responding to client with driver.createSession() result: {"capabilities":{"webStorageEnabled":false,"locationContextEnabled":false,"browserName":"","platform":"MAC","javascriptEnabled":true,"databaseEnabled":false,"takesScreenshot":true,"networkConnectionEnabled":false,"platformName":"IOS","automationName":"XCUITest","bundleId":"com.saucelabs.SwagLabsMobileApp","deviceName":"iPhone 14","platformVersion":"16.1","udid":"82DC5A28-2F0B-4069-9597-C85F2219BBDD","wdaLocalPort":10002,"webkitDebugProxyPort":"11002"}}
&amp#27;[38;5;0m[HTTP]&amp#27;[0m <-- POST /session 200 22441 ms - 517
&amp#27;[38;5;0m[HTTP]&amp#27;[0m 
19:iOS:iPhone 14:com.qa.BaseTest:Super Before Method
[debug] &amp#27;[38;5;32m[AndroidUiautomator2Driver@db8f (63a3b3b3)]&amp#27;[0m Got response with status 200: {"sessionId":"d57f122c-1079-49f0-a70a-da18a689bf5e","value":null}
[debug] &amp#27;[38;5;32m[AndroidUiautomator2Driver@db8f (63a3b3b3)]&amp#27;[0m Responding to client with driver.setValue() result: null
&amp#27;[38;5;0m[HTTP]&amp#27;[0m <-- POST /session/63a3b3b3-6572-412a-ab56-145c276cd280/element/00000000-0000-0079-ffff-ffff0000002b/value 200 735 ms - 14
&amp#27;[38;5;0m[HTTP]&amp#27;[0m 
&amp#27;[38;5;0m[HTTP]&amp#27;[0m &amp#27;[37m-->&amp#27;[39m &amp#27;[37mPOST&amp#27;[&amp#27;[39m &amp#27;38[3;57m;/s0mes[HsiTTonP]/&amp#27;[c1310m a0b0-4ee4-4&amp#27;[1d37bm--9->12&amp#27;[2-39m &amp#27;[37mGET&amp#27;[39m &amp#27;[37m/session/63a3b3b3-6572-412a-ab56-145c276cd280/context&amp#27;[39m
&amp#27;[38;5;0m[HTTP]&amp#27;[0m {}
0078c0464db0/appium/stop_recording_screen&amp#27;[39m
&amp#27;[38;5;0m[HTTP]&amp#27;[0m {}
[debug] &amp#27;[38;5;32m[AndroidUiautomator2Driver@db8f (63a3b3b3)]&amp#27;[0m Calling AppiumDriver.getCurrentContext() with args: ["63a3b3b3-6572-412a-ab56-145c276cd280"]
[debug] &amp#27;[38;5;32m[AndroidUiautomator2Driver@db8f (63a3b3b3)]&amp#27;[0m Responding to client with driver.getCurrentContext() result: "NATIVE_APP"
&amp#27;[38;5;0m[HTTP]&amp#27;[0m <-- GET /session/63a3b3b3-6572-412a-ab56-145c276cd280/context 200 12 ms - 22
&amp#27;[38;5;0m[HTTP]&amp#27;[0m 
[debug] &amp#27;[38;5;32m[XCUITestDriver@418b (c131a0b0)]&amp#27;[0m Calling AppiumDriver.stopRecordingScreen() with args: [null,"c131a0b0-4ee4-41db-9122-0078c0464db0"]
[debug] &amp#27;[38;5;32m[XCUITestDriver@418b (c131a0b0)]&amp#27;[0m Executing command 'stopR&amp#27;[38;5;0m[HTTP]&amp#27;[0m &amp#27;[37m-->&amp#27;[39m &amp#27;[37mPOST&amp#27;[39m &amp#27;[37m/ecordingScreensess'
ion/63a3b3b3-6572-412a-ab56-145c276cd280/element&amp#27;[39m
&amp#27;[38;5;0m[HTTP]&amp#27;[0m {"using":"accessibility id","value":"test-Password"}
[debug] &amp#27;[38;5;32m[AndroidUiautomator2Driver@db8f&amp#27; (63[3a38;5;32b3m[b3)]&amp#27;X[0CUm CallinITestDrig AppiumDrver@418b (ci131a0b0)]&amp#27;[0m Svecreen recorrding is not .findElement() running. There is nothing to stop.
with args: ["accessibility id","test-Password","63a3b3b3-6572-412a-ab56-145c276cd280"]
[debug] &amp#27;[38;5;32m[AndroidUiautomator2Driver@db8f (63a3b3b3)]&amp#27;[0m Valid locator strategies for this request: xpath, id, class name, accessibility id, css selector, -android uiautomator
[debug] &amp#27;[38;5;32m[AndroidUiautomator2Driver@db8f (63a3b3b3)]&amp#27;[0m Waiting up to 0 ms for condition
[debug] &amp#27;[38;5;32m[XCUITestDriver@418b (c131a0b0)]&amp#27;[0m Responding to client with driver.stopRecordingScreen() result: ""
[debug] &amp#27;[38;5;32m[AndroidUiautomator2Driver@db8f (63a3b3b3)]&amp#27;[0m Matched '/element' to command name 'findElement'
[debug] &amp#27;[38;5;32m[AndroidUiautomator2Driver@db8f (63a3b3b3)]&amp#27;[0m Proxying [POST /element] to [POST http://127.0.0.1:10000/session/d57f122c-1079-49f0-a70a-da18a689bf5e/element] with body: {"strategy":"accessibility id","selector":"test-Password","context":"","multiple":false}
&amp#27;[38;5;0m[HTTP]&amp#27;[0m <-- POST /session/c131a0b0-4ee4-41db-9122-0078c0464db0/appium/stop_recording_screen 200 45 ms - 12
&amp#27;[38;5;0m[HTTP]&amp#27;[0m 
&amp#27;[38;5;0m[HTTP]&amp#27;[0m &amp#27;[37m-->&amp#27;[39m &amp#27;[37mPOST&amp#27;[39m &amp#27;[37m/session/c131a0b0-4ee4-41db-9122-0078c0464db0/appium/start_recording_screen&amp#27;[39m
&amp#27;[38;5;0m[HTTP]&amp#27;[0m {}
[debug] &amp#27;[38;5;32m[XCUITestDriver@418b (c131a0b0)]&amp#27;[0m Calling AppiumDriver.startRecordingScreen() with args: [null,"c131a0b0-4ee4-41db-9122-0078c0464db0"]
[debug] &amp#27;[38;5;32m[XCUITestDriver@418b (c131a0b0)]&amp#27;[0m Executing command 'startRecordingScreen'
&amp#27;[38;5;32m[XCUITestDriver@418b (c131a0b0)]&amp#27;[0m Checking if there is/was a previous screen recording. Set 'forceRestart' option to 'true' if you'd like to skip this step.
&amp#27;[38;5;32m[XCUITestDriver@418b (c131a0b0)]&amp#27;[0m Screen recording is not running. There is nothing to stop.
&amp#27;[38;5;128m[DevCon Factory]&amp#27;[0m Releasing connections for 82DC5A28-2F0B-4069-9597-C85F2219BBDD device on 9100 port number
&amp#27;[38;5;128m[DevCon Factory]&amp#27;[0m No cached connections have been found
[debug] &amp#27;[38;5;32m[AndroidUiautomator2Driver@db8f (63a3b3b3)]&amp#27;[0m Got response with status 200: {"sessionId":"d57f122c-1079-49f0-a70a-da18a689bf5e","value":{"ELEMENT":"00000000-0000-0079-ffff-ffff0000002e","element-6066-11e4-a52e-4f735466cecf":"00000000-0000-0079-ffff-ffff0000002e"}}
[debug] &amp#27;[38;5;32m[AndroidUiautomator2Driver@db8f (63a3b3b3)]&amp#27;[0m Responding to client with driver.findElement() result: {"element-6066-11e4-a52e-4f735466cecf":"00000000-0000-0079-ffff-ffff0000002e","ELEMENT":"00000000-0000-0079-ffff-ffff0000002e"}
&amp#27;[38;5;0m[HTTP]&amp#27;[0m <-- POST /session/63a3b3b3-6572-412a-ab56-145c276cd280/element 200 332 ms - 137
&amp#27;[38;5;0m[HTTP]&amp#27;[0m 
&amp#27;[38;5;0m[HTTP]&amp#27;[0m &amp#27;[37m-->&amp#27;[39m &amp#27;[37mGET&amp#27;[39m &amp#27;[37m/session/63a3b3b3-6572-412a-ab56-145c276cd280/element/00000000-0000-0079-ffff-ffff0000002e/displayed&amp#27;[39m
&amp#27;[38;5;0m[HTTP]&amp#27;[0m {}
[debug] &amp#27;[38;5;32m[AndroidUiautomator2Driver@db8f (63a3b3b3)]&amp#27;[0m Calling AppiumDriver.elementDisplayed() with args: ["00000000-0000-0079-ffff-ffff0000002e","63a3b3b3-6572-412a-ab56-145c276cd280"]
[debug] &amp#27;[38;5;32m[AndroidUiautomator2Driver@db8f (63a3b3b3)]&amp#27;[0m Matched '/element/00000000-0000-0079-ffff-ffff0000002e/attribute/displayed' to command name 'getAttribute'
[debug] &amp#27;[38;5;32m[AndroidUiautomator2Driver@db8f (63a3b3b3)]&amp#27;[0m Proxying [GET /element/00000000-0000-0079-ffff-ffff0000002e/attribute/displayed] to [GET http://127.0.0.1:10000/session/d57f122c-1079-49f0-a70a-da18a689bf5e/element/00000000-0000-0079-ffff-ffff0000002e/attribute/displayed] with no body
[debug] &amp#27;[38;5;32m[AndroidUiautomator2Driver@db8f (63a3b3b3)]&amp#27;[0m Got response with status 200: {"sessionId":"d57f122c-1079-49f0-a70a-da18a689bf5e","value":"true"}
[debug] &amp#27;[38;5;32m[AndroidUiautomator2Driver@db8f (63a3b3b3)]&amp#27;[0m Responding to client with driver.elementDisplayed() result: true
[debug] &amp#27;[38;5;32m[XCUITestDriver@418b (c131a0b0)]&amp#27;[0m Matched '/appium/settings' to command name 'getSettings'
&amp#27;[38;5;0m[HTTP]&amp#27;[0m <-- GET /session/63a3b3b3-6572-412a-ab56-145c276cd280/element/00000000-0000-0079-ffff-ffff0000002e/displayed 200 53 ms - 14
&amp#27;[38;5;0m[HTTP]&amp#27;[0m 
[debug] &amp#27;[38;5;32m[XCUITestDriver@418b (c131a0b0)]&amp#27;[0m Proxying [GET /appium/settings] to [GET http://127.0.0.1:10002/session/403C56F7-B560-4A95-9D3E-23E213F85662/appium/settings] with no body
&amp#27;[38;5;0m[HTTP]&amp#27;[0m &amp#27;[37m-->&amp#27;[39m &amp#27;[37mGET&amp#27;[39m &amp#27;[37m/session/63a3b3b3-6572-412a-ab56-145c276cd280/context&amp#27;[39m
&amp#27;[38;5;0m[HTTP]&amp#27;[0m {}
[debug] &amp#27;[38;5;32m[AndroidUiautomator2Driver@db8f (63a3b3b3)]&amp#27;[0m Calling AppiumDriver.getCurrentContext() with args: ["63a3b3b3-6572-412a-ab56-145c276cd280"]
[debug] &amp#27;[38;5;32m[AndroidUiautomator2Driver@db8f (63a3b3b3)]&amp#27;[0m Responding to client with driver.getCurrentContext() result: "NATIVE_APP"
&amp#27;[38;5;0m[HTTP]&amp#27;[0m <-- GET /session/63a3b3b3-6572-412a-ab56-145c276cd280/context 200 19 ms - 22
&amp#27;[38;5;0m[HTTP]&amp#27;[0m 
[debug] &amp#27;[38;5;32m[XCUITestDriver@418b (c131a0b0)]&amp#27;[0m Got response with status 200: {"value":{"boundElementsByIndex":false,"mjpegServerFramerate":10,"screenshotOrientation":"auto","reduceMotion":false,"elementResponseAttributes":"type,label","screenshotQuality":1,"mjpegScalingFactor":100,"keyboardPrediction":0,"defaultActiveApplication":"auto","mjpegServerScreenshotQuality":25,"defaultAlertAction":"","keyboardAutocorrection":0,"useFirstMatch":false,"shouldUseCompactResponses":true,"customSnapshotTimeout":15,"dismissAlertButtonSelector":"","activeAppDetectionPoint":"64.00,64.00","snapshotMaxDepth":50,"waitForIdleTimeout":10,"includeNonModalElements":false,"acceptAlertButtonSelector":"","animationCoolOffTimeout":2},"sessionId":"403C56F7-B560-4A95-9D3E-23E213F85662"}
&amp#27;[38;5;0m[HTTP]&amp#27;[0m &amp#27;[37m-->&amp#27;[39m &amp#27;[37mPOST&amp#27;[39m &amp#27;[37m/session/63a3b3b3-6572-412a-ab56-145c276cd280/element&amp#27;[39m
&amp#27;[38;5;0m[HTTP]&amp#27;[0m {"using":"accessibility id","value":"test-Password"}
[debug] &amp#27;[38;5;32m[AndroidUiautomator2Driver@db8f (63a3b3b3)]&amp#27;[0m Calling AppiumDriver.findElement() with args: ["accessibility id","test-Password","63a3b3b3-6572-412a-ab56-145c276cd280"]
&amp#27;[38;5;128m[DevCon Factory]&amp#27;[0m Requesting connection for device 82DC5A28-2F0B-4069-9597-C85F2219BBDD on local port 9100, device port 9100
[debug] &amp#27;[38;5;32m[AndroidUiautomator2Driver@[ddbe8bfug] &amp#27;[38;5;12 8(m6[3Dae3b3bv3C)o]n&amp#27; [F0amc tVoarlyi]d&amp#27; l[o0cma tCoarc hsetdr acteognnieesc tfioorn tsh icso urnetq:u e1s
t: xpath, id, class name, accessibility id, css selector, -android uiautomator
[debug] &amp#27;[38;5;32m[AndroidUiautomator2Driver@db8f (63a3b3b3)]&amp#27;[0m Waiting up to 0 ms for condition
&amp#27;[38;5;128m[DevCon Factory]&amp#27;[0m Successfully requested the connection for 82DC5A28-2F0B-4069-9597-C85F2219BBDD:9100
[debug] &amp#27;[38;5;32m[AndroidUiautomator2Driver@db8f (63a3b3b3)]&amp#27;[0m Matched '/element' to command name 'findElement'
[debug] &amp#27;[38;5;32m[AndroidUiautomator2Driver@db8f (63a3b3b3)]&amp#27;[0m Proxying [POST /element] to [POST http://127.0.0.1:10000/session/d57f122c-1079-49f0-a70a-da18a689bf5e/element] with body: {"strategy":"accessibility id","selector":"test-Password","context":"","multiple":false}
[debug] &amp#27;[38;5;32m[AndroidUiautomator2Driver@db8f (63a3b3b3)]&amp#27;[0m Got response with status 200: {"sessionId":"d57f122c-1079-49f0-a70a-da18a689bf5e","value":{"ELEMENT":"00000000-0000-0079-ffff-ffff0000002e","element-6066-11e4-a52e-4f735466cecf":"00000000-0000-0079-ffff-ffff0000002e"}}
[debug] &amp#27;[38;5;32m[AndroidUiautomator2Driver@db8f (63a3b3b3)]&amp#27;[0m Responding to client with driver.findElement() result: {"element-6066-11e4-a52e-4f735466cecf":"00000000-0000-0079-ffff-ffff0000002e","ELEMENT":"00000000-0000-0079-ffff-ffff0000002e"}
&amp#27;[38;5;0m[HTTP]&amp#27;[0m <-- POST /session/63a3b3b3-6572-412a-ab56-145c276cd280/element 200 74 ms - 137
&amp#27;[38;5;0m[HTTP]&amp#27;[0m 
&amp#27;[38;5;0m[HTTP]&amp#27;[0m &amp#27;[37m-->&amp#27;[39m &amp#27;[37mPOST&amp#27;[39m &amp#27;[37m/session/63a3b3b3-6572-412a-ab56-145c276cd280/element/00000000-0000-0079-ffff-ffff0000002e/clear&amp#27;[39m
&amp#27;[38;5;0m[HTTP]&amp#27;[0m {"id":"00000000-0000-0079-ffff-ffff0000002e"}
[debug] &amp#27;[38;5;32m[AndroidUiautomator2Driver@db8f (63a3b3b3)]&amp#27;[0m Calling AppiumDriver.clear() with args: ["00000000-0000-0079-ffff-ffff0000002e","63a3b3b3-6572-412a-ab56-145c276cd280"]
[debug] &amp#27;[38;5;32m[AndroidUiautomator2Driver@db8f (63a3b3b3)]&amp#27;[0m Matched '/element/00000000-0000-0079-ffff-ffff0000002e/clear' to command name 'clear'
[debug] &amp#27;[38;5;32m[AndroidUiautomator2Driver@db8f (63a3b3b3)]&amp#27;[0m Proxying [POST /element/00000000-0000-0079-ffff-ffff0000002e/clear] to [POST http://127.0.0.1:10000/session/d57f122c-1079-49f0-a70a-da18a689bf5e/element/00000000-0000-0079-ffff-ffff0000002e/clear] with body: {"elementId":"00000000-0000-0079-ffff-ffff0000002e"}
[debug] &amp#27;[38;5;32m[AndroidUiautomator2Driver@db8f (63a3b3b3)]&amp#27;[0m Got response with status 200: {"sessionId":"d57f122c-1079-49f0-a70a-da18a689bf5e","value":null}
[debug] &amp#27;[38;5;32m[AndroidUiautomator2Driver@db8f (63a3b3b3)]&amp#27;[0m Responding to client with driver.clear() result: null
&amp#27;[38;5;0m[HTTP]&amp#27;[0m <-- POST /session/63a3b3b3-6572-412a-ab56-145c276cd280/element/00000000-0000-0079-ffff-ffff0000002e/clear 200 31 ms - 14
&amp#27;[38;5;0m[HTTP]&amp#27;[0m 
&amp#27;[38;5;0m[HTTP]&amp#27;[0m &amp#27;[37m-->&amp#27;[39m &amp#27;[37mGET&amp#27;[39m &amp#27;[37m/session/63a3b3b3-6572-412a-ab56-145c276cd280/context&amp#27;[39m
&amp#27;[38;5;0m[HTTP]&amp#27;[0m {}
[debug] &amp#27;[38;5;32m[AndroidUiautomator2Driver@db8f (63a3b3b3)]&amp#27;[0m Calling AppiumDriver.getCurrentContext() with args: ["63a3b3b3-6572-412a-ab56-145c276cd280"]
[debug] &amp#27;[38;5;32m[AndroidUiautomator2Driver@db8f (63a3b3b3)]&amp#27;[0m Responding to client with driver.getCurrentContext() result: "NATIVE_APP"
&amp#27;[38;5;0m[HTTP]&amp#27;[0m <-- GET /session/63a3b3b3-6572-412a-ab56-145c276cd280/context 200 3 ms - 22
&amp#27;[38;5;0m[HTTP]&amp#27;[0m 
&amp#27;[38;5;0m[HTTP]&amp#27;[0m &amp#27;[37m-->&amp#27;[39m &amp#27;[37mPOST&amp#27;[39m &amp#27;[37m/session/63a3b3b3-6572-412a-ab56-145c276cd280/element&amp#27;[39m
&amp#27;[38;5;0m[HTTP]&amp#27;[0m {"using":"accessibility id","value":"test-Password"}
[debug] &amp#27;[38;5;32m[AndroidUiautomator2Driver@db8f (63a3b3b3)]&amp#27;[0m Calling AppiumDriver.findElement() with args: ["accessibility id","test-Password","63a3b3b3-6572-412a-ab56-145c276cd280"]
[debug] &amp#27;[38;5;32m[AndroidUiautomator2Driver@db8f (63a3b3b3)]&amp#27;[0m Valid locator strategies for this request: xpath, id, class name, accessibility id, css selector, -android uiautomator
[debug] &amp#27;[38;5;32m[AndroidUiautomator2Driver@db8f (63a3b3b3)]&amp#27;[0m Waiting up to 0 ms for condition
[debug] &amp#27;[38;5;32m[AndroidUiautomator2Driver@db8f (63a3b3b3)]&amp#27;[0m Matched '/element' to command name 'findElement'
[debug] &amp#27;[38;5;32m[AndroidUiautomator2Driver@db8f (63a3b3b3)]&amp#27;[0m Proxying [POST /element] to [POST http://127.0.0.1:10000/session/d57f122c-1079-49f0-a70a-da18a689bf5e/element] with body: {"strategy":"accessibility id","selector":"test-Password","context":"","multiple":false}
[debug] &amp#27;[38;5;32m[AndroidUiautomator2Driver@db8f (63a3b3b3)]&amp#27;[0m Got response with status 200: {"sessionId":"d57f122c-1079-49f0-a70a-da18a689bf5e","value":{"ELEMENT":"00000000-0000-0079-ffff-ffff0000002e","element-6066-11e4-a52e-4f735466cecf":"00000000-0000-0079-ffff-ffff0000002e"}}
[debug] &amp#27;[38;5;32m[AndroidUiautomator2Driver@db8f (63a3b3b3)]&amp#27;[0m Responding to client with driver.findElement() result: {"element-6066-11e4-a52e-4f735466cecf":"00000000-0000-0079-ffff-ffff0000002e","ELEMENT":"00000000-0000-0079-ffff-ffff0000002e"}
&amp#27;[38;5;0m[HTTP]&amp#27;[0m <-- POST /session/63a3b3b3-6572-412a-ab56-145c276cd280/element 200 482 ms - 137
&amp#27;[38;5;0m[HTTP]&amp#27;[0m 
&amp#27;[38;5;0m[HTTP]&amp#27;[0m &amp#27;[37m-->&amp#27;[39m &amp#27;[37mGET&amp#27;[39m &amp#27;[37m/session/63a3b3b3-6572-412a-ab56-145c276cd280/element/00000000-0000-0079-ffff-ffff0000002e/displayed&amp#27;[39m
&amp#27;[38;5;0m[HTTP]&amp#27;[0m {}
[debug] &amp#27;[38;5;32m[AndroidUiautomator2Driver@db8f (63a3b3b3)]&amp#27;[0m Calling AppiumDriver.elementDisplayed() with args: ["00000000-0000-0079-ffff-ffff0000002e","63a3b3b3-6572-412a-ab56-145c276cd280"]
[debug] &amp#27;[38;5;32m[AndroidUiautomator2Driver@db8f (63a3b3b3)]&amp#27;[0m Matched '/element/00000000-0000-0079-ffff-ffff0000002e/attribute/displayed' to command name 'getAttribute'
[debug] &amp#27;[38;5;32m[AndroidUiautomator2Driver@db8f (63a3b3b3)]&amp#27;[0m Proxying [GET /element/00000000-0000-0079-ffff-ffff0000002e/attribute/displayed] to [GET http://127.0.0.1:10000/session/d57f122c-1079-49f0-a70a-da18a689bf5e/element/00000000-0000-0079-ffff-ffff0000002e/attribute/displayed] with no body
[debug] &amp#27;[38;5;32m[AndroidUiautomator2Driver@db8f (63a3b3b3)]&amp#27;[0m Got response with status 200: {"sessionId":"d57f122c-1079-49f0-a70a-da18a689bf5e","value":"true"}
[debug] &amp#27;[38;5;32m[AndroidUiautomator2Driver@db8f (63a3b3b3)]&amp#27;[0m Responding to client with driver.elementDisplayed() result: true
&amp#27;[38;5;0m[HTTP]&amp#27;[0m <-- GET /session/63a3b3b3-6572-412a-ab56-145c276cd280/element/00000000-0000-0079-ffff-ffff0000002e/displayed 200 13 ms - 14
&amp#27;[38;5;0m[HTTP]&amp#27;[0m 
&amp#27;[38;5;0m[HTTP]&amp#27;[0m &amp#27;[37m-->&amp#27;[39m &amp#27;[37mGET&amp#27;[39m &amp#27;[37m/session/63a3b3b3-6572-412a-ab56-145c276cd280/context&amp#27;[39m
&amp#27;[38;5;0m[HTTP]&amp#27;[0m {}
[debug] &amp#27;[38;5;32m[AndroidUiautomator2Driver@db8f (63a3b3b3)]&amp#27;[0m Calling AppiumDriver.getCurrentContext() with args: ["63a3b3b3-6572-412a-ab56-145c276cd280"]
[debug] &amp#27;[38;5;32m[AndroidUiautomator2Driver@db8f (63a3b3b3)]&amp#27;[0m Responding to client with driver.getCurrentContext() result: "NATIVE_APP"
&amp#27;[38;5;0m[HTTP]&amp#27;[0m <-- GET /session/63a3b3b3-6572-412a-ab56-145c276cd280/context 200 3 ms - 22
&amp#27;[38;5;0m[HTTP]&amp#27;[0m 
&amp#27;[38;5;0m[HTTP]&amp#27;[0m &amp#27;[37m-->&amp#27;[39m &amp#27;[37mPOST&amp#27;[39m &amp#27;[37m/session/63a3b3b3-6572-412a-ab56-145c276cd280/element&amp#27;[39m
&amp#27;[38;5;0m[HTTP]&amp#27;[0m {"using":"accessibility id","value":"test-Password"}
[debug] &amp#27;[38;5;32m[AndroidUiautomator2Driver@db8f (63a3b3b3)]&amp#27;[0m Calling AppiumDriver.findElement() with args: ["accessibility id","test-Password","63a3b3b3-6572-412a-ab56-145c276cd280"]
[debug] &amp#27;[38;5;32m[AndroidUiautomator2Driver@db8f (63a3b3b3)]&amp#27;[0m Valid locator strategies for this request: xpath, id, class name, accessibility id, css selector, -android uiautomator
[debug] &amp#27;[38;5;32m[AndroidUiautomator2Driver@db8f (63a3b3b3)]&amp#27;[0m Waiting up to 0 ms for condition
[debug] &amp#27;[38;5;32m[AndroidUiautomator2Driver@db8f (63a3b3b3)]&amp#27;[0m Matched '/element' to command name 'findElement'
[debug] &amp#27;[38;5;32m[AndroidUiautomator2Driver@db8f (63a3b3b3)]&amp#27;[0m Proxying [POST /element] to [POST http://127.0.0.1:10000/session/d57f122c-1079-49f0-a70a-da18a689bf5e/element] with body: {"strategy":"accessibility id","selector":"test-Password","context":"","multiple":false}
[debug] &amp#27;[38;5;32m[AndroidUiautomator2Driver@db8f (63a3b3b3)]&amp#27;[0m Got response with status 200: {"sessionId":"d57f122c-1079-49f0-a70a-da18a689bf5e","value":{"ELEMENT":"00000000-0000-0079-ffff-ffff0000002e","element-6066-11e4-a52e-4f735466cecf":"00000000-0000-0079-ffff-ffff0000002e"}}
[debug] &amp#27;[38;5;32m[AndroidUiautomator2Driver@db8f (63a3b3b3)]&amp#27;[0m Responding to client with driver.findElement() result: {"element-6066-11e4-a52e-4f735466cecf":"00000000-0000-0079-ffff-ffff0000002e","ELEMENT":"00000000-0000-0079-ffff-ffff0000002e"}
&amp#27;[38;5;0m[HTTP]&amp#27;[0m <-- POST /session/63a3b3b3-6572-412a-ab56-145c276cd280/element 200 23 ms - 137
&amp#27;[38;5;0m[HTTP]&amp#27;[0m 
&amp#27;[38;5;0m[HTTP]&amp#27;[0m &amp#27;[37m-->&amp#27;[39m &amp#27;[37mPOST&amp#27;[39m &amp#27;[37m/session/63a3b3b3-6572-412a-ab56-145c276cd280/element/00000000-0000-0079-ffff-ffff0000002e/value&amp#27;[39m
&amp#27;[38;5;0m[HTTP]&amp#27;[0m {"id":"00000000-0000-0079-ffff-ffff0000002e","text":"secret_sauce","value":["s","e","c","r","e","t","_","s","a","u","c","e"]}
[debug] &amp#27;[38;5;32m[AndroidUiautomator2Driver@db8f (63a3b3b3)]&amp#27;[0m Calling AppiumDriver.setValue() with args: [["s","e","c","r","e","t","_","s","a","u","c","e"],"00000000-0000-0079-ffff-ffff0000002e","63a3b3b3-6572-412a-ab56-145c276cd280"]
[debug] &amp#27;[38;5;32m[AndroidUiautomator2Driver@db8f (63a3b3b3)]&amp#27;[0m Matched '/element/00000000-0000-0079-ffff-ffff0000002e/value' to command name 'setValue'
[debug] &amp#27;[38;5;32m[AndroidUiautomator2Driver@db8f (63a3b3b3)]&amp#27;[0m Added 'value' property ["s","e","c","r","e","t","_","s","a","u","c","e"] to 'setValue' request body
[debug] &amp#27;[38;5;32m[AndroidUiautomator2Driver@db8f (63a3b3b3)]&amp#27;[0m Proxying [POST /element/00000000-0000-0079-ffff-ffff0000002e/value] to [POST http://127.0.0.1:10000/session/d57f122c-1079-49f0-a70a-da18a689bf5e/element/00000000-0000-0079-ffff-ffff0000002e/value] with body: {"elementId":"00000000-0000-0079-ffff-ffff0000002e","text":"secret_sauce","replace":false,"value":["s","e","c","r","e","t","_","s","a","u","c","e"]}
&amp#27;[38;5;160m[ffmpeg]&amp#27;[0m ffmpeg version 5.1.2 Copyright (c) 2000-2022 the FFmpeg developers
&amp#27;[38;5;160m[ffmpeg]&amp#27;[0m   built with Apple clang version 14.0.0 (clang-1400.0.29.202)
&amp#27;[38;5;160m[ffmpeg]&amp#27;[0m   configuration: --prefix=/usr/local/Cellar/ffmpeg/5.1.2_6 --enable-shared --enable-pthreads --enable-version3 --cc=clang --host-cflags= --host-ldflags= --enable-ffplay --enable-gnutls --enable-gpl --enable-libaom --enable-libaribb24 --enable-libbluray --enable-libdav1d --enable-libmp3lame --enable-libopus --enable-librav1e --enable-librist --enable-librubberband --enable-libsnappy --enable-libsrt --enable-libsvtav1 --enable-libtesseract --enable-libtheora --enable-libvidstab --enable-libvmaf --enable-libvorbis --enable-libvpx --enable-libwebp --enable-libx264 --enable-libx265 --enable-libxml2 --enable-libxvid --enable-lzma --enable-libfontconfig --enable-libfreetype --enable-frei0r --enable-libass --enable-libopencore-amrnb --enable-libopencore-amrwb --enable-libopenjpeg --enable-libspeex --enable-libsoxr --enable-libzmq --enable-libzimg --disable-libjack --disable-indev=jack --enable-videotoolbox
&amp#27;[38;5;160m[ffmpeg]&amp#27;[0m 
&amp#27;[38;5;160m[ffmpeg]&amp#27;[0m   libavutil      57. 28.100 / 57. 28.100
&amp#27;[38;5;160m[ffmpeg]&amp#27;[0m   libavcodec     59. 37.100 / 59. 37.100
&amp#27;[38;5;160m[ffmpeg]&amp#27;[0m   libavformat    59. 27.100 / 59. 27.100
&amp#27;[38;5;160m[ffmpeg]&amp#27;[0m   libavdevice    59.  7.100 / 59.  7.100
&amp#27;[38;5;160m[ffmpeg]&amp#27;[0m   libavfilter     8. 44.100 /  8. 44.100
&amp#27;[38;5;160m[ffmpeg]&amp#27;[0m   libswscale      6.  7.100 /  6.  7.100
&amp#27;[38;5;160m[ffmpeg]&amp#27;[0m   libswresample   4.  7.100 /  4.  7.100
&amp#27;[38;5;160m[ffmpeg]&amp#27;[0m 
&amp#27;[38;5;160m[ffmpeg]&amp#27;[0m   libpostproc    56.  6.100 / 56.  6.100
&amp#27;[38;5;160m[ffmpeg]&amp#27;[0m 
&amp#27;[38;5;160m[ffmpeg]&amp#27;[0m Input #0, mjpeg, from 'http://127.0.0.1:9100':
&amp#27;[38;5;160m[ffmpeg]&amp#27;[0m   Duration: N/A, bitrate: N/A
&amp#27;[38;5;160m[ffmpeg]&amp#27;[0m 
&amp#27;[38;5;160m[ffmpeg]&amp#27;[0m   Stream #0:0: Video: mjpeg (Baseline), yuvj420p(pc, bt470bg/unknown/unknown), 1170x2532 [SAR 72:72 DAR 195:422], 25 tbr, 1200k tbn
&amp#27;[38;5;160m[ffmpeg]&amp#27;[0m 
&amp#27;[38;5;160m[ffmpeg]&amp#27;[0m Stream mapping:
&amp#27;[38;5;160m[ffmpeg]&amp#27;[0m   Stream #0:0 -> #0:0 (mjpeg (native) -> mjpeg (native))
&amp#27;[38;5;160m[ffmpeg]&amp#27;[0m Press [q] to stop, [?] for help
&amp#27;[38;5;160m[ffmpeg]&amp#27;[0m 
&amp#27;[38;5;160m[ffmpeg]&amp#27;[0m Output #0, mp4, to '/var/folders/5m/dpmm6c5d64jddlh2r5tn7_nh0000gp/T/2023330-6103-366xyj.ybjrn/appium_8a63f2.mp4':
&amp#27;[38;5;160m[ffmpeg]&amp#27;[0m   Metadata:
&amp#27;[38;5;160m[ffmpeg]&amp#27;[0m     encoder         : Lavf59.27.100
&amp#27;[38;5;160m[ffmpeg]&amp#27;[0m 
&amp#27;[38;5;160m[ffmpeg]&amp#27;[0m   Stream #0:0: Video: mjpeg (mp4v / 0x7634706D), yuvj420p(pc, bt470bg/unknown/unknown, progressive), 1170x2532 [SAR 72:72 DAR 195:422], q=2-31, 200 kb/s, 25 fps, 12800 tbn
&amp#27;[38;5;160m[ffmpeg]&amp#27;[0m     Metadata:
&amp#27;[38;5;160m[ffmpeg]&amp#27;[0m       encoder         : Lavc59.37.100 mjpeg
&amp#27;[38;5;160m[ffmpeg]&amp#27;[0m     Side data:
&amp#27;[38;5;160m[ffmpeg]&amp#27;[0m       cpb: bitrate max/min/avg: 0/0/200000 buffer size: 0 vbv_delay: N/A
&amp#27;[38;5;160m[ffmpeg]&amp#27;[0m 
[debug] &amp#27;[38;5;32m[AndroidUiautomator2Driver@db8f (63a3b3b3)]&amp#27;[0m Got response with status 200: {"sessionId":"d57f122c-1079-49f0-a70a-da18a689bf5e","value":null}
[debug] &amp#27;[38;5;32m[AndroidUiautomator2Driver@db8f (63a3b3b3)]&amp#27;[0m Responding to client with driver.setValue() result: null
&amp#27;[38;5;0m[HTTP]&amp#27;[0m <-- POST /session/63a3b3b3-6572-412a-ab56-145c276cd280/element/00000000-0000-0079-ffff-ffff0000002e/value 200 532 ms - 14
&amp#27;[38;5;0m[HTTP]&amp#27;[0m 
&amp#27;[38;5;0m[HTTP]&amp#27;[0m &amp#27;[37m-->&amp#27;[39m &amp#27;[37mGET&amp#27;[39m &amp#27;[37m/session/63a3b3b3-6572-412a-ab56-145c276cd280/context&amp#27;[39m
&amp#27;[38;5;0m[HTTP]&amp#27;[0m {}
[debug] &amp#27;[38;5;32m[AndroidUiautomator2Driver@db8f (63a3b3b3)]&amp#27;[0m Calling AppiumDriver.getCurrentContext() with args: ["63a3b3b3-6572-412a-ab56-145c276cd280"]
[debug] &amp#27;[38;5;32m[AndroidUiautomator2Driver@db8f (63a3b3b3)]&amp#27;[0m Responding to client with driver.getCurrentContext() result: "NATIVE_APP"
&amp#27;[38;5;0m[HTTP]&amp#27;[0m <-- GET /session/63a3b3b3-6572-412a-ab56-145c276cd280/context 200 3 ms - 22
&amp#27;[38;5;0m[HTTP]&amp#27;[0m 
&amp#27;[38;5;0m[HTTP]&amp#27;[0m &amp#27;[37m-->&amp#27;[39m &amp#27;[37mPOST&amp#27;[39m &amp#27;[37m/session/63a3b3b3-6572-412a-ab56-145c276cd280/element&amp#27;[39m
&amp#27;[38;5;0m[HTTP]&amp#27;[0m {"using":"accessibility id","value":"test-LOGIN"}
[debug] &amp#27;[38;5;32m[AndroidUiautomator2Driver@db8f (63a3b3b3)]&amp#27;[0m Calling AppiumDriver.findElement() with args: ["accessibility id","test-LOGIN","63a3b3b3-6572-412a-ab56-145c276cd280"]
[debug] &amp#27;[38;5;32m[AndroidUiautomator2Driver@db8f (63a3b3b3)]&amp#27;[0m Valid locator strategies for this request: xpath, id, class name, accessibility id, css selector, -android uiautomator
[debug] &amp#27;[38;5;32m[AndroidUiautomator2Driver@db8f (63a3b3b3)]&amp#27;[0m Waiting up to 0 ms for condition
[debug] &amp#27;[38;5;32m[AndroidUiautomator2Driver@db8f (63a3b3b3)]&amp#27;[0m Matched '/element' to command name 'findElement'
[debug] &amp#27;[38;5;32m[AndroidUiautomator2Driver@db8f (63a3b3b3)]&amp#27;[0m Proxying [POST /element] to [POST http://127.0.0.1:10000/session/d57f122c-1079-49f0-a70a-da18a689bf5e/element] with body: {"strategy":"accessibility id","selector":"test-LOGIN","context":"","multiple":false}
&amp#27;[38;5;32m[XCUITestDriver@418b (c131a0b0)]&amp#27;[0m Starting screen capture on the device '82DC5A28-2F0B-4069-9597-C85F2219BBDD' with command: 'ffmpeg -f mjpeg -reconnect 1 -reconnect_at_eof 1 -reconnect_streamed 1 -reconnect_delay_max 181 -i http://127.0.0.1:9100 -vcodec mjpeg -y /var/folders/5m/dpmm6c5d64jddlh2r5tn7_nh0000gp/T/2023330-6103-366xyj.ybjrn/appium_8a63f2.mp4'. Will timeout in 180000ms
[debug] &amp#27;[38;5;32m[XCUITestDriver@418b (c131a0b0)]&amp#27;[0m Responding to client with driver.startRecordingScreen() result: ""
&amp#27;[38;5;0m[HTTP]&amp#27;[0m <-- POST /session/c131a0b0-4ee4-41db-9122-0078c0464db0/appium/start_recording_screen 200 1666 ms - 12
&amp#27;[38;5;0m[HTTP]&amp#27;[0m 
productpage Before Method
validateProductOnProductsPage
&amp#27;[38;5;0m[HTTP]&amp#27;[0m &amp#27;[37m-->&amp#27;[39m &amp#27;[37mGET&amp#27;[39m &amp#27;[37m/session/c131a0b0-4ee4-41db-9122-0078c0464db0/context&amp#27;[39m
&amp#27;[38;5;0m[HTTP]&amp#27;[0m {}
[debug] &amp#27;[38;5;32m[XCUITestDriver@418b (c131a0b0)]&amp#27;[0m Calling AppiumDriver.getCurrentContext() with args: ["c131a0b0-4ee4-41db-9122-0078c0464db0"]
[debug] &amp#27;[38;5;32m[XCUITestDriver@418b (c131a0b0)]&amp#27;[0m Executing command 'getCurrentContext'
[debug] &amp#27;[38;5;32m[XCUITestDriver@418b (c131a0b0)]&amp#27;[0m Responding to client with driver.getCurrentContext() result: "NATIVE_APP"
&amp#27;[38;5;0m[HTTP]&amp#27;[0m <-- GET /session/c131a0b0-4ee4-41db-9122-0078c0464db0/context 200 14 ms - 22
&amp#27;[38;5;0m[HTTP]&amp#27;[0m 
&amp#27;[38;5;0m[HTTP]&amp#27;[0m &amp#27;[37m-->&amp#27;[39m &amp#27;[37mPOST&amp#27;[39m &amp#27;[37m/session/c131a0b0-4ee4-41db-9122-0078c0464db0/element&amp#27;[39m
&amp#27;[38;5;0m[HTTP]&amp#27;[0m {"using":"accessibility id","value":"test-Username"}
[debug] &amp#27;[38;5;32m[XCUITestDriver@418b (c131a0b0)]&amp#27;[0m Calling AppiumDriver.findElement() with args: ["accessibility id","test-Username","c131a0b0-4ee4-41db-9122-0078c0464db0"]
[debug] &amp#27;[38;5;32m[XCUITestDriver@418b (c131a0b0)]&amp#27;[0m Executing command 'findElement'
[debug] &amp#27;[38;5;32m[XCUITestDriver@418b (c131a0b0)]&amp#27;[0m Valid locator strategies for this request: xpath, id, name, class name, -ios predicate string, -ios class chain, accessibility id, css selector
[debug] &amp#27;[38;5;32m[XCUITestDriver@418b (c131a0b0)]&amp#27;[0m Waiting up to 0 ms for condition
[debug] &amp#27;[38;5;32m[XCUITestDriver@418b (c131a0b0)]&amp#27;[0m Matched '/element' to command name 'findElement'
[debug] &amp#27;[38;5;32m[XCUITestDriver@418b (c131a0b0)]&amp#27;[0m Proxying [POST /element] to [POST http://127.0.0.1:10002/session/403C56F7-B560-4A95-9D3E-23E213F85662/element] with body: {"using":"accessibility id","value":"test-Username"}
[debug] &amp#27;[38;5;32m[XCUITestDriver@418b (c131a0b0)]&amp#27;[0m Got response with status 200: {"value":{"ELEMENT":"47000000-0000-0000-7418-000000000000","element-6066-11e4-a52e-4f735466cecf":"47000000-0000-0000-7418-000000000000"},"sessionId":"403C56F7-B560-4A95-9D3E-23E213F85662"}
[debug] &amp#27;[38;5;32m[XCUITestDriver@418b (c131a0b0)]&amp#27;[0m Responding to client with driver.findElement() result: {"element-6066-11e4-a52e-4f735466cecf":"47000000-0000-0000-7418-000000000000","ELEMENT":"47000000-0000-0000-7418-000000000000"}
&amp#27;[38;5;0m[HTTP]&amp#27;[0m <-- POST /session/c131a0b0-4ee4-41db-9122-0078c0464db0/element 200 194 ms - 137
&amp#27;[38;5;0m[HTTP]&amp#27;[0m 
&amp#27;[38;5;0m[HTTP]&amp#27;[0m &amp#27;[37m-->&amp#27;[39m &amp#27;[37mGET&amp#27;[39m &amp#27;[37m/session/c131a0b0-4ee4-41db-9122-0078c0464db0/element/47000000-0000-0000-7418-000000000000/displayed&amp#27;[39m
&amp#27;[38;5;0m[HTTP]&amp#27;[0m {}
&amp#27;[38;5;32m[XCUITestDriver@418b (c131a0b0)]&amp#27;[0m Driver proxy active, passing request on via HTTP proxy
[debug] &amp#27;[38;5;32m[XCUITestDriver@418b (c131a0b0)]&amp#27;[0m Executing command 'proxyReqRes'
[debug] &amp#27;[38;5;32m[XCUITestDriver@418b (c131a0b0)]&amp#27;[0m Matched '/session/c131a0b0-4ee4-41db-9122-0078c0464db0/element/47000000-0000-0000-7418-000000000000/displayed' to command name 'elementDisplayed'
[debug] &amp#27;[38;5;32m[XCUITestDriver@418b (c131a0b0)]&amp#27;[0m Proxying [GET /session/c131a0b0-4ee4-41db-9122-0078c0464db0/element/47000000-0000-0000-7418-000000000000/displayed] to [GET http://127.0.0.1:10002/session/403C56F7-B560-4A95-9D3E-23E213F85662/element/47000000-0000-0000-7418-000000000000/displayed] with no body
[debug] &amp#27;[38;5;32m[XCUITestDriver@418b (c131a0b0)]&amp#27;[0m Got response with status 200: {"value":true,"sessionId":"403C56F7-B560-4A95-9D3E-23E213F85662"}
&amp#27;[38;5;32m[XCUITestDriver@418b (c131a0b0)]&amp#27;[0m Replacing sessionId 403C56F7-B560-4A95-9D3E-23E213F85662 with c131a0b0-4ee4-41db-9122-0078c0464db0
&amp#27;[38;5;0m[HTTP]&amp#27;[0m <-- GET /session/c131a0b0-4ee4-41db-9122-0078c0464db0/element/47000000-0000-0000-7418-000000000000/displayed 200 267 ms - 65
&amp#27;[38;5;0m[HTTP]&amp#27;[0m 
[debug] &amp#27;[38;5;32m[AndroidUiautomator2Driver@db8f (63a3b3b3)]&amp#27;[0m Got response with status 200: {"sessionId":"d57f122c-1079-49f0-a70a-da18a689bf5e","value":{"ELEMENT":"00000000-0000-0079-ffff-ffff0000002f","element-6066-11e4-a52e-4f735466cecf":"00000000-0000-0079-ffff-ffff0000002f"}}
&amp#27;[38;5;0m[HTTP]&amp#27;[0m &amp#27;[37m-->&amp#27;[39m &amp#27;[37mGET&amp#27;[39m &amp#27;[37m/session/c131a0b0-4ee4-41db-9122-0078c0464db0/context&amp#27;[39m
&amp#27;[38;5;0m[HTTP]&amp#27;[0m {}
[debug] &amp#27;[38;5;32m[XCUITestDriver@418b (c131a0b0)]&amp#27;[0m Calling AppiumDriver.getCurrentContext() with args: ["c131a0b0-4ee4-41db-9122-0078c0464db0"]
[debug] &amp#27;[38;5;32m[XCUITestDriver@418b (c131a0b0)]&amp#27;[0m Executing command 'getCurrentContext'
[debug] &amp#27;[38;5;32m[AndroidUiautomator2Driver@db8f (6[3ade3bb3bug] &amp#27;[383);5]&amp#27;;3[0m Respo2nmdin[g XCtoUI TeclstDrientive wr@it41h8 bd (cr1i31ver.findElement() result: {"element-6066-11e4-a52e-4f735466cecf":"00000000-0000-0079-ffff-ffff0000002f","ELEMENT":"00000000-0000-0079-ffff-ffff0000002f"}
a0b0)]&amp#27;[0m Responding to client with driver.getCurrentContext() result: "NATIVE_APP"
&amp#27;[38;5;0m[HTTP]&amp#27;[0m <-- POST /session/63a3b3b3-6572-412a-ab56-145c276cd280/element 200 606 ms - 137
&amp#27;[38;5;0m[HTTP]&amp#27;[0m 
&amp#27;[38;5;0m[HTTP]&amp#27;[0m <-- GET /session/c131a0b0-4ee4-41db-9122-0078c0464db0/context 200 9 ms - 22
&amp#27;[38;5;0m[HTTP]&amp#27;[0m 
&amp#27;[38;5;0m[HTTP]&amp#27;[0m &amp#27;[37m-->&amp#27;[39m &amp#27;[37mPOST&amp#27;[39m &amp#27;[37m/session/c131a0b0-4ee4-41db-9122-0078c0464db0/element&amp#27;[39m
&amp#27;[38;5;0m[HTTP]&amp#27;[0m {"using":"accessibility id","value":"test-Username"}
[debug] &amp#27;[38;5;32m[XCUITestDriver@418b (c131a0b0)]&amp#27;[0m Calling AppiumDriver.findElement() with args: ["accessibility id","test-Username","c131a0b0-4ee4-41db-9122-0078c0464db0"]
[debug] &amp#27;[38;5;32m[XCUITestDriver@418b (c131a0b0)]&amp#27;[0m Executing command 'findElement'
[debug] &amp#27;[38;5;32m[XCUITestDriver@418b (c131a0b0)]&amp#27;[0m Valid locator strategies for this request: xpath, id, name, class name, -ios predicate string, -ios class chain, accessibility id, css selector
[debug] &amp#27;[38;5;32m[XCUITestDriver@418b (c131a0b0)]&amp#27;[0m Waiting up to 0 ms for condition
&amp#27;[38;5;0m[HTTP]&amp#27;[0m &amp#27;[37m-->&amp#27;[39m &amp#27;[37mGET&amp#27;[39m &amp#27;[37m/session/63a3b3b3-6572-412a-ab56-145c276cd280/element/00000000-0000-0079-ffff-ffff0000002f/displayed&amp#27;[39m
&amp#27;[38;5;0m[HTTP]&amp#27;[0m {}
[debug] &amp#27;[38;5;32m[AndroidUiautomator2Driver@db8f (63a3b3b3)]&amp#27;[0m Calling AppiumDriver.elementDisplayed() with args: ["00000000-0000-0079-ffff-ffff0000002f","63a3b3b3-6572-412a-ab56-145c276cd280"]
[debug] &amp#27;[38;5;32m[XCUITestDriver@418b (c131a0b0)]&amp#27;[0m Matched '/element' to command name 'findElement'
[debug] &amp#27;[38;5;32m[XCUITestDriver@418b (c131a0b0)]&amp#27;[0m Proxying [POST /element] to [POST http://127.0.0.1:10002/session/403C56F7-B560-4A95-9D3E-23E213F85662/element] with body: {"using":"accessibility id","value":"test-Username"}
[debug] &amp#27;[38;5;32m[AndroidUiautomator2Driver@db8f (63a3b3b3)]&amp#27;[0m Matched '/element/00000000-0000-0079-ffff-ffff0000002f/attribute/displayed' to command name 'getAttribute'
[debug] &amp#27;[38;5;32m[AndroidUiautomator2Driver@db8f (63a3b3b3)]&amp#27;[0m Proxying [GET /element/00000000-0000-0079-ffff-ffff0000002f/attribute/displayed] to [GET http://127.0.0.1:10000/session/d57f122c-1079-49f0-a70a-da18a689bf5e/element/00000000-0000-0079-ffff-ffff0000002f/attribute/displayed] with no body
[debug] &amp#27;[38;5;32m[AndroidUiautomator2Driver@db8f (63a3b3b3)]&amp#27;[0m Got response with status 200: {"sessionId":"d57f122c-1079-49f0-a70a-da18a689bf5e","value":"true"}
[debug] &amp#27;[38;5;32m[AndroidUiautomator2Driver@db8f (63a3b3b3)]&amp#27;[0m Responding to client with driver.elementDisplayed() result: true
&amp#27;[38;5;0m[HTTP]&amp#27;[0m <-- GET /session/63a3b3b3-6572-412a-ab56-145c276cd280/element/00000000-0000-0079-ffff-ffff0000002f/displayed 200 59 ms - 14
&amp#27;[38;5;0m[HTTP]&amp#27;[0m 
&amp#27;[38;5;0m[HTTP]&amp#27;[0m &amp#27;[37m-->&amp#27;[39m &amp#27;[37mGET&amp#27;[39m &amp#27;[37m/session/63a3b3b3-6572-412a-ab56-145c276cd280/context&amp#27;[39m
&amp#27;[38;5;0m[HTTP]&amp#27;[0m {}
[debug] &amp#27;[38;5;32m[AndroidUiautomator2Driver@db8f (63a3b3b3)]&amp#27;[0m Calling AppiumDriver.getCurrentContext() with args: ["63a3b3b3-6572-412a-ab56-145c276cd280"]
[debug] &amp#27;[38;5;32m[AndroidUiautomator2Driver@db8f (63a3b3b3)]&amp#27;[0m Responding to client with driver.getCurrentContext() result: "NATIVE_APP"
&amp#27;[38;5;0m[HTTP]&amp#27;[0m <-- GET /session/63a3b3b3-6572-412a-ab56-145c276cd280/context 200 5 ms - 22
&amp#27;[38;5;0m[HTTP]&amp#27;[0m 
&amp#27;[38;5;0m[HTTP]&amp#27;[0m &amp#27;[37m-->&amp#27;[39m &amp#27;[37mPOST&amp#27;[39m &amp#27;[37m/session/63a3b3b3-6572-412a-ab56-145c276cd280/element&amp#27;[39m
&amp#27;[38;5;0m[HTTP]&amp#27;[0m {"using":"accessibility id","value":"test-LOGIN"}
[debug] &amp#27;[38;5;32m[AndroidUiautomator2Driver@db8f (63a3b3b3)]&amp#27;[0m Calling AppiumDriver.findElement() with args: ["accessibility id","test-LOGIN","63a3b3b3-6572-412a-ab56-145c276cd280"]
[debug] &amp#27;[38;5;32m[AndroidUiautomator2Driver@db8f (63a3b3b3)]&amp#27;[0m Valid locator strategies for this request: xpath, id, class name, accessibility id, css selector, -android uiautomator
[debug] &amp#27;[38;5;32m[AndroidUiautomator2Driver@db8f (63a3b3b3)]&amp#27;[0m Waiting up to 0 ms for condition
[debug] &amp#27;[38;5;32m[AndroidUiautomator2Driver@db8f (63a3b3b3)]&amp#27;[0m Matched '/element' to command name 'findElement'
[debug] &amp#27;[38;5;32m[AndroidUiautomator2Driver@db8f (63a3b3b3)]&amp#27;[0m Proxying [POST /element] to [POST http://127.0.0.1:10000/session/d57f122c-1079-49f0-a70a-da18a689bf5e/element] with body: {"strategy":"accessibility id","selector":"test-LOGIN","context":"","multiple":false}
[debug] &amp#27;[38;5;32m[AndroidUiautomator2Driver@db8f (63a3b3b3)]&amp#27;[0m Got response with status 200: {"sessionId":"d57f122c-1079-49f0-a70a-da18a689bf5e","value":{"ELEMENT":"00000000-0000-0079-ffff-ffff0000002f","element-6066-11e4-a52e-4f735466cecf":"00000000-0000-0079-ffff-ffff0000002f"}}
[debug] &amp#27;[38;5;32m[AndroidUiautomator2Driver@db8f (63a3b3b3)]&amp#27;[0m Responding to client with driver.findElement() result: {"element-6066-11e4-a52e-4f735466cecf":"00000000-0000-0079-ffff-ffff0000002f","ELEMENT":"00000000-0000-0079-ffff-ffff0000002f"}
&amp#27;[38;5;0m[HTTP]&amp#27;[0m <-- POST /session/63a3b3b3-6572-412a-ab56-145c276cd280/element 200 60 ms - 137
&amp#27;[38;5;0m[HTTP]&amp#27;[0m 
&amp#27;[38;5;0m[HTTP]&amp#27;[0m &amp#27;[37m-->&amp#27;[39m &amp#27;[37mPOST&amp#27;[39m &amp#27;[37m/session/63a3b3b3-6572-412a-ab56-145c276cd280/element/00000000-0000-0079-ffff-ffff0000002f/click&amp#27;[39m
&amp#27;[38;5;0m[HTTP]&amp#27;[0m {"id":"00000000-0000-0079-ffff-ffff0000002f"}
[debug] &amp#27;[38;5;32m[AndroidUiautomator2Driver@db8f (63a3b3b3)]&amp#27;[0m Calling AppiumDriver.click() with args: ["00000000-0000-0079-ffff-ffff0000002f","63a3b3b3-6572-412a-ab56-145c276cd280"]
[debug] &amp#27;[38;5;32m[AndroidUiautomator2Driver@db8f (63a3b3b3)]&amp#27;[0m Matched '/element/00000000-0000-0079-ffff-ffff0000002f/click' to command name 'click'
[debug] &amp#27;[38;5;32m[AndroidUiautomator2Driver@db8f (63a3b3b3)]&amp#27;[0m Proxying [POST /element/00000000-0000-0079-ffff-ffff0000002f/click] to [POST http://127.0.0.1:10000/session/d57f122c-1079-49f0-a70a-da18a689bf5e/element/00000000-0000-0079-ffff-ffff0000002f/click] with body: {"element":"00000000-0000-0079-ffff-ffff0000002f"}
[debug] &amp#27;[38;5;32m[XCUITestDriver@418b (c131a0b0)]&amp#27;[0m Got response with status 200: {"value":{"ELEMENT":"47000000-0000-0000-7418-000000000000","element-6066-11e4-a52e-4f735466cecf":"47000000-0000-0000-7418-000000000000"},"sessionId":"403C56F7-B560-4A95-9D3E-23E213F85662"}
[debug] &amp#27;[38;5;32m[XCUITestDriver@418b (c131a0b0)]&amp#27;[0m Responding to client with driver.findElement() result: {"element-6066-11e4-a52e-4f735466cecf":"47000000-0000-0000-7418-000000000000","ELEMENT":"47000000-0000-0000-7418-000000000000"}
&amp#27;[38;5;0m[HTTP]&amp#27;[0m <-- POST /session/c131a0b0-4ee4-41db-9122-0078c0464db0/element 200 314 ms - 137
&amp#27;[38;5;0m[HTTP]&amp#27;[0m 
&amp#27;[38;5;0m[HTTP]&amp#27;[0m &amp#27;[37m-->&amp#27;[39m &amp#27;[37mPOST&amp#27;[39m &amp#27;[37m/session/c131a0b0-4ee4-41db-9122-0078c0464db0/element/47000000-0000-0000-7418-000000000000/clear&amp#27;[39m
&amp#27;[38;5;0m[HTTP]&amp#27;[0m {"id":"47000000-0000-0000-7418-000000000000"}
[debug] &amp#27;[38;5;32m[XCUITestDriver@418b (c131a0b0)]&amp#27;[0m Calling AppiumDriver.clear() with args: ["47000000-0000-0000-7418-000000000000","c131a0b0-4ee4-41db-9122-0078c0464db0"]
[debug] &amp#27;[38;5;32m[XCUITestDriver@418b (c131a0b0)]&amp#27;[0m Executing command 'clear'
[debug] &amp#27;[38;5;32m[XCUITestDriver@418b (c131a0b0)]&amp#27;[0m Matched '/element/47000000-0000-0000-7418-000000000000/clear' to command name 'clear'
[debug] &amp#27;[38;5;32m[XCUITestDriver@418b (c131a0b0)]&amp#27;[0m Proxying [POST /element/47000000-0000-0000-7418-000000000000/clear] to [POST http://127.0.0.1:10002/session/403C56F7-B560-4A95-9D3E-23E213F85662/element/47000000-0000-0000-7418-000000000000/clear] with no body
[debug] &amp#27;[38;5;32m[AndroidUiautomator2Driver@db8f (63a3b3b3)]&amp#27;[0m Got response with status 200: {"sessionId":"d57f122c-1079-49f0-a70a-da18a689bf5e","value":null}
[debug] &amp#27;[38;5;32m[AndroidUiautomator2Driver@db8f (63a3b3b3)]&amp#27;[0m Responding to client with driver.click() result: null
&amp#27;[38;5;0m[HTTP]&amp#27;[0m <-- POST /session/63a3b3b3-6572-412a-ab56-145c276cd280/element/00000000-0000-0079-ffff-ffff0000002f/click 200 208 ms - 14
&amp#27;[38;5;0m[HTTP]&amp#27;[0m 
&amp#27;[38;5;0m[HTTP]&amp#27;[0m &amp#27;[37m-->&amp#27;[39m &amp#27;[37mGET&amp#27;[39m &amp#27;[37m/session/63a3b3b3-6572-412a-ab56-145c276cd280/context&amp#27;[39m
&amp#27;[38;5;0m[HTTP]&amp#27;[0m {}
[debug] &amp#27;[38;5;32m[AndroidUiautomator2Driver@db8f (63a3b3b3)]&amp#27;[0m Calling AppiumDriver.getCurrentContext() with args: ["63a3b3b3-6572-412a-ab56-145c276cd280"]
[debug] &amp#27;[38;5;32m[AndroidUiautomator2Driver@db8f (63a3b3b3)]&amp#27;[0m Responding to client with driver.getCurrentContext() result: "NATIVE_APP"
&amp#27;[38;5;0m[HTTP]&amp#27;[0m <-- GET /session/63a3b3b3-6572-412a-ab56-145c276cd280/context 200 16 ms - 22
&amp#27;[38;5;0m[HTTP]&amp#27;[0m 
&amp#27;[38;5;0m[HTTP]&amp#27;[0m &amp#27;[37m-->&amp#27;[39m &amp#27;[37mPOST&amp#27;[39m &amp#27;[37m/session/63a3b3b3-6572-412a-ab56-145c276cd280/element&amp#27;[39m
&amp#27;[38;5;0m[HTTP]&amp#27;[0m {"using":"xpath","value":"(//android.widget.TextView[@content-desc=\"test-Item title\"])[1]"}
[debug] &amp#27;[38;5;32m[AndroidUiautomator2Driver@db8f (63a3b3b3)]&amp#27;[0m Calling AppiumDriver.findElement() with args: ["xpath","(//android.widget.TextView[@content-desc=\"test-Item title\"])[1]","63a3b3b3-6572-412a-ab56-145c276cd280"]
[debug] &amp#27;[38;5;32m[AndroidUiautomator2Driver@db8f (63a3b3b3)]&amp#27;[0m Valid locator strategies for this request: xpath, id, class name, accessibility id, css selector, -android uiautomator
[debug] &amp#27;[38;5;32m[AndroidUiautomator2Driver@db8f (63a3b3b3)]&amp#27;[0m Waiting up to 0 ms for condition
[debug] &amp#27;[38;5;32m[AndroidUiautomator2Driver@db8f (63a3b3b3)]&amp#27;[0m Matched '/element' to command name 'findElement'
[debug] &amp#27;[38;5;32m[AndroidUiautomator2Driver@db8f (63a3b3b3)]&amp#27;[0m Proxying [POST /element] to [POST http://127.0.0.1:10000/session/d57f122c-1079-49f0-a70a-da18a689bf5e/element] with body: {"strategy":"xpath","selector":"(//android.widget.TextView[@content-desc=\"test-Item title\"])[1]","context":"","multiple":false}
[debug] &amp#27;[38;5;32m[AndroidUiautomator2Driver@db8f (63a3b3b3)]&amp#27;[0m Got response with status 200: {"sessionId":"d57f122c-1079-49f0-a70a-da18a689bf5e","value":{"ELEMENT":"00000000-0000-0079-ffff-ffff00000059","element-6066-11e4-a52e-4f735466cecf":"00000000-0000-0079-ffff-ffff00000059"}}
[debug] &amp#27;[38;5;32m[XCUITestDriver@418b (c131a0b0)]&amp#27;[0m Got response with status 200: {"value":null,"sessionId":"403C56F7-B560-4A95-9D3E-23E213F85662"}
[debug] &amp#27;[38;5;32m[AndroidUiautomator2Driver@db8f (63a3b3b3)]&amp#27;[0m Responding to client with driver.findElement() result: {"element-6066-11e4-a52e-4f735466cecf":"00000000-0000-0079-ffff-ffff00000059","ELEMENT":"00000000-0000-0079-ffff-ffff00000059"}
[debug] &amp#27;[38;5;32m[XCUITestDriver@418b (c131a0b0)]&amp#27;[0m Responding to client with driver.clear() result: null
&amp#27;[38;5;0m[HTTP]&amp#27;[0m <-- POST /session/63a3b3b3-6572-412a-ab56-145c276cd280/element 200 2257 ms - 137
&amp#27;[38;5;0m[HTTP]&amp#27;[0m 
&amp#27;[38;5;0m[HTTP]&amp#27;[0m <-- POST /session/c131a0b0-4ee4-41db-9122-0078c0464db0/element/47000000-0000-0000-7418-000000000000/clear 200 2396 ms - 14
&amp#27;[38;5;0m[HTTP]&amp#27;[0m 
&amp#27;[38;5;0m[HTTP]&amp#27;[0m &amp#27;[37m-->&amp#27;[38;5;&amp#27;[39m &amp#27;[37mGET&amp#27;[0m[HTTP]39m &amp#27;[37m/s&amp#27;[es0msion/63a3 &amp#27;b3[3b37m-6-5->72&amp#27;[-43912m a-&amp#27;[ab3567m-GE14T&amp#27;5c[3279m6c &amp#27;d2[8370/elemmen/st/es00si00on00/c010-3100a000b0-0-4ee074-94-f1dffb-9122-0078c0464db0/context&amp#27;[39m
&amp#27;[38;5;0m[HTTP]&amp#27;[0m {}
f-ffff00000059/displayed&amp#27;[39m
&amp#27;[38;5;0m[HTTP]&amp#27;[0m {}
[debug] &amp#27;[38;5;32m[XCUITestDriver@418b (c131a0b0)]&amp#27;[0m Calling AppiumDriver.getC[urdreebnugtC] on&amp#27;[te38xt;5(); with arg32s:m[ [An"drc1oi31dUa0ib0au-4toemae4-41db-9122-0078c0464db0"]
tor2Driver@db8f (63a3b3b3)]&amp#27;[0m Calling AppiumDriver.elementDisplayed() with args: ["00000000-0000-0079-ffff-ffff0000005[debug9","63a3b3b3-6572-412a-ab56-145c276cd280"]
] &amp#27;[38;5;32m[XCUITestDriver@418b (c131a0b0)]&amp#27;[0m Executing command 'getCurrentContext'
[debug] &amp#27;[38;5;32m[AndroidUiautomator2Driver@db8f (63a3b3b3)]&amp#27;[0m Matched '/element/00000000-0000-0079-ffff-ffff00000059/attribute/displayed' to command name 'getAttribute'
[debug] &amp#27;[38;5;32m[AndroidUiautomator2Driver@db8f (63a3b3b3)]&amp#27;[0m Proxying [GET /element/00000000-0000-0079-ffff-ffff00000059/attribute/displayed] to [GET http://127.0.0.1:10000/session/d57f122c-1079-49f0-a70a-da18a689bf5e/element/00000000-0000-0079-ffff-ffff00000059/attribute/displayed] with no body
[debug] &amp#27;[38;5;32m[XCUITestDriver@418b (c131a0b0)]&amp#27;[0m Responding to client with driver.getCurrentContext() result: "NATIVE_APP"
&amp#27;[38;5;0m[HTTP]&amp#27;[0m <-- GET /session/c131a0b0-4ee4-41db-9122-0078c0464db0/context 200 23 ms - 22
&amp#27;[38;5;0m[HTTP]&amp#27;[0m 
&amp#27;[38;5;0m[HTTP]&amp#27;[0m &amp#27;[37m-->&amp#27;[39m &amp#27;[37mPOST&amp#27;[39m &amp#27;[37m/session/c131a0b0-4ee4-41db-9122-0078c0464db0/element&amp#27;[39m
&amp#27;[38;5;0m[HTTP]&amp#27;[0m {"using":"accessibility id","value":"test-Username"}
[debug] &amp#27;[38;5;32m[XCUITestDriver@418b (c131a0b0)]&amp#27;[0m Calling AppiumDriver.findElement() with args: ["accessibility id","test-Username","c131a0b0-4ee4-41db-9122-0078c0464db0"]
[debug] &amp#27;[38;5;32m[XCUITestDriver@418b (c131a0b0)]&amp#27;[0m Executing command 'findElement'
[debug] &amp#27;[38;5;32m[XCUITestDriver@418b (c131a0b0)]&amp#27;[0m Valid locator strategies for this request: xpath, id, name, class name, -ios predicate string, -ios class chain, accessibility id, css selector
[debug] &amp#27;[38;5;32m[XCUITestDriver@418b (c131a0b0)]&amp#27;[0m Waiting up to 0 ms for condition
[debug] &amp#27;[38;5;32m[XCUITestDriver@418b (c131a0b0)]&amp#27;[0m Matched '/element' to command name 'findElement'
[debug] &amp#27;[38;5;32m[XCUITestDriver@418b (c131a0b0)]&amp#27;[0m Proxying [POST /element] to [POST http://127.0.0.1:10002/session/403C56F7-B560-4A95-9D3E-23E213F85662/element] with body: {"using":"accessibility id","value":"test-Username"}
[debug] &amp#27;[38;5;32m[AndroidUiautomator2Driver@db8f (63a3b3b3)]&amp#27;[0m Got response with status 200: {"sessionId":"d57f122c-1079-49f0-a70a-da18a689bf5e","value":"true"}
[debug] &amp#27;[38;5;32m[AndroidUiautomator2Driver@db8f (63a3b3b3)]&amp#27;[0m Responding to client with driver.elementDisplayed() result: true
&amp#27;[38;5;0m[HTTP]&amp#27;[0m <-- GET /session/63a3b3b3-6572-412a-ab56-145c276cd280/element/00000000-0000-0079-ffff-ffff00000059/displayed 200 148 ms - 14
&amp#27;[38;5;0m[HTTP]&amp#27;[0m 
&amp#27;[38;5;0m[HTTP]&amp#27;[0m &amp#27;[37m-->&amp#27;[39m &amp#27;[37mGET&amp#27;[39m &amp#27;[37m/session/63a3b3b3-6572-412a-ab56-145c276cd280/context&amp#27;[39m
&amp#27;[38;5;0m[HTTP]&amp#27;[0m {}
[debug] &amp#27;[38;5;32m[AndroidUiautomator2Driver@db8f (63a3b3b3)]&amp#27;[0m Calling AppiumDriver.getCurrentContext() with args: ["63a3b3b3-6572-412a-ab56-145c276cd280"]
[debug] &amp#27;[38;5;32m[AndroidUiautomator2Driver@db8f (63a3b3b3)]&amp#27;[0m Responding to client with driver.getCurrentContext() result: "NATIVE_APP"
&amp#27;[38;5;0m[HTTP]&amp#27;[0m <-- GET /session/63a3b3b3-6572-412a-ab56-145c276cd280/context 200 17 ms - 22
&amp#27;[38;5;0m[HTTP]&amp#27;[0m 
&amp#27;[38;5;0m[HTTP]&amp#27;[0m &amp#27;[37m-->&amp#27;[39m &amp#27;[37mPOST&amp#27;[39m &amp#27;[37m/session/63a3b3b3-6572-412a-ab56-145c276cd280/element&amp#27;[39m
&amp#27;[38;5;0m[HTTP]&amp#27;[0m {"using":"xpath","value":"(//android.widget.TextView[@content-desc=\"test-Item title\"])[1]"}
[debug] &amp#27;[38;5;32m[AndroidUiautomator2Driver@db8f (63a3b3b3)]&amp#27;[0m Calling AppiumDriver.findElement() with args: ["xpath","(//android.widget.TextView[@content-desc=\"test-Item title\"])[1]","63a3b3b3-6572-412a-ab56-145c276cd280"]
[debug] &amp#27;[38;5;32m[AndroidUiautomator2Driver@db8f (63a3b3b3)]&amp#27;[0m Valid locator strategies for this request: xpath, id, class name, accessibility id, css selector, -android uiautomator
[debug] &amp#27;[38;5;32m[AndroidUiautomator2Driver@db8f (63a3b3b3)]&amp#27;[0m Waiting up to 0 ms for condition
[debug] &amp#27;[38;5;32m[AndroidUiautomator2Driver@db8f (63a3b3b3)]&amp#27;[0m Matched '/element' to command name 'findElement'
[debug] &amp#27;[38;5;32m[AndroidUiautomator2Driver@db8f (63a3b3b3)]&amp#27;[0m Proxying [POST /element] to [POST http://127.0.0.1:10000/session/d57f122c-1079-49f0-a70a-da18a689bf5e/element] with body: {"strategy":"xpath","selector":"(//android.widget.TextView[@content-desc=\"test-Item title\"])[1]","context":"","multiple":false}
[debug] &amp#27;[38;5;32m[AndroidUiautomator2Driver@db8f (63a3b3b3)]&amp#27;[0m Got response with status 200: {"sessionId":"d57f122c-1079-49f0-a70a-da18a689bf5e","[debug] &amp#27;[38;5;32m[XCUvaIluTe"es:{tD"EriLEveMr@EN41T"8:"b 00(c001301a000b0-0)]&amp#27;[00000-0m07 G9ot-f rffef-spffonffse00 w0it00h05 s9"ta,"tus e20le0:me nt{"-6va06lu6e"-1:{1e"4-ELEMENaT5"2e:"-447f073005400660-ce00cf00":-0"0000000-70041008--0000-00007009-00fff0000f00-f"ff,"f0el00em00en0t-596"}06}
6-[d11ebug]e &amp#27;4[3-a8;525;e32-4m[f7A35nd46ro6cidecUifau":t"4om70at00or2D00riv0-e00r@00db-08f00 (063-7a413b8-3b003)00]&amp#27;0[000m 00R00es0"po},nd"sineg sstoio nIcld"ient w:"it40h3 dC5ri6Fve7-r.B5fin60d-4ElA9em5-en9Dt(3E) -r23esE2ul13t:F8 {56"e6le2"m}
ent-6066-11e4-a52e-4f735466cecf":"00000000-0000-0079-ffff-ffff00000059","ELEMENT":"00000000-0000-0079-ffff-ffff00000059"}
&amp#27;[38;5;0m[HTTP]&amp#27;[0m <-- POST /session/63a3b3b3-6572-412a-ab56-145c276cd280/element 200 396 ms - 137
&amp#27;[38;5;0m[HTTP]&amp#27;[0m 
[debug] &amp#27;[38;5;32m[XCUITestDriver@418b (c131a0b0)]&amp#27;[0m Responding to client with driver.findElement() result: {"element-6066-11e4-a52e&amp#27;-4f7[38;5;0m[HTTP]&amp#27;[0m &amp#27;[33547m-->&amp#27;[39m6 &amp#27;6cec[37mf":"47000GET&amp#27;[39m &amp#27;[37000-0000-0000-7m/session/63a3418-000b3b3-6000000000",572-"ELEMENT":"47000000-0000-0000-7412a-ab418-0056-145c276cd280/element/0000000000000-000000-000"}
&amp#27;[38;5;0m[HTTP]&amp#27;[0m <-- POST /session/c131a0b0-4ee0079-ffff-fff4f0-41d000b-9122-0059/a00ttr78c0464db0/element 200 565 ms - 137
&amp#27;[38;5;0m[HTTP]&amp#27;[0m 
ibute/text&amp#27;[39m
&amp#27;[38;5;0m[HTTP]&amp#27;[0m {}
[debug] &amp#27;[38;5;32m[AndroidUiautomator2Driver@db8f (63a3b3b3)]&amp#27;[0m Calling AppiumDriver.getAttribute() with args: ["text","00000000-0000-0079-ffff-ffff00000059","63a3b3b3-6572-412a-ab56-145c276cd280"]
[debug] &amp#27;[38;5;32m[AndroidUiautomator2Driver@db8f (63a3b3b3)]&amp#27;[0m Matched '/element/00000000-0000-0079-ffff-ffff00000059/attribute/text' to command name 'getAttribute'
[debug] &amp#27;[38;5;32m[AndroidUiautomator2Driver@db8f (63a3b3b3)]&amp#27;[0m Proxying [GET /element/00000000-0000-0079-ffff-ffff00000059/attribute/text] to [GET http://127.0.0.1:10000/session/d57f122c-1079-49f0-a70a-da18a689bf5e/element/00000000-0000-0079-ffff-ffff00000059/attribute/text] with no body
&amp#27;[38;5;0m[HTTP]&amp#27;[0m &amp#27;[37m-->&amp#27;[39m &amp#27;[37mGET&amp#27;[39m &amp#27;[37m/session/c131a0b0-4ee4-41db-9122-0078c0464db0/element/47000000-0000-0000-7418-000000000000/displayed&amp#27;[39m
&amp#27;[38;5;0m[HTTP]&amp#27;[0m {}
&amp#27;[38;5;32m[XCUITestDriver@418b (c131a0b0)]&amp#27;[0m Driver proxy active, passing request on via HTTP proxy
[debug] &amp#27;[38;5;32m[XCUITestDriver@418b (c131a0b0)]&amp#27;[0m Executing command 'proxyReqRes'
[debug] &amp#27;[38;5;32m[XCUITestDriver@418b (c131a0b0)]&amp#27;[0m Matched '/session/c131a0b0-4ee4-41db-9122-0078c0464db0/element/47000000-0000-0000-7418-000000000000/displayed' to command name 'elementDisplayed'
[debug] &amp#27;[38;5;32m[XCUITestDriver@418b (c131a0b0)]&amp#27;[0m Proxying [GET /session/c131a0b0-4ee4-41db-9122-0078c0464db0/element/47000000-0000-0000-7418-000000000000/displayed] to [GET http://127.0.0.1:10002/session/403C56F7-B560-4A95-9D3E-23E213F85662/element/47000000-0000-0000-7418-000000000000/displayed] with no body
[debug] &amp#27;[38;5;32m[AndroidUiautomator2Driver@db8f (63a3b3b3)]&amp#27;[0m Got response with status 200: {"sessionId":"d57f122c-1079-49f0-a70a-da18a689bf5e","value":"Sauce Labs Backpack"}
[debug] &amp#27;[38;5;32m[AndroidUiautomator2Driver@db8f (63a3b3b3)]&amp#27;[0m Responding to client with driver.getAttribute() result: "Sauce Labs Backpack"
&amp#27;[38;5;0m[HTTP]&amp#27;[0m <-- GET /session/63a3b3b3-6572-412a-ab56-145c276cd280/element/00000000-0000-0079-ffff-ffff00000059/attribute/text 200 79 ms - 31
&amp#27;[38;5;0m[HTTP]&amp#27;[0m 
&amp#27;[38;5;0m[HTTP]&amp#27;[0m &amp#27;[37m-->&amp#27;[39m &amp#27;[37mGET&amp#27;[39m &amp#27;[37m/session/63a3b3b3-6572-412a-ab56-145c276cd280/context&amp#27;[39m
&amp#27;[38;5;0m[HTTP]&amp#27;[0m {}
[debug] &amp#27;[38;5;32m[AndroidUiautomator2Driver@db8f (63a3b3b3)]&amp#27;[0m Calling AppiumDriver.getCurrentContext() with args: ["63a3b3b3-6572-412a-ab56-145c276cd280"]
[debug] &amp#27;[38;5;32m[AndroidUiautomator2Driver@db8f (63a3b3b3)]&amp#27;[0m Responding to client with driver.getCurrentContext() result: "NATIVE_APP"
&amp#27;[38;5;0m[HTTP]&amp#27;[0m <-- GET /session/63a3b3b3-6572-412a-ab56-145c276cd280/context 200 10 ms - 22
&amp#27;[38;5;0m[HTTP]&amp#27;[0m 
&amp#27;[38;5;0m[HTTP]&amp#27;[0m &amp#27;[37m-->&amp#27;[39m &amp#27;[37mPOST&amp#27;[39m &amp#27;[37m/session/63a3b3b3-6572-412a-ab56-145c276cd280/element&amp#27;[39m
&amp#27;[38;5;0m[HTTP]&amp#27;[0m {"using":"xpath","value":"(//android.widget.TextView[@content-desc=\"test-Price\"])[1]"}
[debug] &amp#27;[38;5;32m[AndroidUiautomator2Driver@db8f (63a3b3b3)]&amp#27;[0m Calling AppiumDriver.findElement() with args: ["xpath","(//android.widget.TextView[@content-desc=\"test-Price\"])[1]","63a3b3b3-6572-412a-ab56-145c276cd280"]
[debug] &amp#27;[38;5;32m[AndroidUiautomator2Driver@db8f (63a3b3b3)]&amp#27;[0m Valid locator strategies for this request: xpath, id, class name, accessibility id, css selector, -android uiautomator
[debug] &amp#27;[38;5;32m[AndroidUiautomator2Driver@db8f (63a3b3b3)]&amp#27;[0m Waiting up to 0 ms for condition
[debug] &amp#27;[38;5;32m[AndroidUiautomator2Driver@db8f (63a3b3b3)]&amp#27;[0m Matched '/element' to command name 'findElement'
[debug] &amp#27;[38;5;32m[AndroidUiautomator2Driver@db8f (63a3b3b3)]&amp#27;[0m Proxying [POST /element] to [POST http://127.0.0.1:10000/session/d57f122c-1079-49f0-a70a-da18a689bf5e/element] with body: {"strategy":"xpath","selector":"(//android.widget.TextView[@content-desc=\"test-Price\"])[1]","context":"","multiple":false}
[debug] &amp#27;[38;5;32m[XCUITestDriver@418b (c131a0b0)]&amp#27;[0m Got response with status 200: {"value":true,"sessionId":"403C56F7-B560-4A95-9D3E-23E213F85662"}
&amp#27;[38;5;32m[XCUITestDriver@418b (c131a0b0)]&amp#27;[0m Replacing sessionId 403C56F7-B560-4A95-9D3E-23E213F85662 with c131a0b0-4ee4-41db-9122-0078c0464db0
&amp#27;[38;5;0m[HTTP]&amp#27;[0m <-- GET /session/c131a0b0-4ee4-41db-9122-0078c0464db0/element/47000000-0000-0000-7418-000000000000/displayed 200 264 ms - 65
&amp#27;[38;5;0m[HTTP]&amp#27;[0m 
&amp#27;[38;5;0m[HTTP]&amp#27;[0m &amp#27;[37m-->&amp#27;[39m &amp#27;[37mGET&amp#27;[39m &amp#27;[37m/session/c131a0b0-4ee4-41db-9122-0078c0464db0/context&amp#27;[39m
&amp#27;[38;5;0m[HTTP]&amp#27;[0m {}
[debug] &amp#27;[38;5;32m[XCUITestDriver@418b (c131a0b0)]&amp#27;[0m Calling AppiumDriver.getCurrentContext() with args: ["c131a0b0-4ee4-41db-9122-0078c0464db0"]
[debug] &amp#27;[38;5;32m[XCUITestDriver@418b (c131a0b0)]&amp#27;[0m Executing command 'getCurrentContext'
[debug] &amp#27;[38;5;32m[XCUITestDriver@418b (c131a0b0)]&amp#27;[0m Responding to client with driver.getCurrentContext() result: "NATIVE_APP"
&amp#27;[38;5;0m[HTTP]&amp#27;[0m <-- GET /session/c131a0b0-4ee4-41db-9122-0078c0464db0/context 200 23 ms - 22
&amp#27;[38;5;0m[HTTP]&amp#27;[0m 
&amp#27;[38;5;0m[HTTP]&amp#27;[0m &amp#27;[37m-->&amp#27;[39m &amp#27;[37mPOST&amp#27;[39m &amp#27;[37m/session/c131a0b0-4ee4-41db-9122-0078c0464db0/element&amp#27;[39m
&amp#27;[38;5;0m[HTTP]&amp#27;[0m {"using":"accessibility id","value":"test-Username"}
[debug] &amp#27;[38;5;32m[XCUITestDriver@418b (c131a0b0)]&amp#27;[0m Calling AppiumDriver.findElement() with args: ["accessibility id","test-Username","c131a0b0-4ee4-41db-9122-0078c0464db0"]
[debug] &amp#27;[38;5;32m[XCUITestDriver@418b (c131a0b0)]&amp#27;[0m Executing command 'findElement'
[debug] &amp#27;[38;5;32m[XCUITestDriver@418b (c131a0b0)]&amp#27;[0m Valid locator strategies for this request: xpath, id, name, class name, -ios predicate string, -ios class chain, accessibility id, css selector
[debug] &amp#27;[38;5;32m[XCUITestDriver@418b (c131a0b0)]&amp#27;[0m Waiting up to 0 ms for condition
[debug] &amp#27;[38;5;32m[AndroidUiautomator2Driver@db8f (63a3b3b3)]&amp#27;[0m Got response with status 200: {"sessionId":"d57f122c-1079-49f0-a70a-da18a689bf5e","value":{"ELEMENT":"00000000-0000-0079-ffff-ffff0000005b","element-6066-11e4-a52e-4f735466cecf":"00000000-0000-0079-ffff-ffff0000005b"}[}d
ebug] &amp#27;[38;5;32m[XCUITestDriver@418b (c131a0b0)]&amp#27;[0m Matched '/element' to command name 'findElement'
[debug] &amp#27;[38;5;32m[AndroidUiautomator2Driver@db8f (63a3b3b3)]&amp#27;[0m Responding to client with driver.findElement() result: {"element-6066-11e4-a52e-4f735466cecf":"00000000-0000-0079-ffff-ffff0000005b","ELEMENT":"00000000-0000-0079-ffff-ffff0000005b"}
[debug] &amp#27;[38;5;32m[XCUITestDriver@418b (c131a0b0)]&amp#27;[0m Proxying [POST /element] to [POST http://127.0.0.1:10002/session/403C56F7-B560-4A95-9D3E-23E213F85662/element] with body: {"using":"accessibility id","value":"test-Username"}
&amp#27;[38;5;0m[HTTP]&amp#27;[0m <-- POST /session/63a3b3b3-6572-412a-ab56-145c276cd280/element 200 307 ms - 137
&amp#27;[38;5;0m[HTTP]&amp#27;[0m 
&amp#27;[38;5;0m[HTTP]&amp#27;[0m &amp#27;[37m-->&amp#27;[39m &amp#27;[37mGET&amp#27;[39m &amp#27;[37m/session/63a3b3b3-6572-412a-ab56-145c276cd280/element/00000000-0000-0079-ffff-ffff0000005b/displayed&amp#27;[39m
&amp#27;[38;5;0m[HTTP]&amp#27;[0m {}
[debug] &amp#27;[38;5;32m[AndroidUiautomator2Driver@db8f (63a3b3b3)]&amp#27;[0m Calling AppiumDriver.elementDisplayed() with args: ["00000000-0000-0079-ffff-ffff0000005b","63a3b3b3-6572-412a-ab56-145c276cd280"]
[debug] &amp#27;[38;5;32m[AndroidUiautomator2Driver@db8f (63a3b3b3)]&amp#27;[0m Matched '/element/00000000-0000-0079-ffff-ffff0000005b/attribute/displayed' to command name 'getAttribute'
[debug] &amp#27;[38;5;32m[AndroidUiautomator2Driver@db8f (63a3b3b3)]&amp#27;[0m Proxying [GET /element/00000000-0000-0079-ffff-ffff0000005b/attribute/displayed] to [GET http://127.0.0.1:10000/session/d57f122c-1079-49f0-a70a-da18a689bf5e/element/00000000-0000-0079-ffff-ffff0000005b/attribute/displayed] with no body
[debug] &amp#27;[38;5;32m[AndroidUiautomator2Driver@db8f (63a3b3b3)]&amp#27;[0m Got response with status 200: {"sessionId":"d57f122c-1079-49f0-a70a-da18a689bf5e","value":"true"}
[debug] &amp#27;[38;5;32m[AndroidUiautomator2Driver@db8f (63a3b3b3)]&amp#27;[0m Responding to client with driver.elementDisplayed() result: true
&amp#27;[38;5;0m[HTTP]&amp#27;[0m <-- GET /session/63a3b3b3-6572-412a-ab56-145c276cd280/element/00000000-0000-0079-ffff-ffff0000005b/displayed 200 27 ms - 14
&amp#27;[38;5;0m[HTTP]&amp#27;[0m 
&amp#27;[38;5;0m[HTTP]&amp#27;[0m &amp#27;[37m-->&amp#27;[39m &amp#27;[37mGET&amp#27;[39m &amp#27;[37m/session/63a3b3b3-6572-412a-ab56-145c276cd280/context&amp#27;[39m
&amp#27;[38;5;0m[HTTP]&amp#27;[0m {}
[debug] &amp#27;[38;5;32m[AndroidUiautomator2Driver@db8f (63a3b3b3)]&amp#27;[0m Calling AppiumDriver.getCurrentContext() with args: ["63a3b3b3-6572-412a-ab56-145c276cd280"]
[debug] &amp#27;[38;5;32m[AndroidUiautomator2Driver@db8f (63a3b3b3)]&amp#27;[0m Responding to client with driver.getCurrentContext() result: "NATIVE_APP"
&amp#27;[38;5;0m[HTTP]&amp#27;[0m <-- GET /session/63a3b3b3-6572-412a-ab56-145c276cd280/context 200 4 ms - 22
&amp#27;[38;5;0m[HTTP]&amp#27;[0m 
&amp#27;[38;5;0m[HTTP]&amp#27;[0m &amp#27;[37m-->&amp#27;[39m &amp#27;[37mPOST&amp#27;[39m &amp#27;[37m/session/63a3b3b3-6572-412a-ab56-145c276cd280/element&amp#27;[39m
&amp#27;[38;5;0m[HTTP]&amp#27;[0m {"using":"xpath","value":"(//android.widget.TextView[@content-desc=\"test-Price\"])[1]"}
[debug] &amp#27;[38;5;32m[AndroidUiautomator2Driver@db8f (63a3b3b3)]&amp#27;[0m Calling AppiumDriver.findElement() with args: ["xpath","(//android.widget.TextView[@content-desc=\"test-Price\"])[1]","63a3b3b3-6572-412a-ab56-145c276cd280"]
[debug] &amp#27;[38;5;32m[AndroidUiautomator2Driver@db8f (63a3b3b3)]&amp#27;[0m Valid locator strategies for this request: xpath, id, class name, accessibility id, css selector, -android uiautomator
[debug] &amp#27;[38;5;32m[AndroidUiautomator2Driver@db8f (63a3b3b3)]&amp#27;[0m Waiting up to 0 ms for condition
[debug] &amp#27;[38;5;32m[AndroidUiautomator2Driver@db8f (63a3b3b3)]&amp#27;[0m Matched '/element' to command name 'findElement'
[debug] &amp#27;[38;5;32m[AndroidUiautomator2Driver@db8f (63a3b3b3)]&amp#27;[0m Proxying [POST /element] to [POST http://127.0.0.1:10000/session/d57f122c-1079-49f0-a70a-da18a689bf5e/element] with body: {"strategy":"xpath","selector":"(//android.widget.TextView[@content-desc=\"test-Price\"])[1]","context":"","multiple":false}
[debug] &amp#27;[38;5;32m[AndroidUiautomator2Driver@db8f (63a3b3b3)]&amp#27;[0m Got response with status 200: {"sessionId":"d57f122c-1079-49f0-a70a-da18a689bf5e","value":{"ELEMENT":"00000000-0000-0079-ffff-ffff0000005b","element-6066-11e4-a52e-4f735466cecf":"00000000-0000-0079-ffff-ffff0000005b"}}
[debug] &amp#27;[38;5;32m[AndroidUiautomator2Driver@db8f (63a3b3b3)]&amp#27;[0m Responding to client with driver.findElement() result: {"element-6066-11e4-a52e-4f735466cecf":"00000000-0000-0079-ffff-ffff0000005b","ELEMENT":"00000000-0000-0079-ffff-ffff0000005b"}
&amp#27;[38;5;0m[HTTP]&amp#27;[0m <-- POST /session/63a3b3b3-6572-412a-ab56-145c276cd280/element 200 136 ms - 137
&amp#27;[38;5;0m[HTTP]&amp#27;[0m 
&amp#27;[38;5;0m[HTTP]&amp#27;[0m &amp#27;[37m-->&amp#27;[39m &amp#27;[37mGET&amp#27;[39m &amp#27;[37m/session/63a3b3b3-6572-412a-ab56-145c276cd280/element/00000000-0000-0079-ffff-ffff0000005b/attribute/text&amp#27;[39m
&amp#27;[38;5;0m[HTTP]&amp#27;[0m {}
[debug] &amp#27;[38;5;32m[AndroidUiautomator2Driver@db8f (63a3b3b3)]&amp#27;[0m Calling AppiumDriver.getAttribute() with args: ["text","00000000-0000-0079-ffff-ffff0000005b","63a3b3b3-6572-412a-ab56-145c276cd280"]
[debug] &amp#27;[38;5;32m[AndroidUiautomator2Driver@db8f (63a3b3b3)]&amp#27;[0m Matched '/element/00000000-0000-0079-ffff-ffff0000005b/attribute/text' to command name 'getAttribute'
[debug] &amp#27;[38;5;32m[AndroidUiautomator2Driver@db8f (63a3b3b3)]&amp#27;[0m Proxying [GET /element/00000000-0000-0079-ffff-ffff0000005b/attribute/text] to [GET http://127.0.0.1:10000/session/d57f122c-1079-49f0-a70a-da18a689bf5e/element/00000000-0000-0079-ffff-ffff0000005b/attribute/text] with no body
[debug] &amp#27;[38;5;32m[AndroidUiautomator2Driver@db8f (63a3b3b3)]&amp#27;[0m Got response with status 200: {"sessionId":"d57f122c-1079-49f0-a70a-da18a689bf5e","value":"$29.99"}
[debug] &amp#27;[38;5;32m[AndroidUiautomator2Driver@db8f (63a3b3b3)]&amp#27;[0m Responding to client with driver.getAttribute() result: "$29.99"
&amp#27;[38;5;0m[HTTP]&amp#27;[0m <-- GET /session/63a3b3b3-6572-412a-ab56-145c276cd280/element/00000000-0000-0079-ffff-ffff0000005b/attribute/text 200 59 ms - 18
&amp#27;[38;5;0m[HTTP]&amp#27;[0m 
]]></system-out>
    <system-err><![CDATA[SLF4J: No SLF4J providers were found.
SLF4J: Defaulting to no-operation (NOP) logger implementation
SLF4J: See https://www.slf4j.org/codes.html#noProviders for further details.
]]></system-err>
  </testcase>
  <testcase name="validateProductOnProductsPage" classname="com.qa.tests.ProductTests" time="10.472">
    <system-out><![CDATA[productpage  After Method
&amp#27;[38;5;0m[HTTP]&amp#27;[0m &amp#27;[37m-->&amp#27;[39m &amp#27;[37mGET&amp#27;[39m &amp#27;[37m/session/63a3b3b3-6572-412a-ab56-145c276cd280/context&amp#27;[39m
&amp#27;[38;5;0m[HTTP]&amp#27;[0m {}
[debug] &amp#27;[38;5;32m[AndroidUiautomator2Driver@db8f (63a3b3b3)]&amp#27;[0m Calling AppiumDriver.getCurrentContext() with args: ["63a3b3b3-6572-412a-ab56-145c276cd280"]
[debug] &amp#27;[38;5;32m[AndroidUiautomator2Driver@db8f (63a3b3b3)]&amp#27;[0m Responding to client with driver.getCurrentContext() result: "NATIVE_APP"
&amp#27;[38;5;0m[HTTP]&amp#27;[0m <-- GET /session/63a3b3b3-6572-412a-ab56-145c276cd280/context 200 2 ms - 22
&amp#27;[38;5;0m[HTTP]&amp#27;[0m 
&amp#27;[38;5;0m[HTTP]&amp#27;[0m &amp#27;[37m-->&amp#27;[39m &amp#27;[37mPOST&amp#27;[39m &amp#27;[37m/session/63a3b3b3-6572-412a-ab56-145c276cd280/element&amp#27;[39m
&amp#27;[38;5;0m[HTTP]&amp#27;[0m {"using":"xpath","value":"//android.view.ViewGroup[@content-desc=\"test-Menu\"]/android.view.ViewGroup/android.widget.ImageView"}
[debug] &amp#27;[38;5;32m[AndroidUiautomator2Driver@db8f (63a3b3b3)]&amp#27;[0m Calling AppiumDriver.findElement() with args: ["xpath","//android.view.ViewGroup[@content-desc=\"test-Menu\"]/android.view.ViewGroup/android.widget.ImageView","63a3b3b3-6572-412a-ab56-145c276cd280"]
[debug] &amp#27;[38;5;32m[AndroidUiautomator2Driver@db8f (63a3b3b3)]&amp#27;[0m Valid locator strategies for this request: xpath, id, class name, accessibility id, css selector, -android uiautomator
[debug] &amp#27;[38;5;32m[AndroidUiautomator2Driver@db8f (63a3b3b3)]&amp#27;[0m Waiting up to 0 ms for condition
[debug] &amp#27;[38;5;32m[AndroidUiautomator2Driver@db8f (63a3b3b3)]&amp#27;[0m Matched '/element' to command name 'findElement'
[debug] &amp#27;[38;5;32m[AndroidUiautomator2Driver@db8f (63a3b3b3)]&amp#27;[0m Proxying [POST /element] to [POST http://127.0.0.1:10000/session/d57f122c-1079-49f0-a70a-da18a689bf5e/element] with body: {"strategy":"xpath","selector":"//android.view.ViewGroup[@content-desc=\"test-Menu\"]/android.view.ViewGroup/android.widget.ImageView","context":"","multiple":false}
[debug] &amp#27;[38;5;32m[AndroidUiautomator2Driver@db8f (63a3b3b3)]&amp#27;[0m Got response with status 200: {"sessionId":"d57f122c-1079-49f0-a70a-da18a689bf5e","value":{"ELEMENT":"00000000-0000-0079-ffff-ffff000000e9","element-6066-11e4-a52e-4f735466cecf":"00000000-0000-0079-ffff-ffff000000e9"}}
[debug] &amp#27;[38;5;32m[AndroidUiautomator2Driver@db8f (63a3b3b3)]&amp#27;[0m Responding to client with driver.findElement() result: {"element-6066-11e4-a52e-4f735466cecf":"00000000-0000-0079-ffff-ffff000000e9","ELEMENT":"00000000-0000-0079-ffff-ffff000000e9"}
&amp#27;[38;5;0m[HTTP]&amp#27;[0m <-- POST /session/63a3b3b3-6572-412a-ab56-145c276cd280/element 200 115 ms - 137
&amp#27;[38;5;0m[HTTP]&amp#27;[0m 
&amp#27;[38;5;0m[HTTP]&amp#27;[0m &amp#27;[37m-->&amp#27;[39m &amp#27;[37mGET&amp#27;[39m &amp#27;[37m/session/63a3b3b3-6572-412a-ab56-145c276cd280/element/00000000-0000-0079-ffff-ffff000000e9/displayed&amp#27;[39m
&amp#27;[38;5;0m[HTTP]&amp#27;[0m {}
[debug] &amp#27;[38;5;32m[AndroidUiautomator2Driver@db8f (63a3b3b3)]&amp#27;[0m Calling AppiumDriver.elementDisplayed() with args: ["00000000-0000-0079-ffff-ffff000000e9","63a3b3b3-6572-412a-ab56-145c276cd280"]
[debug] &amp#27;[38;5;32m[AndroidUiautomator2Driver@db8f (63a3b3b3)]&amp#27;[0m Matched '/element/00000000-0000-0079-ffff-ffff000000e9/attribute/displayed' to command name 'getAttribute'
[debug] &amp#27;[38;5;32m[AndroidUiautomator2Driver@db8f (63a3b3b3)]&amp#27;[0m Proxying [GET /element/00000000-0000-0079-ffff-ffff000000e9/attribute/displayed] to [GET http://127.0.0.1:10000/session/d57f122c-1079-49f0-a70a-da18a689bf5e/element/00000000-0000-0079-ffff-ffff000000e9/attribute/displayed] with no body
[debug] &amp#27;[38;5;32m[AndroidUiautomator2Driver@db8f (63a3b3b3)]&amp#27;[0m Got response with status 200: {"sessionId":"d57f122c-1079-49f0-a70a-da18a689bf5e","value":"true"}
[debug] &amp#27;[38;5;32m[AndroidUiautomator2Driver@db8f (63a3b3b3)]&amp#27;[0m Responding to client with driver.elementDisplayed() result: true
&amp#27;[38;5;0m[HTTP]&amp#27;[0m <-- GET /session/63a3b3b3-6572-412a-ab56-145c276cd280/element/00000000-0000-0079-ffff-ffff000000e9/displayed 200 22 ms - 14
&amp#27;[38;5;0m[HTTP]&amp#27;[0m 
&amp#27;[38;5;0m[HTTP]&amp#27;[0m &amp#27;[37m-->&amp#27;[39m &amp#27;[37mGET&amp#27;[39m &amp#27;[37m/session/63a3b3b3-6572-412a-ab56-145c276cd280/context&amp#27;[39m
&amp#27;[38;5;0m[HTTP]&amp#27;[0m {}
[debug] &amp#27;[38;5;32m[AndroidUiautomator2Driver@db8f (63a3b3b3)]&amp#27;[0m Calling AppiumDriver.getCurrentContext() with args: ["63a3b3b3-6572-412a-ab56-145c276cd280"]
[debug] &amp#27;[38;5;32m[AndroidUiautomator2Driver@db8f (63a3b3b3)]&amp#27;[0m Responding to client with driver.getCurrentContext() result: "NATIVE_APP"
&amp#27;[38;5;0m[HTTP]&amp#27;[0m <-- GET /session/63a3b3b3-6572-412a-ab56-145c276cd280/context 200 2 ms - 22
&amp#27;[38;5;0m[HTTP]&amp#27;[0m 
&amp#27;[38;5;0m[HTTP]&amp#27;[0m &amp#27;[37m-->&amp#27;[39m &amp#27;[37mPOST&amp#27;[39m &amp#27;[37m/session/63a3b3b3-6572-412a-ab56-145c276cd280/element&amp#27;[39m
&amp#27;[38;5;0m[HTTP]&amp#27;[0m {"using":"xpath","value":"//android.view.ViewGroup[@content-desc=\"test-Menu\"]/android.view.ViewGroup/android.widget.ImageView"}
[debug] &amp#27;[38;5;32m[AndroidUiautomator2Driver@db8f (63a3b3b3)]&amp#27;[0m Calling AppiumDriver.findElement() with args: ["xpath","//android.view.ViewGroup[@content-desc=\"test-Menu\"]/android.view.ViewGroup/android.widget.ImageView","63a3b3b3-6572-412a-ab56-145c276cd280"]
[debug] &amp#27;[38;5;32m[AndroidUiautomator2Driver@db8f (63a3b3b3)]&amp#27;[0m Valid locator strategies for this request: xpath, id, class name, accessibility id, css selector, -android uiautomator
[debug] &amp#27;[38;5;32m[AndroidUiautomator2Driver@db8f (63a3b3b3)]&amp#27;[0m Waiting up to 0 ms for condition
[debug] &amp#27;[38;5;32m[AndroidUiautomator2Driver@db8f (63a3b3b3)]&amp#27;[0m Matched '/element' to command name 'findElement'
[debug] &amp#27;[38;5;32m[AndroidUiautomator2Driver@db8f (63a3b3b3)]&amp#27;[0m Proxying [POST /element] to [POST http://127.0.0.1:10000/session/d57f122c-1079-49f0-a70a-da18a689bf5e/element] with body: {"strategy":"xpath","selector":"//android.view.ViewGroup[@content-desc=\"test-Menu\"]/android.view.ViewGroup/android.widget.ImageView","context":"","multiple":false}
[debug] &amp#27;[38;5;32m[AndroidUiautomator2Driver@db8f (63a3b3b3)]&amp#27;[0m Got response with status 200: {"sessionId":"d57f122c-1079-49f0-a70a-da18a689bf5e","value":{"ELEMENT":"00000000-0000-0079-ffff-ffff000000e9","element-6066-11e4-a52e-4f735466cecf":"00000000-0000-0079-ffff-ffff000000e9"}}
[debug] &amp#27;[38;5;32m[AndroidUiautomator2Driver@db8f (63a3b3b3)]&amp#27;[0m Responding to client with driver.findElement() result: {"element-6066-11e4-a52e-4f735466cecf":"00000000-0000-0079-ffff-ffff000000e9","ELEMENT":"00000000-0000-0079-ffff-ffff000000e9"}
&amp#27;[38;5;0m[HTTP]&amp#27;[0m <-- POST /session/63a3b3b3-6572-412a-ab56-145c276cd280/element 200 142 ms - 137
&amp#27;[38;5;0m[HTTP]&amp#27;[0m 
&amp#27;[38;5;0m[HTTP]&amp#27;[0m &amp#27;[37m-->&amp#27;[39m &amp#27;[37mGET&amp#27;[39m &amp#27;[37m/session/63a3b3b3-6572-412a-ab56-145c276cd280/element/00000000-0000-0079-ffff-ffff000000e9/displayed&amp#27;[39m
&amp#27;[38;5;0m[HTTP]&amp#27;[0m {}
[debug] &amp#27;[38;5;32m[AndroidUiautomator2Driver@db8f (63a3b3b3)]&amp#27;[0m Calling AppiumDriver.elementDisplayed() with args: ["00000000-0000-0079-ffff-ffff000000e9","63a3b3b3-6572-412a-ab56-145c276cd280"]
[debug] &amp#27;[38;5;32m[AndroidUiautomator2Driver@db8f (63a3b3b3)]&amp#27;[0m Matched '/element/00000000-0000-0079-ffff-ffff000000e9/attribute/displayed' to command name 'getAttribute'
[debug] &amp#27;[38;5;32m[AndroidUiautomator2Driver@db8f (63a3b3b3)]&amp#27;[0m Proxying [GET /element/00000000-0000-0079-ffff-ffff000000e9/attribute/displayed] to [GET http://127.0.0.1:10000/session/d57f122c-1079-49f0-a70a-da18a689bf5e/element/00000000-0000-0079-ffff-ffff000000e9/attribute/displayed] with no body
[debug] &amp#27;[38;5;32m[AndroidUiautomator2Driver@db8f (63a3b3b3)]&amp#27;[0m Got response with status 200: {"sessionId":"d57f122c-1079-49f0-a70a-da18a689bf5e","value":"true"}
[debug] &amp#27;[38;5;32m[AndroidUiautomator2Driver@db8f (63a3b3b3)]&amp#27;[0m Responding to client with driver.elementDisplayed() result: true
&amp#27;[38;5;0m[HTTP]&amp#27;[0m <-- GET /session/63a3b3b3-6572-412a-ab56-145c276cd280/element/00000000-0000-0079-ffff-ffff000000e9/displayed 200 56 ms - 14
&amp#27;[38;5;0m[HTTP]&amp#27;[0m 
&amp#27;[38;5;0m[HTTP]&amp#27;[0m &amp#27;[37m-->&amp#27;[39m &amp#27;[37mGET&amp#27;[39m &amp#27;[37m/session/63a3b3b3-6572-412a-ab56-145c276cd280/context&amp#27;[39m
&amp#27;[38;5;0m[HTTP]&amp#27;[0m {}
[debug] &amp#27;[38;5;32m[AndroidUiautomator2Driver@db8f (63a3b3b3)]&amp#27;[0m Calling AppiumDriver.getCurrentContext() with args: ["63a3b3b3-6572-412a-ab56-145c276cd280"]
[debug] &amp#27;[38;5;32m[AndroidUiautomator2Driver@db8f (63a3b3b3)]&amp#27;[0m Responding to client with driver.getCurrentContext() result: "NATIVE_APP"
&amp#27;[38;5;0m[HTTP]&amp#27;[0m <-- GET /session/63a3b3b3-6572-412a-ab56-145c276cd280/context 200 3 ms - 22
&amp#27;[38;5;0m[HTTP]&amp#27;[0m 
&amp#27;[38;5;0m[HTTP]&amp#27;[0m &amp#27;[37m-->&amp#27;[39m &amp#27;[37mPOST&amp#27;[39m &amp#27;[37m/session/63a3b3b3-6572-412a-ab56-145c276cd280/element&amp#27;[39m
&amp#27;[38;5;0m[HTTP]&amp#27;[0m {"using":"xpath","value":"//android.view.ViewGroup[@content-desc=\"test-Menu\"]/android.view.ViewGroup/android.widget.ImageView"}
[debug] &amp#27;[38;5;32m[AndroidUiautomator2Driver@db8f (63a3b3b3)]&amp#27;[0m Calling AppiumDriver.findElement() with args: ["xpath","//android.view.ViewGroup[@content-desc=\"test-Menu\"]/android.view.ViewGroup/android.widget.ImageView","63a3b3b3-6572-412a-ab56-145c276cd280"]
[debug] &amp#27;[38;5;32m[AndroidUiautomator2Driver@db8f (63a3b3b3)]&amp#27;[0m Valid locator strategies for this request: xpath, id, class name, accessibility id, css selector, -android uiautomator
[debug] &amp#27;[38;5;32m[AndroidUiautomator2Driver@db8f (63a3b3b3)]&amp#27;[0m Waiting up to 0 ms for condition
[debug] &amp#27;[38;5;32m[AndroidUiautomator2Driver@db8f (63a3b3b3)]&amp#27;[0m Matched '/element' to command name 'findElement'
[debug] &amp#27;[38;5;32m[AndroidUiautomator2Driver@db8f (63a3b3b3)]&amp#27;[0m Proxying [POST /element] to [POST http://127.0.0.1:10000/session/d57f122c-1079-49f0-a70a-da18a689bf5e/element] with body: {"strategy":"xpath","selector":"//android.view.ViewGroup[@content-desc=\"test-Menu\"]/android.view.ViewGroup/android.widget.ImageView","context":"","multiple":false}
[debug] &amp#27;[38;5;32m[AndroidUiautomator2Driver@db8f (63a3b3b3)]&amp#27;[0m Got response with status 200: {"sessionId":"d57f122c-1079-49f0-a70a-da18a689bf5e","value":{"ELEMENT":"00000000-0000-0079-ffff-ffff000000e9","element-6066-11e4-a52e-4f735466cecf":"00000000-0000-0079-ffff-ffff000000e9"}}
[debug] &amp#27;[38;5;32m[AndroidUiautomator2Driver@db8f (63a3b3b3)]&amp#27;[0m Responding to client with driver.findElement() result: {"element-6066-11e4-a52e-4f735466cecf":"00000000-0000-0079-ffff-ffff000000e9","ELEMENT":"00000000-0000-0079-ffff-ffff000000e9"}
&amp#27;[38;5;0m[HTTP]&amp#27;[0m <-- POST /session/63a3b3b3-6572-412a-ab56-145c276cd280/element 200 183 ms - 137
&amp#27;[38;5;0m[HTTP]&amp#27;[0m 
&amp#27;[38;5;0m[HTTP]&amp#27;[0m &amp#27;[37m-->&amp#27;[39m &amp#27;[37mPOST&amp#27;[39m &amp#27;[37m/session/63a3b3b3-6572-412a-ab56-145c276cd280/element/00000000-0000-0079-ffff-ffff000000e9/click&amp#27;[39m
&amp#27;[38;5;0m[HTTP]&amp#27;[0m {"id":"00000000-0000-0079-ffff-ffff000000e9"}
[debug] &amp#27;[38;5;32m[AndroidUiautomator2Driver@db8f (63a3b3b3)]&amp#27;[0m Calling AppiumDriver.click() with args: ["00000000-0000-0079-ffff-ffff000000e9","63a3b3b3-6572-412a-ab56-145c276cd280"]
[debug] &amp#27;[38;5;32m[AndroidUiautomator2Driver@db8f (63a3b3b3)]&amp#27;[0m Matched '/element/00000000-0000-0079-ffff-ffff000000e9/click' to command name 'click'
[debug] &amp#27;[38;5;32m[AndroidUiautomator2Driver@db8f (63a3b3b3)]&amp#27;[0m Proxying [POST /element/00000000-0000-0079-ffff-ffff000000e9/click] to [POST http://127.0.0.1:10000/session/d57f122c-1079-49f0-a70a-da18a689bf5e/element/00000000-0000-0079-ffff-ffff000000e9/click] with body: {"element":"00000000-0000-0079-ffff-ffff000000e9"}
[debug] &amp#27;[38;5;32m[AndroidUiautomator2Driver@db8f (63a3b3b3)]&amp#27;[0m Got response with status 200: {"sessionId":"d57f122c-1079-49f0-a70a-da18a689bf5e","value":null}
[debug] &amp#27;[38;5;32m[AndroidUiautomator2Driver@db8f (63a3b3b3)]&amp#27;[0m Responding to client with driver.click() result: null
&amp#27;[38;5;0m[HTTP]&amp#27;[0m <-- POST /session/63a3b3b3-6572-412a-ab56-145c276cd280/element/00000000-0000-0079-ffff-ffff000000e9/click 200 92 ms - 14
&amp#27;[38;5;0m[HTTP]&amp#27;[0m 
&amp#27;[38;5;0m[HTTP]&amp#27;[0m &amp#27;[37m-->&amp#27;[39m &amp#27;[37mGET&amp#27;[39m &amp#27;[37m/session/63a3b3b3-6572-412a-ab56-145c276cd280/context&amp#27;[39m
&amp#27;[38;5;0m[HTTP]&amp#27;[0m {}
[debug] &amp#27;[38;5;32m[AndroidUiautomator2Driver@db8f (63a3b3b3)]&amp#27;[0m Calling AppiumDriver.getCurrentContext() with args: ["63a3b3b3-6572-412a-ab56-145c276cd280"]
[debug] &amp#27;[38;5;32m[AndroidUiautomator2Driver@db8f (63a3b3b3)]&amp#27;[0m Responding to client with driver.getCurrentContext() result: "NATIVE_APP"
&amp#27;[38;5;0m[HTTP]&amp#27;[0m <-- GET /session/63a3b3b3-6572-412a-ab56-145c276cd280/context 200 3 ms - 22
&amp#27;[38;5;0m[HTTP]&amp#27;[0m 
&amp#27;[38;5;0m[HTTP]&amp#27;[0m &amp#27;[37m-->&amp#27;[39m &amp#27;[37mPOST&amp#27;[39m &amp#27;[37m/session/63a3b3b3-6572-412a-ab56-145c276cd280/element&amp#27;[39m
&amp#27;[38;5;0m[HTTP]&amp#27;[0m {"using":"accessibility id","value":"test-LOGOUT"}
[debug] &amp#27;[38;5;32m[AndroidUiautomator2Driver@db8f (63a3b3b3)]&amp#27;[0m Calling AppiumDriver.findElement() with args: ["accessibility id","test-LOGOUT","63a3b3b3-6572-412a-ab56-145c276cd280"]
[debug] &amp#27;[38;5;32m[AndroidUiautomator2Driver@db8f (63a3b3b3)]&amp#27;[0m Valid locator strategies for this request: xpath, id, class name, accessibility id, css selector, -android uiautomator
[debug] &amp#27;[38;5;32m[AndroidUiautomator2Driver@db8f (63a3b3b3)]&amp#27;[0m Waiting up to 0 ms for condition
[debug] &amp#27;[38;5;32m[AndroidUiautomator2Driver@db8f (63a3b3b3)]&amp#27;[0m Matched '/element' to command name 'findElement'
[debug] &amp#27;[38;5;32m[AndroidUiautomator2Driver@db8f (63a3b3b3)]&amp#27;[0m Proxying [POST /element] to [POST http://127.0.0.1:10000/session/d57f122c-1079-49f0-a70a-da18a689bf5e/element] with body: {"strategy":"accessibility id","selector":"test-LOGOUT","context":"","multiple":false}
&amp#27;[38;5;32m[AndroidUiautomator2Driver@db8f (63a3b3b3)]&amp#27;[0m Got response with status 404: {"sessionId":"d57f122c-1079-49f0-a70a-da18a689bf5e","value":{"error":"no such element","message":"An element could not be located on the page using the given search parameters","stacktrace":"io.appium.uiautomator2.common.exceptions.ElementNotFoundException: An element could not be located on the page using the given search parameters\n\tat io.appium.uiautomator2.handler.FindElement.safeHandle(FindElement.java:70)\n\tat io.appium.uiautomator2.handler.request.SafeRequestHandler.handle(SafeRequestHandler.java:59)\n\tat io.appium.uiautomator2.server.AppiumServlet.handleRequest(AppiumServlet.java:267)\n\tat io.appium.uiautomator2.server.AppiumServlet.handleHttpRequest(AppiumServlet.java:261)\n\tat io.appium.uiautomator2.http.ServerHandler.channelRead(ServerHandler.java:68)\n\tat io.netty.channel.AbstractChannelHandlerContext.invokeChannelRead(AbstractChannelHandlerContext.java:366)\n\tat io.netty.channel.AbstractChannelHandlerContext.invokeChannelRead(AbstractChannelHandlerContext.java:352)\n\tat io.netty.chann...
[debug] &amp#27;[38;5;128m[W3C]&amp#27;[0m Matched W3C error code 'no such element' to NoSuchElementError
[debug] &amp#27;[38;5;32m[AndroidUiautomator2Driver@db8f (63a3b3b3)]&amp#27;[0m Encountered internal error running command: NoSuchElementError: An element could not be located on the page using the given search parameters.
[debug] &amp#27;[38;5;32m[AndroidUiautomator2Driver@db8f (63a3b3b3)]&amp#27;[0m     at AndroidUiautomator2Driver.findElOrEls (/Users/nikhilkumargupta/.appium/node_modules/appium-uiautomator2-driver/node_modules/appium-android-driver/lib/commands/find.js:75:11)
[debug] &amp#27;[38;5;32m[AndroidUiautomator2Driver@db8f (63a3b3b3)]&amp#27;[0m     at processTicksAndRejections (node:internal/process/task_queues:95:5)
[debug] &amp#27;[38;5;32m[AndroidUiautomator2Driver@db8f (63a3b3b3)]&amp#27;[0m     at AndroidUiautomator2Driver.findElOrElsWithProcessing (/usr/local/lib/node_modules/appium/node_modules/@appium/base-driver/lib/basedriver/commands/find.js:81:16)
[debug] &amp#27;[38;5;32m[AndroidUiautomator2Driver@db8f (63a3b3b3)]&amp#27;[0m     at AndroidUiautomator2Driver.findElement (/usr/local/lib/node_modules/appium/node_modules/@appium/base-driver/lib/basedriver/commands/find.js:21:14)
&amp#27;[38;5;0m[HTTP]&amp#27;[0m <-- POST /session/63a3b3b3-6572-412a-ab56-145c276cd280/element 404 197 ms - 821
&amp#27;[38;5;0m[HTTP]&amp#27;[0m 
&amp#27;[38;5;0m[HTTP]&amp#27;[0m &amp#27;[37m-->&amp#27;[39m &amp#27;[37mPOST&amp#27;[39m &amp#27;[37m/session/63a3b3b3-6572-412a-ab56-145c276cd280/element&amp#27;[39m
&amp#27;[38;5;0m[HTTP]&amp#27;[0m {"using":"accessibility id","value":"test-LOGOUT"}
[debug] &amp#27;[38;5;32m[AndroidUiautomator2Driver@db8f (63a3b3b3)]&amp#27;[0m Calling AppiumDriver.findElement() with args: ["accessibility id","test-LOGOUT","63a3b3b3-6572-412a-ab56-145c276cd280"]
[debug] &amp#27;[38;5;32m[AndroidUiautomator2Driver@db8f (63a3b3b3)]&amp#27;[0m Valid locator strategies for this request: xpath, id, class name, accessibility id, css selector, -android uiautomator
[debug] &amp#27;[38;5;32m[AndroidUiautomator2Driver@db8f (63a3b3b3)]&amp#27;[0m Waiting up to 0 ms for condition
[debug] &amp#27;[38;5;32m[AndroidUiautomator2Driver@db8f (63a3b3b3)]&amp#27;[0m Matched '/element' to command name 'findElement'
[debug] &amp#27;[38;5;32m[AndroidUiautomator2Driver@db8f (63a3b3b3)]&amp#27;[0m Proxying [POST /element] to [POST http://127.0.0.1:10000/session/d57f122c-1079-49f0-a70a-da18a689bf5e/element] with body: {"strategy":"accessibility id","selector":"test-LOGOUT","context":"","multiple":false}
[debug] &amp#27;[38;5;32m[XCUITestDriver@418b (c131a0b0)]&amp#27;[0m Got response with status 200: {"value":{"ELEMENT":"C6000000-0000-0000-7418-000000000000","element-6066-11e4-a52e-4f735466cecf":"C6000000-0000-0000-7418-000000000000"},"sessionId":"403C56F7-B560-4A95-9D3E-23E213F85662"}
[debug] &amp#27;[38;5;32m[XCUITestDriver@418b (c131a0b0)]&amp#27;[0m Responding to client with driver.findElement() result: {"element-6066-11e4-a52e-4f735466cecf":"C6000000-0000-0000-7418-000000000000","ELEMENT":"C6000000-0000-0000-7418-000000000000"}
&amp#27;[38;5;0m[HTTP]&amp#27;[0m <-- POST /session/c131a0b0-4ee4-41db-9122-0078c0464db0/element 200 3094 ms - 137
&amp#27;[38;5;0m[HTTP]&amp#27;[0m 
&amp#27;[38;5;0m[HTTP]&amp#27;[0m &amp#27;[37m-->&amp#27;[39m &amp#27;[37mGET&amp#27;[39m &amp#27;[37m/session/c131a0b0-4ee4-41db-9122-0078c0464db0/element/C6000000-0000-0000-7418-000000000000/displayed&amp#27;[39m
&amp#27;[38;5;0m[HTTP]&amp#27;[0m {}
&amp#27;[38;5;32m[XCUITestDriver@418b (c131a0b0)]&amp#27;[0m Driver proxy active, passing request on via HTTP proxy
[debug] &amp#27;[38;5;32m[XCUITestDriver@418b (c131a0b0)]&amp#27;[0m Executing command 'proxyReqRes'
[debug] &amp#27;[38;5;32m[XCUITestDriver@418b (c131a0b0)]&amp#27;[0m Matched '/session/c131a0b0-4ee4-41db-9122-0078c0464db0/element/C6000000-0000-0000-7418-000000000000/displayed' to command name 'elementDisplayed'
[debug] &amp#27;[38;5;32m[XCUITestDriver@418b (c131a0b0)]&amp#27;[0m Proxying [GET /session/c131a0b0-4ee4-41db-9122-0078c0464db0/element/C6000000-0000-0000-7418-000000000000/displayed] to [GET http://127.0.0.1:10002/session/403C56F7-B560-4A95-9D3E-23E213F85662/element/C6000000-0000-0000-7418-000000000000/displayed] with no body
[debug] &amp#27;[38;5;32m[XCUITestDriver@418b (c131a0b0)]&amp#27;[0m Got response with status 200: {"value":true,"sessionId":"403C56F7-B560-4A95-9D3E-23E213F85662"}
&amp#27;[38;5;32m[XCUITestDriver@418b (c131a0b0)]&amp#27;[0m Replacing sessionId 403C56F7-B560-4A95-9D3E-23E213F85662 with c131a0b0-4ee4-41db-9122-0078c0464db0
&amp#27;[38;5;0m[HTTP]&amp#27;[0m <-- GET /session/c131a0b0-4ee4-41db-9122-0078c0464db0/element/C6000000-0000-0000-7418-000000000000/displayed 200 411 ms - 65
&amp#27;[38;5;0m[HTTP]&amp#27;[0m 
&amp#27;[38;5;0m[HTTP]&amp#27;[0m &amp#27;[37m-->&amp#27;[39m &amp#27;[37mGET&amp#27;[39m &amp#27;[37m/session/c131a0b0-4ee4-41db-9122-0078c0464db0/context&amp#27;[39m
&amp#27;[38;5;0m[HTTP]&amp#27;[0m {}
[debug] &amp#27;[38;5;32m[XCUITestDriver@418b (c131a0b0)]&amp#27;[0m Calling AppiumDriver.getCurrentContext() with args: ["c131a0b0-4ee4-41db-9122-0078c0464db0"]
[debug] &amp#27;[38;5;32m[XCUITestDriver@418b (c131a0b0)]&amp#27;[0m Executing command 'getCurrentContext'
[debug] &amp#27;[38;5;32m[XCUITestDriver@418b (c131a0b0)]&amp#27;[0m Responding to client with driver.getCurrentContext() result: "NATIVE_APP"
&amp#27;[38;5;0m[HTTP]&amp#27;[0m <-- GET /session/c131a0b0-4ee4-41db-9122-0078c0464db0/context 200 4 ms - 22
&amp#27;[38;5;0m[HTTP]&amp#27;[0m 
&amp#27;[38;5;0m[HTTP]&amp#27;[0m &amp#27;[37m-->&amp#27;[39m &amp#27;[37mPOST&amp#27;[39m &amp#27;[37m/session/c131a0b0-4ee4-41db-9122-0078c0464db0/element&amp#27;[39m
&amp#27;[38;5;0m[HTTP]&amp#27;[0m {"using":"xpath","value":"(//XCUIElementTypeStaticText[@name=\"test-Price\"])[1]"}
[debug] &amp#27;[38;5;32m[XCUITestDriver@418b (c131a0b0)]&amp#27;[0m Calling AppiumDriver.findElement() with args: ["xpath","(//XCUIElementTypeStaticText[@name=\"test-Price\"])[1]","c131a0b0-4ee4-41db-9122-0078c0464db0"]
[debug] &amp#27;[38;5;32m[XCUITestDriver@418b (c131a0b0)]&amp#27;[0m Executing command 'findElement'
[debug] &amp#27;[38;5;32m[XCUITestDriver@418b (c131a0b0)]&amp#27;[0m Valid locator strategies for this request: xpath, id, name, class name, -ios predicate string, -ios class chain, accessibility id, css selector
[debug] &amp#27;[38;5;32m[XCUITestDriver@418b (c131a0b0)]&amp#27;[0m Waiting up to 0 ms for condition
[debug] &amp#27;[38;5;32m[XCUITestDriver@418b (c131a0b0)]&amp#27;[0m Matched '/element' to command name 'findElement'
[debug] &amp#27;[38;5;32m[XCUITestDriver@418b (c131a0b0)]&amp#27;[0m Proxying [POST /element] to [POST http://127.0.0.1:10002/session/403C56F7-B560-4A95-9D3E-23E213F85662/element] with body: {"using":"xpath","value":"(//XCUIElementTypeStaticText[@name=\"test-Price\"])[1]"}
[debug] &amp#27;[38;5;32m[AndroidUiautomator2Driver@db8f (63a3b3b3)]&amp#27;[0m Got response with status 200: {"sessionId":"d57f122c-1079-49f0-a70a-da18a689bf5e","value":{"ELEMENT":"00000000-0000-0079-ffff-ffff0000001e","element-6066-11e4-a52e-4f735466cecf":"00000000-0000-0079-ffff-ffff0000001e"}}
[debug] &amp#27;[38;5;32m[AndroidUiautomator2Driver@db8f (63a3b3b3)]&amp#27;[0m Responding to client with driver.findElement() result: {"element-6066-11e4-a52e-4f735466cecf":"00000000-0000-0079-ffff-ffff0000001e","ELEMENT":"00000000-0000-0079-ffff-ffff0000001e"}
&amp#27;[38;5;0m[HTTP]&amp#27;[0m <-- POST /session/63a3b3b3-6572-412a-ab56-145c276cd280/element 200 1167 ms - 137
&amp#27;[38;5;0m[HTTP]&amp#27;[0m 
&amp#27;[38;5;0m[HTTP]&amp#27;[0m &amp#27;[37m-->&amp#27;[39m &amp#27;[37mGET&amp#27;[39m &amp#27;[37m/session/63a3b3b3-6572-412a-ab56-145c276cd280/element/00000000-0000-0079-ffff-ffff0000001e/displayed&amp#27;[39m
&amp#27;[38;5;0m[HTTP]&amp#27;[0m {}
[debug] &amp#27;[38;5;32m[AndroidUiautomator2Driver@db8f (63a3b3b3)]&amp#27;[0m Calling AppiumDriver.elementDisplayed() with args: ["00000000-0000-0079-ffff-ffff0000001e","63a3b3b3-6572-412a-ab56-145c276cd280"]
[debug] &amp#27;[38;5;32m[AndroidUiautomator2Driver@db8f (63a3b3b3)]&amp#27;[0m Matched '/element/00000000-0000-0079-ffff-ffff0000001e/attribute/displayed' to command name 'getAttribute'
[debug] &amp#27;[38;5;32m[AndroidUiautomator2Driver@db8f (63a3b3b3)]&amp#27;[0m Proxying [GET /element/00000000-0000-0079-ffff-ffff0000001e/attribute/displayed] to [GET http://127.0.0.1:10000/session/d57f122c-1079-49f0-a70a-da18a689bf5e/element/00000000-0000-0079-ffff-ffff0000001e/attribute/displayed] with no body
[debug] &amp#27;[38;5;32m[AndroidUiautomator2Driver@db8f (63a3b3b3)]&amp#27;[0m Got response with status 200: {"sessionId":"d57f122c-1079-49f0-a70a-da18a689bf5e","value":"true"}
[debug] &amp#27;[38;5;32m[AndroidUiautomator2Driver@db8f (63a3b3b3)]&amp#27;[0m Responding to client with driver.elementDisplayed() result: true
&amp#27;[38;5;0m[HTTP]&amp#27;[0m <-- GET /session/63a3b3b3-6572-412a-ab56-145c276cd280/element/00000000-0000-0079-ffff-ffff0000001e/displayed 200 38 ms - 14
&amp#27;[38;5;0m[HTTP]&amp#27;[0m 
&amp#27;[38;5;0m[HTTP]&amp#27;[0m &amp#27;[37m-->&amp#27;[39m &amp#27;[37mGET&amp#27;[39m &amp#27;[37m/session/63a3b3b3-6572-412a-ab56-145c276cd280/context&amp#27;[39m
&amp#27;[38;5;0m[HTTP]&amp#27;[0m {}
[debug] &amp#27;[38;5;32m[AndroidUiautomator2Driver@db8f (63a3b3b3)]&amp#27;[0m Calling AppiumDriver.getCurrentContext() with args: ["63a3b3b3-6572-412a-ab56-145c276cd280"]
[debug] &amp#27;[38;5;32m[AndroidUiautomator2Driver@db8f (63a3b3b3)]&amp#27;[0m Responding to client with driver.getCurrentContext() result: "NATIVE_APP"
&amp#27;[38;5;0m[HTTP]&amp#27;[0m <-- GET /session/63a3b3b3-6572-412a-ab56-145c276cd280/context 200 3 ms - 22
&amp#27;[38;5;0m[HTTP]&amp#27;[0m 
&amp#27;[38;5;0m[HTTP]&amp#27;[0m &amp#27;[37m-->&amp#27;[39m &amp#27;[37mPOST&amp#27;[39m &amp#27;[37m/session/63a3b3b3-6572-412a-ab56-145c276cd280/element&amp#27;[39m
&amp#27;[38;5;0m[HTTP]&amp#27;[0m {"using":"accessibility id","value":"test-LOGOUT"}
[debug] &amp#27;[38;5;32m[AndroidUiautomator2Driver@db8f (63a3b3b3)]&amp#27;[0m Calling AppiumDriver.findElement() with args: ["accessibility id","test-LOGOUT","63a3b3b3-6572-412a-ab56-145c276cd280"]
[debug] &amp#27;[38;5;32m[AndroidUiautomator2Driver@db8f (63a3b3b3)]&amp#27;[0m Valid locator strategies for this request: xpath, id, class name, accessibility id, css selector, -android uiautomator
[debug] &amp#27;[38;5;32m[AndroidUiautomator2Driver@db8f (63a3b3b3)]&amp#27;[0m Waiting up to 0 ms for condition
[debug] &amp#27;[38;5;32m[AndroidUiautomator2Driver@db8f (63a3b3b3)]&amp#27;[0m Matched '/element' to command name 'findElement'
[debug] &amp#27;[38;5;32m[AndroidUiautomator2Driver@db8f (63a3b3b3)]&amp#27;[0m Proxying [POST /element] to [POST http://127.0.0.1:10000/session/d57f122c-1079-49f0-a70a-da18a689bf5e/element] with body: {"strategy":"accessibility id","selector":"test-LOGOUT","context":"","multiple":false}
[debug] &amp#27;[38;5;32m[AndroidUiautomator2Driver@db8f (63a3b3b3)]&amp#27;[0m Got response with status 200: {"sessionId":"d57f122c-1079-49f0-a70a-da18a689bf5e","value":{"ELEMENT":"00000000-0000-0079-ffff-ffff0000001e","element-6066-11e4-a52e-4f735466cecf":"00000000-0000-0079-ffff-ffff0000001e"}}
[debug] &amp#27;[38;5;32m[AndroidUiautomator2Driver@db8f (63a3b3b3)]&amp#27;[0m Responding to client with driver.findElement() result: {"element-6066-11e4-a52e-4f735466cecf":"00000000-0000-0079-ffff-ffff0000001e","ELEMENT":"00000000-0000-0079-ffff-ffff0000001e"}
&amp#27;[38;5;0m[HTTP]&amp#27;[0m <-- POST /session/63a3b3b3-6572-412a-ab56-145c276cd280/element 200 101 ms - 137
&amp#27;[38;5;0m[HTTP]&amp#27;[0m 
&amp#27;[38;5;0m[HTTP]&amp#27;[0m &amp#27;[37m-->&amp#27;[39m &amp#27;[37mPOST&amp#27;[39m &amp#27;[37m/session/63a3b3b3-6572-412a-ab56-145c276cd280/element/00000000-0000-0079-ffff-ffff0000001e/click&amp#27;[39m
&amp#27;[38;5;0m[HTTP]&amp#27;[0m {"id":"00000000-0000-0079-ffff-ffff0000001e"}
[debug] &amp#27;[38;5;32m[AndroidUiautomator2Driver@db8f (63a3b3b3)]&amp#27;[0m Calling AppiumDriver.click() with args: ["00000000-0000-0079-ffff-ffff0000001e","63a3b3b3-6572-412a-ab56-145c276cd280"]
[debug] &amp#27;[38;5;32m[AndroidUiautomator2Driver@db8f (63a3b3b3)]&amp#27;[0m Matched '/element/00000000-0000-0079-ffff-ffff0000001e/click' to command name 'click'
[debug] &amp#27;[38;5;32m[AndroidUiautomator2Driver@db8f (63a3b3b3)]&amp#27;[0m Proxying [POST /element/00000000-0000-0079-ffff-ffff0000001e/click] to [POST http://127.0.0.1:10000/session/d57f122c-1079-49f0-a70a-da18a689bf5e/element/00000000-0000-0079-ffff-ffff0000001e/click] with body: {"element":"00000000-0000-0079-ffff-ffff0000001e"}
[debug] &amp#27;[38;5;32m[AndroidUiautomator2Driver@db8f (63a3b3b3)]&amp#27;[0m Got response with status 200: {"sessionId":"d57f122c-1079-49f0-a70a-da18a689bf5e","value":null}
[debug] &amp#27;[38;5;32m[AndroidUiautomator2Driver@db8f (63a3b3b3)]&amp#27;[0m Responding to client with driver.click() result: null
&amp#27;[38;5;0m[HTTP]&amp#27;[0m <-- POST /session/63a3b3b3-6572-412a-ab56-145c276cd280/element/00000000-0000-0079-ffff-ffff0000001e/click 200 125 ms - 14
&amp#27;[38;5;0m[HTTP]&amp#27;[0m 
20:Android:Pixel_6_pro:com.qa.BaseTest:Super After  Method
&amp#27;[38;5;0m[HTTP]&amp#27;[0m &amp#27;[37m-->&amp#27;[39m &amp#27;[37mPOST&amp#27;[39m &amp#27;[37m/session/63a3b3b3-6572-412a-ab56-145c276cd280/appium/device/terminate_app&amp#27;[39m
&amp#27;[38;5;0m[HTTP]&amp#27;[0m {"bundleId":"com.swaglabsmobileapp"}
[debug] &amp#27;[38;5;32m[AndroidUiautomator2Driver@db8f (63a3b3b3)]&amp#27;[0m Calling AppiumDriver.terminateApp() with args: ["com.swaglabsmobileapp",null,null,null,"63a3b3b3-6572-412a-ab56-145c276cd280"]
&amp#27;[38;5;32m[AndroidUiautomator2Driver@db8f (63a3b3b3)]&amp#27;[0m Terminating 'com.swaglabsmobileapp'
[debug] &amp#27;[38;5;64m[ADB]&amp#27;[0m Getting IDs of all 'com.swaglabsmobileapp' processes
[debug] &amp#27;[38;5;64m[ADB]&amp#27;[0m Running '/Users/nikhilkumargupta/Library/Android/sdk/platform-tools/adb -P 5037 -s emulator-5554 shell pgrep -f \(\[\[:blank:\]\]\|\^\)com\.swaglabsmobileapp\(\[\[:blank:\]\]\|\$\)'
[debug] &amp#27;[38;5;64m[ADB]&amp#27;[0m Running '/Users/nikhilkumargupta/Library/Android/sdk/platform-tools/adb -P 5037 -s emulator-5554 shell am force-stop com.swaglabsmobileapp'
&amp#27;[38;5;32m[AndroidUiautomator2Driver@db8f (63a3b3b3)]&amp#27;[0m Querying the state of 'com.swaglabsmobileapp'
[debug] &amp#27;[38;5;64m[ADB]&amp#27;[0m Getting install status for com.swaglabsmobileapp
[debug] &amp#27;[38;5;64m[ADB]&amp#27;[0m Running '/Users/nikhilkumargupta/Library/Android/sdk/platform-tools/adb -P 5037 -s emulator-5554 shell dumpsys package com.swaglabsmobileapp'
[debug] &amp#27;[38;5;64m[ADB]&amp#27;[0m 'com.swaglabsmobileapp' is installed
[debug] &amp#27;[38;5;64m[ADB]&amp#27;[0m Getting IDs of all 'com.swaglabsmobileapp' processes
[debug] &amp#27;[38;5;64m[ADB]&amp#27;[0m Running '/Users/nikhilkumargupta/Library/Android/sdk/platform-tools/adb -P 5037 -s emulator-5554 shell pgrep -f \(\[\[:blank:\]\]\|\^\)com\.swaglabsmobileapp\(\[\[:blank:\]\]\|\$\)'
[debug] &amp#27;[38;5;32m[XCUITestDriver@418b (c131a0b0)]&amp#27;[0m Got response with status 200: {"value":{"ELEMENT":"C6000000-0000-0000-7418-000000000000","element-6066-11e4-a52e-4f735466cecf":"C6000000-0000-0000-7418-000000000000"},"sessionId":"403C56F7-B560-4A95-9D3E-23E213F85662"}
&amp#27;[38;5;32m[AndroidUiautomator2Driver@db8f (63a3b3b3)]&amp#27;[0m 'com.swaglabsmobileapp' has been successfully terminated
[debug] &amp#27;[38;5;32m[XCUITestDriver@418b (c131a0b0)]&amp#27;[0m Responding to client with driver.findElement() result: {"element-6066-11e4-a52e-4f735466cecf":"C6000000-0000-0000-7418-000000000000","ELEMENT":"C6000000-0000-0000-7418-000000000000"}
[debug] &amp#27;[38;5;32m[AndroidUiautomator2Driver@db8f (63a3b3b3)]&amp#27;[0m Responding to client with driver.terminateApp() result: true
&amp#27;[38;5;0m[HTTP]&amp#27;[0m <-- POST /session/63a3b3b3-6572-412a-ab56-145c276cd280/appium/device/terminate_app 200 2342 ms - 14
&amp#27;[38;5;0m[HTTP]&amp#27;[0m 
&amp#27;[38;5;0m[HTTP]&amp#27;[0m <-- POST /session/c131a0b0-4ee4-41db-9122-0078c0464db0/element 200 3135 ms - 137
&amp#27;[38;5;0m[HTTP]&amp#27;[0m 
&amp#27;[38;5;0m[HTTP]&amp#27;[0m &amp#27;[37m-->&amp#27;[39m &amp#27;[37mPOST&amp#27;[39m &amp#27;[37m/session/63a3b3b3-6572-412a-ab56-145c276cd280/appium/device/activate_app&amp#27;[39m
&amp#27;[38;5;0m[HTTP]&amp#27;[0m {"bundleId":"com.swaglabsmobileapp"}
&amp#27;[38;5;0m[HTTP]&amp#27;[0m &amp#27;[37m-->&amp#27;[39m &amp#27;[37mGET&amp#27;[39m &amp#27;[37m/session/c131a0b0-4ee4-41db-9122-0078c0464db0/element/C6000000-0000-0000-7418-000000000000/attribute/label&amp#27;[39m
&amp#27;[38;5;0m[HTTP]&amp#27;[0m {}
[debug] &amp#27;[38;5;32m[XCUITestDriver@418b (c131a0b0)]&amp#27;[0m Calling AppiumDriver.getAttribute() with args: ["label","C6000000-0000-0000-7418-000000000000","c131a0b0-4ee4-41db-9122-0078c0464db0"]
[debug] &amp#27;[38;5;32m[XCUITestDriver@418b (c131a0b0)]&amp#27;[0m Executing command 'getAttribute'
[debug] &amp#27;[38;5;32m[AndroidUiautomator2Driver@db8f (63a3b3b3)]&amp#27;[0m Calling AppiumDriver.activateApp() with args: ["com.swaglabsmobileapp",null,null,null,"63a3b3b3-6572-412a-ab56-145c276cd280"]
[debug] &amp#27;[38;5;32m[AndroidUiautomator2Driver@db8f (63a3b3b3)]&amp#27;[0m Activating 'com.swaglabsmobileapp'
[debug] &amp#27;[38;5;64m[ADB]&amp#27;[0m Running '/Users/nikhilkumargupta/Library/Android/sdk/platform-tools/adb -P 5037 -s emulator-5554 shell cmd package resolve-activity --brief com.swaglabsmobileapp'
[debug] &amp#27;[38;5;32m[XCUITestDriver@418b (c131a0b0)]&amp#27;[0m Matched '/element/C6000000-0000-0000-7418-000000000000/attribute/label' to command name 'getAttribute'
[debug] &amp#27;[38;5;32m[XCUITestDriver@418b (c131a0b0)]&amp#27;[0m Proxying [GET /element/C6000000-0000-0000-7418-000000000000/attribute/label] to [GET http://127.0.0.1:10002/session/403C56F7-B560-4A95-9D3E-23E213F85662/element/C6000000-0000-0000-7418-000000000000/attribute/label] with no body
[debug] &amp#27;[38;5;64m[ADB]&amp#27;[0m Running '/Users/nikhilkumargupta/Library/Android/sdk/platform-tools/adb -P 5037 -s emulator-5554 shell am start-activity -a android.intent.action.MAIN -c android.intent.category.LAUNCHER -f 0x10200000 -n com.swaglabsmobileapp/.SplashActivity'
[debug] &amp#27;[38;5;32m[XCUITestDriver@418b (c131a0b0)]&amp#27;[0m Got response with status 200: {"value":"$29.99","sessionId":"403C56F7-B560-4A95-9D3E-23E213F85662"}
[debug] &amp#27;[38;5;32m[XCUITestDriver@418b (c131a0b0)]&amp#27;[0m Responding to client with driver.getAttribute() result: "$29.99"
&amp#27;[38;5;0m[HTTP]&amp#27;[0m <-- GET /session/c131a0b0-4ee4-41db-9122-0078c0464db0/element/C6000000-0000-0000-7418-000000000000/attribute/label 200 501 ms - 18
&amp#27;[38;5;0m[HTTP]&amp#27;[0m 
]]></system-out>
  </testcase>
  <testcase name="validateProductOnProductsdDetailPage" classname="com.qa.tests.ProductTests" time="4.58">
    <system-out><![CDATA[productpage  After Method
&amp#27;[38;5;0m[HTTP]&amp#27;[0m &amp#27;[37m-->&amp#27;[39m &amp#27;[37mGET&amp#27;[39m &amp#27;[37m/session/63a3b3b3-6572-412a-ab56-145c276cd280/context&amp#27;[39m
&amp#27;[38;5;0m[HTTP]&amp#27;[0m {}
[debug] &amp#27;[38;5;32m[AndroidUiautomator2Driver@db8f (63a3b3b3)]&amp#27;[0m Calling AppiumDriver.getCurrentContext() with args: ["63a3b3b3-6572-412a-ab56-145c276cd280"]
[debug] &amp#27;[38;5;32m[AndroidUiautomator2Driver@db8f (63a3b3b3)]&amp#27;[0m Responding to client with driver.getCurrentContext() result: "NATIVE_APP"
&amp#27;[38;5;0m[HTTP]&amp#27;[0m <-- GET /session/63a3b3b3-6572-412a-ab56-145c276cd280/context 200 3 ms - 22
&amp#27;[38;5;0m[HTTP]&amp#27;[0m 
&amp#27;[38;5;0m[HTTP]&amp#27;[0m &amp#27;[37m-->&amp#27;[39m &amp#27;[37mPOST&amp#27;[39m &amp#27;[37m/session/63a3b3b3-6572-412a-ab56-145c276cd280/element&amp#27;[39m
&amp#27;[38;5;0m[HTTP]&amp#27;[0m {"using":"xpath","value":"//android.view.ViewGroup[@content-desc=\"test-Menu\"]/android.view.ViewGroup/android.widget.ImageView"}
[debug] &amp#27;[38;5;32m[AndroidUiautomator2Driver@db8f (63a3b3b3)]&amp#27;[0m Calling AppiumDriver.findElement() with args: ["xpath","//android.view.ViewGroup[@content-desc=\"test-Menu\"]/android.view.ViewGroup/android.widget.ImageView","63a3b3b3-6572-412a-ab56-145c276cd280"]
[debug] &amp#27;[38;5;32m[AndroidUiautomator2Driver@db8f (63a3b3b3)]&amp#27;[0m Valid locator strategies for this request: xpath, id, class name, accessibility id, css selector, -android uiautomator
[debug] &amp#27;[38;5;32m[AndroidUiautomator2Driver@db8f (63a3b3b3)]&amp#27;[0m Waiting up to 0 ms for condition
[debug] &amp#27;[38;5;32m[AndroidUiautomator2Driver@db8f (63a3b3b3)]&amp#27;[0m Matched '/element' to command name 'findElement'
[debug] &amp#27;[38;5;32m[AndroidUiautomator2Driver@db8f (63a3b3b3)]&amp#27;[0m Proxying [POST /element] to [POST http://127.0.0.1:10000/session/d57f122c-1079-49f0-a70a-da18a689bf5e/element] with body: {"strategy":"xpath","selector":"//android.view.ViewGroup[@content-desc=\"test-Menu\"]/android.view.ViewGroup/android.widget.ImageView","context":"","multiple":false}
[debug] &amp#27;[38;5;32m[XCUITestDriver@418b (c131a0b0)]&amp#27;[0m Got response with status 200: {"value":{"ELEMENT":"47000000-0000-0000-7418-000000000000","element-6066-11e4-a52e-4f735466cecf":"47000000-0000-0000-7418-000000000000"},"sessionId":"403C56F7-B560-4A95-9D3E-23E213F85662"}
[debug] &amp#27;[38;5;32m[XCUITestDriver@418b (c131a0b0)]&amp#27;[0m Responding to client with driver.findElement() result: {"element-6066-11e4-a52e-4f735466cecf":"47000000-0000-0000-7418-000000000000","ELEMENT":"47000000-0000-0000-7418-000000000000"}
&amp#27;[38;5;0m[HTTP]&amp#27;[0m <-- POST /session/c131a0b0-4ee4-41db-9122-0078c0464db0/element 200 496 ms - 137
&amp#27;[38;5;0m[HTTP]&amp#27;[0m 
[debug] &amp#27;[38;5;32m[AndroidUiautomator2Driver@db8f (63a3b3b3)]&amp#27;[0m Got response with status 200: {"sessionId":"d57f122c-1079-49f0-a70a-da18a689bf5e","value":{"ELEMENT":"00000000-0000-0079-ffff-ffff0000004f","element-6066-11e4-a52e-4f735466cecf":"00000000-0000-0079-ffff-ffff0000004f"}}
[debug] &amp#27;[38;5;32m[AndroidUiautomator2Driver@db8f (63a3b3b3)]&amp#27;[0m Responding to client with driver.findElement() result: {"element-6066-11e4-a52e-4f735466cecf":"00000000-0000-0079-ffff-ffff0000004f","ELEMENT":"00000000-0000-0079-ffff-ffff0000004f"}
&amp#27;[38;5;0m[HTTP]&amp#27;[0m <-- POST /s&amp#27;[38;5;0m[HTTP]&amp#27;[0m &amp#27;[37m-->&amp#27;[39m &amp#27;[37mPOST&amp#27;[39m &amp#27;[37m/session/c131a0b0-4ee4-41db-9122-0078c0464db0/element/47000000-0000-0000-7418-000000000000/value&amp#27;[39m
&amp#27;[38;5;0m[HTession/63a3b3b3-6572-412a-ab56-145c276cd280/element 200 189 ms - 137
&amp#27;[38;5;0m[HTTP]&amp#27;[0m 
TP]&amp#27;[0m {"id":"47000000-0000-0000-7418-000000000000","text":"standard_user","value":["s","t","a","n","d","a","r","d","_","u","s","e","r"]}
[debug] &amp#27;[38;5;32m[XCUITestDriver@418b (c131a0b0)]&amp#27;[0m Calling AppiumDriver.setValue() with args: [["s","t","a","n","d","a","r","d","_","u","s","e","r"],"47000000-0000-0000-7418-000000000000","c131a0b0-4ee4-41db-9122-0078c0464db0"]
[debug] &amp#27;[38;5;32m[XCUITestDriver@418b (c131a0b0)]&amp#27;[0m Executing command 'setValue'
[debug] &amp#27;[38;5;32m[XCUITestDriver@418b (c131a0b0)]&amp#27;[0m Matched '/element/47000000-0000-0000-7418-000000000000/value' to command name 'setValue'
&amp#27;[38;5;0m[HTTP]&amp#27;[0m &amp#27;[37m-->&amp#27;[39m &amp#27;[37mGET&amp#27;[39m &amp#27;[37m/session/63a3b3b3-6572-412a-ab56-145c276cd280/element/00000000-0000-0079-ffff-ffff0000004f/displayed&amp#27;[39m
&amp#27;[38;5;0m[HTTP]&amp#27;[0m {}
[debug] &amp#27;[38;5;32m[XCUITestDriver@418b (c131a0b0)]&amp#27;[0m Added 'text' property "standard_user" to 'setValue' request body
[debug] &amp#27;[38;5;32m[XCUITestDriver@418b (c131a0b0)]&amp#27;[0m Proxying [POST /element/47000000-0000-0000-7418-000000000000/value] to [POST http://127.0.0.1:10002/session/403C56F7-B560-4A95-9D3E-23E213F85662/element/47000000-0000-0000-7418-000000000000/value] with body: {"value":["s","t","a","n","d","a","r",["dd","e_b","uug","s]"," e"&amp#27;,"[3r"],8";text5";:"st32anmdard[_Ausnerd"r}o
idUiautomator2Driver@db8f (63a3b3b3)]&amp#27;[0m Calling AppiumDriver.elementDisplayed() with args: ["00000000-0000-0079-ffff-ffff0000004f","63a3b3b3-6572-412a-ab56-145c276cd280"]
[debug] &amp#27;[38;5;32m[AndroidUiautomator2Driver@db8f (63a3b3b3)]&amp#27;[0m Matched '/element/00000000-0000-0079-ffff-ffff0000004f/attribute/displayed' to command name 'getAttribute'
[debug] &amp#27;[38;5;32m[AndroidUiautomator2Driver@db8f (63a3b3b3)]&amp#27;[0m Proxying [GET /element/00000000-0000-0079-ffff-ffff0000004f/attribute/displayed] to [GET http://127.0.0.1:10000/session/d57f122c-1079-49f0-a70a-da18a689bf5e/element/00000000-0000-0079-ffff-ffff0000004f/attribute/displayed] with no body
[debug] &amp#27;[38;5;32m[AndroidUiautomator2Driver@db8f (63a3b3b3)]&amp#27;[0m Got response with status 200: {"sessionId":"d57f122c-1079-49f0-a70a-da18a689bf5e","value":"true"}
[debug] &amp#27;[38;5;32m[AndroidUiautomator2Driver@db8f (63a3b3b3)]&amp#27;[0m Responding to client with driver.elementDisplayed() result: true
&amp#27;[38;5;0m[HTTP]&amp#27;[0m <-- GET /session/63a3b3b3-6572-412a-ab56-145c276cd280/element/00000000-0000-0079-ffff-ffff0000004f/displayed 200 28 ms - 14
&amp#27;[38;5;0m[HTTP]&amp#27;[0m 
&amp#27;[38;5;0m[HTTP]&amp#27;[0m &amp#27;[37m-->&amp#27;[39m &amp#27;[37mGET&amp#27;[39m &amp#27;[37m/session/63a3b3b3-6572-412a-ab56-145c276cd280/context&amp#27;[39m
&amp#27;[38;5;0m[HTTP]&amp#27;[0m {}
[debug] &amp#27;[38;5;32m[AndroidUiautomator2Driver@db8f (63a3b3b3)]&amp#27;[0m Calling AppiumDriver.getCurrentContext() with args: ["63a3b3b3-6572-412a-ab56-145c276cd280"]
[debug] &amp#27;[38;5;32m[AndroidUiautomator2Driver@db8f (63a3b3b3)]&amp#27;[0m Responding to client with driver.getCurrentContext() result: "NATIVE_APP"
&amp#27;[38;5;0m[HTTP]&amp#27;[0m <-- GET /session/63a3b3b3-6572-412a-ab56-145c276cd280/context 200 2 ms - 22
&amp#27;[38;5;0m[HTTP]&amp#27;[0m 
&amp#27;[38;5;0m[HTTP]&amp#27;[0m &amp#27;[37m-->&amp#27;[39m &amp#27;[37mPOST&amp#27;[39m &amp#27;[37m/session/63a3b3b3-6572-412a-ab56-145c276cd280/element&amp#27;[39m
&amp#27;[38;5;0m[HTTP]&amp#27;[0m {"using":"xpath","value":"//android.view.ViewGroup[@content-desc=\"test-Menu\"]/android.view.ViewGroup/android.widget.ImageView"}
[debug] &amp#27;[38;5;32m[AndroidUiautomator2Driver@db8f (63a3b3b3)]&amp#27;[0m Calling AppiumDriver.findElement() with args: ["xpath","//android.view.ViewGroup[@content-desc=\"test-Menu\"]/android.view.ViewGroup/android.widget.ImageView","63a3b3b3-6572-412a-ab56-145c276cd280"]
[debug] &amp#27;[38;5;32m[AndroidUiautomator2Driver@db8f (63a3b3b3)]&amp#27;[0m Valid locator strategies for this request: xpath, id, class name, accessibility id, css selector, -android uiautomator
[debug] &amp#27;[38;5;32m[AndroidUiautomator2Driver@db8f (63a3b3b3)]&amp#27;[0m Waiting up to 0 ms for condition
[debug] &amp#27;[38;5;32m[AndroidUiautomator2Driver@db8f (63a3b3b3)]&amp#27;[0m Matched '/element' to command name 'findElement'
[debug] &amp#27;[38;5;32m[AndroidUiautomator2Driver@db8f (63a3b3b3)]&amp#27;[0m Proxying [POST /element] to [POST http://127.0.0.1:10000/session/d57f122c-1079-49f0-a70a-da18a689bf5e/element] with body: {"strategy":"xpath","selector":"//android.view.ViewGroup[@content-desc=\"test-Menu\"]/android.view.ViewGroup/android.widget.ImageView","context":"","multiple":false}
[debug] &amp#27;[38;5;32m[AndroidUiautomator2Driver@db8f (63a3b3b3)]&amp#27;[0m Got response with status 200: {"sessionId":"d57f122c-1079-49f0-a70a-da18a689bf5e","value":{"ELEMENT":"00000000-0000-0079-ffff-ffff0000004f","element-6066-11e4-a52e-4f735466cecf":"00000000-0000-0079-ffff-ffff0000004f"}}
[debug] &amp#27;[38;5;32m[AndroidUiautomator2Driver@db8f (63a3b3b3)]&amp#27;[0m Responding to client with driver.findElement() result: {"element-6066-11e4-a52e-4f735466cecf":"00000000-0000-0079-ffff-ffff0000004f","ELEMENT":"00000000-0000-0079-ffff-ffff0000004f"}
&amp#27;[38;5;0m[HTTP]&amp#27;[0m <-- POST /session/63a3b3b3-6572-412a-ab56-145c276cd280/element 200 156 ms - 137
&amp#27;[38;5;0m[HTTP]&amp#27;[0m 
&amp#27;[38;5;0m[HTTP]&amp#27;[0m &amp#27;[37m-->&amp#27;[39m &amp#27;[37mGET&amp#27;[39m &amp#27;[37m/session/63a3b3b3-6572-412a-ab56-145c276cd280/element/00000000-0000-0079-ffff-ffff0000004f/displayed&amp#27;[39m
&amp#27;[38;5;0m[HTTP]&amp#27;[0m {}
[debug] &amp#27;[38;5;32m[AndroidUiautomator2Driver@db8f (63a3b3b3)]&amp#27;[0m Calling AppiumDriver.elementDisplayed() with args: ["00000000-0000-0079-ffff-ffff0000004f","63a3b3b3-6572-412a-ab56-145c276cd280"]
[debug] &amp#27;[38;5;32m[AndroidUiautomator2Driver@db8f (63a3b3b3)]&amp#27;[0m Matched '/element/00000000-0000-0079-ffff-ffff0000004f/attribute/displayed' to command name 'getAttribute'
[debug] &amp#27;[38;5;32m[AndroidUiautomator2Driver@db8f (63a3b3b3)]&amp#27;[0m Proxying [GET /element/00000000-0000-0079-ffff-ffff0000004f/attribute/displayed] to [GET http://127.0.0.1:10000/session/d57f122c-1079-49f0-a70a-da18a689bf5e/element/00000000-0000-0079-ffff-ffff0000004f/attribute/displayed] with no body
[debug] &amp#27;[38;5;32m[AndroidUiautomator2Driver@db8f (63a3b3b3)]&amp#27;[0m Got response with status 200: {"sessionId":"d57f122c-1079-49f0-a70a-da18a689bf5e","value":"true"}
[debug] &amp#27;[38;5;32m[AndroidUiautomator2Driver@db8f (63a3b3b3)]&amp#27;[0m Responding to client with driver.elementDisplayed() result: true
&amp#27;[38;5;0m[HTTP]&amp#27;[0m <-- GET /session/63a3b3b3-6572-412a-ab56-145c276cd280/element/00000000-0000-0079-ffff-ffff0000004f/displayed 200 42 ms - 14
&amp#27;[38;5;0m[HTTP]&amp#27;[0m 
&amp#27;[38;5;0m[HTTP]&amp#27;[0m &amp#27;[37m-->&amp#27;[39m &amp#27;[37mGET&amp#27;[39m &amp#27;[37m/session/63a3b3b3-6572-412a-ab56-145c276cd280/context&amp#27;[39m
&amp#27;[38;5;0m[HTTP]&amp#27;[0m {}
[debug] &amp#27;[38;5;32m[AndroidUiautomator2Driver@db8f (63a3b3b3)]&amp#27;[0m Calling AppiumDriver.getCurrentContext() with args: ["63a3b3b3-6572-412a-ab56-145c276cd280"]
[debug] &amp#27;[38;5;32m[AndroidUiautomator2Driver@db8f (63a3b3b3)]&amp#27;[0m Responding to client with driver.getCurrentContext() result: "NATIVE_APP"
&amp#27;[38;5;0m[HTTP]&amp#27;[0m <-- GET /session/63a3b3b3-6572-412a-ab56-145c276cd280/context 200 29 ms - 22
&amp#27;[38;5;0m[HTTP]&amp#27;[0m 
&amp#27;[38;5;0m[HTTP]&amp#27;[0m &amp#27;[37m-->&amp#27;[39m &amp#27;[37mPOST&amp#27;[39m &amp#27;[37m/session/63a3b3b3-6572-412a-ab56-145c276cd280/element&amp#27;[39m
&amp#27;[38;5;0m[HTTP]&amp#27;[0m {"using":"xpath","value":"//android.view.ViewGroup[@content-desc=\"test-Menu\"]/android.view.ViewGroup/android.widget.ImageView"}
[debug] &amp#27;[38;5;32m[AndroidUiautomator2Driver@db8f (63a3b3b3)]&amp#27;[0m Calling AppiumDriver.findElement() with args: ["xpath","//android.view.ViewGroup[@content-desc=\"test-Menu\"]/android.view.ViewGroup/android.widget.ImageView","63a3b3b3-6572-412a-ab56-145c276cd280"]
[debug] &amp#27;[38;5;32m[AndroidUiautomator2Driver@db8f (63a3b3b3)]&amp#27;[0m Valid locator strategies for this request: xpath, id, class name, accessibility id, css selector, -android uiautomator
[debug] &amp#27;[38;5;32m[AndroidUiautomator2Driver@db8f (63a3b3b3)]&amp#27;[0m Waiting up to 0 ms for condition
[debug] &amp#27;[38;5;32m[AndroidUiautomator2Driver@db8f (63a3b3b3)]&amp#27;[0m Matched '/element' to command name 'findElement'
[debug] &amp#27;[38;5;32m[AndroidUiautomator2Driver@db8f (63a3b3b3)]&amp#27;[0m Proxying [POST /element] to [POST http://127.0.0.1:10000/session/d57f122c-1079-49f0-a70a-da18a689bf5e/element] with body: {"strategy":"xpath","selector":"//android.view.ViewGroup[@content-desc=\"test-Menu\"]/android.view.ViewGroup/android.widget.ImageView","context":"","multiple":false}
[debug] &amp#27;[38;5;32m[AndroidUiautomator2Driver@db8f (63a3b3b3)]&amp#27;[0m Got response with status 200: {"sessionId":"d57f122c-1079-49f0-a70a-da18a689bf5e","value":{"ELEMENT":"00000000-0000-0079-ffff-ffff0000004f","element-6066-11e4-a52e-4f735466cecf":"00000000-0000-0079-ffff-ffff0000004f"}}
[debug] &amp#27;[38;5;32m[AndroidUiautomator2Driver@db8f (63a3b3b3)]&amp#27;[0m Responding to client with driver.findElement() result: {"element-6066-11e4-a52e-4f735466cecf":"00000000-0000-0079-ffff-ffff0000004f","ELEMENT":"00000000-0000-0079-ffff-ffff0000004f"}
&amp#27;[38;5;0m[HTTP]&amp#27;[0m <-- POST /session/63a3b3b3-6572-412a-ab56-145c276cd280/element 200 159 ms - 137
&amp#27;[38;5;0m[HTTP]&amp#27;[0m 
&amp#27;[38;5;0m[HTTP]&amp#27;[0m &amp#27;[37m-->&amp#27;[39m &amp#27;[37mPOST&amp#27;[39m &amp#27;[37m/session/63a3b3b3-6572-412a-ab56-145c276cd280/element/00000000-0000-0079-ffff-ffff0000004f/click&amp#27;[39m
&amp#27;[38;5;0m[HTTP]&amp#27;[0m {"id":"00000000-0000-0079-ffff-ffff0000004f"}
[debug] &amp#27;[38;5;32m[AndroidUiautomator2Driver@db8f (63a3b3b3)]&amp#27;[0m Calling AppiumDriver.click() with args: ["00000000-0000-0079-ffff-ffff0000004f","63a3b3b3-6572-412a-ab56-145c276cd280"]
[debug] &amp#27;[38;5;32m[AndroidUiautomator2Driver@db8f (63a3b3b3)]&amp#27;[0m Matched '/element/00000000-0000-0079-ffff-ffff0000004f/click' to command name 'click'
[debug] &amp#27;[38;5;32m[AndroidUiautomator2Driver@db8f (63a3b3b3)]&amp#27;[0m Proxying [POST /element/00000000-0000-0079-ffff-ffff0000004f/click] to [POST http://127.0.0.1:10000/session/d57f122c-1079-49f0-a70a-da18a689bf5e/element/00000000-0000-0079-ffff-ffff0000004f/click] with body: {"element":"00000000-0000-0079-ffff-ffff0000004f"}
[debug] &amp#27;[38;5;32m[XCUITestDriver@418b (c131a0b0)]&amp#27;[0m Got response with status 200: {"value":null,"sessionId":"403C56F7-B560-4A95-9D3E-23E213F85662"}
[debug] &amp#27;[38;5;32m[XCUITestDriver@418b (c131a0b0)]&amp#27;[0m Responding to client with driver.setValue() result: null
&amp#27;[38;5;0m[HTTP]&amp#27;[0m <-- POST /session/c131a0b0-4ee4-41db-9122-0078c0464db0/element/47000000-0000-0000-7418-000000000000/value 200 767 ms - 14
&amp#27;[38;5;0m[HTTP]&amp#27;[0m 
&amp#27;[38;5;0m[HTTP]&amp#27;[0m &amp#27;[37m-->&amp#27;[39m &amp#27;[37mGET&amp#27;[39m &amp#27;[37m/session/c131a0b0-4ee4-41db-9122-0078c0464db0/context&amp#27;[39m
&amp#27;[38;5;0m[HTTP]&amp#27;[0m {}
[debug] &amp#27;[38;5;32m[XCUITestDriver@418b (c131a0b0)]&amp#27;[0m Calling AppiumDriver.getCurrentContext() with args: ["c131a0b0-4ee4-41db-9122-0078c0464db0"]
[debug] &amp#27;[38;5;32m[XCUITestDriver@418b (c131a0b0)]&amp#27;[0m Executing command 'getCurrentContext'
[debug] &amp#27;[38;5;32m[XCUITestDriver@418b (c131a0b0)]&amp#27;[0m Responding to client with driver.getCurrentContext() result: "NATIVE_APP"
&amp#27;[38;5;0m[HTTP]&amp#27;[0m <-- GET /session/c131a0b0-4ee4-41db-9122-0078c0464db0/context 200 10 ms - 22
&amp#27;[38;5;0m[HTTP]&amp#27;[0m 
&amp#27;[38;5;0m[HTTP]&amp#27;[0m &amp#27;[37m-->&amp#27;[39m &amp#27;[37mPOST&amp#27;[39m &amp#27;[37m/session/c131a0b0-4ee4-41db-9122-0078c0464db0/element&amp#27;[39m
&amp#27;[38;5;0m[HTTP]&amp#27;[0m {"using":"accessibility id","value":"test-Password"}
[debug] &amp#27;[38;5;32m[XCUITestDriver@418b (c131a0b0)]&amp#27;[0m Calling AppiumDriver.findElement() with args: ["accessibility id","test-Password","c131a0b0-4ee4-41db-9122-0078c0464db0"]
[debug] &amp#27;[38;5;32m[XCUITestDriver@418b (c131a0b0)]&amp#27;[0m Executing command 'findElement'
[debug] &amp#27;[38;5;32m[XCUITestDriver@418b (c131a0b0)]&amp#27;[0m Valid locator strategies for this request: xpath, id, name, class name, -ios predicate string, -ios class chain, accessibility id, css selector
[debug] &amp#27;[38;5;32m[XCUITestDriver@418b (c131a0b0)]&amp#27;[0m Waiting up to 0 ms for condition
[debug] &amp#27;[38;5;32m[XCUITestDriver@418b (c131a0b0)]&amp#27;[0m Matched '/element' to command name 'findElement'
[debug] &amp#27;[38;5;32m[XCUITestDriver@418b (c131a0b0)]&amp#27;[0m Proxying [POST /element] to [POST http://127.0.0.1:10002/session/403C56F7-B560-4A95-9D3E-23E213F85662/element] with body: {"using":"accessibility id","value":"test-Password"}
[debug] &amp#27;[38;5;32m[AndroidUiautomator2Driver@db8f (63a3b3b3)]&amp#27;[0m Got response with status 200: {"sessionId":"d57f122c-1079-49f0-a70a-da18a689bf5e","value":null}
[debug] &amp#27;[38;5;32m[AndroidUiautomator2Driver@db8f (63a3b3b3)]&amp#27;[0m Responding to client with driver.click() result: null
&amp#27;[38;5;0m[HTTP]&amp#27;[0m <-- POST /session/63a3b3b3-6572-412a-ab56-145c276cd280/element/00000000-0000-0079-ffff-ffff0000004f/click 200 281 ms - 14
&amp#27;[38;5;0m[HTTP]&amp#27;[0m 
&amp#27;[38;5;0m[HTTP]&amp#27;[0m &amp#27;[37m-->&amp#27;[39m &amp#27;[37mGET&amp#27;[39m &amp#27;[37m/session/63a3b3b3-6572-412a-ab56-145c276cd280/context&amp#27;[39m
&amp#27;[38;5;0m[HTTP]&amp#27;[0m {}
[debug] &amp#27;[38;5;32m[AndroidUiautomator2Driver@db8f (63a3b3b3)]&amp#27;[0m Calling AppiumDriver.getCurrentContext() with args: ["63a3b3b3-6572-412a-ab56-145c276cd280"]
[debug] &amp#27;[38;5;32m[AndroidUiautomator2Driver@db8f (63a3b3b3)]&amp#27;[0m Responding to client with driver.getCurrentContext() result: "NATIVE_APP"
&amp#27;[38;5;0m[HTTP]&amp#27;[0m <-- GET /session/63a3b3b3-6572-412a-ab56-145c276cd280/context 200 25 ms - 22
&amp#27;[38;5;0m[HTTP]&amp#27;[0m 
&amp#27;[38;5;0m[HTTP]&amp#27;[0m &amp#27;[37m-->&amp#27;[39m &amp#27;[37mPOST&amp#27;[39m &amp#27;[37m/session/63a3b3b3-6572-412a-ab56-145c276cd280/element&amp#27;[39m
&amp#27;[38;5;0m[HTTP]&amp#27;[0m {"using":"accessibility id","value":"test-LOGOUT"}
[debug] &amp#27;[38;5;32m[AndroidUiautomator2Driver@db8f (63a3b3b3)]&amp#27;[0m Calling AppiumDriver.findElement() with args: ["accessibility id","test-LOGOUT","63a3b3b3-6572-412a-ab56-145c276cd280"]
[debug] &amp#27;[38;5;32m[AndroidUiautomator2Driver@db8f (63a3b3b3)]&amp#27;[0m Valid locator strategies for this request: xpath, id, class name, accessibility id, css selector, -android uiautomator
[debug] &amp#27;[38;5;32m[AndroidUiautomator2Driver@db8f (63a3b3b3)]&amp#27;[0m Waiting up to 0 ms for condition
[debug] &amp#27;[38;5;32m[AndroidUiautomator2Driver@db8f (63a3b3b3)]&amp#27;[0m Matched '/element' to command name 'findElement'
[debug] &amp#27;[38;5;32m[AndroidUiautomator2Driver@db8f (63a3b3b3)]&amp#27;[0m Proxying [POST /element] to [POST http://127.0.0.1:10000/session/d57f122c-1079-49f0-a70a-da18a689bf5e/element] with body: {"strategy":"accessibility id","selector":"test-LOGOUT","context":"","multiple":false}
[debug] &amp#27;[38;5;32m[XCUITestDriver@418b (c131a0b0)]&amp#27;[0m Got response with status 200: {"value":{"ELEMENT":"48000000-0000-0000-7418-000000000000","element-6066-11e4-a52e-4f735466cecf":"48000000-0000-0000-7418-000000000000"},"sessionId":"403C56F7-B560-4A95-9D3E-23E213F85662"}
[debug] &amp#27;[38;5;32m[XCUITestDriver@418b (c131a0b0)]&amp#27;[0m Responding to client with driver.findElement() result: {"element-6066-11e4-a52e-4f735466cecf":"48000000-0000-0000-7418-000000000000","ELEMENT":"48000000-0000-0000-7418-000000000000"}
&amp#27;[38;5;0m[HTTP]&amp#27;[0m <-- POST /session/c131a0b0-4ee4-41db-9122-0078c0464db0/element 200 769 ms - 137
&amp#27;[38;5;0m[HTTP]&amp#27;[0m 
&amp#27;[38;5;0m[HTTP]&amp#27;[0m &amp#27;[37m-->&amp#27;[39m &amp#27;[37mGET&amp#27;[39m &amp#27;[37m/session/c131a0b0-4ee4-41db-9122-0078c0464db0/element/48000000-0000-0000-7418-000000000000/displayed&amp#27;[39m
&amp#27;[38;5;0m[HTTP]&amp#27;[0m {}
&amp#27;[38;5;32m[XCUITestDriver@418b (c131a0b0)]&amp#27;[0m Driver proxy active, passing request on via HTTP proxy
[debug] &amp#27;[38;5;32m[XCUITestDriver@418b (c131a0b0)]&amp#27;[0m Executing command 'proxyReqRes'
[debug] &amp#27;[38;5;32m[XCUITestDriver@418b (c131a0b0)]&amp#27;[0m Matched '/session/c131a0b0-4ee4-41db-9122-0078c0464db0/element/48000000-0000-0000-7418-000000000000/displayed' to command name 'elementDisplayed'
[debug] &amp#27;[38;5;32m[XCUITestDriver@418b (c131a0b0)]&amp#27;[0m Proxying [GET /session/c131a0b0-4ee4-41db-9122-0078c0464db0/element/48000000-0000-0000-7418-000000000000/displayed] to [GET http://127.0.0.1:10002/session/403C56F7-B560-4A95-9D3E-23E213F85662/element/48000000-0000-0000-7418-000000000000/displayed] with no body
[debug] &amp#27;[38;5;32m[XCUITestDriver@418b (c131a0b0)]&amp#27;[0m Got response with status 200: {"value":true,"sessionId":"403C56F7-B560-4A95-9D3E-23E213F85662"}
&amp#27;[38;5;32m[XCUITestDriver@418b (c131a0b0)]&amp#27;[0m Replacing sessionId 403C56F7-B560-4A95-9D3E-23E213F85662 with c131a0b0-4ee4-41db-9122-0078c0464db0
&amp#27;[38;5;0m[HTTP]&amp#27;[0m <-- GET /session/c131a0b0-4ee4-41db-9122-0078c0464db0/element/48000000-0000-0000-7418-000000000000/displayed 200 312 ms - 65
&amp#27;[38;5;0m[HTTP]&amp#27;[0m 
&amp#27;[38;5;0m[HTTP]&amp#27;[0m &amp#27;[37m-->&amp#27;[39m &amp#27;[37mGET&amp#27;[39m &amp#27;[37m/session/c131a0b0-4ee4-41db-9122-0078c0464db0/context&amp#27;[39m
&amp#27;[38;5;0m[HTTP]&amp#27;[0m {}
[debug] &amp#27;[38;5;32m[XCUITestDriver@418b (c131a0b0)]&amp#27;[0m Calling AppiumDriver.getCurrentContext() with args: ["c131a0b0-4ee4-41db-9122-0078c0464db0"]
[debug] &amp#27;[38;5;32m[XCUITestDriver@418b (c131a0b0)]&amp#27;[0m Executing command 'getCurrentContext'
[debug] &amp#27;[38;5;32m[XCUITestDriver@418b (c131a0b0)]&amp#27;[0m Responding to client with driver.getCurrentContext() result: "NATIVE_APP"
&amp#27;[38;5;0m[HTTP]&amp#27;[0m <-- GET /session/c131a0b0-4ee4-41db-9122-0078c0464db0/context 200 7 ms - 22
&amp#27;[38;5;0m[HTTP]&amp#27;[0m 
&amp#27;[38;5;0m[HTTP]&amp#27;[0m &amp#27;[37m-->&amp#27;[39m &amp#27;[37mPOST&amp#27;[39m &amp#27;[37m/session/c131a0b0-4ee4-41db-9122-0078c0464db0/element&amp#27;[39m
&amp#27;[38;5;0m[HTTP]&amp#27;[0m {"using":"accessibility id","value":"test-Password"}
[debug] &amp#27;[38;5;32m[XCUITestDriver@418b (c131a0b0)]&amp#27;[0m Calling AppiumDriver.findElement() with args: ["accessibility id","test-Password","c131a0b0-4ee4-41db-9122-0078c0464db0"]
[debug] &amp#27;[38;5;32m[XCUITestDriver@418b (c131a0b0)]&amp#27;[0m Executing command 'findElement'
[debug] &amp#27;[38;5;32m[XCUITestDriver@418b (c131a0b0)]&amp#27;[0m Valid locator strategies for this request: xpath, id, name, class name, -ios predicate string, -ios class chain, accessibility id, css selector
[debug] &amp#27;[38;5;32m[XCUITestDriver@418b (c131a0b0)]&amp#27;[0m Waiting up to 0 ms for condition
[debug] &amp#27;[38;5;32m[XCUITestDriver@418b (c131a0b0)]&amp#27;[0m Matched '/element' to command name 'findElement'
[debug] &amp#27;[38;5;32m[XCUITestDriver@418b (c131a0b0)]&amp#27;[0m Proxying [POST /element] to [POST http://127.0.0.1:10002/session/403C56F7-B560-4A95-9D3E-23E213F85662/element] with body: {"using":"accessibility id","value":"test-Password"}
[debug] &amp#27;[38;5;32m[XCUITestDriver@418b (c131a0b0)]&amp#27;[0m Got response with status 200: {"value":{"ELEMENT":"48000000-0000-0000-7418-000000000000","element-6066-11e4-a52e-4f735466cecf":"48000000-0000-0000-7418-000000000000"},"sessionId":"403C56F7-B560-4A95-9D3E-23E213F85662"}
[debug] &amp#27;[38;5;32m[XCUITestDriver@418b (c131a0b0)]&amp#27;[0m Responding to client with driver.findElement() result: {"element-6066-11e4-a52e-4f735466cecf":"48000000-0000-0000-7418-000000000000","ELEMENT":"48000000-0000-0000-7418-000000000000"}
&amp#27;[38;5;0m[HTTP]&amp#27;[0m <-- POST /session/c131a0b0-4ee4-41db-9122-0078c0464db0/element 200 535 ms - 137
&amp#27;[38;5;0m[HTTP]&amp#27;[0m 
&amp#27;[38;5;0m[HTTP]&amp#27;[0m &amp#27;[37m-->&amp#27;[39m &amp#27;[37mPOST&amp#27;[39m &amp#27;[37m/session/c131a0b0-4ee4-41db-9122-0078c0464db0/element/48000000-0000-0000-7418-000000000000/clear&amp#27;[39m
&amp#27;[38;5;0m[HTTP]&amp#27;[0m {"id":"48000000-0000-0000-7418-000000000000"}
[debug] &amp#27;[38;5;32m[XCUITestDriver@418b (c131a0b0)]&amp#27;[0m Calling AppiumDriver.clear() with args: ["48000000-0000-0000-7418-000000000000","c131a0b0-4ee4-41db-9122-0078c0464db0"]
[debug] &amp#27;[38;5;32m[XCUITestDriver@418b (c131a0b0)]&amp#27;[0m Executing command 'clear'
[debug] &amp#27;[38;5;32m[XCUITestDriver@418b (c131a0b0)]&amp#27;[0m Matched '/element/48000000-0000-0000-7418-000000000000/clear' to command name 'clear'
[debug] &amp#27;[38;5;32m[XCUITestDriver@418b (c131a0b0)]&amp#27;[0m Proxying [POST /element/48000000-0000-0000-7418-000000000000/clear] to [POST http://127.0.0.1:10002/session/403C56F7-B560-4A95-9D3E-23E213F85662/element/48000000-0000-0000-7418-000000000000/clear] with no body
[debug] &amp#27;[38;5;32m[AndroidUiautomator2Driver@db8f (63a3b3b3)]&amp#27;[0m Got response with status 200: {"sessionId":"d57f122c-1079-49f0-a70a-da18a689bf5e","value":{"ELEMENT":"00000000-0000-0079-ffff-ffff0000001e","element-6066-11e4-a52e-4f735466cecf":"00000000-0000-0079-ffff-ffff0000001e"}}
[debug] &amp#27;[38;5;32m[AndroidUiautomator2Driver@db8f (63a3b3b3)]&amp#27;[0m Responding to client with driver.findElement() result: {"element-6066-11e4-a52e-4f735466cecf":"00000000-0000-0079-ffff-ffff0000001e","ELEMENT":"00000000-0000-0079-ffff-ffff0000001e"}
&amp#27;[38;5;0m[HTTP]&amp#27;[0m <-- POST /session/63a3b3b3-6572-412a-ab56-145c276cd280/element 200 1932 ms - 137
&amp#27;[38;5;0m[HTTP]&amp#27;[0m 
&amp#27;[38;5;0m[HTTP]&amp#27;[0m &amp#27;[37m-->&amp#27;[39m &amp#27;[37mGET&amp#27;[39m &amp#27;[37m/session/63a3b3b3-6572-412a-ab56-145c276cd280/element/00000000-0000-0079-ffff-ffff0000001e/displayed&amp#27;[39m
&amp#27;[38;5;0m[HTTP]&amp#27;[0m {}
[debug] &amp#27;[38;5;32m[AndroidUiautomator2Driver@db8f (63a3b3b3)]&amp#27;[0m Calling AppiumDriver.elementDisplayed() with args: ["00000000-0000-0079-ffff-ffff0000001e","63a3b3b3-6572-412a-ab56-145c276cd280"]
[debug] &amp#27;[38;5;32m[AndroidUiautomator2Driver@db8f (63a3b3b3)]&amp#27;[0m Matched '/element/00000000-0000-0079-ffff-ffff0000001e/attribute/displayed' to command name 'getAttribute'
[debug] &amp#27;[38;5;32m[AndroidUiautomator2Driver@db8f (63a3b3b3)]&amp#27;[0m Proxying [GET /element/00000000-0000-0079-ffff-ffff0000001e/attribute/displayed] to [GET http://127.0.0.1:10000/session/d57f122c-1079-49f0-a70a-da18a689bf5e/element/00000000-0000-0079-ffff-ffff0000001e/attribute/displayed] with no body
[debug] &amp#27;[38;5;32m[AndroidUiautomator2Driver@db8f (63a3b3b3)]&amp#27;[0m Got response with status 200: {"sessionId":"d57f122c-1079-49f0-a70a-da18a689bf5e","value":"true"}
[debug] &amp#27;[38;5;32m[AndroidUiautomator2Driver@db8f (63a3b3b3)]&amp#27;[0m Responding to client with driver.elementDisplayed() result: true
&amp#27;[38;5;0m[HTTP]&amp#27;[0m <-- GET /session/63a3b3b3-6572-412a-ab56-145c276cd280/element/00000000-0000-0079-ffff-ffff0000001e/displayed 200 194 ms - 14
&amp#27;[38;5;0m[HTTP]&amp#27;[0m 
&amp#27;[38;5;0m[HTTP]&amp#27;[0m &amp#27;[37m-->&amp#27;[39m &amp#27;[37mGET&amp#27;[39m &amp#27;[37m/session/63a3b3b3-6572-412a-ab56-145c276cd280/context&amp#27;[39m
&amp#27;[38;5;0m[HTTP]&amp#27;[0m {}
[debug] &amp#27;[38;5;32m[AndroidUiautomator2Driver@db8f (63a3b3b3)]&amp#27;[0m Calling AppiumDriver.getCurrentContext() with args: ["63a3b3b3-6572-412a-ab56-145c276cd280"]
[debug] &amp#27;[38;5;32m[AndroidUiautomator2Driver@db8f (63a3b3b3)]&amp#27;[0m Responding to client with driver.getCurrentContext() result: "NATIVE_APP"
&amp#27;[38;5;0m[HTTP]&amp#27;[0m <-- GET /session/63a3b3b3-6572-412a-ab56-145c276cd280/context 200 6 ms - 22
&amp#27;[38;5;0m[HTTP]&amp#27;[0m 
&amp#27;[38;5;0m[HTTP]&amp#27;[0m &amp#27;[37m-->&amp#27;[39m &amp#27;[37mPOST&amp#27;[39m &amp#27;[37m/session/63a3b3b3-6572-412a-ab56-145c276cd280/element&amp#27;[39m
&amp#27;[38;5;0m[HTTP]&amp#27;[0m {"using":"accessibility id","value":"test-LOGOUT"}
[debug] &amp#27;[38;5;32m[AndroidUiautomator2Driver@db8f (63a3b3b3)]&amp#27;[0m Calling AppiumDriver.findElement() with args: ["accessibility id","test-LOGOUT","63a3b3b3-6572-412a-ab56-145c276cd280"]
[debug] &amp#27;[38;5;32m[AndroidUiautomator2Driver@db8f (63a3b3b3)]&amp#27;[0m Valid locator strategies for this request: xpath, id, class name, accessibility id, css selector, -android uiautomator
[debug] &amp#27;[38;5;32m[AndroidUiautomator2Driver@db8f (63a3b3b3)]&amp#27;[0m Waiting up to 0 ms for condition
[debug] &amp#27;[38;5;32m[AndroidUiautomator2Driver@db8f (63a3b3b3)]&amp#27;[0m Matched '/element' to command name 'findElement'
[debug] &amp#27;[38;5;32m[AndroidUiautomator2Driver@db8f (63a3b3b3)]&amp#27;[0m Proxying [POST /element] to [POST http://127.0.0.1:10000/session/d57f122c-1079-49f0-a70a-da18a689bf5e/element] with body: {"strategy":"accessibility id","selector":"test-LOGOUT","context":"","multiple":false}
[debug] &amp#27;[38;5;32m[AndroidUiautomator2Driver@db8f (63a3b3b3)]&amp#27;[0m Got response with status 200: {"sessionId":"d57f122c-1079-49f0-a70a-da18a689bf5e","value":{"ELEMENT":"00000000-0000-0079-ffff-ffff0000001e","element-6066-11e4-a52e-4f735466cecf":"00000000-0000-0079-ffff-ffff0000001e"}}
[debug] &amp#27;[38;5;32m[AndroidUiautomator2Driver@db8f (63a3b3b3)]&amp#27;[0m Responding to client with driver.findElement() result: {"element-6066-11e4-a52e-4f735466cecf":"00000000-0000-0079-ffff-ffff0000001e","ELEMENT":"00000000-0000-0079-ffff-ffff0000001e"}
&amp#27;[38;5;0m[HTTP]&amp#27;[0m <-- POST /session/63a3b3b3-6572-412a-ab56-145c276cd280/element 200 116 ms - 137
&amp#27;[38;5;0m[HTTP]&amp#27;[0m 
&amp#27;[38;5;0m[HTTP]&amp#27;[0m &amp#27;[37m-->&amp#27;[39m &amp#27;[37mPOST&amp#27;[39m &amp#27;[37m/session/63a3b3b3-6572-412a-ab56-145c276cd280/element/00000000-0000-0079-ffff-ffff0000001e/click&amp#27;[39m
&amp#27;[38;5;0m[HTTP]&amp#27;[0m {"id":"00000000-0000-0079-ffff-ffff0000001e"}
[debug] &amp#27;[38;5;32m[AndroidUiautomator2Driver@db8f (63a3b3b3)]&amp#27;[0m Calling AppiumDriver.click() with args: ["00000000-0000-0079-ffff-ffff0000001e","63a3b3b3-6572-412a-ab56-145c276cd280"]
[debug] &amp#27;[38;5;32m[AndroidUiautomator2Driver@db8f (63a3b3b3)]&amp#27;[0m Matched '/element/00000000-0000-0079-ffff-ffff0000001e/click' to command name 'click'
[debug] &amp#27;[38;5;32m[AndroidUiautomator2Driver@db8f (63a3b3b3)]&amp#27;[0m Proxying [POST /element/00000000-0000-0079-ffff-ffff0000001e/click] to [POST http://127.0.0.1:10000/session/d57f122c-1079-49f0-a70a-da18a689bf5e/element/00000000-0000-0079-ffff-ffff0000001e/click] with body: {"element":"00000000-0000-0079-ffff-ffff0000001e"}
[debug] &amp#27;[38;5;32m[AndroidUiautomator2Driver@db8f (63a3b3b3)]&amp#27;[0m Got response with status 200: {"sessionId":"d57f122c-1079-49f0-a70a-da18a689bf5e","value":null}
[debug] &amp#27;[38;5;32m[AndroidUiautomator2Driver@db8f (63a3b3b3)]&amp#27;[0m Responding to client with driver.click() result: null
&amp#27;[38;5;0m[HTTP]&amp#27;[0m <-- POST /session/63a3b3b3-6572-412a-ab56-145c276cd280/element/00000000-0000-0079-ffff-ffff0000001e/click 200 200 ms - 14
&amp#27;[38;5;0m[HTTP]&amp#27;[0m 
20:Android:Pixel_6_pro:com.qa.BaseTest:Super After  Method
20:Android:Pixel_6_pro:com.qa.BaseTest:Super Before Method
&amp#27;[38;5;0m[HTTP]&amp#27;[0m &amp#27;[37m-->&amp#27;[39m &amp#27;[37mPOST&amp#27;[39m &amp#27;[37m/session/63a3b3b3-6572-412a-ab56-145c276cd280/appium/stop_recording_screen&amp#27;[39m
&amp#27;[38;5;0m[HTTP]&amp#27;[0m {}
[debug] &amp#27;[38;5;32m[AndroidUiautomator2Driver@db8f (63a3b3b3)]&amp#27;[0m Calling AppiumDriver.stopRecordingScreen() with args: [null,"63a3b3b3-6572-412a-ab56-145c276cd280"]
[debug] &amp#27;[38;5;64m[ADB]&amp#27;[0m Getting IDs of all 'screenrecord' processes
[debug] &amp#27;[38;5;64m[ADB]&amp#27;[0m Running '/Users/nikhilkumargupta/Library/Android/sdk/platform-tools/adb -P 5037 -s emulator-5554 shell pgrep -f \(\[\[:blank:\]\]\|\^\)screenrecord\(\[\[:blank:\]\]\|\$\)'
[debug] &amp#27;[38;5;32m[XCUITestDriver@418b (c131a0b0)]&amp#27;[0m Got response with status 200: {"value":null,"sessionId":"403C56F7-B560-4A95-9D3E-23E213F85662"}
[debug] &amp#27;[38;5;32m[XCUITestDriver@418b (c131a0b0)]&amp#27;[0m Responding to client with driver.clear() result: null
&amp#27;[38;5;0m[HTTP]&amp#27;[0m <-- POST /session/c131a0b0-4ee4-41db-9122-0078c0464db0/element/48000000-0000-0000-7418-000000000000/clear 200 1897 ms - 14
&amp#27;[38;5;0m[HTTP]&amp#27;[0m 
&amp#27;[38;5;0m[HTTP]&amp#27;[0m &amp#27;[37m-->&amp#27;[39m &amp#27;[37mGET&amp#27;[39m &amp#27;[37m/session/c131a0b0-4ee4-41db-9122-0078c0464db0/context&amp#27;[39m
&amp#27;[38;5;0m[HTTP]&amp#27;[0m {}
[debug] &amp#27;[38;5;32m[XCUITestDriver@418b (c131a0b0)]&amp#27;[0m Calling AppiumDriver.getCurrentContext() with args: ["c131a0b0-4ee4-41db-9122-0078c0464db0"]
[debug] &amp#27;[38;5;32m[XCUITestDriver@418b (c131a0b0)]&amp#27;[0m Executing command 'getCurrentContext'
[debug] &amp#27;[38;5;32m[XCUITestDriver@418b (c131a0b0)]&amp#27;[0m Responding to client with driver.getCurrentContext() result: "NATIVE_APP"
&amp#27;[38;5;0m[HTTP]&amp#27;[0m <-- GET /session/c131a0b0-4ee4-41db-9122-0078c0464db0/context 200 11 ms - 22
&amp#27;[38;5;0m[HTTP]&amp#27;[0m 
&amp#27;[38;5;0m[HTTP]&amp#27;[0m &amp#27;[37m-->&amp#27;[39m &amp#27;[37mPOST&amp#27;[39m &amp#27;[37m/session/c131a0b0-4ee4-41db-9122-0078c0464db0/element&amp#27;[39m
&amp#27;[38;5;0m[HTTP]&amp#27;[0m {"using":"accessibility id","value":"test-Password"}
[debug] &amp#27;[38;5;32m[XCUITestDriver@418b (c131a0b0)]&amp#27;[0m Calling AppiumDriver.findElement() with args: ["accessibility id","test-Password","c131a0b0-4ee4-41db-9122-0078c0464db0"]
[debug] &amp#27;[38;5;32m[XCUITestDriver@418b (c131a0b0)]&amp#27;[0m Executing command 'findElement'
[debug] &amp#27;[38;5;32m[XCUITestDriver@418b (c131a0b0)]&amp#27;[0m Valid locator strategies for this request: xpath, id, name, class name, -ios predicate string, -ios class chain, accessibility id, css selector
[debug] &amp#27;[38;5;32m[XCUITestDriver@418b (c131a0b0)]&amp#27;[0m Waiting up to 0 ms for condition
[debug] &amp#27;[38;5;32m[XCUITestDriver@418b (c131a0b0)]&amp#27;[0m Matched '/element' to command name 'findElement'
[debug] &amp#27;[38;5;32m[XCUITestDriver@418b (c131a0b0)]&amp#27;[0m Proxying [POST /element] to [POST http://127.0.0.1:10002/session/403C56F7-B560-4A95-9D3E-23E213F85662/element] with body: {"using":"accessibility id","value":"test-Password"}
[debug] &amp#27;[38;5;64m[ADB]&amp#27;[0m Running '/Users/nikhilkumargupta/Library/Android/sdk/platform-tools/adb -P 5037 -s emulator-5554 shell kill -2 15031'
[debug] &amp#27;[38;5;32m[XCUITestDriver@418b (c131a0b0)]&amp#27;[0m Got response with status 200: {"value":{"ELEMENT":"48000000-0000-0000-7418-000000000000","element-6066-11e4-a52e-4f735466cecf":"48000000-0000-0000-7418-000000000000"},"sessionId":"403C56F7-B560-4A95-9D3E-23E213F85662"}
[debug] &amp#27;[38;5;32m[XCUITestDriver@418b (c131a0b0)]&amp#27;[0m Responding to client with driver.findElement() result: {"element-6066-11e4-a52e-4f735466cecf":"48000000-0000-0000-7418-000000000000","ELEMENT":"48000000-0000-0000-7418-000000000000"}
&amp#27;[38;5;0m[HTTP]&amp#27;[0m <-- POST /session/c131a0b0-4ee4-41db-9122-0078c0464db0/element 200 520 ms - 137
&amp#27;[38;5;0m[HTTP]&amp#27;[0m 
&amp#27;[38;5;0m[HTTP]&amp#27;[0m &amp#27;[37m-->&amp#27;[39m &amp#27;[37mGET&amp#27;[39m &amp#27;[37m/session/c131a0b0-4ee4-41db-9122-0078c0464db0/element/48000000-0000-0000-7418-000000000000/displayed&amp#27;[39m
&amp#27;[38;5;0m[HTTP]&amp#27;[0m {}
&amp#27;[38;5;32m[XCUITestDriver@418b (c131a0b0)]&amp#27;[0m Driver proxy active, passing request on via HTTP proxy
[debug] &amp#27;[38;5;32m[XCUITestDriver@418b (c131a0b0)]&amp#27;[0m Executing command 'proxyReqRes'
[debug] &amp#27;[38;5;32m[XCUITestDriver@418b (c131a0b0)]&amp#27;[0m Matched '/session/c131a0b0-4ee4-41db-9122-0078c0464db0/element/48000000-0000-0000-7418-000000000000/displayed' to command name 'elementDisplayed'
[debug] &amp#27;[38;5;32m[XCUITestDriver@418b (c131a0b0)]&amp#27;[0m Proxying [GET /session/c131a0b0-4ee4-41db-9122-0078c0464db0/element/48000000-0000-0000-7418-000000000000/displayed] to [GET http://127.0.0.1:10002/session/403C56F7-B560-4A95-9D3E-23E213F85662/element/48000000-0000-0000-7418-000000000000/displayed] with no body
[debug] &amp#27;[38;5;64m[ADB]&amp#27;[0m Getting IDs of all 'screenrecord' processes
[debug] &amp#27;[38;5;64m[ADB]&amp#27;[0m Running '/Users/nikhilkumargupta/Library/Android/sdk/platform-tools/adb -P 5037 -s emulator-5554 shell pgrep -f \(\[\[:blank:\]\]\|\^\)screenrecord\(\[\[:blank:\]\]\|\$\)'
[debug] &amp#27;[38;5;32m[XCUITestDriver@418b (c131a0b0)]&amp#27;[0m Got response with status 200: {"value":true,"sessionId":"403C56F7-B560-4A95-9D3E-23E213F85662"}
&amp#27;[38;5;32m[XCUITestDriver@418b (c131a0b0)]&amp#27;[0m Replacing sessionId 403C56F7-B560-4A95-9D3E-23E213F85662 with c131a0b0-4ee4-41db-9122-0078c0464db0
&amp#27;[38;5;0m[HTTP]&amp#27;[0m <-- GET /session/c131a0b0-4ee4-41db-9122-0078c0464db0/element/48000000-0000-0000-7418-000000000000/displayed 200 244 ms - 65
&amp#27;[38;5;0m[HTTP]&amp#27;[0m 
&amp#27;[38;5;0m[HTTP]&amp#27;[0m &amp#27;[37m-->&amp#27;[39m &amp#27;[37mGET&amp#27;[39m &amp#27;[37m/session/c131a0b0-4ee4-41db-9122-0078c0464db0/context&amp#27;[39m
&amp#27;[38;5;0m[HTTP]&amp#27;[0m {}
[debug] &amp#27;[38;5;32m[XCUITestDriver@418b (c131a0b0)]&amp#27;[0m Calling AppiumDriver.getCurrentContext() with args: ["c131a0b0-4ee4-41db-9122-0078c0464db0"]
[debug] &amp#27;[38;5;32m[XCUITestDriver@418b (c131a0b0)]&amp#27;[0m Executing command 'getCurrentContext'
[debug] &amp#27;[38;5;32m[XCUITestDriver@418b (c131a0b0)]&amp#27;[0m Responding to client with driver.getCurrentContext() result: "NATIVE_APP"
&amp#27;[38;5;0m[HTTP]&amp#27;[0m <-- GET /session/c131a0b0-4ee4-41db-9122-0078c0464db0/context 200 10 ms - 22
&amp#27;[38;5;0m[HTTP]&amp#27;[0m 
&amp#27;[38;5;0m[HTTP]&amp#27;[0m &amp#27;[37m-->&amp#27;[39m &amp#27;[37mPOST&amp#27;[39m &amp#27;[37m/session/c131a0b0-4ee4-41db-9122-0078c0464db0/element&amp#27;[39m
&amp#27;[38;5;0m[HTTP]&amp#27;[0m {"using":"accessibility id","value":"test-Password"}
[debug] &amp#27;[38;5;32m[XCUITestDriver@418b (c131a0b0)]&amp#27;[0m Calling AppiumDriver.findElement() with args: ["accessibility id","test-Password","c131a0b0-4ee4-41db-9122-0078c0464db0"]
[debug] &amp#27;[38;5;32m[XCUITestDriver@418b (c131a0b0)]&amp#27;[0m Executing command 'findElement'
[debug] &amp#27;[38;5;32m[XCUITestDriver@418b (c131a0b0)]&amp#27;[0m Valid locator strategies for this request: xpath, id, name, class name, -ios predicate string, -ios class chain, accessibility id, css selector
[debug] &amp#27;[38;5;32m[XCUITestDriver@418b (c131a0b0)]&amp#27;[0m Waiting up to 0 ms for condition
[debug] &amp#27;[38;5;32m[XCUITestDriver@418b (c131a0b0)]&amp#27;[0m Matched '/element' to command name 'findElement'
[debug] &amp#27;[38;5;32m[XCUITestDriver@418b (c131a0b0)]&amp#27;[0m Proxying [POST /element] to [POST http://127.0.0.1:10002/session/403C56F7-B560-4A95-9D3E-23E213F85662/element] with body: {"using":"accessibility id","value":"test-Password"}
[debug] &amp#27;[38;5;32m[XCUITestDriver@418b (c131a0b0)]&amp#27;[0m Got response with status 200: {"value":{"ELEMENT":"48000000-0000-0000-7418-000000000000","element-6066-11e4-a52e-4f735466cecf":"48000000-0000-0000-7418-000000000000"},"sessionId":"403C56F7-B560-4A95-9D3E-23E213F85662"}
[debug] &amp#27;[38;5;32m[XCUITestDriver@418b (c131a0b0)]&amp#27;[0m Responding to client with driver.findElement() result: {"element-6066-11e4-a52e-4f735466cecf":"48000000-0000-0000-7418-000000000000","ELEMENT":"48000000-0000-0000-7418-000000000000"}
&amp#27;[38;5;0m[HTTP]&amp#27;[0m <-- POST /session/c131a0b0-4ee4-41db-9122-0078c0464db0/element 200 397 ms - 137
&amp#27;[38;5;0m[HTTP]&amp#27;[0m 
&amp#27;[38;5;0m[HTTP]&amp#27;[0m &amp#27;[37m-->&amp#27;[39m &amp#27;[37mPOST&amp#27;[39m &amp#27;[37m/session/c131a0b0-4ee4-41db-9122-0078c0464db0/element/48000000-0000-0000-7418-000000000000/value&amp#27;[39m
&amp#27;[38;5;0m[HTTP]&amp#27;[0m {"id":"48000000-0000-0000-7418-000000000000","text":"secret_sauce","value":["s","e","c","r","e","t","_","s","a","u","c","e"]}
[debug] &amp#27;[38;5;32m[XCUITestDriver@418b (c131a0b0)]&amp#27;[0m Calling AppiumDriver.setValue() with args: [["s","e","c","r","e","t","_","s","a","u","c","e"],"48000000-0000-0000-7418-000000000000","c131a0b0-4ee4-41db-9122-0078c0464db0"]
[debug] &amp#27;[38;5;32m[XCUITestDriver@418b (c131a0b0)]&amp#27;[0m Executing command 'setValue'
[debug] &amp#27;[38;5;32m[XCUITestDriver@418b (c131a0b0)]&amp#27;[0m Matched '/element/48000000-0000-0000-7418-000000000000/value' to command name 'setValue'
[debug] &amp#27;[38;5;32m[XCUITestDriver@418b (c131a0b0)]&amp#27;[0m Added 'text' property "secret_sauce" to 'setValue' request body
[debug] &amp#27;[38;5;32m[XCUITestDriver@418b (c131a0b0)]&amp#27;[0m Proxying [POST /element/48000000-0000-0000-7418-000000000000/value] to [POST http://127.0.0.1:10002/session/403C56F7-B560-4A95-9D3E-23E213F85662/element/48000000-0000-0000-7418-000000000000/value] with body: {"value":["s","e","c","r","e","t","_","s","a","u","c","e"],"text":"secret_sauce"}
[debug] &amp#27;[38;5;64m[ADB]&amp#27;[0m Getting IDs of all 'screenrecord' processes
[debug] &amp#27;[38;5;64m[ADB]&amp#27;[0m Running '/Users/nikhilkumargupta/Library/Android/sdk/platform-tools/adb -P 5037 -s emulator-5554 shell pgrep -f \(\[\[:blank:\]\]\|\^\)screenrecord\(\[\[:blank:\]\]\|\$\)'
[debug] &amp#27;[38;5;64m[ADB]&amp#27;[0m Running '/Users/nikhilkumargupta/Library/Android/sdk/platform-tools/adb -P 5037 -s emulator-5554 pull /sdcard/4f866ce6.mp4 /var/folders/5m/dpmm6c5d64jddlh2r5tn7_nh0000gp/T/2023330-6075-jpb916.6vj48/4f866ce6.mp4'
[debug] &amp#27;[38;5;64m[ADB]&amp#27;[0m Running '/Users/nikhilkumargupta/Library/Android/sdk/platform-tools/adb -P 5037 -s emulator-5554 shell rm -rf /sdcard/4f866ce6.mp4'
[debug] &amp#27;[38;5;32m[XCUITestDriver@418b (c131a0b0)]&amp#27;[0m Got response with status 200: {"value":null,"sessionId":"403C56F7-B560-4A95-9D3E-23E213F85662"}
[debug] &amp#27;[38;5;32m[XCUITestDriver@418b (c131a0b0)]&amp#27;[0m Responding to client with driver.setValue() result: null
&amp#27;[38;5;0m[HTTP]&amp#27;[0m <-- POST /session/c131a0b0-4ee4-41db-9122-0078c0464db0/element/48000000-0000-0000-7418-000000000000/value 200 647 ms - 14
&amp#27;[38;5;0m[HTTP]&amp#27;[0m 
&amp#27;[38;5;0m[HTTP]&amp#27;[0m &amp#27;[37m-->&amp#27;[39m &amp#27;[37mGET&amp#27;[39m &amp#27;[37m/session/c131a0b0-4ee4-41db-9122-0078c0464db0/context&amp#27;[39m
&amp#27;[38;5;0m[HTTP]&amp#27;[0m {}
[debug] &amp#27;[38;5;32m[XCUITestDriver@418b (c131a0b0)]&amp#27;[0m Calling AppiumDriver.getCurrentContext() with args: ["c131a0b0-4ee4-41db-9122-0078c0464db0"]
[debug] &amp#27;[38;5;32m[XCUITestDriver@418b (c131a0b0)]&amp#27;[0m Executing command 'getCurrentContext'
[debug] &amp#27;[38;5;32m[AndroidUiautomator2Driver@db8f (63a3b3b3)]&amp#27;[0m The size of the resulting screen recording is 1.10 MB
[debug] &amp#27;[38;5;32m[XCUITestDriver@418b (c131a0b0)]&amp#27;[0m Responding to client with driver.getCurrentContext() result: "NATIVE_APP"
&amp#27;[38;5;0m[HTTP]&amp#27;[0m <-- GET /session/c131a0b0-4ee4-41db-9122-0078c0464db0/context 200 52 ms - 22
&amp#27;[38;5;0m[HTTP]&amp#27;[0m 
&amp#27;[38;5;0m[HTTP]&amp#27;[0m &amp#27;[37m-->&amp#27;[39m &amp#27;[37mPOST&amp#27;[39m &amp#27;[37m/session/c131a0b0-4ee4-41db-9122-0078c0464db0/element&amp#27;[39m
&amp#27;[38;5;0m[HTTP]&amp#27;[0m {"using":"accessibility id","value":"test-LOGIN"}
[debug] &amp#27;[38;5;32m[XCUITestDriver@418b (c131a0b0)]&amp#27;[0m Calling AppiumDriver.findElement() with args: ["accessibility id","test-LOGIN","c131a0b0-4ee4-41db-9122-0078c0464db0"]
[debug] &amp#27;[38;5;32m[XCUITestDriver@418b (c131a0b0)]&amp#27;[0m Executing command 'findElement'
[debug] &amp#27;[38;5;32m[XCUITestDriver@418b (c131a0b0)]&amp#27;[0m Valid locator strategies for this request: xpath, id, name, class name, -ios predicate string, -ios class chain, accessibility id, css selector
[debug] &amp#27;[38;5;32m[XCUITestDriver@418b (c131a0b0)]&amp#27;[0m Waiting up to 0 ms for condition
[debug] &amp#27;[38;5;32m[XCUITestDriver@418b (c131a0b0)]&amp#27;[0m Matched '/element' to command name 'findElement'
[debug] &amp#27;[38;5;32m[XCUITestDriver@418b (c131a0b0)]&amp#27;[0m Proxying [POST /element] to [POST http://127.0.0.1:10002/session/403C56F7-B560-4A95-9D3E-23E213F85662/element] with body: {"using":"accessibility id","value":"test-LOGIN"}
[debug] &amp#27;[38;5;32m[AndroidUiautomator2Driver@db8f (63a3b3b3)]&amp#27;[0m Responding to client with driver.stopRecordingScreen() result: "AAAAGGZ0eXBtcDQyAAAAAGlzb21tcDQyAAAILG1vb3YAAABsbXZoZAAAAADgc8km4HPJJgAAJxAAAg5gAAEAAAEAAAAAAAAAAAAAAAABAAAAAAAAAAAAAAAAAAAAAQAAAAAAAAAAAAAAAAAAQAAAAAAAAAAAAAAAAAAAAAAAAAAAAAAAAAAAAAAAAAMAAAB2bWV0YQAAACFoZGxyAAAAAAAAAABtZHRhAAAAAAAAAAAAAAAAAAAAACtrZXlzAAAAAAAAAAEAAAAbbWR0YWNvbS5hbmRyb2lkLnZlcnNpb24AAAAiaWxzdAAAABoAAAABAAAAEmRhdGEAAAABAAAAADEzAAAFnHRyYWsAAABcdGtoZAAAAAfgc8km4HPJJgAAAAEAAAAAAAIOYAAAAAAAAAAAAAAAAAAAAAAAAQAAAAAAAAAAAAAAAAAAAAEAAAAAAAAAAAAAAAAAAEAAAAAC0AAABQAAAAAABThtZGlhAAAAIG1kaGQAAAAA4HPJJuBzySYAAV+QABKBYQAAAAAAAAAsaGRscgAAAAAAAAAAdmlkZQAAAAAAAAAAAAAAAFZpZGVvSGFuZGxlAAAABORtaW5mAAAAFHZtaGQAAAABAAAAAAAAAAAAAAAkZGluZgAAABxkcmVmAAAAAAAAAAEAAAAMdXJsIAAAAAEAAASkc3RibAAAAKRzdHNkAAAAAAAAAAEAAACUYXZjMQAAAAAAAAABAAAAAAAAAAAAAAAAAAAAAALQBQAASAAAAEgAAAAAAAAAAQAgICAgICAgICAgICAgICAgICAgICAgICAgICAgICAgABj//wAAACthdmNDAULAKf/hABJnQsApjWgLQKGkICAgIPCIRqABAAZozgGoNcgAAAATY29scm5jbHgAAQABAAEAAAACCHN0dHMAAAAAAAAAPwAAAAEAABC1AAAAAQAAF20AAAABAAAPYgAAAAEAABKWAAAAAQAA19oAAAABAAHwDwAAAAEAAJ4DAAAAAQAAOPsAAAABAADE...
&amp#27;[38;5;0m[HTTP]&amp#27;[0m <-- POST /session/63a3b3b3-6572-412a-ab56-145c276cd280/appium/stop_recording_screen 200 3077 ms - 1534312
&amp#27;[38;5;0m[HTTP]&amp#27;[0m 
&amp#27;[38;5;0m[HTTP]&amp#27;[0m &amp#27;[37m-->&amp#27;[39m &amp#27;[37mPOST&amp#27;[39m &amp#27;[37m/session/63a3b3b3-6572-412a-ab56-145c276cd280/appium/start_recording_screen&amp#27;[39m
&amp#27;[38;5;0m[HTTP]&amp#27;[0m {}
[debug] &amp#27;[38;5;32m[AndroidUiautomator2Driver@db8f (63a3b3b3)]&amp#27;[0m Calling AppiumDriver.startRecordingScreen() with args: [null,"63a3b3b3-6572-412a-ab56-145c276cd280"]
[debug] &amp#27;[38;5;64m[ADB]&amp#27;[0m Getting IDs of all 'screenrecord' processes
[debug] &amp#27;[38;5;64m[ADB]&amp#27;[0m Running '/Users/nikhilkumargupta/Library/Android/sdk/platform-tools/adb -P 5037 -s emulator-5554 shell pgrep -f \(\[\[:blank:\]\]\|\^\)screenrecord\(\[\[:blank:\]\]\|\$\)'
[debug] &amp#27;[38;5;32m[XCUITestDriver@418b (c131a0b0)]&amp#27;[0m Got response with status 200: {"value":{"ELEMENT":"3D000000-0000-0000-7418-000000000000","element-6066-11e4-a52e-4f735466cecf":"3D000000-0000-0000-7418-000000000000"},"sessionId":"403C56F7-B560-4A95-9D3E-23E213F85662"}
&amp#27;[38;5;32m[AndroidUiautomator2Driver@db8f (63a3b3b3)]&amp#27;[0m Screen recording has not been previously started by Appium. There is nothing to stop
[debug] &amp#27;[38;5;64m[ADB]&amp#27;[0m Getting IDs of all 'screenrecord' processes
[debug] &amp#27;[38;5;64m[ADB]&amp#27;[0m Running '/Users/nikhilkumargupta/Library/Android/sdk/platform-tools/adb -P 5037 -s emul[adteobug] &amp#27;[3r8-5;555;34 2ms[hXCeUlIl TepstgrDrepiv -erf @4\(1\[\[:blank:\]\]\|\^\)screenrecord\(\[\[:blank:\]\]\|\$\)'
8b (c131a0b0)]&amp#27;[0m Responding to client with driver.findElement() result: {"element-6066-11e4-a52e-4f735466cecf":"3D000000-0000-0000-7418-000000000000","ELEMENT":"3D000000-0000-0000-7418-000000000000"}
&amp#27;[38;5;0m[HTTP]&amp#27;[0m <-- POST /session/c131a0b0-4ee4-41db-9122-0078c0464db0/element 200 444 ms - 137
&amp#27;[38;5;0m[HTTP]&amp#27;[0m 
&amp#27;[38;5;0m[HTTP]&amp#27;[0m &amp#27;[37m-->&amp#27;[39m &amp#27;[37mGET&amp#27;[39m &amp#27;[37m/session/c131a0b0-4ee4-41db-9122-0078c0464db0/element/3D000000-0000-0000-7418-000000000000/displayed&amp#27;[39m
&amp#27;[38;5;0m[HTTP]&amp#27;[0m {}
&amp#27;[38;5;32m[XCUITestDriver@418b (c131a0b0)]&amp#27;[0m Driver proxy active, passing request on via HTTP proxy
[debug] &amp#27;[38;5;32m[XCUITestDriver@418b (c131a0b0)]&amp#27;[0m Executing command 'proxyReqRes'
[debug] &amp#27;[38;5;32m[XCUITestDriver@418b (c131a0b0)]&amp#27;[0m Matched '/session/c131a0b0-4ee4-41db-9122-0078c0464db0/element/3D000000-0000-0000-7418-000000000000/displayed' to command name 'elementDisplayed'
[debug] &amp#27;[38;5;32m[XCUITestDriver@418b (c131a0b0)]&amp#27;[0m Proxying [GET /session/c131a0b0-4ee4-41db-9122-0078c0464db0/element/3D000000-0000-0000-7418-000000000000/displayed] to [GET http://127.0.0.1:10002/session/403C56F7-B560-4A95-9D3E-23E213F85662/element/3D000000-0000-0000-7418-000000000000/displayed] with no body
[debug] &amp#27;[38;5;64m[ADB]&amp#27;[0m Building screenrecord process with the command line: adb -P 5037 -s emulator-5554 shell screenrecord --time-limit 180 /sdcard/072cf75b.mp4
[debug] &amp#27;[38;5;64m[ADB]&amp#27;[0m Running '/Users/nikhilkumargupta/Library/Android/sdk/platform-tools/adb -P 5037 -s emulator-5554 shell "[ -e '/sdcard/072cf75b.mp4' ] && echo __PASS__"'
[debug] &amp#27;[38;5;32m[XCUITestDriver@418b (c131a0b0)]&amp#27;[0m Got response with status 200: {"value":true,"sessionId":"403C56F7-B560-4A95-9D3E-23E213F85662"}
&amp#27;[38;5;32m[XCUITestDriver@418b (c131a0b0)]&amp#27;[0m Replacing sessionId 403C56F7-B560-4A95-9D3E-23E213F85662 with c131a0b0-4ee4-41db-9122-0078c0464db0
&amp#27;[38;5;0m[HTTP]&amp#27;[0m <-- GET /session/c131a0b0-4ee4-41db-9122-0078c0464db0/element/3D000000-0000-0000-7418-000000000000/displayed 200 181 ms - 65
&amp#27;[38;5;0m[HTTP]&amp#27;[0m 
&amp#27;[38;5;0m[HTTP]&amp#27;[0m &amp#27;[37m-->&amp#27;[39m &amp#27;[37mGET&amp#27;[39m &amp#27;[37m/session/c131a0b0-4ee4-41db-9122-0078c0464db0/context&amp#27;[39m
&amp#27;[38;5;0m[HTTP]&amp#27;[0m {}
[debug] &amp#27;[38;5;32m[XCUITestDriver@418b (c131a0b0)]&amp#27;[0m Calling AppiumDriver.getCurrentContext() with args: ["c131a0b0-4ee4-41db-9122-0078c0464db0"]
[debug] &amp#27;[38;5;32m[XCUITestDriver@418b (c131a0b0)]&amp#27;[0m Executing command 'getCurrentContext'
[debug] &amp#27;[38;5;32m[XCUITestDriver@418b (c131a0b0)]&amp#27;[0m Responding to client with driver.getCurrentContext() result: "NATIVE_APP"
&amp#27;[38;5;0m[HTTP]&amp#27;[0m <-- GET /session/c131a0b0-4ee4-41db-9122-0078c0464db0/context 200 3 ms - 22
&amp#27;[38;5;0m[HTTP]&amp#27;[0m 
&amp#27;[38;5;0m[HTTP]&amp#27;[0m &amp#27;[37m-->&amp#27;[39m &amp#27;[37mPOST&amp#27;[39m &amp#27;[37m/session/c131a0b0-4ee4-41db-9122-0078c0464db0/element&amp#27;[39m
&amp#27;[38;5;0m[HTTP]&amp#27;[0m {"using":"accessibility id","value":"test-LOGIN"}
[debug] &amp#27;[38;5;32m[XCUITestDriver@418b (c131a0b0)]&amp#27;[0m Calling AppiumDriver.findElement() with args: ["accessibility id","test-LOGIN","c131a0b0-4ee4-41db-9122-0078c0464db0"]
[debug] &amp#27;[38;5;32m[XCUITestDriver@418b (c131a0b0)]&amp#27;[0m Executing command 'findElement'
[debug] &amp#27;[38;5;32m[XCUITestDriver@418b (c131a0b0)]&amp#27;[0m Valid locator strategies for this request: xpath, id, name, class name, -ios predicate string, -ios class chain, accessibility id, css selector
[debug] &amp#27;[38;5;32m[XCUITestDriver@418b (c131a0b0)]&amp#27;[0m Waiting up to 0 ms for condition
[debug] &amp#27;[38;5;32m[XCUITestDriver@418b (c131a0b0)]&amp#27;[0m Matched '/element' to command name 'findElement'
[debug] &amp#27;[38;5;32m[XCUITestDriver@418b (c131a0b0)]&amp#27;[0m Proxying [POST /element] to [POST http://127.0.0.1:10002/session/403C56F7-B560-4A95-9D3E-23E213F85662/element] with body: {"using":"accessibility id","value":"test-LOGIN"}
[debug] &amp#27;[38;5;64m[ADB]&amp#27;[0m Running '/Users/nikhilkumargupta/Library/Android/sdk/platform-tools/adb -P 5037 -s emulator-5554 shell "[ -e '/sdcard/072cf75b.mp4' ] && echo __PASS__"'
[debug] &amp#27;[38;5;32m[XCUITestDriver@418b (c131a0b0)]&amp#27;[0m Got response with status 200: {"value":{"ELEMENT":"3D000000-0000-0000-7418-000000000000","element-6066-11e4-a52e-4f735466cecf":"3D000000-0000-0000-7418-000000000000"},"sessionId":"403C56F7-B560-4A95-9D3E-23E213F85662"}
[debug] &amp#27;[38;5;32m[XCUITestDriver@418b (c131a0b0)]&amp#27;[0m Responding to client with driver.findElement() result: {"element-6066-11e4-a52e-4f735466cecf":"3D000000-0000-0000-7418-000000000000","ELEMENT":"3D000000-0000-0000-7418-000000000000"}
&amp#27;[38;5;0m[HTTP]&amp#27;[0m <-- POST /session/c131a0b0-4ee4-41db-9122-0078c0464db0/element 200 448 ms - 137
&amp#27;[38;5;0m[HTTP]&amp#27;[0m 
&amp#27;[38;5;0m[HTTP]&amp#27;[0m &amp#27;[37m-->&amp#27;[39m &amp#27;[37mPOST&amp#27;[39m &amp#27;[37m/session/c131a0b0-4ee4-41db-9122-0078c0464db0/element/3D000000-0000-0000-7418-000000000000/click&amp#27;[39m
&amp#27;[38;5;0m[HTTP]&amp#27;[0m {"id":"3D000000-0000-0000-7418-000000000000"}
&amp#27;[38;5;32m[XCUITestDriver@418b (c131a0b0)]&amp#27;[0m Driver proxy active, passing request on via HTTP proxy
[debug] &amp#27;[38;5;32m[XCUITestDriver@418b (c131a0b0)]&amp#27;[0m Executing command 'proxyReqRes'
[debug] &amp#27;[38;5;32m[XCUITestDriver@418b (c131a0b0)]&amp#27;[0m Matched '/session/c131a0b0-4ee4-41db-9122-0078c0464db0/element/3D000000-0000-0000-7418-000000000000/click' to command name 'click'
[debug] &amp#27;[38;5;32m[XCUITestDriver@418b (c131a0b0)]&amp#27;[0m Proxying [POST /session/c131a0b0-4ee4-41db-9122-0078c0464db0/element/3D000000-0000-0000-7418-000000000000/click] to [POST http://127.0.0.1:10002/session/403C56F7-B560-4A95-9D3E-23E213F85662/element/3D000000-0000-0000-7418-000000000000/click] with body: {"id":"3D000000-0000-0000-7418-000000000000"}
[debug] &amp#27;[38;5;32m[AndroidUiautomator2Driver@db8f (63a3b3b3)]&amp#27;[0m Responding to client with driver.startRecordingScreen() result: ""
&amp#27;[38;5;0m[HTTP]&amp#27;[0m <-- POST /session/63a3b3b3-6572-412a-ab56-145c276cd280/appium/start_recording_screen 200 980 ms - 12
&amp#27;[38;5;0m[HTTP]&amp#27;[0m 
productpage Before Method
validateProductOnProductsdDetailPage
&amp#27;[38;5;0m[HTTP]&amp#27;[0m &amp#27;[37m-->&amp#27;[39m &amp#27;[37mGET&amp#27;[39m &amp#27;[37m/session/63a3b3b3-6572-412a-ab56-145c276cd280/context&amp#27;[39m
&amp#27;[38;5;0m[HTTP]&amp#27;[0m {}
[debug] &amp#27;[38;5;32m[AndroidUiautomator2Driver@db8f (63a3b3b3)]&amp#27;[0m Calling AppiumDriver.getCurrentContext() with args: ["63a3b3b3-6572-412a-ab56-145c276cd280"]
[debug] &amp#27;[38;5;32m[AndroidUiautomator2Driver@db8f (63a3b3b3)]&amp#27;[0m Responding to client with driver.getCurrentContext() result: "NATIVE_APP"
&amp#27;[38;5;0m[HTTP]&amp#27;[0m <-- GET /session/63a3b3b3-6572-412a-ab56-145c276cd280/context 200 7 ms - 22
&amp#27;[38;5;0m[HTTP]&amp#27;[0m 
&amp#27;[38;5;0m[HTTP]&amp#27;[0m &amp#27;[37m-->&amp#27;[39m &amp#27;[37mPOST&amp#27;[39m &amp#27;[37m/session/63a3b3b3-6572-412a-ab56-145c276cd280/element&amp#27;[39m
&amp#27;[38;5;0m[HTTP]&amp#27;[0m {"using":"accessibility id","value":"test-Username"}
[debug] &amp#27;[38;5;32m[AndroidUiautomator2Driver@db8f (63a3b3b3)]&amp#27;[0m Calling AppiumDriver.findElement() with args: ["accessibility id","test-Username","63a3b3b3-6572-412a-ab56-145c276cd280"]
[debug] &amp#27;[38;5;32m[AndroidUiautomator2Driver@db8f (63a3b3b3)]&amp#27;[0m Valid locator strategies for this request: xpath, id, class name, accessibility id, css selector, -android uiautomator
[debug] &amp#27;[38;5;32m[AndroidUiautomator2Driver@db8f (63a3b3b3)]&amp#27;[0m Waiting up to 0 ms for condition
[debug] &amp#27;[38;5;32m[AndroidUiautomator2Driver@db8f (63a3b3b3)]&amp#27;[0m Matched '/element' to command name 'findElement'
[debug] &amp#27;[38;5;32m[AndroidUiautomator2Driver@db8f (63a3b3b3)]&amp#27;[0m Proxying [POST /element] to [POST http://127.0.0.1:10000/session/d57f122c-1079-49f0-a70a-da18a689bf5e/element] with body: {"strategy":"accessibility id","selector":"test-Username","context":"","multiple":false}
[debug] &amp#27;[38;5;32m[AndroidUiautomator2Driver@db8f (63a3b3b3)]&amp#27;[0m Got response with status 200: {"sessionId":"d57f122c-1079-49f0-a70a-da18a689bf5e","value":{"ELEMENT":"00000000-0000-0079-ffff-ffff0000002b","element-6066-11e4-a52e-4f735466cecf":"00000000-0000-0079-ffff-ffff0000002b"}}
[debug] &amp#27;[38;5;32m[AndroidUiautomator2Driver@db8f (63a3b3b3)]&amp#27;[0m Responding to client with driver.findElement() result: {"element-6066-11e4-a52e-4f735466cecf":"00000000-0000-0079-ffff-ffff0000002b","ELEMENT":"00000000-0000-0079-ffff-ffff0000002b"}
&amp#27;[38;5;0m[HTTP]&amp#27;[0m <-- POST /session/63a3b3b3-6572-412a-ab56-145c276cd280/element 200 331 ms - 137
&amp#27;[38;5;0m[HTTP]&amp#27;[0m 
&amp#27;[38;5;0m[HTTP]&amp#27;[0m &amp#27;[37m-->&amp#27;[39m &amp#27;[37mGET&amp#27;[39m &amp#27;[37m/session/63a3b3b3-6572-412a-ab56-145c276cd280/element/00000000-0000-0079-ffff-ffff0000002b/displayed&amp#27;[39m
&amp#27;[38;5;0m[HTTP]&amp#27;[0m {}
[debug] &amp#27;[38;5;32m[AndroidUiautomator2Driver@db8f (63a3b3b3)]&amp#27;[0m Calling AppiumDriver.elementDisplayed() with args: ["00000000-0000-0079-ffff-ffff0000002b","63a3b3b3-6572-412a-ab56-145c276cd280"]
[debug] &amp#27;[38;5;32m[AndroidUiautomator2Driver@db8f (63a3b3b3)]&amp#27;[0m Matched '/element/00000000-0000-0079-ffff-ffff0000002b/attribute/displayed' to command name 'getAttribute'
[debug] &amp#27;[38;5;32m[AndroidUiautomator2Driver@db8f (63a3b3b3)]&amp#27;[0m Proxying [GET /element/00000000-0000-0079-ffff-ffff0000002b/attribute/displayed] to [GET http://127.0.0.1:10000/session/d57f122c-1079-49f0-a70a-da18a689bf5e/element/00000000-0000-0079-ffff-ffff0000002b/attribute/displayed] with no body
[debug] &amp#27;[38;5;32m[AndroidUiautomator2Driver@db8f (63a3b3b3)]&amp#27;[0m Got response with status 200: {"sessionId":"d57f122c-1079-49f0-a70a-da18a689bf5e","value":"true"}
[debug] &amp#27;[38;5;32m[AndroidUiautomator2Driver@db8f (63a3b3b3)]&amp#27;[0m Responding to client with driver.elementDisplayed() result: true
&amp#27;[38;5;0m[HTTP]&amp#27;[0m <-- GET /session/63a3b3b3-6572-412a-ab56-145c276cd280/element/00000000-0000-0079-ffff-ffff0000002b/displayed 200 95 ms - 14
&amp#27;[38;5;0m[HTTP]&amp#27;[0m 
&amp#27;[38;5;0m[HTTP]&amp#27;[0m &amp#27;[37m-->&amp#27;[39m &amp#27;[37mGET&amp#27;[39m &amp#27;[37m/session/63a3b3b3-6572-412a-ab56-145c276cd280/context&amp#27;[39m
&amp#27;[38;5;0m[HTTP]&amp#27;[0m {}
[debug] &amp#27;[38;5;32m[AndroidUiautomator2Driver@db8f (63a3b3b3)]&amp#27;[0m Calling AppiumDriver.getCurrentContext() with args: ["63a3b3b3-6572-412a-ab56-145c276cd280"]
[debug] &amp#27;[38;5;32m[AndroidUiautomator2Driver@db8f (63a3b3b3)]&amp#27;[0m Responding to client with driver.getCurrentContext() result: "NATIVE_APP"
&amp#27;[38;5;0m[HTTP]&amp#27;[0m <-- GET /session/63a3b3b3-6572-412a-ab56-145c276cd280/context 200 74 ms - 22
&amp#27;[38;5;0m[HTTP]&amp#27;[0m 
&amp#27;[38;5;0m[HTTP]&amp#27;[0m &amp#27;[37m-->&amp#27;[39m &amp#27;[37mPOST&amp#27;[39m &amp#27;[37m/session/63a3b3b3-6572-412a-ab56-145c276cd280/element&amp#27;[39m
&amp#27;[38;5;0m[HTTP]&amp#27;[0m {"using":"accessibility id","value":"test-Username"}
[debug] &amp#27;[38;5;32m[AndroidUiautomator2Driver@db8f (63a3b3b3)]&amp#27;[0m Calling AppiumDriver.findElement() with args: ["accessibility id","test-Username","63a3b3b3-6572-412a-ab56-145c276cd280"]
[debug] &amp#27;[38;5;32m[AndroidUiautomator2Driver@db8f (63a3b3b3)]&amp#27;[0m Valid locator strategies for this request: xpath, id, class name, accessibility id, css selector, -android uiautomator
[debug] &amp#27;[38;5;32m[AndroidUiautomator2Driver@db8f (63a3b3b3)]&amp#27;[0m Waiting up to 0 ms for condition
[debug] &amp#27;[38;5;32m[AndroidUiautomator2Driver@db8f (63a3b3b3)]&amp#27;[0m Matched '/element' to command name 'findElement'
[debug] &amp#27;[38;5;32m[AndroidUiautomator2Driver@db8f (63a3b3b3)]&amp#27;[0m Proxying [POST /element] to [POST http://127.0.0.1:10000/session/d57f122c-1079-49f0-a70a-da18a689bf5e/element] with body: {"strategy":"accessibility id","selector":"test-Username","context":"","multiple":false}
[debug] &amp#27;[38;5;32m[AndroidUiautomator2Driver@db8f (63a3b3b3)]&amp#27;[0m Got response with status 200: {"sessionId":"d57f122c-1079-49f0-a70a-da18a689bf5e","value":{"ELEMENT":"00000000-0000-0079-ffff-ffff0000002b","element-6066-11e4-a52e-4f735466cecf":"00000000-0000-0079-ffff-ffff0000002b"}}
[debug] &amp#27;[38;5;32m[AndroidUiautomator2Driver@db8f (63a3b3b3)]&amp#27;[0m Responding to client with driver.findElement() result: {"element-6066-11e4-a52e-4f735466cecf":"00000000-0000-0079-ffff-ffff0000002b","ELEMENT":"00000000-0000-0079-ffff-ffff0000002b"}
&amp#27;[38;5;0m[HTTP]&amp#27;[0m <-- POST /session/63a3b3b3-6572-412a-ab56-145c276cd280/element 200 129 ms - 137
&amp#27;[38;5;0m[HTTP]&amp#27;[0m 
&amp#27;[38;5;0m[HTTP]&amp#27;[0m &amp#27;[37m-->&amp#27;[39m &amp#27;[37mPOST&amp#27;[39m &amp#27;[37m/session/63a3b3b3-6572-412a-ab56-145c276cd280/element/00000000-0000-0079-ffff-ffff0000002b/clear&amp#27;[39m
&amp#27;[38;5;0m[HTTP]&amp#27;[0m {"id":"00000000-0000-0079-ffff-ffff0000002b"}
[debug] &amp#27;[38;5;32m[AndroidUiautomator2Driver@db8f (63a3b3b3)]&amp#27;[0m Calling AppiumDriver.clear() with args: ["00000000-0000-0079-ffff-ffff0000002b","63a3b3b3-6572-412a-ab56-145c276cd280"]
[debug] &amp#27;[38;5;32m[AndroidUiautomator2Driver@db8f (63a3b3b3)]&amp#27;[0m Matched '/element/00000000-0000-0079-ffff-ffff0000002b/clear' to command name 'clear'
[debug] &amp#27;[38;5;32m[AndroidUiautomator2Driver@db8f (63a3b3b3)]&amp#27;[0m Proxying [POST /element/00000000-0000-0079-ffff-ffff0000002b/clear] to [POST http://127.0.0.1:10000/session/d57f122c-1079-49f0-a70a-da18a689bf5e/element/00000000-0000-0079-ffff-ffff0000002b/clear] with body: {"elementId":"00000000-0000-0079-ffff-ffff0000002b"}
[debug] &amp#27;[38;5;32m[XCUITestDriver@418b (c131a0b0)]&amp#27;[0m Got response with status 200: {"value":null,"sessionId":"403C56F7-B560-4A95-9D3E-23E213F85662"}
[debug] &amp#27;[38;5;32m[AndroidUiautomator2Driver@db8f (63a3b3b3)]&amp#27;[0m Got response with status 200: {"sessionId":"d57f122c-1079-49f0-a70a-da18a689bf5e","value":null}
[debug] &amp#27;[38;5;32m[AndroidUiautomator2Driver@db8f (63a3b3b3)]&amp#27;[0m Responding to client with driver.clear() result: null
&amp#27;[38;5;0m[HTTP]&amp#27;[0m <-- POST /session/63a3b3b3-6572-412a-ab56-14&amp#27;[38;5;32m[XCUITestDriver@418b (c131a0b0)]&amp#27;[0m Replacing sessionId 403C56F7-B560-4A5c276cd280/element/00000000-0000-0079-ffff-ffff0000002b/clear 200 138 ms - 14
&amp#27;[38;5;0m[HTTP]&amp#27;[0m 
95-9D3E-23E213F85662 with c131a0b0-4ee4-41db-9122-0078c0464db0
&amp#27;[38;5;0m[HTTP]&amp#27;[0m &amp#27;[37m-->&amp#27;[39m &amp#27;[37mGET&amp#27;[39m &amp#27;[37m/session/63a3b3b3-6572-412a-ab56-145c276cd280/context&amp#27;[39m
&amp#27;[38;5;0m[HTTP]&amp#27;[0m {}
[debug] &amp#27;[38;5;32m[AndroidUiautomator2Driver@db8f (63a3b3b3)]&amp#27;[0m Calling AppiumDriver.getCurrentContext() with args: ["63a3b3b3-6572-412a-ab56-145c276cd280"]
[debug] &amp#27;[38;5;32m[AndroidUiautomator2Driver@db8f (63a3b3b3)]&amp#27;[0m Responding to client with driver.getCurrentContext() result: "NATIVE_APP"
&amp#27;[38;5;0m[HTTP]&amp#27;[0m <-- GET /session/63a3b3b3-6572-412a-ab56-145c276cd280/context 200 3 ms - 22
&amp#27;[38;5;0m[HTTP]&amp#27;[0m 
&amp#27;[38;5;0m[HTTP]&amp#27;[0m &amp#27;[37m-->&amp#27;[39m &amp#27;[37mPOST&amp#27;[39m &amp#27;[37m/session/63a3b3b3-6572-412a-ab56-145c276cd280/element&amp#27;[39m
&amp#27;[38;5;0m[HTTP]&amp#27;[0m {"using":"accessibility id","value":"test-Username"}
[debug] &amp#27;[38;5;32m[AndroidUiautomator2Driver@db8f (63a3b3b3)]&amp#27;[0m Calling AppiumDriver.findElement() with args: ["accessibility id","test-Username","63a3b3b3-6572-412a-ab56-145c276cd280"]
[debug] &amp#27;[38;5;32m[AndroidUiautomator2Driver@db8f (63a3b3b3)]&amp#27;[0m Valid locator strategies for this request: xpath, id, class name, accessibility id, css selector, -android uiautomator
[debug] &amp#27;[38;5;32m[AndroidUiautomator2Driver@db8f (63a3b3b3)]&amp#27;[0m Waiting up to 0 ms for condition
[debug] &amp#27;[38;5;32m[AndroidUiautomator2Driver@db8f (63a3b3b3)]&amp#27;[0m Matched '/element' to command name 'findElement'
[debug] &amp#27;[38;5;32m[AndroidUiautomator2Driver@db8f (63a3b3b3)]&amp#27;[0m Proxying [POST /element] to [POST http://127.0.0.1:10000/session/d57f122c-1079-49f0-a70a-da18a689bf5e/element] with body: {"strategy":"accessibility id","selector":"test-Username","context":"","multi&amp#27;[3ple":8;5;0fam[Hlse}
TTP]&amp#27;[0m <-- POST /session/c131a0b0-4ee4-41db-9122-0078c0464db0/element/3D000000-0000-0000-7418-000000000000/click 200 1099 ms - 65
&amp#27;[38;5;0m[HTTP]&amp#27;[0m 
&amp#27;[38;5;0m[HTTP]&amp#27;[0m &amp#27;[37m-->&amp#27;[39m &amp#27;[37mGET&amp#27;[39m &amp#27;[37m/session/c131a0b0-4ee4-41db-9122-0078c0464db0/context&amp#27;[39m
&amp#27;[38;5;0m[HTTP]&amp#27;[0m {}
[debug] &amp#27;[38;5;32m[XCUITestDriver@418b (c131a0b0)]&amp#27;[0m Calling AppiumDriver.getCurrentContext() with args: ["c131a0b0-4ee4-41db-9122-0078c0464db0"]
[debug] &amp#27;[38;5;32m[XCUITestDriver@418b (c131a0b0)]&amp#27;[0m Executing command 'getCurrentContext'
[debug] &amp#27;[38;5;32m[XCUITestDriver@418b (c131a0b0)]&amp#27;[0m Responding to client with driver.getCurrentContext() result: "NATIVE_APP"
&amp#27;[38;5;0m[HTTP]&amp#27;[0m <-- GET /session/c131a0b0-4ee4-41db-9122-0078c0464db0/context 200 87 ms - 22
&amp#27;[38;5;0m[HTTP]&amp#27;[0m 
&amp#27;[38;5;0m[HTTP]&amp#27;[0m &amp#27;[37m-->&amp#27;[39m &amp#27;[37mPOST&amp#27;[39m &amp#27;[37m/session/c131a0b0-4ee4-41db-9122-0078c0464db0/element&amp#27;[39m
&amp#27;[38;5;0m[HTTP]&amp#27;[0m {"using":"xpath","value":"(//XCUIElementTypeStaticText[@name=\"test-Item title\"])[1]"}
[debug] &amp#27;[38;5;32m[XCUITestDriver@418b (c131a0b0)]&amp#27;[0m Calling AppiumDriver.findElement() with args: ["xpath","(//XCUIElementTypeStaticText[@name=\"test-Item title\"])[1]","c131a0b0-4ee4-41db-9122-0078c0464db0"]
[debug] &amp#27;[38;5;32m[XCUITestDriver@418b (c131a0b0)]&amp#27;[0m Executing command 'findElement'
[debug] &amp#27;[38;5;32m[XCUITestDriver@418b (c131a0b0)]&amp#27;[0m Valid locator strategies for this request: xpath, id, name, class name, -ios predicate string, -ios class chain, accessibility id, css selector
[debug] &amp#27;[38;5;32m[XCUITestDriver@418b (c131a0b0)]&amp#27;[0m Waiting up to 0 ms for condition
[debug] &amp#27;[38;5;32m[XCUITestDriver@418b (c131a0b0)]&amp#27;[0m Matched '/element' to command name 'findElement'
[debug] &amp#27;[38;5;32m[XCUITestDriver@418b (c131a0b0)]&amp#27;[0m Proxying [POST /element] to [POST http://127.0.0.1:10002/session/403C56F7-B560-4A95-9D3E-23E213F85662/element] with body: {"using":"xpath","value":"(//XCUIElementTypeStaticText[@name=\"test-Item title\"])[1]"}
[debug] &amp#27;[38;5;32m[AndroidUiautomator2Driver@db8f (63a3b3b3)]&amp#27;[0m Got response with status 200: {"sessionId":"d57f122c-1079-49f0-a70a-da18a689bf5e","value":{"ELEMENT":"00000000-0000-0079-ffff-ffff0000002b","element-6066-11e4-a52e-4f735466cecf":"00000000-0000-0079-ffff-ffff0000002b"}}
[debug] &amp#27;[38;5;32m[AndroidUiautomator2Driver@db8f (63a3b3b3)]&amp#27;[0m Responding to client with driver.findElement() result: {"element-6066-11e4-a52e-4f735466cecf":"00000000-0000-0079-ffff-ffff0000002b","ELEMENT":"00000000-0000-0079-ffff-ffff0000002b"}
&amp#27;[38;5;0m[HTTP]&amp#27;[0m <-- POST /session/63a3b3b3-6572-412a-ab56-145c276cd280/element 200 526 ms - 137
&amp#27;[38;5;0m[HTTP]&amp#27;[0m 
&amp#27;[38;5;0m[HTTP]&amp#27;[0m &amp#27;[37m-->&amp#27;[39m &amp#27;[37mGET&amp#27;[39m &amp#27;[37m/session/63a3b3b3-6572-412a-ab56-145c276cd280/element/00000000-0000-0079-ffff-ffff0000002b/displayed&amp#27;[39m
&amp#27;[38;5;0m[HTTP]&amp#27;[0m {}
[debug] &amp#27;[38;5;32m[AndroidUiautomator2Driver@db8f (63a3b3b3)]&amp#27;[0m Calling AppiumDriver.elementDisplayed() with args: ["00000000-0000-0079-ffff-ffff0000002b","63a3b3b3-6572-412a-ab56-145c276cd280"]
[debug] &amp#27;[38;5;32m[AndroidUiautomator2Driver@db8f (63a3b3b3)]&amp#27;[0m Matched '/element/00000000-0000-0079-ffff-ffff0000002b/attribute/displayed' to command name 'getAttribute'
[debug] &amp#27;[38;5;32m[AndroidUiautomator2Driver@db8f (63a3b3b3)]&amp#27;[0m Proxying [GET /element/00000000-0000-0079-ffff-ffff0000002b/attribute/displayed] to [GET http://127.0.0.1:10000/session/d57f122c-1079-49f0-a70a-da18a689bf5e/element/00000000-0000-0079-ffff-ffff0000002b/attribute/displayed] with no body
[debug] &amp#27;[38;5;32m[AndroidUiautomator2Driver@db8f (63a3b3b3)]&amp#27;[0m Got response with status 200: {"sessionId":"d57f122c-1079-49f0-a70a-da18a689bf5e","value":"true"}
[debug] &amp#27;[38;5;32m[AndroidUiautomator2Driver@db8f (63a3b3b3)]&amp#27;[0m Responding to client with driver.elementDisplayed() result: true
&amp#27;[38;5;0m[HTTP]&amp#27;[0m <-- GET /session/63a3b3b3-6572-412a-ab56-145c276cd280/element/00000000-0000-0079-ffff-ffff0000002b/displayed 200 51 ms - 14
&amp#27;[38;5;0m[HTTP]&amp#27;[0m 
&amp#27;[38;5;0m[HTTP]&amp#27;[0m &amp#27;[37m-->&amp#27;[39m &amp#27;[37mGET&amp#27;[39m &amp#27;[37m/session/63a3b3b3-6572-412a-ab56-145c276cd280/context&amp#27;[39m
&amp#27;[38;5;0m[HTTP]&amp#27;[0m {}
[debug] &amp#27;[38;5;32m[AndroidUiautomator2Driver@db8f (63a3b3b3)]&amp#27;[0m Calling AppiumDriver.getCurrentContext() with args: ["63a3b3b3-6572-412a-ab56-145c276cd280"]
[debug] &amp#27;[38;5;32m[AndroidUiautomator2Driver@db8f (63a3b3b3)]&amp#27;[0m Responding to client with driver.getCurrentContext() result: "NATIVE_APP"
&amp#27;[38;5;0m[HTTP]&amp#27;[0m <-- GET /session/63a3b3b3-6572-412a-ab56-145c276cd280/context 200 4 ms - 22
&amp#27;[38;5;0m[HTTP]&amp#27;[0m 
&amp#27;[38;5;0m[HTTP]&amp#27;[0m &amp#27;[37m-->&amp#27;[39m &amp#27;[37mPOST&amp#27;[39m &amp#27;[37m/session/63a3b3b3-6572-412a-ab56-145c276cd280/element&amp#27;[39m
&amp#27;[38;5;0m[HTTP]&amp#27;[0m {"using":"accessibility id","value":"test-Username"}
[debug] &amp#27;[38;5;32m[AndroidUiautomator2Driver@db8f (63a3b3b3)]&amp#27;[0m Calling AppiumDriver.findElement() with args: ["accessibility id","test-Username","63a3b3b3-6572-412a-ab56-145c276cd280"]
[debug] &amp#27;[38;5;32m[AndroidUiautomator2Driver@db8f (63a3b3b3)]&amp#27;[0m Valid locator strategies for this request: xpath, id, class name, accessibility id, css selector, -android uiautomator
[debug] &amp#27;[38;5;32m[AndroidUiautomator2Driver@db8f (63a3b3b3)]&amp#27;[0m Waiting up to 0 ms for condition
[debug] &amp#27;[38;5;32m[AndroidUiautomator2Driver@db8f (63a3b3b3)]&amp#27;[0m Matched '/element' to command name 'findElement'
[debug] &amp#27;[38;5;32m[AndroidUiautomator2Driver@db8f (63a3b3b3)]&amp#27;[0m Proxying [POST /element] to [POST http://127.0.0.1:10000/session/d57f122c-1079-49f0-a70a-da18a689bf5e/element] with body: {"strategy":"accessibility id","selector":"test-Username","context":"","multiple":false}
[debug] &amp#27;[38;5;32m[AndroidUiautomator2Driver@db8f (63a3b3b3)]&amp#27;[0m Got response with status 200: {"sessionId":"d57f122c-1079-49f0-a70a-da18a689bf5e","value":{"ELEMENT":"00000000-0000-0079-ffff-ffff0000002b","element-6066-11e4-a52e-4f735466cecf":"00000000-0000-0079-ffff-ffff0000002b"}}
[debug] &amp#27;[38;5;32m[AndroidUiautomator2Driver@db8f (63a3b3b3)]&amp#27;[0m Responding to client with driver.findElement() result: {"element-6066-11e4-a52e-4f735466cecf":"00000000-0000-0079-ffff-ffff0000002b","ELEMENT":"00000000-0000-0079-ffff-ffff0000002b"}
&amp#27;[38;5;0m[HTTP]&amp#27;[0m <-- POST /session/63a3b3b3-6572-412a-ab56-145c276cd280/element 200 72 ms - 137
&amp#27;[38;5;0m[HTTP]&amp#27;[0m 
&amp#27;[38;5;0m[HTTP]&amp#27;[0m &amp#27;[37m-->&amp#27;[39m &amp#27;[37mPOST&amp#27;[39m &amp#27;[37m/session/63a3b3b3-6572-412a-ab56-145c276cd280/element/00000000-0000-0079-ffff-ffff0000002b/value&amp#27;[39m
&amp#27;[38;5;0m[HTTP]&amp#27;[0m {"id":"00000000-0000-0079-ffff-ffff0000002b","text":"standard_user","value":["s","t","a","n","d","a","r","d","_","u","s","e","r"]}
[debug] &amp#27;[38;5;32m[AndroidUiautomator2Driver@db8f (63a3b3b3)]&amp#27;[0m Calling AppiumDriver.setValue() with args: [["s","t","a","n","d","a","r","d","_","u","s","e","r"],"00000000-0000-0079-ffff-ffff0000002b","63a3b3b3-6572-412a-ab56-145c276cd280"]
[debug] &amp#27;[38;5;32m[AndroidUiautomator2Driver@db8f (63a3b3b3)]&amp#27;[0m Matched '/element/00000000-0000-0079-ffff-ffff0000002b/value' to command name 'setValue'
[debug] &amp#27;[38;5;32m[AndroidUiautomator2Driver@db8f (63a3b3b3)]&amp#27;[0m Added 'value' property ["s","t","a","n","d","a","r","d","_","u","s","e","r"] to 'setValue' request body
[debug] &amp#27;[38;5;32m[AndroidUiautomator2Driver@db8f (63a3b3b3)]&amp#27;[0m Proxying [POST /element/00000000-0000-0079-ffff-ffff0000002b/value] to [POST http://127.0.0.1:10000/session/d57f122c-1079-49f0-a70a-da18a689bf5e/element/00000000-0000-0079-ffff-ffff0000002b/value] with body: {"elementId":"00000000-0000-0079-ffff-ffff0000002b","text":"standard_user","replace":false,"value":["s","t","a","n","d","a","r","d","_","u","s","e","r"]}
[debug] &amp#27;[38;5;32m[AndroidUiautomator2Driver@db8f (63a3b3b3)]&amp#27;[0m Got response with status 200: {"sessionId":"d57f122c-1079-49f0-a70a-da18a689bf5e","value":null}
[debug] &amp#27;[38;5;32m[AndroidUiautomator2Driver@db8f (63a3b3b3)]&amp#27;[0m Responding to client with driver.setValue() result: null
&amp#27;[38;5;0m[HTTP]&amp#27;[0m <-- POST /session/63a3b3b3-6572-412a-ab56-145c276cd280/element/00000000-0000-0079-ffff-ffff0000002b/value 200 159 ms - 14
&amp#27;[38;5;0m[HTTP]&amp#27;[0m 
&amp#27;[38;5;0m[HTTP]&amp#27;[0m &amp#27;[37m-->&amp#27;[39m &amp#27;[37mGET&amp#27;[39m &amp#27;[37m/session/63a3b3b3-6572-412a-ab56-145c276cd280/context&amp#27;[39m
&amp#27;[38;5;0m[HTTP]&amp#27;[0m {}
[debug] &amp#27;[38;5;32m[AndroidUiautomator2Driver@db8f (63a3b3b3)]&amp#27;[0m Calling AppiumDriver.getCurrentContext() with args: ["63a3b3b3-6572-412a-ab56-145c276cd280"]
[debug] &amp#27;[38;5;32m[AndroidUiautomator2Driver@db8f (63a3b3b3)]&amp#27;[0m Responding to client with driver.getCurrentContext() result: "NATIVE_APP"
&amp#27;[38;5;0m[HTTP]&amp#27;[0m <-- GET /session/63a3b3b3-6572-412a-ab56-145c276cd280/context 200 12 ms - 22
&amp#27;[38;5;0m[HTTP]&amp#27;[0m 
&amp#27;[38;5;0m[HTTP]&amp#27;[0m &amp#27;[37m-->&amp#27;[39m &amp#27;[37mPOST&amp#27;[39m &amp#27;[37m/session/63a3b3b3-6572-412a-ab56-145c276cd280/element&amp#27;[39m
&amp#27;[38;5;0m[HTTP]&amp#27;[0m {"using":"accessibility id","value":"test-Password"}
[debug] &amp#27;[38;5;32m[AndroidUiautomator2Driver@db8f (63a3b3b3)]&amp#27;[0m Calling AppiumDriver.findElement() with args: ["accessibility id","test-Password","63a3b3b3-6572-412a-ab56-145c276cd280"]
[debug] &amp#27;[38;5;32m[AndroidUiautomator2Driver@db8f (63a3b3b3)]&amp#27;[0m Valid locator strategies for this request: xpath, id, class name, accessibility id, css selector, -android uiautomator
[debug] &amp#27;[38;5;32m[AndroidUiautomator2Driver@db8f (63a3b3b3)]&amp#27;[0m Waiting up to 0 ms for condition
[debug] &amp#27;[38;5;32m[AndroidUiautomator2Driver@db8f (63a3b3b3)]&amp#27;[0m Matched '/element' to command name 'findElement'
[debug] &amp#27;[38;5;32m[AndroidUiautomator2Driver@db8f (63a3b3b3)]&amp#27;[0m Proxying [POST /element] to [POST http://127.0.0.1:10000/session/d57f122c-1079-49f0-a70a-da18a689bf5e/element] with body: {"strategy":"accessibility id","selector":"test-Password","context":"","multiple":false}
[debug] &amp#27;[38;5;32m[AndroidUiautomator2Driver@db8f (63a3b3b3)]&amp#27;[0m Got response with status 200: {"sessionId":"d57f122c-1079-49f0-a70a-da18a689bf5e","value":{"ELEMENT":"00000000-0000-0079-ffff-ffff0000002e","element-6066-11e4-a52e-4f735466cecf":"00000000-0000-0079-ffff-ffff0000002e"}}
[debug] &amp#27;[38;5;32m[AndroidUiautomator2Driver@db8f (63a3b3b3)]&amp#27;[0m Responding to client with driver.findElement() result: {"element-6066-11e4-a52e-4f735466cecf":"00000000-0000-0079-ffff-ffff0000002e","ELEMENT":"00000000-0000-0079-ffff-ffff0000002e"}
&amp#27;[38;5;0m[HTTP]&amp#27;[0m <-- POST /session/63a3b3b3-6572-412a-ab56-145c276cd280/element 200 360 ms - 137
&amp#27;[38;5;0m[HTTP]&amp#27;[0m 
&amp#27;[38;5;0m[HTTP]&amp#27;[0m &amp#27;[37m-->&amp#27;[39m &amp#27;[37mGET&amp#27;[39m &amp#27;[37m/session/63a3b3b3-6572-412a-ab56-145c276cd280/element/00000000-0000-0079-ffff-ffff0000002e/displayed&amp#27;[39m
&amp#27;[38;5;0m[HTTP]&amp#27;[0m {}
[debug] &amp#27;[38;5;32m[AndroidUiautomator2Driver@db8f (63a3b3b3)]&amp#27;[0m Calling AppiumDriver.elementDisplayed() with args: ["00000000-0000-0079-ffff-ffff0000002e","63a3b3b3-6572-412a-ab56-145c276cd280"]
[debug] &amp#27;[38;5;32m[AndroidUiautomator2Driver@db8f (63a3b3b3)]&amp#27;[0m Matched '/element/00000000-0000-0079-ffff-ffff0000002e/attribute/displayed' to command name 'getAttribute'
[debug] &amp#27;[38;5;32m[AndroidUiautomator2Driver@db8f (63a3b3b3)]&amp#27;[0m Proxying [GET /element/00000000-0000-0079-ffff-ffff0000002e/attribute/displayed] to [GET http://127.0.0.1:10000/session/d57f122c-1079-49f0-a70a-da18a689bf5e/element/00000000-0000-0079-ffff-ffff0000002e/attribute/displayed] with no body
[debug] &amp#27;[38;5;32m[AndroidUiautomator2Driver@db8f (63a3b3b3)]&amp#27;[0m Got response with status 200: {"sessionId":"d57f122c-1079-49f0-a70a-da18a689bf5e","value":"true"}
[debug] &amp#27;[38;5;32m[AndroidUiautomator2Driver@db8f (63a3b3b3)]&amp#27;[0m Responding to client with driver.elementDisplayed() result: true
&amp#27;[38;5;0m[HTTP]&amp#27;[0m <-- GET /session/63a3b3b3-6572-412a-ab56-145c276cd280/element/00000000-0000-0079-ffff-ffff0000002e/displayed 200 21 ms - 14
&amp#27;[38;5;0m[HTTP]&amp#27;[0m 
&amp#27;[38;5;0m[HTTP]&amp#27;[0m &amp#27;[37m-->&amp#27;[39m &amp#27;[37mGET&amp#27;[39m &amp#27;[37m/session/63a3b3b3-6572-412a-ab56-145c276cd280/context&amp#27;[39m
&amp#27;[38;5;0m[HTTP]&amp#27;[0m {}
[debug] &amp#27;[38;5;32m[AndroidUiautomator2Driver@db8f (63a3b3b3)]&amp#27;[0m Calling AppiumDriver.getCurrentContext() with args: ["63a3b3b3-6572-412a-ab56-145c276cd280"]
[debug] &amp#27;[38;5;32m[AndroidUiautomator2Driver@db8f (63a3b3b3)]&amp#27;[0m Responding to client with driver.getCurrentContext() result: "NATIVE_APP"
&amp#27;[38;5;0m[HTTP]&amp#27;[0m <-- GET /session/63a3b3b3-6572-412a-ab56-145c276cd280/context 200 2 ms - 22
&amp#27;[38;5;0m[HTTP]&amp#27;[0m 
&amp#27;[38;5;0m[HTTP]&amp#27;[0m &amp#27;[37m-->&amp#27;[39m &amp#27;[37mPOST&amp#27;[39m &amp#27;[37m/session/63a3b3b3-6572-412a-ab56-145c276cd280/element&amp#27;[39m
&amp#27;[38;5;0m[HTTP]&amp#27;[0m {"using":"accessibility id","value":"test-Password"}
[debug] &amp#27;[38;5;32m[AndroidUiautomator2Driver@db8f (63a3b3b3)]&amp#27;[0m Calling AppiumDriver.findElement() with args: ["accessibility id","test-Password","63a3b3b3-6572-412a-ab56-145c276cd280"]
[debug] &amp#27;[38;5;32m[AndroidUiautomator2Driver@db8f (63a3b3b3)]&amp#27;[0m Valid locator strategies for this request: xpath, id, class name, accessibility id, css selector, -android uiautomator
[debug] &amp#27;[38;5;32m[AndroidUiautomator2Driver@db8f (63a3b3b3)]&amp#27;[0m Waiting up to 0 ms for condition
[debug] &amp#27;[38;5;32m[AndroidUiautomator2Driver@db8f (63a3b3b3)]&amp#27;[0m Matched '/element' to command name 'findElement'
[debug] &amp#27;[38;5;32m[AndroidUiautomator2Driver@db8f (63a3b3b3)]&amp#27;[0m Proxying [POST /element] to [POST http://127.0.0.1:10000/session/d57f122c-1079-49f0-a70a-da18a689bf5e/element] with body: {"strategy":"accessibility id","selector":"test-Password","context":"","multiple":false}
[debug] &amp#27;[38;5;32m[AndroidUiautomator2Driver@db8f (63a3b3b3)]&amp#27;[0m Got response with status 200: {"sessionId":"d57f122c-1079-49f0-a70a-da18a689bf5e","value":{"ELEMENT":"00000000-0000-0079-ffff-ffff0000002e","element-6066-11e4-a52e-4f735466cecf":"00000000-0000-0079-ffff-ffff0000002e"}}
[debug] &amp#27;[38;5;32m[AndroidUiautomator2Driver@db8f (63a3b3b3)]&amp#27;[0m Responding to client with driver.findElement() result: {"element-6066-11e4-a52e-4f735466cecf":"00000000-0000-0079-ffff-ffff0000002e","ELEMENT":"00000000-0000-0079-ffff-ffff0000002e"}
&amp#27;[38;5;0m[HTTP]&amp#27;[0m <-- POST /session/63a3b3b3-6572-412a-ab56-145c276cd280/element 200 36 ms - 137
&amp#27;[38;5;0m[HTTP]&amp#27;[0m 
&amp#27;[38;5;0m[HTTP]&amp#27;[0m &amp#27;[37m-->&amp#27;[39m &amp#27;[37mPOST&amp#27;[39m &amp#27;[37m/session/63a3b3b3-6572-412a-ab56-145c276cd280/element/00000000-0000-0079-ffff-ffff0000002e/clear&amp#27;[39m
&amp#27;[38;5;0m[HTTP]&amp#27;[0m {"id":"00000000-0000-0079-ffff-ffff0000002e"}
[debug] &amp#27;[38;5;32m[AndroidUiautomator2Driver@db8f (63a3b3b3)]&amp#27;[0m Calling AppiumDriver.clear() with args: ["00000000-0000-0079-ffff-ffff0000002e","63a3b3b3-6572-412a-ab56-145c276cd280"]
[debug] &amp#27;[38;5;32m[AndroidUiautomator2Driver@db8f (63a3b3b3)]&amp#27;[0m Matched '/element/00000000-0000-0079-ffff-ffff0000002e/clear' to command name 'clear'
[debug] &amp#27;[38;5;32m[AndroidUiautomator2Driver@db8f (63a3b3b3)]&amp#27;[0m Proxying [POST /element/00000000-0000-0079-ffff-ffff0000002e/clear] to [POST http://127.0.0.1:10000/session/d57f122c-1079-49f0-a70a-da18a689bf5e/element/00000000-0000-0079-ffff-ffff0000002e/clear] with body: {"elementId":"00000000-0000-0079-ffff-ffff0000002e"}
[debug] &amp#27;[38;5;32m[AndroidUiautomator2Driver@db8f (63a3b3b3)]&amp#27;[0m Got response with status 200: {"sessionId":"d57f122c-1079-49f0-a70a-da18a689bf5e","value":null}
[debug] &amp#27;[38;5;32m[AndroidUiautomator2Driver@db8f (63a3b3b3)]&amp#27;[0m Responding to client with driver.clear() result: null
&amp#27;[38;5;0m[HTTP]&amp#27;[0m <-- POST /session/63a3b3b3-6572-412a-ab56-145c276cd280/element/00000000-0000-0079-ffff-ffff0000002e/clear 200 21 ms - 14
&amp#27;[38;5;0m[HTTP]&amp#27;[0m 
&amp#27;[38;5;0m[HTTP]&amp#27;[0m &amp#27;[37m-->&amp#27;[39m &amp#27;[37mGET&amp#27;[39m &amp#27;[37m/session/63a3b3b3-6572-412a-ab56-145c276cd280/context&amp#27;[39m
&amp#27;[38;5;0m[HTTP]&amp#27;[0m {}
[debug] &amp#27;[38;5;32m[AndroidUiautomator2Driver@db8f (63a3b3b3)]&amp#27;[0m Calling AppiumDriver.getCurrentContext() with args: ["63a3b3b3-6572-412a-ab56-145c276cd280"]
[debug] &amp#27;[38;5;32m[AndroidUiautomator2Driver@db8f (63a3b3b3)]&amp#27;[0m Responding to client with driver.getCurrentContext() result: "NATIVE_APP"
&amp#27;[38;5;0m[HTTP]&amp#27;[0m <-- GET /session/63a3b3b3-6572-412a-ab56-145c276cd280/context 200 2 ms - 22
&amp#27;[38;5;0m[HTTP]&amp#27;[0m 
&amp#27;[38;5;0m[HTTP]&amp#27;[0m &amp#27;[37m-->&amp#27;[39m &amp#27;[37mPOST&amp#27;[39m &amp#27;[37m/session/63a3b3b3-6572-412a-ab56-145c276cd280/element&amp#27;[39m
&amp#27;[38;5;0m[HTTP]&amp#27;[0m {"using":"accessibility id","value":"test-Password"}
[debug] &amp#27;[38;5;32m[AndroidUiautomator2Driver@db8f (63a3b3b3)]&amp#27;[0m Calling AppiumDriver.findElement() with args: ["accessibility id","test-Password","63a3b3b3-6572-412a-ab56-145c276cd280"]
[debug] &amp#27;[38;5;32m[AndroidUiautomator2Driver@db8f (63a3b3b3)]&amp#27;[0m Valid locator strategies for this request: xpath, id, class name, accessibility id, css selector, -android uiautomator
[debug] &amp#27;[38;5;32m[AndroidUiautomator2Driver@db8f (63a3b3b3)]&amp#27;[0m Waiting up to 0 ms for condition
[debug] &amp#27;[38;5;32m[AndroidUiautomator2Driver@db8f (63a3b3b3)]&amp#27;[0m Matched '/element' to command name 'findElement'
[debug] &amp#27;[38;5;32m[AndroidUiautomator2Driver@db8f (63a3b3b3)]&amp#27;[0m Proxying [POST /element] to [POST http://127.0.0.1:10000/session/d57f122c-1079-49f0-a70a-da18a689bf5e/element] with body: {"strategy":"accessibility id","selector":"test-Password","context":"","multiple":false}
[debug] &amp#27;[38;5;32m[AndroidUiautomator2Driver@db8f (63a3b3b3)]&amp#27;[0m Got response with status 200: {"sessionId":"d57f122c-1079-49f0-a70a-da18a689bf5e","value":{"ELEMENT":"00000000-0000-0079-ffff-ffff0000002e","element-6066-11e4-a52e-4f735466cecf":"00000000-0000-0079-ffff-ffff0000002e"}}
[debug] &amp#27;[38;5;32m[AndroidUiautomator2Driver@db8f (63a3b3b3)]&amp#27;[0m Responding to client with driver.findElement() result: {"element-6066-11e4-a52e-4f735466cecf":"00000000-0000-0079-ffff-ffff0000002e","ELEMENT":"00000000-0000-0079-ffff-ffff0000002e"}
&amp#27;[38;5;0m[HTTP]&amp#27;[0m <-- POST /session/63a3b3b3-6572-412a-ab56-145c276cd280/element 200 497 ms - 137
&amp#27;[38;5;0m[HTTP]&amp#27;[0m 
&amp#27;[38;5;0m[HTTP]&amp#27;[0m &amp#27;[37m-->&amp#27;[39m &amp#27;[37mGET&amp#27;[39m &amp#27;[37m/session/63a3b3b3-6572-412a-ab56-145c276cd280/element/00000000-0000-0079-ffff-ffff0000002e/displayed&amp#27;[39m
&amp#27;[38;5;0m[HTTP]&amp#27;[0m {}
[debug] &amp#27;[38;5;32m[AndroidUiautomator2Driver@db8f (63a3b3b3)]&amp#27;[0m Calling AppiumDriver.elementDisplayed() with args: ["00000000-0000-0079-ffff-ffff0000002e","63a3b3b3-6572-412a-ab56-145c276cd280"]
[debug] &amp#27;[38;5;32m[AndroidUiautomator2Driver@db8f (63a3b3b3)]&amp#27;[0m Matched '/element/00000000-0000-0079-ffff-ffff0000002e/attribute/displayed' to command name 'getAttribute'
[debug] &amp#27;[38;5;32m[AndroidUiautomator2Driver@db8f (63a3b3b3)]&amp#27;[0m Proxying [GET /element/00000000-0000-0079-ffff-ffff0000002e/attribute/displayed] to [GET http://127.0.0.1:10000/session/d57f122c-1079-49f0-a70a-da18a689bf5e/element/00000000-0000-0079-ffff-ffff0000002e/attribute/displayed] with no body
[debug] &amp#27;[38;5;32m[AndroidUiautomator2Driver@db8f (63a3b3b3)]&amp#27;[0m Got response with status 200: {"sessionId":"d57f122c-1079-49f0-a70a-da18a689bf5e","value":"true"}
[debug] &amp#27;[38;5;32m[AndroidUiautomator2Driver@db8f (63a3b3b3)]&amp#27;[0m Responding to client with driver.elementDisplayed() result: true
&amp#27;[38;5;0m[HTTP]&amp#27;[0m <-- GET /session/63a3b3b3-6572-412a-ab56-145c276cd280/element/00000000-0000-0079-ffff-ffff0000002e/displayed 200 19 ms - 14
&amp#27;[38;5;0m[HTTP]&amp#27;[0m 
&amp#27;[38;5;0m[HTTP]&amp#27;[0m &amp#27;[37m-->&amp#27;[39m &amp#27;[37mGET&amp#27;[39m &amp#27;[37m/session/63a3b3b3-6572-412a-ab56-145c276cd280/context&amp#27;[39m
&amp#27;[38;5;0m[HTTP]&amp#27;[0m {}
[debug] &amp#27;[38;5;32m[AndroidUiautomator2Driver@db8f (63a3b3b3)]&amp#27;[0m Calling AppiumDriver.getCurrentContext() with args: ["63a3b3b3-6572-412a-ab56-145c276cd280"]
[debug] &amp#27;[38;5;32m[AndroidUiautomator2Driver@db8f (63a3b3b3)]&amp#27;[0m Responding to client with driver.getCurrentContext() result: "NATIVE_APP"
&amp#27;[38;5;0m[HTTP]&amp#27;[0m <-- GET /session/63a3b3b3-6572-412a-ab56-145c276cd280/context 200 2 ms - 22
&amp#27;[38;5;0m[HTTP]&amp#27;[0m 
&amp#27;[38;5;0m[HTTP]&amp#27;[0m &amp#27;[37m-->&amp#27;[39m &amp#27;[37mPOST&amp#27;[39m &amp#27;[37m/session/63a3b3b3-6572-412a-ab56-145c276cd280/element&amp#27;[39m
&amp#27;[38;5;0m[HTTP]&amp#27;[0m {"using":"accessibility id","value":"test-Password"}
[debug] &amp#27;[38;5;32m[AndroidUiautomator2Driver@db8f (63a3b3b3)]&amp#27;[0m Calling AppiumDriver.findElement() with args: ["accessibility id","test-Password","63a3b3b3-6572-412a-ab56-145c276cd280"]
[debug] &amp#27;[38;5;32m[AndroidUiautomator2Driver@db8f (63a3b3b3)]&amp#27;[0m Valid locator strategies for this request: xpath, id, class name, accessibility id, css selector, -android uiautomator
[debug] &amp#27;[38;5;32m[AndroidUiautomator2Driver@db8f (63a3b3b3)]&amp#27;[0m Waiting up to 0 ms for condition
[debug] &amp#27;[38;5;32m[AndroidUiautomator2Driver@db8f (63a3b3b3)]&amp#27;[0m Matched '/element' to command name 'findElement'
[debug] &amp#27;[38;5;32m[AndroidUiautomator2Driver@db8f (63a3b3b3)]&amp#27;[0m Proxying [POST /element] to [POST http://127.0.0.1:10000/session/d57f122c-1079-49f0-a70a-da18a689bf5e/element] with body: {"strategy":"accessibility id","selector":"test-Password","context":"","multiple":false}
[debug] &amp#27;[38;5;32m[AndroidUiautomator2Driver@db8f (63a3b3b3)]&amp#27;[0m Got response with status 200: {"sessionId":"d57f122c-1079-49f0-a70a-da18a689bf5e","value":{"ELEMENT":"00000000-0000-0079-ffff-ffff0000002e","element-6066-11e4-a52e-4f735466cecf":"00000000-0000-0079-ffff-ffff0000002e"}}
[debug] &amp#27;[38;5;32m[AndroidUiautomator2Driver@db8f (63a3b3b3)]&amp#27;[0m Responding to client with driver.findElement() result: {"element-6066-11e4-a52e-4f735466cecf":"00000000-0000-0079-ffff-ffff0000002e","ELEMENT":"00000000-0000-0079-ffff-ffff0000002e"}
&amp#27;[38;5;0m[HTTP]&amp#27;[0m <-- POST /session/63a3b3b3-6572-412a-ab56-145c276cd280/element 200 23 ms - 137
&amp#27;[38;5;0m[HTTP]&amp#27;[0m 
&amp#27;[38;5;0m[HTTP]&amp#27;[0m &amp#27;[37m-->&amp#27;[39m &amp#27;[37mPOST&amp#27;[39m &amp#27;[37m/session/63a3b3b3-6572-412a-ab56-145c276cd280/element/00000000-0000-0079-ffff-ffff0000002e/value&amp#27;[39m
&amp#27;[38;5;0m[HTTP]&amp#27;[0m {"id":"00000000-0000-0079-ffff-ffff0000002e","text":"secret_sauce","value":["s","e","c","r","e","t","_","s","a","u","c","e"]}
[debug] &amp#27;[38;5;32m[AndroidUiautomator2Driver@db8f (63a3b3b3)]&amp#27;[0m Calling AppiumDriver.setValue() with args: [["s","e","c","r","e","t","_","s","a","u","c","e"],"00000000-0000-0079-ffff-ffff0000002e","63a3b3b3-6572-412a-ab56-145c276cd280"]
[debug] &amp#27;[38;5;32m[AndroidUiautomator2Driver@db8f (63a3b3b3)]&amp#27;[0m Matched '/element/00000000-0000-0079-ffff-ffff0000002e/value' to command name 'setValue'
[debug] &amp#27;[38;5;32m[AndroidUiautomator2Driver@db8f (63a3b3b3)]&amp#27;[0m Added 'value' property ["s","e","c","r","e","t","_","s","a","u","c","e"] to 'setValue' request body
[debug] &amp#27;[38;5;32m[AndroidUiautomator2Driver@db8f (63a3b3b3)]&amp#27;[0m Proxying [POST /element/00000000-0000-0079-ffff-ffff0000002e/value] to [POST http://127.0.0.1:10000/session/d57f122c-1079-49f0-a70a-da18a689bf5e/element/00000000-0000-0079-ffff-ffff0000002e/value] with body: {"elementId":"00000000-0000-0079-ffff-ffff0000002e","text":"secret_sauce","replace":false,"value":["s","e","c","r","e","t","_","s","a","u","c","e"]}
[debug] &amp#27;[38;5;32m[AndroidUiautomator2Driver@db8f (63a3b3b3)]&amp#27;[0m Got response with status 200: {"sessionId":"d57f122c-1079-49f0-a70a-da18a689bf5e","value":null}
[debug] &amp#27;[38;5;32m[AndroidUiautomator2Driver@db8f (63a3b3b3)]&amp#27;[0m Responding to client with driver.setValue() result: null
&amp#27;[38;5;0m[HTTP]&amp#27;[0m <-- POST /session/63a3b3b3-6572-412a-ab56-145c276cd280/element/00000000-0000-0079-ffff-ffff0000002e/value 200 525 ms - 14
&amp#27;[38;5;0m[HTTP]&amp#27;[0m 
&amp#27;[38;5;0m[HTTP]&amp#27;[0m &amp#27;[37m-->&amp#27;[39m &amp#27;[37mGET&amp#27;[39m &amp#27;[37m/session/63a3b3b3-6572-412a-ab56-145c276cd280/context&amp#27;[39m
&amp#27;[38;5;0m[HTTP]&amp#27;[0m {}
[debug] &amp#27;[38;5;32m[AndroidUiautomator2Driver@db8f (63a3b3b3)]&amp#27;[0m Calling AppiumDriver.getCurrentContext() with args: ["63a3b3b3-6572-412a-ab56-145c276cd280"]
[debug] &amp#27;[38;5;32m[AndroidUiautomator2Driver@db8f (63a3b3b3)]&amp#27;[0m Responding to client with driver.getCurrentContext() result: "NATIVE_APP"
&amp#27;[38;5;0m[HTTP]&amp#27;[0m <-- GET /session/63a3b3b3-6572-412a-ab56-145c276cd280/context 200 8 ms - 22
&amp#27;[38;5;0m[HTTP]&amp#27;[0m 
&amp#27;[38;5;0m[HTTP]&amp#27;[0m &amp#27;[37m-->&amp#27;[39m &amp#27;[37mPOST&amp#27;[39m &amp#27;[37m/session/63a3b3b3-6572-412a-ab56-145c276cd280/element&amp#27;[39m
&amp#27;[38;5;0m[HTTP]&amp#27;[0m {"using":"accessibility id","value":"test-LOGIN"}
[debug] &amp#27;[38;5;32m[AndroidUiautomator2Driver@db8f (63a3b3b3)]&amp#27;[0m Calling AppiumDriver.findElement() with args: ["accessibility id","test-LOGIN","63a3b3b3-6572-412a-ab56-145c276cd280"]
[debug] &amp#27;[38;5;32m[AndroidUiautomator2Driver@db8f (63a3b3b3)]&amp#27;[0m Valid locator strategies for this request: xpath, id, class name, accessibility id, css selector, -android uiautomator
[debug] &amp#27;[38;5;32m[AndroidUiautomator2Driver@db8f (63a3b3b3)]&amp#27;[0m Waiting up to 0 ms for condition
[debug] &amp#27;[38;5;32m[AndroidUiautomator2Driver@db8f (63a3b3b3)]&amp#27;[0m Matched '/element' to command name 'findElement'
[debug] &amp#27;[38;5;32m[AndroidUiautomator2Driver@db8f (63a3b3b3)]&amp#27;[0m Proxying [POST /element] to [POST http://127.0.0.1:10000/session/d57f122c-1079-49f0-a70a-da18a689bf5e/element] with body: {"strategy":"accessibility id","selector":"test-LOGIN","context":"","multiple":false}
[debug] &amp#27;[38;5;32m[XCUITestDriver@418b (c131a0b0)]&amp#27;[0m Got response with status 200: {"value":{"ELEMENT":"C4000000-0000-0000-7418-000000000000","element-6066-11e4-a52e-4f735466cecf":"C4000000-0000-0000-7418-000000000000"},"sessionId":"403C56F7-B560-4A95-9D3E-23E213F85662"}
[debug] &amp#27;[38;5;32m[XCUITestDriver@418b (c131a0b0)]&amp#27;[0m Responding to client with driver.findElement() result: {"element-6066-11e4-a52e-4f735466cecf":"C4000000-0000-0000-7418-000000000000","ELEMENT":"C4000000-0000-0000-7418-000000000000"}
&amp#27;[38;5;0m[HTTP]&amp#27;[0m <-- POST /session/c131a0b0-4ee4-41db-9122-0078c0464db0/element 200 2506 ms - 137
&amp#27;[38;5;0m[HTTP]&amp#27;[0m 
&amp#27;[38;5;0m[HTTP]&amp#27;[0m &amp#27;[37m-->&amp#27;[39m &amp#27;[37mGET&amp#27;[39m &amp#27;[37m/session/c131a0b0-4ee4-41db-9122-0078c0464db0/element/C4000000-0000-0000-7418-000000000000/displayed&amp#27;[39m
&amp#27;[38;5;0m[HTTP]&amp#27;[0m {}
&amp#27;[38;5;32m[XCUITestDriver@418b (c131a0b0)]&amp#27;[0m Driver proxy active, passing request on via HTTP proxy
[debug] &amp#27;[38;5;32m[XCUITestDriver@418b (c131a0b0)]&amp#27;[0m Executing command 'proxyReqRes'
[debug] &amp#27;[38;5;32m[XCUITestDriver@418b (c131a0b0)]&amp#27;[0m Matched '/session/c131a0b0-4ee4-41db-9122-0078c0464db0/element/C4000000-0000-0000-7418-000000000000/displayed' to command name 'elementDisplayed'
[debug] &amp#27;[38;5;32m[XCUITestDriver@418b (c131a0b0)]&amp#27;[0m Proxying [GET /session/c131a0b0-4ee4-41db-9122-0078c0464db0/element/C4000000-0000-0000-7418-000000000000/displayed] to [GET http://127.0.0.1:10002/session/403C56F7-B560-4A95-9D3E-23E213F85662/element/C4000000-0000-0000-7418-000000000000/displayed] with no body
[debug] &amp#27;[38;5;32m[AndroidUiautomator2Driver@db8f (63a3b3b3)]&amp#27;[0m Got response with status 200: {"sessionId":"d57f122c-1079-49f0-a70a-da18a689bf5e","value":{"ELEMENT":"00000000-0000-0079-ffff-ffff0000002f","element-6066-11e4-a52e-4f735466cecf":"00000000-0000-0079-ffff-ffff0000002f"}}
[debug] &amp#27;[38;5;32m[AndroidUiautomator2Driver@db8f (63a3b3b3)]&amp#27;[0m Responding to client with driver.findElement() result: {"element-6066-11e4-a52e-4f735466cecf":"00000000-0000-0079-ffff-ffff0000002f","ELEMENT":"00000000-0000-0079-ffff-ffff0000002f"}
&amp#27;[38;5;0m[HTTP]&amp#27;[0m <-- POST /session/63a3b3b3-6572-412a-ab56-145c276cd280/element 200 498 ms - 137
&amp#27;[38;5;0m[HTTP]&amp#27;[0m 
[debug] &amp#27;[38;5;32m[XCUITestDriver@418b (c131a0b0)]&amp#27;[0m Got response with status 200: {"value":true,"sessionId":"403C56F7-B560-4A95-9D3E-23E213F85662"}
&amp#27;[38;5;0m[HTTP]&amp#27;[0m &amp#27;[37m-->&amp#27;[39m &amp#27;[37mGET&amp#27;[39m &amp#27;[37m/session/63a3b3b3-6572-412a-ab56-145c276cd280/element/00000000-0000-0079-ffff-ffff0000002f/displayed&amp#27;[39m
&amp#27;[38;5;0m[HTTP]&amp#27;[0m {}
[debug] &amp#27;[38;5;32m[AndroidUiautomator2Driver@db8f (63a3b3b3)]&amp#27;[0m Calling AppiumDriver.elementDisplayed() with args: ["00000000-0000-00&amp#27;7[93-8f;f5f;f-ffff00000023f2"m,["X6C3a3b3bU3I-T6e5s7t2D-r4iv1e2ra@-4a1b85b6 -1(4c51c3217a06cbd02)8]0&amp#27;"[]0
m Replacing sessionId 403C56F7-B560-4A95-9D3E-23E213F85662 with c131a0b0-4ee4-41db-9122-0078c0464db0
[debug] &amp#27;[38;5;32m[AndroidUiautomator2Driver@db8f (63a3b3b3)]&amp#27;[0m Matched '/element/00000000-0000-0079-ffff-ffff0000002f/attribute/displayed' to command name 'getAttribute'
[debug] &amp#27;[38;5;32m[AndroidUiautomator2Driver@db8f (63a3b3b3)]&amp#27;[0m Proxying [GET /element/00000000-0000-0079-ffff-ffff0000002f/attribute/displayed] to [GET http://127.0.0.1:10000/session/d57f122c-1079-49f0-a70a-da18a689bf5e/element/00000000-0000-0079-ffff-ffff0000002f/attribute/displayed] with no body
&amp#27;[38;5;0m[HTTP]&amp#27;[0m <-- GET /session/c131a0b0-4ee4-41db-9122-0078c0464db0/element/C4000000-0000-0000-7418-000000000000/displayed 200 255 ms - 65
&amp#27;[38;5;0m[HTTP]&amp#27;[0m 
[debug] &amp#27;[38;5;32m[AndroidUiautomator2Driver@db8f (63a3b3b3)]&amp#27;[0m Got response with status 200: {"sessionId":"d57f122c-1079-49f0-a70a-da18a689bf5e","value":"true"}
&amp#27;[38;5;0m[HTTP]&amp#27;[0m &amp#27;[37m-->&amp#27;[39m &amp#27;[37mGET&amp#27;[39m &amp#27;[37m/session/c131a0b0-4ee4-41db-9122-0078c0464db0/context&amp#27;[39m
&amp#27;[38;5;0m[HTTP]&amp#27;[0m {}
[debug] &amp#27;[38;5;32m[AndroidUiautomator2Driver@db8f (63a3b3b3)]&amp#27;[0m Responding to client with driver.elementDisplayed() result: true
&amp#27;[38;5;0m[HTTP]&amp#27;[0m <-- GET /session/63a3b3b3-6572-412a-ab56-145c276cd280/element/00000000-0000-0079-ffff-ffff0000002f/displayed 200 14 ms - 14
&amp#27;[38;5;0m[HTTP]&amp#27;[0m 
&amp#27;[38;5;0m[HTTP]&amp#27;[0m &amp#27;[37m-->&amp#27;[39m &amp#27;[37mGET&amp#27;[39m &amp#27;[37m/session/63a3b3b3-6572-412a-ab56-145c276cd280/context&amp#27;[39m
&amp#27;[38;5;0m[HTTP]&amp#27;[0m {}
[debug] &amp#27;[38;5;32m[AndroidUiautomator2Driver@db8f (63a3b3b3)]&amp#27;[0m Calling AppiumDriver.getCurrentContext() with args: ["63a3b3b3-6572-412a-ab56-145c276cd280"]
[debug] &amp#27;[38;5;32m[AndroidUiautomator2Driver@db8f (63a3b3b3)]&amp#27;[0m Responding to client with driver.getCurrentContext() result: "NATIVE_APP"
&amp#27;[38;5;0m[HTTP]&amp#27;[0m <-- GET /session/63a3b3b3-6572-412a-ab56-145c276cd280/context 200 1 ms - 22
&amp#27;[38;5;0m[HTTP]&amp#27;[0m 
[debug] &amp#27;[38;5;32m[XCUITestDriver@418b (c131a0b0)]&amp#27;[0m Calling AppiumDriver.getCurrentContext() with args: ["c131a0b0-4ee4-41db-9122-0078c0464db0"]
[debug] &amp#27;[38;5;32m[XCUITestDriver@418b (c131a0b0)]&amp#27;[0m Executing command 'getCurrentContext'
[debug] &amp#27;[38;5;32m[XCUITestDriver@418b (c131a0b0)]&amp#27;[0m Responding to client with driver.getCurrentContext() result: "NATIVE_APP"
&amp#27;[38;5;0m[HTTP]&amp#27;[0m &amp#27;[37m-->&amp#27;[39m &amp#27;[37mPOST&amp#27;[39m &amp#27;[37m/session/63a3b3b3-6572-412a-ab56-145c276cd280/element&amp#27;[39m
&amp#27;&amp#27;[[3388;;55;;00mm[[HHTTTTPP]]&amp#27;&amp#27;[[00mm  {<"-u-s iGnEgT" :/"saecscseisosni/bci1l3i1tay0 bi0d-"4,e"ev4a-l4u1ed"b:-"9t1e2s2t--0L0OG7I8c04N64"}d
b0/context 200 9 ms - 22
&amp#27;[38;5;0m[HTTP]&amp#27;[0m 
[debug] &amp#27;[38;5;32m[AndroidUiautomator2Driver@db8f (63a3b3b3)]&amp#27;[0m Calling AppiumDriver.findElement() with args: ["accessibility id","test-LOGIN","63a3b3b3-6572-412a-ab56-145c276cd280"]
[debug] &amp#27;[38;5;32m[AndroidUiautomator2Driver@db8f (63a3b3b3)]&amp#27;[0m Valid locator strategies for this request: xpath, id, class name, accessibility id, css selector, -android uiautomator
[debug] &amp#27;[38;5;32m[AndroidUiautomator2Driver@db8f (63a3b3b3)]&amp#27;[0m Waiting up to 0 ms for condition
[debug] &amp#27;[38;5;32m[AndroidUiautomator2Driver@db8f (63a3b3b3)]&amp#27;[0m Matched '/element' to command name 'findElement'
[debug] &amp#27;[38;5;32m[AndroidUiautomator2Driver@db8f (63a3b3b3)]&amp#27;[0m Proxying [POST /element] to [POST http://127.0.0.1:10000/session/d57f122c-1079-49f0-a70a-da18a689bf5e/element] with body: {"strategy":"accessibility id","selector":"test-LOGIN","context":"","multiple":false}
&amp#27;[38;5;0m[HTTP]&amp#27;[0m &amp#27;[37m-->&amp#27;[39m &amp#27;[37mPOST&amp#27;[39m &amp#27;[37m/session/c131a0b0-4ee4-41db-9122-0078c0464db0/element&amp#27;[39m
&amp#27;[38;5;0m[HTTP]&amp#27;[0m {"using":"xpath","value":"(//XCUIElementTypeStaticText[@name=\"test-Item title\"])[1]"}
[debug] &amp#27;[38;5;32m[XCUITestDriver@418b (c131a0b0)]&amp#27;[0m Calling AppiumDriver.findElement() with args: ["xpath","(//XCUIElementTypeStaticText[@name=\"test-Item title\"])[1]","c131a0b0-4ee4-41db-9122-0078c0464db0"]
[debug] &amp#27;[38;5;32m[XCUITestDriver@418b (c131a0b0)]&amp#27;[0m Executing command 'findElement'
[debug] &amp#27;[38;5;32m[XCUITestDriver@418b (c131a0b0)]&amp#27;[0m Valid locator strategies for this request: xpath, id, name, class name, -ios predicate string, -ios class chain, accessibility id, css selector
[debug] &amp#27;[38;5;32m[XCUITestDriver@418b (c131a0b0)]&amp#27;[0m Waiting up to 0 ms for condition
[debug] &amp#27;[38;5;32m[XCUITestDriver@418b (c131a0b0)]&amp#27;[0m Matched '/element' to command name 'findElement'
[debug] &amp#27;[38;5;32m[XCUITestDriver@418b (c131a0b0)]&amp#27;[0m Proxying [POST /element] to [POST http://127.0.0.1:10002/session/403C56F7-B560-4A95-9D3E-23E213F85662/element] with body: {"using":"xpath","value":"(//XCUIElementTypeStaticText[@name=\"test-Item title\"])[1]"}
[debug] &amp#27;[38;5;32m[AndroidUiautomator2Driver@db8f (63a3b3b3)]&amp#27;[0m Got response with status 200: {"sessionId":"d57f122c-1079-49f0-a70a-da18a689bf5e","value":{"ELEMENT":"00000000-0000-0079-ffff-ffff0000002f","element-6066-11e4-a52e-4f735466cecf":"00000000-0000-0079-ffff-ffff0000002f"}}
[debug] &amp#27;[38;5;32m[AndroidUiautomator2Driver@db8f (63a3b3b3)]&amp#27;[0m Responding to client with driver.findElement() result: {"element-6066-11e4-a52e-4f735466cecf":"00000000-0000-0079-ffff-ffff0000002f","ELEMENT":"00000000-0000-0079-ffff-ffff0000002f"}
&amp#27;[38;5;0m[HTTP]&amp#27;[0m <-- POST /session/63a3b3b3-6572-412a-ab56-145c276cd280/element 200 18 ms - 137
&amp#27;[38;5;0m[HTTP]&amp#27;[0m 
&amp#27;[38;5;0m[HTTP]&amp#27;[0m &amp#27;[37m-->&amp#27;[39m &amp#27;[37mPOST&amp#27;[39m &amp#27;[37m/session/63a3b3b3-6572-412a-ab56-145c276cd280/element/00000000-0000-0079-ffff-ffff0000002f/click&amp#27;[39m
&amp#27;[38;5;0m[HTTP]&amp#27;[0m {"id":"00000000-0000-0079-ffff-ffff0000002f"}
[debug] &amp#27;[38;5;32m[AndroidUiautomator2Driver@db8f (63a3b3b3)]&amp#27;[0m Calling AppiumDriver.click() with args: ["00000000-0000-0079-ffff-ffff0000002f","63a3b3b3-6572-412a-ab56-145c276cd280"]
[debug] &amp#27;[38;5;32m[AndroidUiautomator2Driver@db8f (63a3b3b3)]&amp#27;[0m Matched '/element/00000000-0000-0079-ffff-ffff0000002f/click' to command name 'click'
[debug] &amp#27;[38;5;32m[AndroidUiautomator2Driver@db8f (63a3b3b3)]&amp#27;[0m Proxying [POST /element/00000000-0000-0079-ffff-ffff0000002f/click] to [POST http://127.0.0.1:10000/session/d57f122c-1079-49f0-a70a-da18a689bf5e/element/00000000-0000-0079-ffff-ffff0000002f/click] with body: {"element":"00000000-0000-0079-ffff-ffff0000002f"}
[debug] &amp#27;[38;5;32m[AndroidUiautomator2Driver@db8f (63a3b3b3)]&amp#27;[0m Got response with status 200: {"sessionId":"d57f122c-1079-49f0-a70a-da18a689bf5e","value":null}
[debug] &amp#27;[38;5;32m[AndroidUiautomator2Driver@db8f (63a3b3b3)]&amp#27;[0m Responding to client with driver.click() result: null
&amp#27;[38;5;0m[HTTP]&amp#27;[0m <-- POST /session/63a3b3b3-6572-412a-ab56-145c276cd280/element/00000000-0000-0079-ffff-ffff0000002f/click 200 81 ms - 14
&amp#27;[38;5;0m[HTTP]&amp#27;[0m 
&amp#27;[38;5;0m[HTTP]&amp#27;[0m &amp#27;[37m-->&amp#27;[39m &amp#27;[37mGET&amp#27;[39m &amp#27;[37m/session/63a3b3b3-6572-412a-ab56-145c276cd280/context&amp#27;[39m
&amp#27;[38;5;0m[HTTP]&amp#27;[0m {}
[debug] &amp#27;[38;5;32m[AndroidUiautomator2Driver@db8f (63a3b3b3)]&amp#27;[0m Calling AppiumDriver.getCurrentContext() with args: ["63a3b3b3-6572-412a-ab56-145c276cd280"]
[debug] &amp#27;[38;5;32m[AndroidUiautomator2Driver@db8f (63a3b3b3)]&amp#27;[0m Responding to client with driver.getCurrentContext() result: "NATIVE_APP"
&amp#27;[38;5;0m[HTTP]&amp#27;[0m <-- GET /session/63a3b3b3-6572-412a-ab56-145c276cd280/context 200 135 ms - 22
&amp#27;[38;5;0m[HTTP]&amp#27;[0m 
&amp#27;[38;5;0m[HTTP]&amp#27;[0m &amp#27;[37m-->&amp#27;[39m &amp#27;[37mPOST&amp#27;[39m &amp#27;[37m/session/63a3b3b3-6572-412a-ab56-145c276cd280/element&amp#27;[39m
&amp#27;[38;5;0m[HTTP]&amp#27;[0m {"using":"xpath","value":"(//android.widget.TextView[@content-desc=\"test-Item title\"])[1]"}
[debug] &amp#27;[38;5;32m[AndroidUiautomator2Driver@db8f (63a3b3b3)]&amp#27;[0m Calling AppiumDriver.findElement() with args: ["xpath","(//android.widget.TextView[@content-desc=\"test-Item title\"])[1]","63a3b3b3-6572-412a-ab56-145c276cd280"]
[debug] &amp#27;[38;5;32m[AndroidUiautomator2Driver@db8f (63a3b3b3)]&amp#27;[0m Valid locator strategies for this request: xpath, id, class name, accessibility id, css selector, -android uiautomator
[debug] &amp#27;[38;5;32m[AndroidUiautomator2Driver@db8f (63a3b3b3)]&amp#27;[0m Waiting up to 0 ms for condition
[debug] &amp#27;[38;5;32m[AndroidUiautomator2Driver@db8f (63a3b3b3)]&amp#27;[0m Matched '/element' to command name 'findElement'
[debug] &amp#27;[38;5;32m[AndroidUiautomator2Driver@db8f (63a3b3b3)]&amp#27;[0m Proxying [POST /element] to [POST http://127.0.0.1:10000/session/d57f122c-1079-49f0-a70a-da18a689bf5e/element] with body: {"strategy":"xpath","selector":"(//android.widget.TextView[@content-desc=\"test-Item title\"])[1]","context":"","multiple":false}
&amp#27;[38;5;32m[AndroidUiautomator2Driver@db8f (63a3b3b3)]&amp#27;[0m Got response with status 404: {"sessionId":"d57f122c-1079-49f0-a70a-da18a689bf5e","value":{"error":"no such element","message":"An element could not be located on the page using the given search parameters","stacktrace":"io.appium.uiautomator2.common.exceptions.ElementNotFoundException: An element could not be located on the page using the given search parameters\n\tat io.appium.uiautomator2.handler.FindElement.findElement(FindElement.java:90)\n\tat io.appium.uiautomator2.handler.FindElement.safeHandle(FindElement.java:67)\n\tat io.appium.uiautomator2.handler.request.SafeRequestHandler.handle(SafeRequestHandler.java:59)\n\tat io.appium.uiautomator2.server.AppiumServlet.handleRequest(AppiumServlet.java:267)\n\tat io.appium.uiautomator2.server.AppiumServlet.handleHttpRequest(AppiumServlet.java:261)\n\tat io.appium.uiautomator2.http.ServerHandler.channelRead(ServerHandler.java:68)\n\tat io.netty.channel.AbstractChannelHandlerContext.invokeChannelRead(AbstractChannelHandlerContext.java:366)\n\tat io.netty.channel.AbstractChannelHandlerCont...
[debug] &amp#27;[38;5;128m[W3C]&amp#27;[0m Matched W3C error code 'no such element' to NoSuchElementError
[debug] &amp#27;[38;5;32m[AndroidUiautomator2Driver@db8f (63a3b3b3)]&amp#27;[0m Encountered internal error running command: NoSuchElementError: An element could not be located on the page using the given search parameters.
[debug] &amp#27;[38;5;32m[AndroidUiautomator2Driver@db8f (63a3b3b3)]&amp#27;[0m     at AndroidUiautomator2Driver.findElOrEls (/Users/nikhilkumargupta/.appium/node_modules/appium-uiautomator2-driver/node_modules/appium-android-driver/lib/commands/find.js:75:11)
[debug] &amp#27;[38;5;32m[AndroidUiautomator2Driver@db8f (63a3b3b3)]&amp#27;[0m     at processTicksAndRejections (node:internal/process/task_queues:95:5)
[debug] &amp#27;[38;5;32m[AndroidUiautomator2Driver@db8f (63a3b3b3)]&amp#27;[0m     at AndroidUiautomator2Driver.findElOrElsWithProcessing (/usr/local/lib/node_modules/appium/node_modules/@appium/base-driver/lib/basedriver/commands/find.js:81:16)
[debug] &amp#27;[38;5;32m[AndroidUiautomator2Driver@db8f (63a3b3b3)]&amp#27;[0m     at AndroidUiautomator2Driver.findElement (/usr/local/lib/node_modules/appium/node_modules/@appium/base-driver/lib/basedriver/commands/find.js:21:14)
&amp#27;[38;5;0m[HTTP]&amp#27;[0m <-- POST /session/63a3b3b3-6572-412a-ab56-145c276cd280/element 404 308 ms - 821
&amp#27;[38;5;0m[HTTP]&amp#27;[0m 
&amp#27;[38;5;0m[HTTP]&amp#27;[0m &amp#27;[37m-->&amp#27;[39m &amp#27;[37mPOST&amp#27;[39m &amp#27;[37m/session/63a3b3b3-6572-412a-ab56-145c276cd280/element&amp#27;[39m
&amp#27;[38;5;0m[HTTP]&amp#27;[0m {"using":"xpath","value":"(//android.widget.TextView[@content-desc=\"test-Item title\"])[1]"}
[debug] &amp#27;[38;5;32m[AndroidUiautomator2Driver@db8f (63a3b3b3)]&amp#27;[0m Calling AppiumDriver.findElement() with args: ["xpath","(//android.widget.TextView[@content-desc=\"test-Item title\"])[1]","63a3b3b3-6572-412a-ab56-145c276cd280"]
[debug] &amp#27;[38;5;32m[AndroidUiautomator2Driver@db8f (63a3b3b3)]&amp#27;[0m Valid locator strategies for this request: xpath, id, class name, accessibility id, css selector, -android uiautomator
[debug] &amp#27;[38;5;32m[AndroidUiautomator2Driver@db8f (63a3b3b3)]&amp#27;[0m Waiting up to 0 ms for condition
[debug] &amp#27;[38;5;32m[AndroidUiautomator2Driver@db8f (63a3b3b3)]&amp#27;[0m Matched '/element' to command name 'findElement'
[debug] &amp#27;[38;5;32m[AndroidUiautomator2Driver@db8f (63a3b3b3)]&amp#27;[0m Proxying [POST /element] to [POST http://127.0.0.1:10000/session/d57f122c-1079-49f0-a70a-da18a689bf5e/element] with body: {"strategy":"xpath","selector":"(//android.widget.TextView[@content-desc=\"test-Item title\"])[1]","context":"","multiple":false}
[debug] &amp#27;[38;5;32m[AndroidUiautomator2Driver@db8f (63a3b3b3)]&amp#27;[0m Got response with status 200: {"sessionId":"d57f122c-1079-49f0-a70a-da18a689bf5e","value":{"ELEMENT":"00000000-0000-0079-ffff-ffff0000009e","element-6066-11e4-a52e-4f735466cecf":"00000000-0000-0079-ffff-ffff0000009e"}}
[debug] &amp#27;[38;5;32m[AndroidUiautomator2Driver@db8f (63a3b3b3)]&amp#27;[0m Responding to client with driver.findElement() result: {"element-6066-11e4-a52e-4f735466cecf":"00000000-0000-0079-ffff-ffff0000009e","ELEMENT":"00000000-0000-0079-ffff-ffff0000009e"}
&amp#27;[38;5;0m[HTTP]&amp#27;[0m <-- POST /session/63a3b3b3-6572-412a-ab56-145c276cd280/element 200 447 ms - 137
&amp#27;[38;5;0m[HTTP]&amp#27;[0m 
&amp#27;[38;5;0m[HTTP]&amp#27;[0m &amp#27;[37m-->&amp#27;[39m &amp#27;[37mGET&amp#27;[39m &amp#27;[37m/session/63a3b3b3-6572-412a-ab56-145c276cd280/element/00000000-0000-0079-ffff-ffff0000009e/displayed&amp#27;[39m
&amp#27;[38;5;0m[HTTP]&amp#27;[0m {}
[debug] &amp#27;[38;5;32m[AndroidUiautomator2Driver@db8f (63a3b3b3)]&amp#27;[0m Calling AppiumDriver.elementDisplayed() with args: ["00000000-0000-0079-ffff-ffff0000009e","63a3b3b3-6572-412a-ab56-145c276cd280"]
[debug] &amp#27;[38;5;32m[AndroidUiautomator2Driver@db8f (63a3b3b3)]&amp#27;[0m Matched '/element/00000000-0000-0079-ffff-ffff0000009e/attribute/displayed' to command name 'getAttribute'
[debug] &amp#27;[38;5;32m[AndroidUiautomator2Driver@db8f (63a3b3b3)]&amp#27;[0m Proxying [GET /element/00000000-0000-0079-ffff-ffff0000009e/attribute/displayed] to [GET http://127.0.0.1:10000/session/d57f122c-1079-49f0-a70a-da18a689bf5e/element/00000000-0000-0079-ffff-ffff0000009e/attribute/displayed] with no body
[debug] &amp#27;[38;5;32m[AndroidUiautomator2Driver@db8f (63a3b3b3)]&amp#27;[0m Got response with status 200: {"sessionId":"d57f122c-1079-49f0-a70a-da18a689bf5e","value":"true"}
[debug] &amp#27;[38;5;32m[AndroidUiautomator2Driver@db8f (63a3b3b3)]&amp#27;[0m Responding to client with driver.elementDisplayed() result: true
&amp#27;[38;5;0m[HTTP]&amp#27;[0m <-- GET /session/63a3b3b3-6572-412a-ab56-145c276cd280/element/00000000-0000-0079-ffff-ffff0000009e/displayed 200 25 ms - 14
&amp#27;[38;5;0m[HTTP]&amp#27;[0m 
&amp#27;[38;5;0m[HTTP]&amp#27;[0m &amp#27;[37m-->&amp#27;[39m &amp#27;[37mGET&amp#27;[39m &amp#27;[37m/session/63a3b3b3-6572-412a-ab56-145c276cd280/context&amp#27;[39m
&amp#27;[38;5;0m[HTTP]&amp#27;[0m {}
[debug] &amp#27;[38;5;32m[AndroidUiautomator2Driver@db8f (63a3b3b3)]&amp#27;[0m Calling AppiumDriver.getCurrentContext() with args: ["63a3b3b3-6572-412a-ab56-145c276cd280"]
[debug] &amp#27;[38;5;32m[AndroidUiautomator2Driver@db8f (63a3b3b3)]&amp#27;[0m Responding to client with driver.getCurrentContext() result: "NATIVE_APP"
&amp#27;[38;5;0m[HTTP]&amp#27;[0m <-- GET /session/63a3b3b3-6572-412a-ab56-145c276cd280/context 200 5 ms - 22
&amp#27;[38;5;0m[HTTP]&amp#27;[0m 
&amp#27;[38;5;0m[HTTP]&amp#27;[0m &amp#27;[37m-->&amp#27;[39m &amp#27;[37mPOST&amp#27;[39m &amp#27;[37m/session/63a3b3b3-6572-412a-ab56-145c276cd280/element&amp#27;[39m
&amp#27;[38;5;0m[HTTP]&amp#27;[0m {"using":"xpath","value":"(//android.widget.TextView[@content-desc=\"test-Item title\"])[1]"}
[debug] &amp#27;[38;5;32m[AndroidUiautomator2Driver@db8f (63a3b3b3)]&amp#27;[0m Calling AppiumDriver.findElement() with args: ["xpath","(//android.widget.TextView[@content-desc=\"test-Item title\"])[1]","63a3b3b3-6572-412a-ab56-145c276cd280"]
[debug] &amp#27;[38;5;32m[AndroidUiautomator2Driver@db8f (63a3b3b3)]&amp#27;[0m Valid locator strategies for this request: xpath, id, class name, accessibility id, css selector, -android uiautomator
[debug] &amp#27;[38;5;32m[AndroidUiautomator2Driver@db8f (63a3b3b3)]&amp#27;[0m Waiting up to 0 ms for condition
[debug] &amp#27;[38;5;32m[AndroidUiautomator2Driver@db8f (63a3b3b3)]&amp#27;[0m Matched '/element' to command name 'findElement'
[debug] &amp#27;[38;5;32m[AndroidUiautomator2Driver@db8f (63a3b3b3)]&amp#27;[0m Proxying [POST /element] to [POST http://127.0.0.1:10000/session/d57f122c-1079-49f0-a70a-da18a689bf5e/element] with body: {"strategy":"xpath","selector":"(//android.widget.TextView[@content-desc=\"test-Item title\"])[1]","context":"","multiple":false}
[debug] &amp#27;[38;5;32m[AndroidUiautomator2Driver@db8f (63a3b3b3)]&amp#27;[0m Got response with status 200: {"sessionId":"d57f122c-1079-49f0-a70a-da18a689bf5e","value":{"ELEMENT":"00000000-0000-0079-ffff-ffff0000009e","element-6066-11e4-a52e-4f735466cecf":"00000000-0000-0079-ffff-ffff0000009e"}}
[debug] &amp#27;[38;5;32m[AndroidUiautomator2Driver@db8f (63a3b3b3)]&amp#27;[0m Responding to client with driver.findElement() result: {"element-6066-11e4-a52e-4f735466cecf":"00000000-0000-0079-ffff-ffff0000009e","ELEMENT":"00000000-0000-0079-ffff-ffff0000009e"}
&amp#27;[38;5;0m[HTTP]&amp#27;[0m <-- POST /session/63a3b3b3-6572-412a-ab56-145c276cd280/element 200 144 ms - 137
&amp#27;[38;5;0m[HTTP]&amp#27;[0m 
&amp#27;[38;5;0m[HTTP]&amp#27;[0m &amp#27;[37m-->&amp#27;[39m &amp#27;[37mPOST&amp#27;[39m &amp#27;[37m/session/63a3b3b3-6572-412a-ab56-145c276cd280/element/00000000-0000-0079-ffff-ffff0000009e/click&amp#27;[39m
&amp#27;[38;5;0m[HTTP]&amp#27;[0m {"id":"00000000-0000-0079-ffff-ffff0000009e"}
[debug] &amp#27;[38;5;32m[AndroidUiautomator2Driver@db8f (63a3b3b3)]&amp#27;[0m Calling AppiumDriver.click() with args: ["00000000-0000-0079-ffff-ffff0000009e","63a3b3b3-6572-412a-ab56-145c276cd280"]
[debug] &amp#27;[38;5;32m[AndroidUiautomator2Driver@db8f (63a3b3b3)]&amp#27;[0m Matched '/element/00000000-0000-0079-ffff-ffff0000009e/click' to command name 'click'
[debug] &amp#27;[38;5;32m[AndroidUiautomator2Driver@db8f (63a3b3b3)]&amp#27;[0m Proxying [POST /element/00000000-0000-0079-ffff-ffff0000009e/click] to [POST http://127.0.0.1:10000/session/d57f122c-1079-49f0-a70a-da18a689bf5e/element/00000000-0000-0079-ffff-ffff0000009e/click] with body: {"element":"00000000-0000-0079-ffff-ffff0000009e"}
[debug] &amp#27;[38;5;32m[AndroidUiautomator2Driver@db8f (63a3b3b3)]&amp#27;[0m Got response with status 200: {"sessionId":"d57f122c-1079-49f0-a70a-da18a689bf5e","value":null}
[debug] &amp#27;[38;5;32m[AndroidUiautomator2Driver@db8f (63a3b3b3)]&amp#27;[0m Responding to client with driver.click() result: null
&amp#27;[38;5;0m[HTTP]&amp#27;[0m <-- POST /session/63a3b3b3-6572-412a-ab56-145c276cd280/element/00000000-0000-0079-ffff-ffff0000009e/click 200 72 ms - 14
&amp#27;[38;5;0m[HTTP]&amp#27;[0m 
&amp#27;[38;5;0m[HTTP]&amp#27;[0m &amp#27;[37m-->&amp#27;[39m &amp#27;[37mGET&amp#27;[39m &amp#27;[37m/session/63a3b3b3-6572-412a-ab56-145c276cd280/context&amp#27;[39m
&amp#27;[38;5;0m[HTTP]&amp#27;[0m {}
[debug] &amp#27;[38;5;32m[AndroidUiautomator2Driver@db8f (63a3b3b3)]&amp#27;[0m Calling AppiumDriver.getCurrentContext() with args: ["63a3b3b3-6572-412a-ab56-145c276cd280"]
[debug] &amp#27;[38;5;32m[AndroidUiautomator2Driver@db8f (63a3b3b3)]&amp#27;[0m Responding to client with driver.getCurrentContext() result: "NATIVE_APP"
&amp#27;[38;5;0m[HTTP]&amp#27;[0m <-- GET /session/63a3b3b3-6572-412a-ab56-145c276cd280/context 200 3 ms - 22
&amp#27;[38;5;0m[HTTP]&amp#27;[0m 
&amp#27;[38;5;0m[HTTP]&amp#27;[0m &amp#27;[37m-->&amp#27;[39m &amp#27;[37mPOST&amp#27;[39m &amp#27;[37m/session/63a3b3b3-6572-412a-ab56-145c276cd280/element&amp#27;[39m
&amp#27;[38;5;0m[HTTP]&amp#27;[0m {"using":"xpath","value":"//android.view.ViewGroup[@content-desc=\"test-Description\"]/android.widget.TextView[1]"}
[debug] &amp#27;[38;5;32m[AndroidUiautomator2Driver@db8f (63a3b3b3)]&amp#27;[0m Calling AppiumDriver.findElement() with args: ["xpath","//android.view.ViewGroup[@content-desc=\"test-Description\"]/android.widget.TextView[1]","63a3b3b3-6572-412a-ab56-145c276cd280"]
[debug] &amp#27;[38;5;32m[AndroidUiautomator2Driver@db8f (63a3b3b3)]&amp#27;[0m Valid locator strategies for this request: xpath, id, class name, accessibility id, css selector, -android uiautomator
[debug] &amp#27;[38;5;32m[AndroidUiautomator2Driver@db8f (63a3b3b3)]&amp#27;[0m Waiting up to 0 ms for condition
[debug] &amp#27;[38;5;32m[AndroidUiautomator2Driver@db8f (63a3b3b3)]&amp#27;[0m Matched '/element' to command name 'findElement'
[debug] &amp#27;[38;5;32m[AndroidUiautomator2Driver@db8f (63a3b3b3)]&amp#27;[0m Proxying [POST /element] to [POST http://127.0.0.1:10000/session/d57f122c-1079-49f0-a70a-da18a689bf5e/element] with body: {"strategy":"xpath","selector":"//android.view.ViewGroup[@content-desc=\"test-Description\"]/android.widget.TextView[1]","context":"","multiple":false}
[debug] &amp#27;[38;5;32m[XCUITestDriver@418b (c131a0b0)]&amp#27;[0m Got response with status 200: {"value":{"ELEMENT":"C4000000-0000-0000-7418-000000000000","element-6066-11e4-a52e-4f735466cecf":"C4000000-0000-0000-7418-000000000000"},"sessionId":"403C56F7-B560-4A95-9D3E-23E213F85662"}
[debug] &amp#27;[38;5;32m[XCUITestDriver@418b (c131a0b0)]&amp#27;[0m Responding to client with driver.findElement() result: {"element-6066-11e4-a52e-4f735466cecf":"C4000000-0000-0000-7418-000000000000","ELEMENT":"C4000000-0000-0000-7418-000000000000"}
&amp#27;[38;5;0m[HTTP]&amp#27;[0m <-- POST /session/c131a0b0-4ee4-41db-9122-0078c0464db0/element 200 2875 ms - 137
&amp#27;[38;5;0m[HTTP]&amp#27;[0m 
&amp#27;[38;5;0m[HTTP]&amp#27;[0m &amp#27;[37m-->&amp#27;[39m &amp#27;[37mGET&amp#27;[39m &amp#27;[37m/session/c131a0b0-4ee4-41db-9122-0078c0464db0/element/C4000000-0000-0000-7418-000000000000/attribute/label&amp#27;[39m
&amp#27;[38;5;0m[HTTP]&amp#27;[0m {}
[debug] &amp#27;[38;5;32m[XCUITestDriver@418b (c131a0b0)]&amp#27;[0m Calling AppiumDriver.getAttribute() with args: ["label","C4000000-0000-0000-7418-000000000000","c131a0b0-4ee4-41db-9122-0078c0464db0"]
[debug] &amp#27;[38;5;32m[XCUITestDriver@418b (c131a0b0)]&amp#27;[0m Executing command 'getAttribute'
[debug] &amp#27;[38;5;32m[XCUITestDriver@418b (c131a0b0)]&amp#27;[0m Matched '/element/C4000000-0000-0000-7418-000000000000/attribute/label' to command name 'getAttribute'
[debug] &amp#27;[38;5;32m[XCUITestDriver@418b (c131a0b0)]&amp#27;[0m Proxying [GET /element/C4000000-0000-0000-7418-000000000000/attribute/label] to [GET http://127.0.0.1:10002/session/403C56F7-B560-4A95-9D3E-23E213F85662/element/C4000000-0000-0000-7418-000000000000/attribute/label] with no body
&amp#27;[38;5;32m[AndroidUiautomator2Driver@db8f (63a3b3b3)]&amp#27;[0m Got response with status 404: {"sessionId":"d57f122c-1079-49f0-a70a-da18a689bf5e","value":{"error":"no such element","message":"An element could not be located on the page using the given search parameters","stacktrace":"io.appium.uiautomator2.common.exceptions.ElementNotFoundException: An element could not be located on the page using the given search parameters\n\tat io.appium.uiautomator2.handler.FindElement.findElement(FindElement.java:90)\n\tat io.appium.uiautomator2.handler.FindElement.safeHandle(FindElement.java:67)\n\tat io.appium.uiautomator2.handler.request.SafeRequestHandler.handle(SafeRequestHandler.java:59)\n\tat io.appium.uiautomator2.server.AppiumServlet.handleRequest(AppiumServlet.java:267)\n\tat io.appium.uiautomator2.server.AppiumServlet.handleHttpRequest(AppiumServlet.java:261)\n\tat io.appium.uiautomator2.http.ServerHandler.channelRead(ServerHandler.java:68)\n\tat io.netty.channel.AbstractChannelHandlerContext.invokeChannelRead(AbstractChannelHandlerContext.java:366)\n\tat io.netty.channel.AbstractChannelHandlerCont...
[debug] &amp#27;[38;5;128m[W3C]&amp#27;[0m Matched W3C error code 'no such element' to NoSuchElementError
[debug] &amp#27;[38;5;32m[AndroidUiautomator2Driver@db8f (63a3b3b3)]&amp#27;[0m Encountered internal error running command: NoSuchElementError: An element could not be located on the page using the given search parameters.
[debug] &amp#27;[38;5;32m[AndroidUiautomator2Driver@db8f (63a3b3b3)]&amp#27;[0m     at AndroidUiautomator2Driver.findElOrEls (/Users/nikhilkumargupta/.appium/node_modules/appium-uiautomator2-driver/node_modules/appium-android-driver/lib/commands/find.js:75:11)
[debug] &amp#27;[38;5;32m[AndroidUiautomator2Driver@db8f (63a3b3b3)]&amp#27;[0m     at processTicksAndRejections (node:internal/process/task_queues:95:5)
[debug] &amp#27;[38;5;32m[AndroidUiautomator2Driver@db8f (63a3b3b3)]&amp#27;[0m     at AndroidUiautomator2Driver.findElOrElsWithProcessing (/usr/local/lib/node_modules/appium/node_modules/@appium/base-driver/lib/basedriver/commands/find.js:81:16)
[debug] &amp#27;[38;5;32m[AndroidUiautomator2Driver@db8f (63a3b3b3)]&amp#27;[0m     at AndroidUiautomator2Driver.findElement (/usr/local/lib/node_modules/appium/node_modules/@appium/base-driver/lib/basedriver/commands/find.js:21:14)
&amp#27;[38;5;0m[HTTP]&amp#27;[0m <-- POST /session/63a3b3b3-6572-412a-ab56-145c276cd280/element 404 971 ms - 821
&amp#27;[38;5;0m[HTTP]&amp#27;[0m 
[debug] &amp#27;[38;5;32m[XCUITestDriver@418b (c131a0b0)]&amp#27;[0m Got response with status 200: {"value":"Sauce Labs Backpack","sessionId":"403C56F7-B560-4A95-9D3E-23E213F85662"}
[debug] &amp#27;[38;5;32m[XCUITestDriver@418b (c131a0b0)]&amp#27;[0m Responding to client with driver.getAttribute() result: "Sauce Labs Backpack"
&amp#27;[38;5;0m[HTTP]&amp#27;[0m <-- GET /session/c131a0b0-4ee4-41db-9122-0078c0464db0/element/C4000000-0000-0000-7418-000000000000/attribute/label 200 387 ms - 31
&amp#27;[38;5;0m[HTTP]&amp#27;[0m 
&amp#27;[38;5;0m[HTTP]&amp#27;[0m &amp#27;[37m-->&amp#27;[39m &amp#27;[37mGET&amp#27;[39m &amp#27;[37m/session/c131a0b0-4ee4-41db-9122-0078c0464db0/context&amp#27;[39m
&amp#27;[38;5;0m[HTTP]&amp#27;[0m {}
[debug] &amp#27;[38;5;32m[XCUITestDriver@418b (c131a0b0)]&amp#27;[0m Calling AppiumDriver.getCurrentContext() with args: ["c131a0b0-4ee4-41db-9122-0078c0464db0"]
[debug] &amp#27;[38;5;32m[XCUITestDriver@418b (c131a0b0)]&amp#27;[0m Executing command 'getCurrentContext'
[debug] &amp#27;[38;5;32m[XCUITestDriver@418b (c131a0b0)]&amp#27;[0m Responding to client with driver.getCurrentContext() result: "NATIVE_APP"
&amp#27;[38;5;0m[HTTP]&amp#27;[0m <-- GET /session/c131a0b0-4ee4-41db-9122-0078c0464db0/context 200 4 ms - 22
&amp#27;[38;5;0m[HTTP]&amp#27;[0m 
&amp#27;[38;5;0m[HTTP]&amp#27;[0m &amp#27;[37m-->&amp#27;[39m &amp#27;[37mPOST&amp#27;[39m &amp#27;[37m/session/c131a0b0-4ee4-41db-9122-0078c0464db0/element&amp#27;[39m
&amp#27;[38;5;0m[HTTP]&amp#27;[0m {"using":"xpath","value":"(//XCUIElementTypeStaticText[@name=\"test-Price\"])[1]"}
[debug] &amp#27;[38;5;32m[XCUITestDriver@418b (c131a0b0)]&amp#27;[0m Calling AppiumDriver.findElement() with args: ["xpath","(//XCUIElementTypeStaticText[@name=\"test-Price\"])[1]","c131a0b0-4ee4-41db-9122-0078c0464db0"]
[debug] &amp#27;[38;5;32m[XCUITestDriver@418b (c131a0b0)]&amp#27;[0m Executing command 'findElement'
[debug] &amp#27;[38;5;32m[XCUITestDriver@418b (c131a0b0)]&amp#27;[0m Valid locator strategies for this request: xpath, id, name, class name, -ios predicate string, -ios class chain, accessibility id, css selector
[debug] &amp#27;[38;5;32m[XCUITestDriver@418b (c131a0b0)]&amp#27;[0m Waiting up to 0 ms for condition
[debug] &amp#27;[38;5;32m[XCUITestDriver@418b (c131a0b0)]&amp#27;[0m Matched '/element' to command name 'findElement'
[debug] &amp#27;[38;5;32m[XCUITestDriver@418b (c131a0b0)]&amp#27;[0m Proxying [POST /element] to [POST http://127.0.0.1:10002/session/403C56F7-B560-4A95-9D3E-23E213F85662/element] with body: {"using":"xpath","value":"(//XCUIElementTypeStaticText[@name=\"test-Price\"])[1]"}
&amp#27;[38;5;0m[HTTP]&amp#27;[0m &amp#27;[37m-->&amp#27;[39m &amp#27;[37mGET&amp#27;[39m &amp#27;[37m/session/63a3b3b3-6572-412a-ab56-145c276cd280/context&amp#27;[39m
&amp#27;[38;5;0m[HTTP]&amp#27;[0m {}
[debug] &amp#27;[38;5;32m[AndroidUiautomator2Driver@db8f (63a3b3b3)]&amp#27;[0m Calling AppiumDriver.getCurrentContext() with args: ["63a3b3b3-6572-412a-ab56-145c276cd280"]
[debug] &amp#27;[38;5;32m[AndroidUiautomator2Driver@db8f (63a3b3b3)]&amp#27;[0m Responding to client with driver.getCurrentContext() result: "NATIVE_APP"
&amp#27;[38;5;0m[HTTP]&amp#27;[0m <-- GET /session/63a3b3b3-6572-412a-ab56-145c276cd280/context 200 38 ms - 22
&amp#27;[38;5;0m[HTTP]&amp#27;[0m 
&amp#27;[38;5;0m[HTTP]&amp#27;[0m &amp#27;[37m-->&amp#27;[39m &amp#27;[37mPOST&amp#27;[39m &amp#27;[37m/session/63a3b3b3-6572-412a-ab56-145c276cd280/element&amp#27;[39m
&amp#27;[38;5;0m[HTTP]&amp#27;[0m {"using":"xpath","value":"//android.view.ViewGroup[@content-desc=\"test-Description\"]/android.widget.TextView[1]"}
[debug] &amp#27;[38;5;32m[AndroidUiautomator2Driver@db8f (63a3b3b3)]&amp#27;[0m Calling AppiumDriver.findElement() with args: ["xpath","//android.view.ViewGroup[@content-desc=\"test-Description\"]/android.widget.TextView[1]","63a3b3b3-6572-412a-ab56-145c276cd280"]
[debug] &amp#27;[38;5;32m[AndroidUiautomator2Driver@db8f (63a3b3b3)]&amp#27;[0m Valid locator strategies for this request: xpath, id, class name, accessibility id, css selector, -android uiautomator
[debug] &amp#27;[38;5;32m[AndroidUiautomator2Driver@db8f (63a3b3b3)]&amp#27;[0m Waiting up to 0 ms for condition
[debug] &amp#27;[38;5;32m[AndroidUiautomator2Driver@db8f (63a3b3b3)]&amp#27;[0m Matched '/element' to command name 'findElement'
[debug] &amp#27;[38;5;32m[AndroidUiautomator2Driver@db8f (63a3b3b3)]&amp#27;[0m Proxying [POST /element] to [POST http://127.0.0.1:10000/session/d57f122c-1079-49f0-a70a-da18a689bf5e/element] with body: {"strategy":"xpath","selector":"//android.view.ViewGroup[@content-desc=\"test-Description\"]/android.widget.TextView[1]","context":"","multiple":false}
[debug] &amp#27;[38;5;32m[AndroidUiautomator2Driver@db8f (63a3b3b3)]&amp#27;[0m Got response with status 200: {"sessionId":"d57f122c-1079-49f0-a70a-da18a689bf5e","value":{"ELEMENT":"00000000-0000-0079-ffff-ffff000000d6","element-6066-11e4-a52e-4f735466cecf":"00000000-0000-0079-ffff-ffff000000d6"}}
[debug] &amp#27;[38;5;32m[AndroidUiautomator2Driver@db8f (63a3b3b3)]&amp#27;[0m Responding to client with driver.findElement() result: {"element-6066-11e4-a52e-4f735466cecf":"00000000-0000-0079-ffff-ffff000000d6","ELEMENT":"00000000-0000-0079-ffff-ffff000000d6"}
&amp#27;[38;5;0m[HTTP]&amp#27;[0m <-- POST /session/63a3b3b3-6572-412a-ab56-145c276cd280/element 200 199 ms - 137
&amp#27;[38;5;0m[HTTP]&amp#27;[0m 
&amp#27;[38;5;0m[HTTP]&amp#27;[0m &amp#27;[37m-->&amp#27;[39m &amp#27;[37mGET&amp#27;[39m &amp#27;[37m/session/63a3b3b3-6572-412a-ab56-145c276cd280/element/00000000-0000-0079-ffff-ffff000000d6/displayed&amp#27;[39m
&amp#27;[38;5;0m[HTTP]&amp#27;[0m {}
[debug] &amp#27;[38;5;32m[AndroidUiautomator2Driver@db8f (63a3b3b3)]&amp#27;[0m Calling AppiumDriver.elementDisplayed() with args: ["00000000-0000-0079-ffff-ffff000000d6","63a3b3b3-6572-412a-ab56-145c276cd280"]
[debug] &amp#27;[38;5;32m[AndroidUiautomator2Driver@db8f (63a3b3b3)]&amp#27;[0m Matched '/element/00000000-0000-0079-ffff-ffff000000d6/attribute/displayed' to command name 'getAttribute'
[debug] &amp#27;[38;5;32m[AndroidUiautomator2Driver@db8f (63a3b3b3)]&amp#27;[0m Proxying [GET /element/00000000-0000-0079-ffff-ffff000000d6/attribute/displayed] to [GET http://127.0.0.1:10000/session/d57f122c-1079-49f0-a70a-da18a689bf5e/element/00000000-0000-0079-ffff-ffff000000d6/attribute/displayed] with no body
[debug] &amp#27;[38;5;32m[AndroidUiautomator2Driver@db8f (63a3b3b3)]&amp#27;[0m Got response with status 200: {"sessionId":"d57f122c-1079-49f0-a70a-da18a689bf5e","value":"true"}
[debug] &amp#27;[38;5;32m[AndroidUiautomator2Driver@db8f (63a3b3b3)]&amp#27;[0m Responding to client with driver.elementDisplayed() result: true
&amp#27;[38;5;0m[HTTP]&amp#27;[0m <-- GET /session/63a3b3b3-6572-412a-ab56-145c276cd280/element/00000000-0000-0079-ffff-ffff000000d6/displayed 200 36 ms - 14
&amp#27;[38;5;0m[HTTP]&amp#27;[0m 
&amp#27;[38;5;0m[HTTP]&amp#27;[0m &amp#27;[37m-->&amp#27;[39m &amp#27;[37mGET&amp#27;[39m &amp#27;[37m/session/63a3b3b3-6572-412a-ab56-145c276cd280/context&amp#27;[39m
&amp#27;[38;5;0m[HTTP]&amp#27;[0m {}
[debug] &amp#27;[38;5;32m[AndroidUiautomator2Driver@db8f (63a3b3b3)]&amp#27;[0m Calling AppiumDriver.getCurrentContext() with args: ["63a3b3b3-6572-412a-ab56-145c276cd280"]
[debug] &amp#27;[38;5;32m[AndroidUiautomator2Driver@db8f (63a3b3b3)]&amp#27;[0m Responding to client with driver.getCurrentContext() result: "NATIVE_APP"
&amp#27;[38;5;0m[HTTP]&amp#27;[0m <-- GET /session/63a3b3b3-6572-412a-ab56-145c276cd280/context 200 3 ms - 22
&amp#27;[38;5;0m[HTTP]&amp#27;[0m 
&amp#27;[38;5;0m[HTTP]&amp#27;[0m &amp#27;[37m-->&amp#27;[39m &amp#27;[37mPOST&amp#27;[39m &amp#27;[37m/session/63a3b3b3-6572-412a-ab56-145c276cd280/element&amp#27;[39m
&amp#27;[38;5;0m[HTTP]&amp#27;[0m {"using":"xpath","value":"//android.view.ViewGroup[@content-desc=\"test-Description\"]/android.widget.TextView[1]"}
[debug] &amp#27;[38;5;32m[AndroidUiautomator2Driver@db8f (63a3b3b3)]&amp#27;[0m Calling AppiumDriver.findElement() with args: ["xpath","//android.view.ViewGroup[@content-desc=\"test-Description\"]/android.widget.TextView[1]","63a3b3b3-6572-412a-ab56-145c276cd280"]
[debug] &amp#27;[38;5;32m[AndroidUiautomator2Driver@db8f (63a3b3b3)]&amp#27;[0m Valid locator strategies for this request: xpath, id, class name, accessibility id, css selector, -android uiautomator
[debug] &amp#27;[38;5;32m[AndroidUiautomator2Driver@db8f (63a3b3b3)]&amp#27;[0m Waiting up to 0 ms for condition
[debug] &amp#27;[38;5;32m[AndroidUiautomator2Driver@db8f (63a3b3b3)]&amp#27;[0m Matched '/element' to command name 'findElement'
[debug] &amp#27;[38;5;32m[AndroidUiautomator2Driver@db8f (63a3b3b3)]&amp#27;[0m Proxying [POST /element] to [POST http://127.0.0.1:10000/session/d57f122c-1079-49f0-a70a-da18a689bf5e/element] with body: {"strategy":"xpath","selector":"//android.view.ViewGroup[@content-desc=\"test-Description\"]/android.widget.TextView[1]","context":"","multiple":false}
[debug] &amp#27;[38;5;32m[AndroidUiautomator2Driver@db8f (63a3b3b3)]&amp#27;[0m Got response with status 200: {"sessionId":"d57f122c-1079-49f0-a70a-da18a689bf5e","value":{"ELEMENT":"00000000-0000-0079-ffff-ffff000000d6","element-6066-11e4-a52e-4f735466cecf":"00000000-0000-0079-ffff-ffff000000d6"}}
[debug] &amp#27;[38;5;32m[AndroidUiautomator2Driver@db8f (63a3b3b3)]&amp#27;[0m Responding to client with driver.findElement() result: {"element-6066-11e4-a52e-4f735466cecf":"00000000-0000-0079-ffff-ffff000000d6","ELEMENT":"00000000-0000-0079-ffff-ffff000000d6"}
&amp#27;[38;5;0m[HTTP]&amp#27;[0m <-- POST /session/63a3b3b3-6572-412a-ab56-145c276cd280/element 200 104 ms - 137
&amp#27;[38;5;0m[HTTP]&amp#27;[0m 
&amp#27;[38;5;0m[HTTP]&amp#27;[0m &amp#27;[37m-->&amp#27;[39m &amp#27;[37mGET&amp#27;[39m &amp#27;[37m/session/63a3b3b3-6572-412a-ab56-145c276cd280/element/00000000-0000-0079-ffff-ffff000000d6/attribute/text&amp#27;[39m
&amp#27;[38;5;0m[HTTP]&amp#27;[0m {}
[debug] &amp#27;[38;5;32m[AndroidUiautomator2Driver@db8f (63a3b3b3)]&amp#27;[0m Calling AppiumDriver.getAttribute() with args: ["text","00000000-0000-0079-ffff-ffff000000d6","63a3b3b3-6572-412a-ab56-145c276cd280"]
[debug] &amp#27;[38;5;32m[AndroidUiautomator2Driver@db8f (63a3b3b3)]&amp#27;[0m Matched '/element/00000000-0000-0079-ffff-ffff000000d6/attribute/text' to command name 'getAttribute'
[debug] &amp#27;[38;5;32m[AndroidUiautomator2Driver@db8f (63a3b3b3)]&amp#27;[0m Proxying [GET /element/00000000-0000-0079-ffff-ffff000000d6/attribute/text] to [GET http://127.0.0.1:10000/session/d57f122c-1079-49f0-a70a-da18a689bf5e/element/00000000-0000-0079-ffff-ffff000000d6/attribute/text] with no body
[debug] &amp#27;[38;5;32m[AndroidUiautomator2Driver@db8f (63a3b3b3)]&amp#27;[0m Got response with status 200: {"sessionId":"d57f122c-1079-49f0-a70a-da18a689bf5e","value":"Sauce Labs Backpack"}
[debug] &amp#27;[38;5;32m[AndroidUiautomator2Driver@db8f (63a3b3b3)]&amp#27;[0m Responding to client with driver.getAttribute() result: "Sauce Labs Backpack"
&amp#27;[38;5;0m[HTTP]&amp#27;[0m <-- GET /session/63a3b3b3-6572-412a-ab56-145c276cd280/element/00000000-0000-0079-ffff-ffff000000d6/attribute/text 200 22 ms - 31
&amp#27;[38;5;0m[HTTP]&amp#27;[0m 
&amp#27;[38;5;0m[HTTP]&amp#27;[0m &amp#27;[37m-->&amp#27;[39m &amp#27;[37mGET&amp#27;[39m &amp#27;[37m/session/63a3b3b3-6572-412a-ab56-145c276cd280/context&amp#27;[39m
&amp#27;[38;5;0m[HTTP]&amp#27;[0m {}
[debug] &amp#27;[38;5;32m[AndroidUiautomator2Driver@db8f (63a3b3b3)]&amp#27;[0m Calling AppiumDriver.getCurrentContext() with args: ["63a3b3b3-6572-412a-ab56-145c276cd280"]
[debug] &amp#27;[38;5;32m[AndroidUiautomator2Driver@db8f (63a3b3b3)]&amp#27;[0m Responding to client with driver.getCurrentContext() result: "NATIVE_APP"
&amp#27;[38;5;0m[HTTP]&amp#27;[0m <-- GET /session/63a3b3b3-6572-412a-ab56-145c276cd280/context 200 4 ms - 22
&amp#27;[38;5;0m[HTTP]&amp#27;[0m 
&amp#27;[38;5;0m[HTTP]&amp#27;[0m &amp#27;[37m-->&amp#27;[39m &amp#27;[37mPOST&amp#27;[39m &amp#27;[37m/session/63a3b3b3-6572-412a-ab56-145c276cd280/element&amp#27;[39m
&amp#27;[38;5;0m[HTTP]&amp#27;[0m {"using":"xpath","value":"//android.view.ViewGroup[@content-desc=\"test-Description\"]/android.widget.TextView[2]"}
[debug] &amp#27;[38;5;32m[AndroidUiautomator2Driver@db8f (63a3b3b3)]&amp#27;[0m Calling AppiumDriver.findElement() with args: ["xpath","//android.view.ViewGroup[@content-desc=\"test-Description\"]/android.widget.TextView[2]","63a3b3b3-6572-412a-ab56-145c276cd280"]
[debug] &amp#27;[38;5;32m[AndroidUiautomator2Driver@db8f (63a3b3b3)]&amp#27;[0m Valid locator strategies for this request: xpath, id, class name, accessibility id, css selector, -android uiautomator
[debug] &amp#27;[38;5;32m[AndroidUiautomator2Driver@db8f (63a3b3b3)]&amp#27;[0m Waiting up to 0 ms for condition
[debug] &amp#27;[38;5;32m[AndroidUiautomator2Driver@db8f (63a3b3b3)]&amp#27;[0m Matched '/element' to command name 'findElement'
[debug] &amp#27;[38;5;32m[AndroidUiautomator2Driver@db8f (63a3b3b3)]&amp#27;[0m Proxying [POST /element] to [POST http://127.0.0.1:10000/session/d57f122c-1079-49f0-a70a-da18a689bf5e/element] with body: {"strategy":"xpath","selector":"//android.view.ViewGroup[@content-desc=\"test-Description\"]/android.widget.TextView[2]","context":"","multiple":false}
[debug] &amp#27;[38;5;32m[AndroidUiautomator2Driver@db8f (63a3b3b3)]&amp#27;[0m Got response with status 200: {"sessionId":"d57f122c-1079-49f0-a70a-da18a689bf5e","value":{"ELEMENT":"00000000-0000-0079-ffff-ffff000000d7","element-6066-11e4-a52e-4f735466cecf":"00000000-0000-0079-ffff-ffff000000d7"}}
[debug] &amp#27;[38;5;32m[AndroidUiautomator2Driver@db8f (63a3b3b3)]&amp#27;[0m Responding to client with driver.findElement() result: {"element-6066-11e4-a52e-4f735466cecf":"00000000-0000-0079-ffff-ffff000000d7","ELEMENT":"00000000-0000-0079-ffff-ffff000000d7"}
&amp#27;[38;5;0m[HTTP]&amp#27;[0m <-- POST /session/63a3b3b3-6572-412a-ab56-145c276cd280/element 200 59 ms - 137
&amp#27;[38;5;0m[HTTP]&amp#27;[0m 
&amp#27;[38;5;0m[HTTP]&amp#27;[0m &amp#27;[37m-->&amp#27;[39m &amp#27;[37mGET&amp#27;[39m &amp#27;[37m/session/63a3b3b3-6572-412a-ab56-145c276cd280/element/00000000-0000-0079-ffff-ffff000000d7/displayed&amp#27;[39m
&amp#27;[38;5;0m[HTTP]&amp#27;[0m {}
[debug] &amp#27;[38;5;32m[AndroidUiautomator2Driver@db8f (63a3b3b3)]&amp#27;[0m Calling AppiumDriver.elementDisplayed() with args: ["00000000-0000-0079-ffff-ffff000000d7","63a3b3b3-6572-412a-ab56-145c276cd280"]
[debug] &amp#27;[38;5;32m[AndroidUiautomator2Driver@db8f (63a3b3b3)]&amp#27;[0m Matched '/element/00000000-0000-0079-ffff-ffff000000d7/attribute/displayed' to command name 'getAttribute'
[debug] &amp#27;[38;5;32m[AndroidUiautomator2Driver@db8f (63a3b3b3)]&amp#27;[0m Proxying [GET /element/00000000-0000-0079-ffff-ffff000000d7/attribute/displayed] to [GET http://127.0.0.1:10000/session/d57f122c-1079-49f0-a70a-da18a689bf5e/element/00000000-0000-0079-ffff-ffff000000d7/attribute/displayed] with no body
[debug] &amp#27;[38;5;32m[AndroidUiautomator2Driver@db8f (63a3b3b3)]&amp#27;[0m Got response with status 200: {"sessionId":"d57f122c-1079-49f0-a70a-da18a689bf5e","value":"true"}
[debug] &amp#27;[38;5;32m[AndroidUiautomator2Driver@db8f (63a3b3b3)]&amp#27;[0m Responding to client with driver.elementDisplayed() result: true
&amp#27;[38;5;0m[HTTP]&amp#27;[0m <-- GET /session/63a3b3b3-6572-412a-ab56-145c276cd280/element/00000000-0000-0079-ffff-ffff000000d7/displayed 200 24 ms - 14
&amp#27;[38;5;0m[HTTP]&amp#27;[0m 
&amp#27;[38;5;0m[HTTP]&amp#27;[0m &amp#27;[37m-->&amp#27;[39m &amp#27;[37mGET&amp#27;[39m &amp#27;[37m/session/63a3b3b3-6572-412a-ab56-145c276cd280/context&amp#27;[39m
&amp#27;[38;5;0m[HTTP]&amp#27;[0m {}
[debug] &amp#27;[38;5;32m[AndroidUiautomator2Driver@db8f (63a3b3b3)]&amp#27;[0m Calling AppiumDriver.getCurrentContext() with args: ["63a3b3b3-6572-412a-ab56-145c276cd280"]
[debug] &amp#27;[38;5;32m[AndroidUiautomator2Driver@db8f (63a3b3b3)]&amp#27;[0m Responding to client with driver.getCurrentContext() result: "NATIVE_APP"
&amp#27;[38;5;0m[HTTP]&amp#27;[0m <-- GET /session/63a3b3b3-6572-412a-ab56-145c276cd280/context 200 8 ms - 22
&amp#27;[38;5;0m[HTTP]&amp#27;[0m 
&amp#27;[38;5;0m[HTTP]&amp#27;[0m &amp#27;[37m-->&amp#27;[39m &amp#27;[37mPOST&amp#27;[39m &amp#27;[37m/session/63a3b3b3-6572-412a-ab56-145c276cd280/element&amp#27;[39m
&amp#27;[38;5;0m[HTTP]&amp#27;[0m {"using":"xpath","value":"//android.view.ViewGroup[@content-desc=\"test-Description\"]/android.widget.TextView[2]"}
[debug] &amp#27;[38;5;32m[AndroidUiautomator2Driver@db8f (63a3b3b3)]&amp#27;[0m Calling AppiumDriver.findElement() with args: ["xpath","//android.view.ViewGroup[@content-desc=\"test-Description\"]/android.widget.TextView[2]","63a3b3b3-6572-412a-ab56-145c276cd280"]
[debug] &amp#27;[38;5;32m[AndroidUiautomator2Driver@db8f (63a3b3b3)]&amp#27;[0m Valid locator strategies for this request: xpath, id, class name, accessibility id, css selector, -android uiautomator
[debug] &amp#27;[38;5;32m[AndroidUiautomator2Driver@db8f (63a3b3b3)]&amp#27;[0m Waiting up to 0 ms for condition
[debug] &amp#27;[38;5;32m[AndroidUiautomator2Driver@db8f (63a3b3b3)]&amp#27;[0m Matched '/element' to command name 'findElement'
[debug] &amp#27;[38;5;32m[AndroidUiautomator2Driver@db8f (63a3b3b3)]&amp#27;[0m Proxying [POST /element] to [POST http://127.0.0.1:10000/session/d57f122c-1079-49f0-a70a-da18a689bf5e/element] with body: {"strategy":"xpath","selector":"//android.view.ViewGroup[@content-desc=\"test-Description\"]/android.widget.TextView[2]","context":"","multiple":false}
[debug] &amp#27;[38;5;32m[AndroidUiautomator2Driver@db8f (63a3b3b3)]&amp#27;[0m Got response with status 200: {"sessionId":"d57f122c-1079-49f0-a70a-da18a689bf5e","value":{"ELEMENT":"00000000-0000-0079-ffff-ffff000000d7","element-6066-11e4-a52e-4f735466cecf":"00000000-0000-0079-ffff-ffff000000d7"}}
[debug] &amp#27;[38;5;32m[AndroidUiautomator2Driver@db8f (63a3b3b3)]&amp#27;[0m Responding to client with driver.findElement() result: {"element-6066-11e4-a52e-4f735466cecf":"00000000-0000-0079-ffff-ffff000000d7","ELEMENT":"00000000-0000-0079-ffff-ffff000000d7"}
&amp#27;[38;5;0m[HTTP]&amp#27;[0m <-- POST /session/63a3b3b3-6572-412a-ab56-145c276cd280/element 200 391 ms - 137
&amp#27;[38;5;0m[HTTP]&amp#27;[0m 
&amp#27;[38;5;0m[HTTP]&amp#27;[0m &amp#27;[37m-->&amp#27;[39m &amp#27;[37mGET&amp#27;[39m &amp#27;[37m/session/63a3b3b3-6572-412a-ab56-145c276cd280/element/00000000-0000-0079-ffff-ffff000000d7/attribute/text&amp#27;[39m
&amp#27;[38;5;0m[HTTP]&amp#27;[0m {}
[debug] &amp#27;[38;5;32m[AndroidUiautomator2Driver@db8f (63a3b3b3)]&amp#27;[0m Calling AppiumDriver.getAttribute() with args: ["text","00000000-0000-0079-ffff-ffff000000d7","63a3b3b3-6572-412a-ab56-145c276cd280"]
[debug] &amp#27;[38;5;32m[AndroidUiautomator2Driver@db8f (63a3b3b3)]&amp#27;[0m Matched '/element/00000000-0000-0079-ffff-ffff000000d7/attribute/text' to command name 'getAttribute'
[debug] &amp#27;[38;5;32m[AndroidUiautomator2Driver@db8f (63a3b3b3)]&amp#27;[0m Proxying [GET /element/00000000-0000-0079-ffff-ffff000000d7/attribute/text] to [GET http://127.0.0.1:10000/session/d57f122c-1079-49f0-a70a-da18a689bf5e/element/00000000-0000-0079-ffff-ffff000000d7/attribute/text] with no body
[debug] &amp#27;[38;5;32m[AndroidUiautomator2Driver@db8f (63a3b3b3)]&amp#27;[0m Got response with status 200: {"sessionId":"d57f122c-1079-49f0-a70a-da18a689bf5e","value":"carry.allTheThings() with the sleek, streamlined Sly Pack that melds uncompromising style with unequaled laptop and tablet protection."}
[debug] &amp#27;[38;5;32m[AndroidUiautomator2Driver@db8f (63a3b3b3)]&amp#27;[0m Responding to client with driver.getAttribute() result: "carry.allTheThings() with the sleek, streamlined Sly Pack that melds uncompromising style with unequaled laptop and tablet protection."
&amp#27;[38;5;0m[HTTP]&amp#27;[0m <-- GET /session/63a3b3b3-6572-412a-ab56-145c276cd280/element/00000000-0000-0079-ffff-ffff000000d7/attribute/text 200 74 ms - 146
&amp#27;[38;5;0m[HTTP]&amp#27;[0m 
]]></system-out>
  </testcase>
  <testcase name="validateProductOnProductsdDetailPage" classname="com.qa.tests.ProductTests" time="0">
    <skipped message="org.openqa.selenium.remote.UnreachableBrowserException: Error communicating with the remote browser. It may have died.&#10;Build info: version: &apos;4.9.0&apos;, revision: &apos;d7057100a6&apos;&#10;System info: os.name: &apos;Mac OS X&apos;, os.arch: &apos;aarch64&apos;, os.version: &apos;13.3.1&apos;, java.version: &apos;17.0.6&apos;&#10;Driver info: io.appium.java_client.ios.IOSDriver&#10;Command: [c131a0b0-4ee4-41db-9122-0078c0464db0, findElement {using=xpath, value=//XCUIElementTypeOther[@name=&quot;test-Menu&quot;]}]&#10;Capabilities {appium:automationName: XCUITest, appium:bundleId: com.saucelabs.SwagLabsMobil..., appium:databaseEnabled: false, appium:deviceName: iPhone 14, appium:javascriptEnabled: true, appium:locationContextEnabled: false, appium:networkConnectionEnabled: false, appium:platformVersion: 16.1, appium:takesScreenshot: true, appium:udid: 82DC5A28-2F0B-4069-9597-C85..., appium:wdaLocalPort: 10002, appium:webStorageEnabled: false, appium:webkitDebugProxyPort: 11002, platformName: IOS}&#10;Session ID: c131a0b0-4ee4-41db-9122-0078c0464db0"/>
  </testcase>
  <testcase name="afterMethod" classname="com.qa.tests.ProductTests" time="14.772">
    <failure message="org.openqa.selenium.remote.UnreachableBrowserException: Error communicating with the remote browser. It may have died.&#10;Build info: version: &apos;4.9.0&apos;, revision: &apos;d7057100a6&apos;&#10;System info: os.name: &apos;Mac OS X&apos;, os.arch: &apos;aarch64&apos;, os.version: &apos;13.3.1&apos;, java.version: &apos;17.0.6&apos;&#10;Driver info: io.appium.java_client.ios.IOSDriver&#10;Command: [c131a0b0-4ee4-41db-9122-0078c0464db0, findElement {using=xpath, value=//XCUIElementTypeOther[@name=&quot;test-Menu&quot;]}]&#10;Capabilities {appium:automationName: XCUITest, appium:bundleId: com.saucelabs.SwagLabsMobil..., appium:databaseEnabled: false, appium:deviceName: iPhone 14, appium:javascriptEnabled: true, appium:locationContextEnabled: false, appium:networkConnectionEnabled: false, appium:platformVersion: 16.1, appium:takesScreenshot: true, appium:udid: 82DC5A28-2F0B-4069-9597-C85..., appium:wdaLocalPort: 10002, appium:webStorageEnabled: false, appium:webkitDebugProxyPort: 11002, platformName: IOS}&#10;Session ID: c131a0b0-4ee4-41db-9122-0078c0464db0" type="org.openqa.selenium.WebDriverException"><![CDATA[org.openqa.selenium.WebDriverException: 
org.openqa.selenium.remote.UnreachableBrowserException: Error communicating with the remote browser. It may have died.
Build info: version: '4.9.0', revision: 'd7057100a6'
System info: os.name: 'Mac OS X', os.arch: 'aarch64', os.version: '13.3.1', java.version: '17.0.6'
Driver info: io.appium.java_client.ios.IOSDriver
Command: [c131a0b0-4ee4-41db-9122-0078c0464db0, findElement {using=xpath, value=//XCUIElementTypeOther[@name="test-Menu"]}]
Capabilities {appium:automationName: XCUITest, appium:bundleId: com.saucelabs.SwagLabsMobil..., appium:databaseEnabled: false, appium:deviceName: iPhone 14, appium:javascriptEnabled: true, appium:locationContextEnabled: false, appium:networkConnectionEnabled: false, appium:platformVersion: 16.1, appium:takesScreenshot: true, appium:udid: 82DC5A28-2F0B-4069-9597-C85..., appium:wdaLocalPort: 10002, appium:webStorageEnabled: false, appium:webkitDebugProxyPort: 11002, platformName: IOS}
Session ID: c131a0b0-4ee4-41db-9122-0078c0464db0
	at com.qa.tests.ProductTests.afterMethod(ProductTests.java:107)
Caused by: org.openqa.selenium.remote.UnreachableBrowserException: 
Error communicating with the remote browser. It may have died.
Build info: version: '4.9.0', revision: 'd7057100a6'
System info: os.name: 'Mac OS X', os.arch: 'aarch64', os.version: '13.3.1', java.version: '17.0.6'
Driver info: io.appium.java_client.ios.IOSDriver
Command: [c131a0b0-4ee4-41db-9122-0078c0464db0, findElement {using=xpath, value=//XCUIElementTypeOther[@name="test-Menu"]}]
Capabilities {appium:automationName: XCUITest, appium:bundleId: com.saucelabs.SwagLabsMobil..., appium:databaseEnabled: false, appium:deviceName: iPhone 14, appium:javascriptEnabled: true, appium:locationContextEnabled: false, appium:networkConnectionEnabled: false, appium:platformVersion: 16.1, appium:takesScreenshot: true, appium:udid: 82DC5A28-2F0B-4069-9597-C85..., appium:wdaLocalPort: 10002, appium:webStorageEnabled: false, appium:webkitDebugProxyPort: 11002, platformName: IOS}
Session ID: c131a0b0-4ee4-41db-9122-0078c0464db0
	at com.qa.tests.ProductTests.afterMethod(ProductTests.java:107)
Caused by: java.io.UncheckedIOException: org.asynchttpclient.exception.RemotelyClosedException: Remotely closed
	at com.qa.tests.ProductTests.afterMethod(ProductTests.java:107)
Caused by: org.asynchttpclient.exception.RemotelyClosedException: Remotely closed
]]></failure>
    <system-out><![CDATA[productpage  After Method
&amp#27;[38;5;0m[HTTP]&amp#27;[0m &amp#27;[37m-->&amp#27;[39m &amp#27;[37mGET&amp#27;[39m &amp#27;[37m/session/c131a0b0-4ee4-41db-9122-0078c0464db0/context&amp#27;[39m
&amp#27;[38;5;0m[HTTP]&amp#27;[0m {}
[debug] &amp#27;[38;5;32m[XCUITestDriver@418b (c131a0b0)]&amp#27;[0m Calling AppiumDriver.getCurrentContext() with args: ["c131a0b0-4ee4-41db-9122-0078c0464db0"]
[debug] &amp#27;[38;5;32m[XCUITestDriver@418b (c131a0b0)]&amp#27;[0m Executing command 'getCurrentContext'
[debug] &amp#27;[38;5;32m[XCUITestDriver@418b (c131a0b0)]&amp#27;[0m Responding to client with driver.getCurrentContext() result: "NATIVE_APP"
&amp#27;[38;5;0m[HTTP]&amp#27;[0m <-- GET /session/c131a0b0-4ee4-41db-9122-0078c0464db0/context 200 13 ms - 22
&amp#27;[38;5;0m[HTTP]&amp#27;[0m 
&amp#27;[38;5;0m[HTTP]&amp#27;[0m &amp#27;[37m-->&amp#27;[39m &amp#27;[37mPOST&amp#27;[39m &amp#27;[37m/session/c131a0b0-4ee4-41db-9122-0078c0464db0/element&amp#27;[39m
&amp#27;[38;5;0m[HTTP]&amp#27;[0m {"using":"xpath","value":"//XCUIElementTypeOther[@name=\"test-Menu\"]"}
[debug] &amp#27;[38;5;32m[XCUITestDriver@418b (c131a0b0)]&amp#27;[0m Calling AppiumDriver.findElement() with args: ["xpath","//XCUIElementTypeOther[@name=\"test-Menu\"]","c131a0b0-4ee4-41db-9122-0078c0464db0"]
[debug] &amp#27;[38;5;32m[XCUITestDriver@418b (c131a0b0)]&amp#27;[0m Executing command 'findElement'
[debug] &amp#27;[38;5;32m[XCUITestDriver@418b (c131a0b0)]&amp#27;[0m Valid locator strategies for this request: xpath, id, name, class name, -ios predicate string, -ios class chain, accessibility id, css selector
[debug] &amp#27;[38;5;32m[XCUITestDriver@418b (c131a0b0)]&amp#27;[0m Waiting up to 0 ms for condition
[debug] &amp#27;[38;5;32m[XCUITestDriver@418b (c131a0b0)]&amp#27;[0m Matched '/element' to command name 'findElement'
[debug] &amp#27;[38;5;32m[XCUITestDriver@418b (c131a0b0)]&amp#27;[0m Proxying [POST /element] to [POST http://127.0.0.1:10002/session/403C56F7-B560-4A95-9D3E-23E213F85662/element] with body: {"using":"xpath","value":"//XCUIElementTypeOther[@name=\"test-Menu\"]"}
[debug] &amp#27;[38;5;32m[AndroidUiautomator2Driver@db8f (63a3b3b3)]&amp#27;[0m Starting: Intent { act=android.intent.action.MAIN cat=[android.intent.category.LAUNCHER] flg=0x10200000 cmp=com.swaglabsmobileapp/.SplashActivity }
[debug] &amp#27;[38;5;32m[AndroidUiautomator2Driver@db8f (63a3b3b3)]&amp#27;[0m Responding to client with driver.activateApp() result: null
&amp#27;[38;5;0m[HTTP]&amp#27;[0m <-- POST /session/63a3b3b3-6572-412a-ab56-145c276cd280/appium/device/activate_app 200 627 ms - 14
&amp#27;[38;5;0m[HTTP]&amp#27;[0m 
]]></system-out>
  </testcase>
  <testcase name="afterMethod" classname="com.qa.tests.ProductTests" time="0">
    <skipped/>
  </testcase>
  <testcase name="afterMethod" classname="com.qa.tests.ProductTests" time="0">
    <skipped/>
  </testcase>
  <testcase name="afterMethod" classname="com.qa.tests.ProductTests" time="0">
    <skipped/>
  </testcase>
  <testcase name="beforeMethod" classname="com.qa.tests.ProductTests" time="0">
    <skipped/>
  </testcase>
  <testcase name="beforeMethod" classname="com.qa.tests.ProductTests" time="0">
    <skipped/>
  </testcase>
  <testcase name="afterClass" classname="com.qa.tests.ProductTests" time="0">
    <skipped/>
  </testcase>
  <testcase name="aftertest" classname="com.qa.tests.ProductTests" time="0">
    <skipped/>
  </testcase>
</testsuite>