<?xml version="1.0" encoding="UTF-8"?>
<!-- Generated by org.testng.reporters.JUnitReportReporter -->
<testsuite hostname="Solvatives-MacBook-Air.local" failures="0" tests="2" name="com.qa.tests.LoginTests" time="0.000" errors="0" timestamp="2023-04-26T16:05:08 IST" skipped="2">
  <testcase classname="com.qa.tests.LoginTests" name="InvalidUserName" time="0.000">
    <skipped/>
  </testcase> <!-- InvalidUserName -->
  <system-out/>
  <testcase classname="com.qa.tests.LoginTests" name="ValidUser" time="0.000">
    <skipped/>
  </testcase> <!-- ValidUser -->
  <system-out/>
</testsuite> <!-- com.qa.tests.LoginTests -->
