<?xml version="1.0" encoding="UTF-8"?>
<!-- Generated by org.testng.reporters.JUnitReportReporter -->
<testsuite hostname="Solvatives-MacBook-Air.local" failures="0" tests="5" name="com.qa.tests.ProductTests" time="142.473" errors="1" timestamp="2023-05-01T19:09:47 IST" skipped="2">
  <testcase classname="com.qa.tests.ProductTests" name="validateProductOnProductsPage" time="24.822"/>
  <system-out/>
  <testcase classname="com.qa.tests.ProductTests" name="validateProductOnProductsPage" time="0.000">
    <skipped/>
  </testcase> <!-- validateProductOnProductsPage -->
  <system-out/>
  <testcase classname="com.qa.tests.ProductTests" name="validateProductOnProductsdDetailPage" time="0.000">
    <skipped/>
  </testcase> <!-- validateProductOnProductsdDetailPage -->
  <system-out/>
  <testcase classname="com.qa.tests.ProductTests" name="validateProductOnProductsdDetailPage" time="37.191"/>
  <system-out/>
  <testcase classname="com.qa.tests.ProductTests" name="beforeTest" time="80.460">
    <error message="Could not start a new session. Response code 500. Message: An unknown server-side error occurred while processing the command. Original error: Error getting device API level. Original error: Error executing adbExec. Original error: &#039;Command &#039;/Users/nikhilkumargupta/Library/Android/sdk/platform-tools/adb -P 5037 -s emulator-5554 shell getprop ro.build.version.sdk&#039; timed out after 20000ms&#039;. Try to increase the 20000ms adb execution timeout represented by &#039;adbExecTimeout&#039; capability 
Host info: host: &#039;Solvatives-MacBook-Air.local&#039;, ip: &#039;2401:4900:1c7b:421f:51b9:11c:710e:d82d%en0&#039;
Build info: version: &#039;4.9.0&#039;, revision: &#039;d7057100a6&#039;
System info: os.name: &#039;Mac OS X&#039;, os.arch: &#039;aarch64&#039;, os.version: &#039;13.3.1&#039;, java.version: &#039;17.0.6&#039;
Driver info: io.appium.java_client.android.AndroidDriver
Command: [null, newSession {capabilities=[{appium:appActivity=com.swaglabsmobileapp.SplashActivity, appium:appPackage=com.swaglabsmobileapp, appium:deviceName=Pixel_6_pro, appium:platformVersion=13, appium:automationName=UiAutomator2, appium:chromeDriverPort=11000, platformName=ANDROID, appium:systemPort=10000, appium:udid=emulator-5554}], desiredCapabilities=Capabilities {appActivity: com.swaglabsmobileapp.Splas..., appPackage: com.swaglabsmobileapp, appium:deviceName: Pixel_6_pro, appium:platformVersion: 13, automationName: UiAutomator2, chromeDriverPort: 11000, platformName: ANDROID, systemPort: 10000, udid: emulator-5554}}]
Capabilities {appActivity: com.swaglabsmobileapp.Splas..., appPackage: com.swaglabsmobileapp, appium:deviceName: Pixel_6_pro, appium:platformVersion: 13, automationName: UiAutomator2, chromeDriverPort: 11000, platformName: ANDROID, systemPort: 10000, udid: emulator-5554}" type="org.openqa.selenium.SessionNotCreatedException">
      <![CDATA[org.openqa.selenium.SessionNotCreatedException: Could not start a new session. Response code 500. Message: An unknown server-side error occurred while processing the command. Original error: Error getting device API level. Original error: Error executing adbExec. Original error: 'Command '/Users/nikhilkumargupta/Library/Android/sdk/platform-tools/adb -P 5037 -s emulator-5554 shell getprop ro.build.version.sdk' timed out after 20000ms'. Try to increase the 20000ms adb execution timeout represented by 'adbExecTimeout' capability 
Host info: host: 'Solvatives-MacBook-Air.local', ip: '2401:4900:1c7b:421f:51b9:11c:710e:d82d%en0'
Build info: version: '4.9.0', revision: 'd7057100a6'
System info: os.name: 'Mac OS X', os.arch: 'aarch64', os.version: '13.3.1', java.version: '17.0.6'
Driver info: io.appium.java_client.android.AndroidDriver
Command: [null, newSession {capabilities=[{appium:appActivity=com.swaglabsmobileapp.SplashActivity, appium:appPackage=com.swaglabsmobileapp, appium:deviceName=Pixel_6_pro, appium:platformVersion=13, appium:automationName=UiAutomator2, appium:chromeDriverPort=11000, platformName=ANDROID, appium:systemPort=10000, appium:udid=emulator-5554}], desiredCapabilities=Capabilities {appActivity: com.swaglabsmobileapp.Splas..., appPackage: com.swaglabsmobileapp, appium:deviceName: Pixel_6_pro, appium:platformVersion: 13, automationName: UiAutomator2, chromeDriverPort: 11000, platformName: ANDROID, systemPort: 10000, udid: emulator-5554}}]
Capabilities {appActivity: com.swaglabsmobileapp.Splas..., appPackage: com.swaglabsmobileapp, appium:deviceName: Pixel_6_pro, appium:platformVersion: 13, automationName: UiAutomator2, chromeDriverPort: 11000, platformName: ANDROID, systemPort: 10000, udid: emulator-5554}
at org.openqa.selenium.remote.ProtocolHandshake.createSession(ProtocolHandshake.java:136)
at java.base/jdk.internal.reflect.NativeMethodAccessorImpl.invoke0(Native Method)
at java.base/jdk.internal.reflect.NativeMethodAccessorImpl.invoke(NativeMethodAccessorImpl.java:77)
at java.base/jdk.internal.reflect.DelegatingMethodAccessorImpl.invoke(DelegatingMethodAccessorImpl.java:43)
at java.base/java.lang.reflect.Method.invoke(Method.java:568)
at io.appium.java_client.remote.AppiumProtocolHandshake.createSession(AppiumProtocolHandshake.java:133)
at io.appium.java_client.remote.AppiumProtocolHandshake.createSession(AppiumProtocolHandshake.java:102)
at io.appium.java_client.remote.AppiumCommandExecutor.createSession(AppiumCommandExecutor.java:194)
at io.appium.java_client.remote.AppiumCommandExecutor.execute(AppiumCommandExecutor.java:262)
at org.openqa.selenium.remote.RemoteWebDriver.execute(RemoteWebDriver.java:543)
at io.appium.java_client.AppiumDriver.startSession(AppiumDriver.java:229)
at org.openqa.selenium.remote.RemoteWebDriver.<init>(RemoteWebDriver.java:157)
at io.appium.java_client.AppiumDriver.<init>(AppiumDriver.java:80)
at io.appium.java_client.AppiumDriver.<init>(AppiumDriver.java:92)
at io.appium.java_client.android.AndroidDriver.<init>(AndroidDriver.java:117)
at com.qa.BaseTest.beforeTest(BaseTest.java:262)
at java.base/jdk.internal.reflect.NativeMethodAccessorImpl.invoke0(Native Method)
at java.base/jdk.internal.reflect.NativeMethodAccessorImpl.invoke(NativeMethodAccessorImpl.java:77)
at java.base/jdk.internal.reflect.DelegatingMethodAccessorImpl.invoke(DelegatingMethodAccessorImpl.java:43)
at java.base/java.lang.reflect.Method.invoke(Method.java:568)
at org.testng.internal.invokers.MethodInvocationHelper.invokeMethod(MethodInvocationHelper.java:139)
at org.testng.internal.invokers.MethodInvocationHelper.invokeMethodConsideringTimeout(MethodInvocationHelper.java:69)
at org.testng.internal.invokers.ConfigInvoker.invokeConfigurationMethod(ConfigInvoker.java:361)
at org.testng.internal.invokers.ConfigInvoker.invokeConfigurations(ConfigInvoker.java:296)
at org.testng.TestRunner.invokeTestConfigurations(TestRunner.java:644)
at org.testng.TestRunner.beforeRun(TestRunner.java:633)
at org.testng.TestRunner.run(TestRunner.java:595)
at org.testng.SuiteRunner.runTest(SuiteRunner.java:437)
at org.testng.SuiteRunner$SuiteWorker.run(SuiteRunner.java:475)
at org.testng.internal.thread.ThreadUtil.lambda$execute$0(ThreadUtil.java:58)
at java.base/java.util.concurrent.FutureTask.run(FutureTask.java:264)
at java.base/java.util.concurrent.ThreadPoolExecutor.runWorker(ThreadPoolExecutor.java:1136)
at java.base/java.util.concurrent.ThreadPoolExecutor$Worker.run(ThreadPoolExecutor.java:635)
at java.base/java.lang.Thread.run(Thread.java:833)
]]>
    </error>
  </testcase> <!-- beforeTest -->
  <system-out/>
</testsuite> <!-- com.qa.tests.ProductTests -->
